[0.026s] Invoking command in '/home/keerthibaalan/ROS2_Workspace/arduinobot_ws/build/arduinobot_description': CMAKE_PREFIX_PATH=${CMAKE_PREFIX_PATH}:/home/keerthibaalan/ws_moveit2/install/moveit_configs_utils:/home/keerthibaalan/ws_moveit2/install/launch_param_builder:/home/keerthibaalan/ws_moveit/install/moveit_configs_utils:/opt/ros/humble /usr/bin/cmake /home/keerthibaalan/ROS2_Workspace/arduinobot_ws/src/arduinobot_description -DCMAKE_INSTALL_PREFIX=/home/keerthibaalan/ROS2_Workspace/arduinobot_ws/install/arduinobot_description
[0.125s] -- The C compiler identification is GNU 11.4.0
[0.196s] -- The CXX compiler identification is GNU 11.4.0
[0.205s] -- Detecting C compiler ABI info
[0.294s] -- Detecting C compiler ABI info - done
[0.299s] -- Check for working C compiler: /usr/bin/cc - skipped
[0.299s] -- Detecting C compile features
[0.299s] -- Detecting C compile features - done
[0.301s] -- Detecting CXX compiler ABI info
[0.394s] -- Detecting CXX compiler ABI info - done
[0.400s] -- Check for working CXX compiler: /usr/bin/c++ - skipped
[0.400s] -- Detecting CXX compile features
[0.401s] -- Detecting CXX compile features - done
[0.415s] -- Found ament_cmake: 1.3.8 (/opt/ros/humble/share/ament_cmake/cmake)
[0.550s] -- Found Python3: /usr/bin/python3 (found version "3.10.12") found components: Interpreter 
[0.763s] -- Found urdf: 2.6.0 (/opt/ros/humble/share/urdf/cmake)
[0.931s] -- Found ament_lint_auto: 0.12.10 (/opt/ros/humble/share/ament_lint_auto/cmake)
[1.080s] -- Added test 'copyright' to check source files copyright and LICENSE
[1.084s] -- Added test 'flake8' to check Python code syntax and style conventions
[1.085s] -- Added test 'lint_cmake' to check CMake code style
[1.087s] -- Added test 'pep257' to check Python code against some of the docstring style conventions in PEP 257
[1.090s] -- Added test 'xmllint' to check XML markup files
[1.093s] -- Configuring done
[1.095s] -- Generating done
[1.095s] -- Build files have been written to: /home/keerthibaalan/ROS2_Workspace/arduinobot_ws/build/arduinobot_description
[1.099s] Invoked command in '/home/keerthibaalan/ROS2_Workspace/arduinobot_ws/build/arduinobot_description' returned '0': CMAKE_PREFIX_PATH=${CMAKE_PREFIX_PATH}:/home/keerthibaalan/ws_moveit2/install/moveit_configs_utils:/home/keerthibaalan/ws_moveit2/install/launch_param_builder:/home/keerthibaalan/ws_moveit/install/moveit_configs_utils:/opt/ros/humble /usr/bin/cmake /home/keerthibaalan/ROS2_Workspace/arduinobot_ws/src/arduinobot_description -DCMAKE_INSTALL_PREFIX=/home/keerthibaalan/ROS2_Workspace/arduinobot_ws/install/arduinobot_description
[1.100s] Invoking command in '/home/keerthibaalan/ROS2_Workspace/arduinobot_ws/build/arduinobot_description': CMAKE_PREFIX_PATH=${CMAKE_PREFIX_PATH}:/home/keerthibaalan/ws_moveit2/install/moveit_configs_utils:/home/keerthibaalan/ws_moveit2/install/launch_param_builder:/home/keerthibaalan/ws_moveit/install/moveit_configs_utils:/opt/ros/humble /usr/bin/cmake --build /home/keerthibaalan/ROS2_Workspace/arduinobot_ws/build/arduinobot_description -- -j24 -l24
[1.158s] Invoked command in '/home/keerthibaalan/ROS2_Workspace/arduinobot_ws/build/arduinobot_description' returned '0': CMAKE_PREFIX_PATH=${CMAKE_PREFIX_PATH}:/home/keerthibaalan/ws_moveit2/install/moveit_configs_utils:/home/keerthibaalan/ws_moveit2/install/launch_param_builder:/home/keerthibaalan/ws_moveit/install/moveit_configs_utils:/opt/ros/humble /usr/bin/cmake --build /home/keerthibaalan/ROS2_Workspace/arduinobot_ws/build/arduinobot_description -- -j24 -l24
[1.207s] Invoking command in '/home/keerthibaalan/ROS2_Workspace/arduinobot_ws/build/arduinobot_description': CMAKE_PREFIX_PATH=${CMAKE_PREFIX_PATH}:/home/keerthibaalan/ws_moveit2/install/moveit_configs_utils:/home/keerthibaalan/ws_moveit2/install/launch_param_builder:/home/keerthibaalan/ws_moveit/install/moveit_configs_utils:/opt/ros/humble /usr/bin/cmake --install /home/keerthibaalan/ROS2_Workspace/arduinobot_ws/build/arduinobot_description
[1.217s] -- Install configuration: ""
[1.217s] -- Installing: /home/keerthibaalan/ROS2_Workspace/arduinobot_ws/install/arduinobot_description/share/arduinobot_description/launch
[1.218s] -- Installing: /home/keerthibaalan/ROS2_Workspace/arduinobot_ws/install/arduinobot_description/share/arduinobot_description/launch/display.launch.py
[1.218s] -- Installing: /home/keerthibaalan/ROS2_Workspace/arduinobot_ws/install/arduinobot_description/share/arduinobot_description/launch/gazebo.launch.py
[1.218s] -- Installing: /home/keerthibaalan/ROS2_Workspace/arduinobot_ws/install/arduinobot_description/share/arduinobot_description/meshes
[1.218s] -- Installing: /home/keerthibaalan/ROS2_Workspace/arduinobot_ws/install/arduinobot_description/share/arduinobot_description/meshes/right_finger.STL
[1.218s] -- Installing: /home/keerthibaalan/ROS2_Workspace/arduinobot_ws/install/arduinobot_description/share/arduinobot_description/meshes/link.STL
[1.219s] -- Installing: /home/keerthibaalan/ROS2_Workspace/arduinobot_ws/install/arduinobot_description/share/arduinobot_description/meshes/claw_support.STL
[1.219s] -- Installing: /home/keerthibaalan/ROS2_Workspace/arduinobot_ws/install/arduinobot_description/share/arduinobot_description/meshes/triangular_link.STL
[1.220s] -- Installing: /home/keerthibaalan/ROS2_Workspace/arduinobot_ws/install/arduinobot_description/share/arduinobot_description/meshes/plate.STL
[1.223s] -- Installing: /home/keerthibaalan/ROS2_Workspace/arduinobot_ws/install/arduinobot_description/share/arduinobot_description/meshes/horizontal_arm.STL
[1.225s] -- Installing: /home/keerthibaalan/ROS2_Workspace/arduinobot_ws/install/arduinobot_description/share/arduinobot_description/meshes/servo_plate.STL
[1.225s] -- Installing: /home/keerthibaalan/ROS2_Workspace/arduinobot_ws/install/arduinobot_description/share/arduinobot_description/meshes/basement.STL
[1.226s] -- Installing: /home/keerthibaalan/ROS2_Workspace/arduinobot_ws/install/arduinobot_description/share/arduinobot_description/meshes/forward_drive_arm.STL
[1.228s] -- Installing: /home/keerthibaalan/ROS2_Workspace/arduinobot_ws/install/arduinobot_description/share/arduinobot_description/meshes/round_plate.STL
[1.228s] -- Installing: /home/keerthibaalan/ROS2_Workspace/arduinobot_ws/install/arduinobot_description/share/arduinobot_description/meshes/vertical_drive_arm.STL
[1.229s] -- Installing: /home/keerthibaalan/ROS2_Workspace/arduinobot_ws/install/arduinobot_description/share/arduinobot_description/meshes/left_finger.STL
[1.229s] -- Installing: /home/keerthibaalan/ROS2_Workspace/arduinobot_ws/install/arduinobot_description/share/arduinobot_description/meshes/base_plate.STL
[1.232s] -- Installing: /home/keerthibaalan/ROS2_Workspace/arduinobot_ws/install/arduinobot_description/share/arduinobot_description/models
[1.232s] -- Installing: /home/keerthibaalan/ROS2_Workspace/arduinobot_ws/install/arduinobot_description/share/arduinobot_description/models/sun
[1.232s] -- Installing: /home/keerthibaalan/ROS2_Workspace/arduinobot_ws/install/arduinobot_description/share/arduinobot_description/models/sun/model-1_4.sdf
[1.232s] -- Installing: /home/keerthibaalan/ROS2_Workspace/arduinobot_ws/install/arduinobot_description/share/arduinobot_description/models/sun/model.config
[1.232s] -- Installing: /home/keerthibaalan/ROS2_Workspace/arduinobot_ws/install/arduinobot_description/share/arduinobot_description/models/sun/model-1_2.sdf
[1.232s] -- Installing: /home/keerthibaalan/ROS2_Workspace/arduinobot_ws/install/arduinobot_description/share/arduinobot_description/models/sun/model.sdf
[1.232s] -- Installing: /home/keerthibaalan/ROS2_Workspace/arduinobot_ws/install/arduinobot_description/share/arduinobot_description/models/sun/model-1_3.sdf
[1.233s] -- Installing: /home/keerthibaalan/ROS2_Workspace/arduinobot_ws/install/arduinobot_description/share/arduinobot_description/models/ground_plane
[1.233s] -- Installing: /home/keerthibaalan/ROS2_Workspace/arduinobot_ws/install/arduinobot_description/share/arduinobot_description/models/ground_plane/model-1_4.sdf
[1.233s] -- Installing: /home/keerthibaalan/ROS2_Workspace/arduinobot_ws/install/arduinobot_description/share/arduinobot_description/models/ground_plane/model.config
[1.233s] -- Installing: /home/keerthibaalan/ROS2_Workspace/arduinobot_ws/install/arduinobot_description/share/arduinobot_description/models/ground_plane/model-1_2.sdf
[1.233s] -- Installing: /home/keerthibaalan/ROS2_Workspace/arduinobot_ws/install/arduinobot_description/share/arduinobot_description/models/ground_plane/model.sdf
[1.233s] -- Installing: /home/keerthibaalan/ROS2_Workspace/arduinobot_ws/install/arduinobot_description/share/arduinobot_description/models/ground_plane/model-1_3.sdf
[1.233s] -- Installing: /home/keerthibaalan/ROS2_Workspace/arduinobot_ws/install/arduinobot_description/share/arduinobot_description/urdf
[1.233s] -- Installing: /home/keerthibaalan/ROS2_Workspace/arduinobot_ws/install/arduinobot_description/share/arduinobot_description/urdf/arduinobot.urdf.xacro
[1.233s] -- Installing: /home/keerthibaalan/ROS2_Workspace/arduinobot_ws/install/arduinobot_description/share/arduinobot_description/urdf/arduinobot_gazebo.xacro
[1.233s] -- Installing: /home/keerthibaalan/ROS2_Workspace/arduinobot_ws/install/arduinobot_description/share/arduinobot_description/urdf/arduinobot_ros2_control.xacro
[1.233s] -- Installing: /home/keerthibaalan/ROS2_Workspace/arduinobot_ws/install/arduinobot_description/share/arduinobot_description/rviz
[1.233s] -- Installing: /home/keerthibaalan/ROS2_Workspace/arduinobot_ws/install/arduinobot_description/share/arduinobot_description/rviz/display.rviz
[1.233s] -- Installing: /home/keerthibaalan/ROS2_Workspace/arduinobot_ws/install/arduinobot_description/share/ament_index/resource_index/package_run_dependencies/arduinobot_description
[1.233s] -- Installing: /home/keerthibaalan/ROS2_Workspace/arduinobot_ws/install/arduinobot_description/share/ament_index/resource_index/parent_prefix_path/arduinobot_description
[1.233s] -- Installing: /home/keerthibaalan/ROS2_Workspace/arduinobot_ws/install/arduinobot_description/share/arduinobot_description/environment/ament_prefix_path.sh
[1.234s] -- Installing: /home/keerthibaalan/ROS2_Workspace/arduinobot_ws/install/arduinobot_description/share/arduinobot_description/environment/ament_prefix_path.dsv
[1.234s] -- Installing: /home/keerthibaalan/ROS2_Workspace/arduinobot_ws/install/arduinobot_description/share/arduinobot_description/environment/path.sh
[1.234s] -- Installing: /home/keerthibaalan/ROS2_Workspace/arduinobot_ws/install/arduinobot_description/share/arduinobot_description/environment/path.dsv
[1.234s] -- Installing: /home/keerthibaalan/ROS2_Workspace/arduinobot_ws/install/arduinobot_description/share/arduinobot_description/local_setup.bash
[1.234s] -- Installing: /home/keerthibaalan/ROS2_Workspace/arduinobot_ws/install/arduinobot_description/share/arduinobot_description/local_setup.sh
[1.234s] -- Installing: /home/keerthibaalan/ROS2_Workspace/arduinobot_ws/install/arduinobot_description/share/arduinobot_description/local_setup.zsh
[1.234s] -- Installing: /home/keerthibaalan/ROS2_Workspace/arduinobot_ws/install/arduinobot_description/share/arduinobot_description/local_setup.dsv
[1.234s] -- Installing: /home/keerthibaalan/ROS2_Workspace/arduinobot_ws/install/arduinobot_description/share/arduinobot_description/package.dsv
[1.234s] -- Installing: /home/keerthibaalan/ROS2_Workspace/arduinobot_ws/install/arduinobot_description/share/ament_index/resource_index/packages/arduinobot_description
[1.234s] -- Installing: /home/keerthibaalan/ROS2_Workspace/arduinobot_ws/install/arduinobot_description/share/arduinobot_description/cmake/arduinobot_descriptionConfig.cmake
[1.234s] -- Installing: /home/keerthibaalan/ROS2_Workspace/arduinobot_ws/install/arduinobot_description/share/arduinobot_description/cmake/arduinobot_descriptionConfig-version.cmake
[1.235s] -- Installing: /home/keerthibaalan/ROS2_Workspace/arduinobot_ws/install/arduinobot_description/share/arduinobot_description/package.xml
[1.236s] Invoked command in '/home/keerthibaalan/ROS2_Workspace/arduinobot_ws/build/arduinobot_description' returned '0': CMAKE_PREFIX_PATH=${CMAKE_PREFIX_PATH}:/home/keerthibaalan/ws_moveit2/install/moveit_configs_utils:/home/keerthibaalan/ws_moveit2/install/launch_param_builder:/home/keerthibaalan/ws_moveit/install/moveit_configs_utils:/opt/ros/humble /usr/bin/cmake --install /home/keerthibaalan/ROS2_Workspace/arduinobot_ws/build/arduinobot_description
