[0.072s] Invoking command in '/home/ros/ws_microros/build/asrs_description': CMAKE_PREFIX_PATH=/opt/ros/humble /usr/bin/cmake --build /home/ros/ws_microros/build/asrs_description -- -j16 -l16
[0.081s] -- Found ament_cmake: 1.3.6 (/opt/ros/humble/share/ament_cmake/cmake)
[0.153s] -- Found ament_lint_auto: 0.12.9 (/opt/ros/humble/share/ament_lint_auto/cmake)
[0.184s] -- Added test 'flake8' to check Python code syntax and style conventions
[0.184s] -- Added test 'lint_cmake' to check CMake code style
[0.185s] -- Added test 'pep257' to check Python code against some of the docstring style conventions in PEP 257
[0.185s] -- Added test 'xmllint' to check XML markup files
[0.186s] -- Configuring done
[0.188s] -- Generating done
[0.188s] -- Build files have been written to: /home/ros/ws_microros/build/asrs_description
[0.285s] Invoked command in '/home/ros/ws_microros/build/asrs_description' returned '0': CMAKE_PREFIX_PATH=/opt/ros/humble /usr/bin/cmake --build /home/ros/ws_microros/build/asrs_description -- -j16 -l16
[0.310s] Invoking command in '/home/ros/ws_microros/build/asrs_description': CMAKE_PREFIX_PATH=/opt/ros/humble /usr/bin/cmake --install /home/ros/ws_microros/build/asrs_description
[0.313s] -- Install configuration: ""
[0.313s] -- Up-to-date: /home/ros/ws_microros/install/asrs_description/share/asrs_description/config
[0.313s] -- Up-to-date: /home/ros/ws_microros/install/asrs_description/share/asrs_description/launch
[0.313s] -- Up-to-date: /home/ros/ws_microros/install/asrs_description/share/asrs_description/launch/display.launch
[0.314s] -- Up-to-date: /home/ros/ws_microros/install/asrs_description/share/asrs_description/launch/rviz.launch.py
[0.314s] -- Installing: /home/ros/ws_microros/install/asrs_description/share/asrs_description/urdf
[0.314s] -- Installing: /home/ros/ws_microros/install/asrs_description/share/asrs_description/urdf/asrs_robot.urdf.xacro
[0.314s] -- Installing: /home/ros/ws_microros/install/asrs_description/share/ament_index/resource_index/package_run_dependencies/asrs_description
[0.314s] -- Up-to-date: /home/ros/ws_microros/install/asrs_description/share/ament_index/resource_index/parent_prefix_path/asrs_description
[0.314s] -- Up-to-date: /home/ros/ws_microros/install/asrs_description/share/asrs_description/environment/ament_prefix_path.sh
[0.314s] -- Installing: /home/ros/ws_microros/install/asrs_description/share/asrs_description/environment/ament_prefix_path.dsv
[0.314s] -- Up-to-date: /home/ros/ws_microros/install/asrs_description/share/asrs_description/environment/path.sh
[0.314s] -- Installing: /home/ros/ws_microros/install/asrs_description/share/asrs_description/environment/path.dsv
[0.314s] -- Up-to-date: /home/ros/ws_microros/install/asrs_description/share/asrs_description/local_setup.bash
[0.314s] -- Up-to-date: /home/ros/ws_microros/install/asrs_description/share/asrs_description/local_setup.sh
[0.314s] -- Up-to-date: /home/ros/ws_microros/install/asrs_description/share/asrs_description/local_setup.zsh
[0.314s] -- Installing: /home/ros/ws_microros/install/asrs_description/share/asrs_description/local_setup.dsv
[0.314s] -- Installing: /home/ros/ws_microros/install/asrs_description/share/asrs_description/package.dsv
[0.314s] -- Up-to-date: /home/ros/ws_microros/install/asrs_description/share/ament_index/resource_index/packages/asrs_description
[0.314s] -- Up-to-date: /home/ros/ws_microros/install/asrs_description/share/asrs_description/cmake/asrs_descriptionConfig.cmake
[0.314s] -- Up-to-date: /home/ros/ws_microros/install/asrs_description/share/asrs_description/cmake/asrs_descriptionConfig-version.cmake
[0.314s] -- Installing: /home/ros/ws_microros/install/asrs_description/share/asrs_description/package.xml
[0.315s] Invoked command in '/home/ros/ws_microros/build/asrs_description' returned '0': CMAKE_PREFIX_PATH=/opt/ros/humble /usr/bin/cmake --install /home/ros/ws_microros/build/asrs_description
