[0.010s] Invoking command in '/home/keerthibaalan/ROS2_Workspace/ur_tutorials/build/my_robot_cell_description': CMAKE_PREFIX_PATH=${CMAKE_PREFIX_PATH}:/home/keerthibaalan/ws_moveit/install/moveit_configs_utils:/opt/ros/humble /usr/bin/cmake /home/keerthibaalan/ROS2_Workspace/ur_tutorials/src/ur_tutorials/my_robot_cell/my_robot_cell_description -DCMAKE_INSTALL_PREFIX=/home/keerthibaalan/ROS2_Workspace/ur_tutorials/install/my_robot_cell_description
[0.059s] -- The C compiler identification is GNU 11.4.0
[0.098s] -- The CXX compiler identification is GNU 11.4.0
[0.103s] -- Detecting C compiler ABI info
[0.167s] -- Detecting C compiler ABI info - done
[0.170s] -- Check for working C compiler: /usr/bin/cc - skipped
[0.170s] -- Detecting C compile features
[0.171s] -- Detecting C compile features - done
[0.172s] -- Detecting CXX compiler ABI info
[0.240s] -- Detecting CXX compiler ABI info - done
[0.244s] -- Check for working CXX compiler: /usr/bin/c++ - skipped
[0.244s] -- Detecting CXX compile features
[0.244s] -- Detecting CXX compile features - done
[0.251s] -- Found ament_cmake: 1.3.9 (/opt/ros/humble/share/ament_cmake/cmake)
[0.359s] -- Found Python3: /usr/bin/python3 (found version "3.10.12") found components: Interpreter 
[0.511s] -- Configuring done
[0.512s] -- Generating done
[0.513s] -- Build files have been written to: /home/keerthibaalan/ROS2_Workspace/ur_tutorials/build/my_robot_cell_description
[0.516s] Invoked command in '/home/keerthibaalan/ROS2_Workspace/ur_tutorials/build/my_robot_cell_description' returned '0': CMAKE_PREFIX_PATH=${CMAKE_PREFIX_PATH}:/home/keerthibaalan/ws_moveit/install/moveit_configs_utils:/opt/ros/humble /usr/bin/cmake /home/keerthibaalan/ROS2_Workspace/ur_tutorials/src/ur_tutorials/my_robot_cell/my_robot_cell_description -DCMAKE_INSTALL_PREFIX=/home/keerthibaalan/ROS2_Workspace/ur_tutorials/install/my_robot_cell_description
[0.517s] Invoking command in '/home/keerthibaalan/ROS2_Workspace/ur_tutorials/build/my_robot_cell_description': CMAKE_PREFIX_PATH=${CMAKE_PREFIX_PATH}:/home/keerthibaalan/ws_moveit/install/moveit_configs_utils:/opt/ros/humble /usr/bin/cmake --build /home/keerthibaalan/ROS2_Workspace/ur_tutorials/build/my_robot_cell_description -- -j24 -l24
[0.555s] Invoked command in '/home/keerthibaalan/ROS2_Workspace/ur_tutorials/build/my_robot_cell_description' returned '0': CMAKE_PREFIX_PATH=${CMAKE_PREFIX_PATH}:/home/keerthibaalan/ws_moveit/install/moveit_configs_utils:/opt/ros/humble /usr/bin/cmake --build /home/keerthibaalan/ROS2_Workspace/ur_tutorials/build/my_robot_cell_description -- -j24 -l24
[0.594s] Invoking command in '/home/keerthibaalan/ROS2_Workspace/ur_tutorials/build/my_robot_cell_description': CMAKE_PREFIX_PATH=${CMAKE_PREFIX_PATH}:/home/keerthibaalan/ws_moveit/install/moveit_configs_utils:/opt/ros/humble /usr/bin/cmake --install /home/keerthibaalan/ROS2_Workspace/ur_tutorials/build/my_robot_cell_description
[0.601s] -- Install configuration: ""
[0.601s] -- Installing: /home/keerthibaalan/ROS2_Workspace/ur_tutorials/install/my_robot_cell_description/share/my_robot_cell_description/launch
[0.602s] -- Installing: /home/keerthibaalan/ROS2_Workspace/ur_tutorials/install/my_robot_cell_description/share/my_robot_cell_description/launch/view_robot.launch.py
[0.602s] -- Installing: /home/keerthibaalan/ROS2_Workspace/ur_tutorials/install/my_robot_cell_description/share/my_robot_cell_description/meshes
[0.602s] -- Installing: /home/keerthibaalan/ROS2_Workspace/ur_tutorials/install/my_robot_cell_description/share/my_robot_cell_description/meshes/171005_Motek_Monitor_L.dae
[0.602s] -- Installing: /home/keerthibaalan/ROS2_Workspace/ur_tutorials/install/my_robot_cell_description/share/my_robot_cell_description/meshes/wall.dae
[0.602s] -- Installing: /home/keerthibaalan/ROS2_Workspace/ur_tutorials/install/my_robot_cell_description/share/my_robot_cell_description/meshes/fzi_table.dae
[0.602s] -- Installing: /home/keerthibaalan/ROS2_Workspace/ur_tutorials/install/my_robot_cell_description/share/my_robot_cell_description/meshes/fzi_skyline_v1.png
[0.602s] -- Installing: /home/keerthibaalan/ROS2_Workspace/ur_tutorials/install/my_robot_cell_description/share/my_robot_cell_description/meshes/ur_background.jpg
[0.602s] -- Installing: /home/keerthibaalan/ROS2_Workspace/ur_tutorials/install/my_robot_cell_description/share/my_robot_cell_description/meshes/notexture.png
[0.603s] -- Installing: /home/keerthibaalan/ROS2_Workspace/ur_tutorials/install/my_robot_cell_description/share/my_robot_cell_description/rviz
[0.603s] -- Installing: /home/keerthibaalan/ROS2_Workspace/ur_tutorials/install/my_robot_cell_description/share/my_robot_cell_description/rviz/urdf.rviz
[0.603s] -- Installing: /home/keerthibaalan/ROS2_Workspace/ur_tutorials/install/my_robot_cell_description/share/my_robot_cell_description/urdf
[0.603s] -- Installing: /home/keerthibaalan/ROS2_Workspace/ur_tutorials/install/my_robot_cell_description/share/my_robot_cell_description/urdf/my_robot_cell_macro.xacro
[0.603s] -- Installing: /home/keerthibaalan/ROS2_Workspace/ur_tutorials/install/my_robot_cell_description/share/my_robot_cell_description/urdf/my_robot_cell.urdf.xacro
[0.603s] -- Installing: /home/keerthibaalan/ROS2_Workspace/ur_tutorials/install/my_robot_cell_description/share/ament_index/resource_index/package_run_dependencies/my_robot_cell_description
[0.603s] -- Installing: /home/keerthibaalan/ROS2_Workspace/ur_tutorials/install/my_robot_cell_description/share/ament_index/resource_index/parent_prefix_path/my_robot_cell_description
[0.603s] -- Installing: /home/keerthibaalan/ROS2_Workspace/ur_tutorials/install/my_robot_cell_description/share/my_robot_cell_description/environment/ament_prefix_path.sh
[0.603s] -- Installing: /home/keerthibaalan/ROS2_Workspace/ur_tutorials/install/my_robot_cell_description/share/my_robot_cell_description/environment/ament_prefix_path.dsv
[0.603s] -- Installing: /home/keerthibaalan/ROS2_Workspace/ur_tutorials/install/my_robot_cell_description/share/my_robot_cell_description/environment/path.sh
[0.604s] -- Installing: /home/keerthibaalan/ROS2_Workspace/ur_tutorials/install/my_robot_cell_description/share/my_robot_cell_description/environment/path.dsv
[0.604s] -- Installing: /home/keerthibaalan/ROS2_Workspace/ur_tutorials/install/my_robot_cell_description/share/my_robot_cell_description/local_setup.bash
[0.604s] -- Installing: /home/keerthibaalan/ROS2_Workspace/ur_tutorials/install/my_robot_cell_description/share/my_robot_cell_description/local_setup.sh
[0.604s] -- Installing: /home/keerthibaalan/ROS2_Workspace/ur_tutorials/install/my_robot_cell_description/share/my_robot_cell_description/local_setup.zsh
[0.604s] -- Installing: /home/keerthibaalan/ROS2_Workspace/ur_tutorials/install/my_robot_cell_description/share/my_robot_cell_description/local_setup.dsv
[0.604s] -- Installing: /home/keerthibaalan/ROS2_Workspace/ur_tutorials/install/my_robot_cell_description/share/my_robot_cell_description/package.dsv
[0.604s] -- Installing: /home/keerthibaalan/ROS2_Workspace/ur_tutorials/install/my_robot_cell_description/share/ament_index/resource_index/packages/my_robot_cell_description
[0.604s] -- Installing: /home/keerthibaalan/ROS2_Workspace/ur_tutorials/install/my_robot_cell_description/share/my_robot_cell_description/cmake/my_robot_cell_descriptionConfig.cmake
[0.604s] -- Installing: /home/keerthibaalan/ROS2_Workspace/ur_tutorials/install/my_robot_cell_description/share/my_robot_cell_description/cmake/my_robot_cell_descriptionConfig-version.cmake
[0.604s] -- Installing: /home/keerthibaalan/ROS2_Workspace/ur_tutorials/install/my_robot_cell_description/share/my_robot_cell_description/package.xml
[0.605s] Invoked command in '/home/keerthibaalan/ROS2_Workspace/ur_tutorials/build/my_robot_cell_description' returned '0': CMAKE_PREFIX_PATH=${CMAKE_PREFIX_PATH}:/home/keerthibaalan/ws_moveit/install/moveit_configs_utils:/opt/ros/humble /usr/bin/cmake --install /home/keerthibaalan/ROS2_Workspace/ur_tutorials/build/my_robot_cell_description
