-- Found ament_cmake: 1.3.9 (/opt/ros/humble/share/ament_cmake/cmake)
-- Found ament_lint_auto: 0.12.11 (/opt/ros/humble/share/ament_lint_auto/cmake)
-- Added test 'flake8' to check Python code syntax and style conventions
-- Added test 'lint_cmake' to check CMake code style
-- Added test 'pep257' to check Python code against some of the docstring style conventions in PEP 257
-- Added test 'xmllint' to check XML markup files
-- Configuring done
-- Generating done
-- Build files have been written to: /home/keerthibaalan/ROS2_Workspace/ws_microros/build/asrs_controller
-- Install configuration: ""
-- Up-to-date: /home/keerthibaalan/ROS2_Workspace/ws_microros/install/asrs_controller/share/asrs_controller/config
-- Up-to-date: /home/keerthibaalan/ROS2_Workspace/ws_microros/install/asrs_controller/share/asrs_controller/config/asrs_controller.yaml
-- Up-to-date: /home/keerthibaalan/ROS2_Workspace/ws_microros/install/asrs_controller/share/asrs_controller/launch
-- Up-to-date: /home/keerthibaalan/ROS2_Workspace/ws_microros/install/asrs_controller/share/asrs_controller/launch/controller.launch.py
-- Up-to-date: /home/keerthibaalan/ROS2_Workspace/ws_microros/install/asrs_controller/share/ament_index/resource_index/package_run_dependencies/asrs_controller
-- Installing: /home/keerthibaalan/ROS2_Workspace/ws_microros/install/asrs_controller/share/ament_index/resource_index/parent_prefix_path/asrs_controller
-- Installing: /home/keerthibaalan/ROS2_Workspace/ws_microros/install/asrs_controller/share/asrs_controller/environment/ament_prefix_path.sh
-- Installing: /home/keerthibaalan/ROS2_Workspace/ws_microros/install/asrs_controller/share/asrs_controller/environment/ament_prefix_path.dsv
-- Installing: /home/keerthibaalan/ROS2_Workspace/ws_microros/install/asrs_controller/share/asrs_controller/environment/path.sh
-- Installing: /home/keerthibaalan/ROS2_Workspace/ws_microros/install/asrs_controller/share/asrs_controller/environment/path.dsv
-- Up-to-date: /home/keerthibaalan/ROS2_Workspace/ws_microros/install/asrs_controller/share/asrs_controller/local_setup.bash
-- Up-to-date: /home/keerthibaalan/ROS2_Workspace/ws_microros/install/asrs_controller/share/asrs_controller/local_setup.sh
-- Up-to-date: /home/keerthibaalan/ROS2_Workspace/ws_microros/install/asrs_controller/share/asrs_controller/local_setup.zsh
-- Installing: /home/keerthibaalan/ROS2_Workspace/ws_microros/install/asrs_controller/share/asrs_controller/local_setup.dsv
-- Installing: /home/keerthibaalan/ROS2_Workspace/ws_microros/install/asrs_controller/share/asrs_controller/package.dsv
-- Up-to-date: /home/keerthibaalan/ROS2_Workspace/ws_microros/install/asrs_controller/share/ament_index/resource_index/packages/asrs_controller
-- Up-to-date: /home/keerthibaalan/ROS2_Workspace/ws_microros/install/asrs_controller/share/asrs_controller/cmake/asrs_controllerConfig.cmake
-- Up-to-date: /home/keerthibaalan/ROS2_Workspace/ws_microros/install/asrs_controller/share/asrs_controller/cmake/asrs_controllerConfig-version.cmake
-- Up-to-date: /home/keerthibaalan/ROS2_Workspace/ws_microros/install/asrs_controller/share/asrs_controller/package.xml
