[0.015s] Invoking command in '/home/keerthibaalan/ROS2_Workspace/ws_microros/build/asrs_controller': CMAKE_PREFIX_PATH=${CMAKE_PREFIX_PATH}:/home/keerthibaalan/ws_moveit/install/moveit_configs_utils:/opt/ros/humble /usr/bin/cmake --build /home/keerthibaalan/ROS2_Workspace/ws_microros/build/asrs_controller -- -j24 -l24
[0.038s] -- Found ament_cmake: 1.3.9 (/opt/ros/humble/share/ament_cmake/cmake)
[0.109s] -- Found ament_lint_auto: 0.12.11 (/opt/ros/humble/share/ament_lint_auto/cmake)
[0.151s] -- Added test 'flake8' to check Python code syntax and style conventions
[0.151s] -- Added test 'lint_cmake' to check CMake code style
[0.151s] -- Added test 'pep257' to check Python code against some of the docstring style conventions in PEP 257
[0.152s] -- Added test 'xmllint' to check XML markup files
[0.153s] -- Configuring done
[0.156s] -- Generating done
[0.157s] -- Build files have been written to: /home/keerthibaalan/ROS2_Workspace/ws_microros/build/asrs_controller
[0.182s] Invoked command in '/home/keerthibaalan/ROS2_Workspace/ws_microros/build/asrs_controller' returned '0': CMAKE_PREFIX_PATH=${CMAKE_PREFIX_PATH}:/home/keerthibaalan/ws_moveit/install/moveit_configs_utils:/opt/ros/humble /usr/bin/cmake --build /home/keerthibaalan/ROS2_Workspace/ws_microros/build/asrs_controller -- -j24 -l24
[0.223s] Invoking command in '/home/keerthibaalan/ROS2_Workspace/ws_microros/build/asrs_controller': CMAKE_PREFIX_PATH=${CMAKE_PREFIX_PATH}:/home/keerthibaalan/ws_moveit/install/moveit_configs_utils:/opt/ros/humble /usr/bin/cmake --install /home/keerthibaalan/ROS2_Workspace/ws_microros/build/asrs_controller
[0.231s] -- Install configuration: ""
[0.232s] -- Up-to-date: /home/keerthibaalan/ROS2_Workspace/ws_microros/install/asrs_controller/share/asrs_controller/config
[0.232s] -- Up-to-date: /home/keerthibaalan/ROS2_Workspace/ws_microros/install/asrs_controller/share/asrs_controller/config/asrs_controller.yaml
[0.232s] -- Up-to-date: /home/keerthibaalan/ROS2_Workspace/ws_microros/install/asrs_controller/share/asrs_controller/launch
[0.232s] -- Up-to-date: /home/keerthibaalan/ROS2_Workspace/ws_microros/install/asrs_controller/share/asrs_controller/launch/controller.launch.py
[0.232s] -- Up-to-date: /home/keerthibaalan/ROS2_Workspace/ws_microros/install/asrs_controller/share/ament_index/resource_index/package_run_dependencies/asrs_controller
[0.232s] -- Installing: /home/keerthibaalan/ROS2_Workspace/ws_microros/install/asrs_controller/share/ament_index/resource_index/parent_prefix_path/asrs_controller
[0.233s] -- Installing: /home/keerthibaalan/ROS2_Workspace/ws_microros/install/asrs_controller/share/asrs_controller/environment/ament_prefix_path.sh
[0.233s] -- Installing: /home/keerthibaalan/ROS2_Workspace/ws_microros/install/asrs_controller/share/asrs_controller/environment/ament_prefix_path.dsv
[0.233s] -- Installing: /home/keerthibaalan/ROS2_Workspace/ws_microros/install/asrs_controller/share/asrs_controller/environment/path.sh
[0.233s] -- Installing: /home/keerthibaalan/ROS2_Workspace/ws_microros/install/asrs_controller/share/asrs_controller/environment/path.dsv
[0.233s] -- Up-to-date: /home/keerthibaalan/ROS2_Workspace/ws_microros/install/asrs_controller/share/asrs_controller/local_setup.bash
[0.234s] -- Up-to-date: /home/keerthibaalan/ROS2_Workspace/ws_microros/install/asrs_controller/share/asrs_controller/local_setup.sh
[0.234s] -- Up-to-date: /home/keerthibaalan/ROS2_Workspace/ws_microros/install/asrs_controller/share/asrs_controller/local_setup.zsh
[0.234s] -- Installing: /home/keerthibaalan/ROS2_Workspace/ws_microros/install/asrs_controller/share/asrs_controller/local_setup.dsv
[0.234s] -- Installing: /home/keerthibaalan/ROS2_Workspace/ws_microros/install/asrs_controller/share/asrs_controller/package.dsv
[0.234s] -- Up-to-date: /home/keerthibaalan/ROS2_Workspace/ws_microros/install/asrs_controller/share/ament_index/resource_index/packages/asrs_controller
[0.234s] -- Up-to-date: /home/keerthibaalan/ROS2_Workspace/ws_microros/install/asrs_controller/share/asrs_controller/cmake/asrs_controllerConfig.cmake
[0.234s] -- Up-to-date: /home/keerthibaalan/ROS2_Workspace/ws_microros/install/asrs_controller/share/asrs_controller/cmake/asrs_controllerConfig-version.cmake
[0.234s] -- Up-to-date: /home/keerthibaalan/ROS2_Workspace/ws_microros/install/asrs_controller/share/asrs_controller/package.xml
[0.242s] Invoked command in '/home/keerthibaalan/ROS2_Workspace/ws_microros/build/asrs_controller' returned '0': CMAKE_PREFIX_PATH=${CMAKE_PREFIX_PATH}:/home/keerthibaalan/ws_moveit/install/moveit_configs_utils:/opt/ros/humble /usr/bin/cmake --install /home/keerthibaalan/ROS2_Workspace/ws_microros/build/asrs_controller
