[0.057s] DEBUG:colcon:Command line arguments: ['/usr/bin/colcon', 'build']
[0.057s] DEBUG:colcon:Parsed command line arguments: Namespace(log_base=None, log_level=None, verb_name='build', build_base='build', install_base='install', merge_install=False, symlink_install=False, test_result_base=None, continue_on_error=False, executor='parallel', parallel_workers=24, event_handlers=None, ignore_user_meta=False, metas=['./colcon.meta'], base_paths=['.'], packages_ignore=None, packages_ignore_regex=None, paths=None, packages_up_to=None, packages_up_to_regex=None, packages_above=None, packages_above_and_dependencies=None, packages_above_depth=None, packages_select_by_dep=None, packages_skip_by_dep=None, packages_skip_up_to=None, packages_select_build_failed=False, packages_skip_build_finished=False, packages_select_test_failures=False, packages_skip_test_passed=False, packages_select=None, packages_skip=None, packages_select_regex=None, packages_skip_regex=None, packages_start=None, packages_end=None, allow_overriding=[], cmake_args=None, cmake_target=None, cmake_target_skip_unavailable=False, cmake_clean_cache=False, cmake_clean_first=False, cmake_force_configure=False, ament_cmake_args=None, catkin_cmake_args=None, catkin_skip_building_tests=False, mixin_files=None, mixin=None, verb_parser=<colcon_mixin.mixin.mixin_argument.MixinArgumentDecorator object at 0x74eae6ffb6d0>, verb_extension=<colcon_core.verb.build.BuildVerb object at 0x74eae6ffb220>, main=<bound method BuildVerb.main of <colcon_core.verb.build.BuildVerb object at 0x74eae6ffb220>>, mixin_verb=('build',))
[0.150s] Level 1:colcon.colcon_core.package_discovery:discover_packages(colcon_meta) check parameters
[0.151s] Level 1:colcon.colcon_core.package_discovery:discover_packages(recursive) check parameters
[0.151s] Level 1:colcon.colcon_core.package_discovery:discover_packages(ignore) check parameters
[0.151s] Level 1:colcon.colcon_core.package_discovery:discover_packages(path) check parameters
[0.151s] Level 1:colcon.colcon_core.package_discovery:discover_packages(colcon_meta) discover
[0.151s] Level 1:colcon.colcon_core.package_discovery:discover_packages(recursive) discover
[0.151s] INFO:colcon.colcon_core.package_discovery:Crawling recursively for packages in '/home/keerthibaalan/ROS2_Workspace/ur_tutorials'
[0.151s] Level 1:colcon.colcon_core.package_identification:_identify(.) by extensions ['ignore', 'ignore_ament_install']
[0.151s] Level 1:colcon.colcon_core.package_identification:_identify(.) by extension 'ignore'
[0.151s] Level 1:colcon.colcon_core.package_identification:_identify(.) by extension 'ignore_ament_install'
[0.151s] Level 1:colcon.colcon_core.package_identification:_identify(.) by extensions ['colcon_pkg']
[0.151s] Level 1:colcon.colcon_core.package_identification:_identify(.) by extension 'colcon_pkg'
[0.151s] Level 1:colcon.colcon_core.package_identification:_identify(.) by extensions ['colcon_meta']
[0.151s] Level 1:colcon.colcon_core.package_identification:_identify(.) by extension 'colcon_meta'
[0.151s] Level 1:colcon.colcon_core.package_identification:_identify(.) by extensions ['ros']
[0.151s] Level 1:colcon.colcon_core.package_identification:_identify(.) by extension 'ros'
[0.160s] Level 1:colcon.colcon_core.package_identification:_identify(.) by extensions ['cmake', 'python']
[0.160s] Level 1:colcon.colcon_core.package_identification:_identify(.) by extension 'cmake'
[0.160s] Level 1:colcon.colcon_core.package_identification:_identify(.) by extension 'python'
[0.160s] Level 1:colcon.colcon_core.package_identification:_identify(.) by extensions ['python_setup_py']
[0.160s] Level 1:colcon.colcon_core.package_identification:_identify(.) by extension 'python_setup_py'
[0.160s] Level 1:colcon.colcon_core.package_identification:_identify(build) by extensions ['ignore', 'ignore_ament_install']
[0.161s] Level 1:colcon.colcon_core.package_identification:_identify(build) by extension 'ignore'
[0.161s] Level 1:colcon.colcon_core.package_identification:_identify(build) ignored
[0.161s] Level 1:colcon.colcon_core.package_identification:_identify(install) by extensions ['ignore', 'ignore_ament_install']
[0.161s] Level 1:colcon.colcon_core.package_identification:_identify(install) by extension 'ignore'
[0.161s] Level 1:colcon.colcon_core.package_identification:_identify(install) ignored
[0.161s] Level 1:colcon.colcon_core.package_identification:_identify(log) by extensions ['ignore', 'ignore_ament_install']
[0.161s] Level 1:colcon.colcon_core.package_identification:_identify(log) by extension 'ignore'
[0.161s] Level 1:colcon.colcon_core.package_identification:_identify(log) ignored
[0.161s] Level 1:colcon.colcon_core.package_identification:_identify(src) by extensions ['ignore', 'ignore_ament_install']
[0.161s] Level 1:colcon.colcon_core.package_identification:_identify(src) by extension 'ignore'
[0.161s] Level 1:colcon.colcon_core.package_identification:_identify(src) by extension 'ignore_ament_install'
[0.161s] Level 1:colcon.colcon_core.package_identification:_identify(src) by extensions ['colcon_pkg']
[0.161s] Level 1:colcon.colcon_core.package_identification:_identify(src) by extension 'colcon_pkg'
[0.161s] Level 1:colcon.colcon_core.package_identification:_identify(src) by extensions ['colcon_meta']
[0.161s] Level 1:colcon.colcon_core.package_identification:_identify(src) by extension 'colcon_meta'
[0.161s] Level 1:colcon.colcon_core.package_identification:_identify(src) by extensions ['ros']
[0.161s] Level 1:colcon.colcon_core.package_identification:_identify(src) by extension 'ros'
[0.161s] Level 1:colcon.colcon_core.package_identification:_identify(src) by extensions ['cmake', 'python']
[0.161s] Level 1:colcon.colcon_core.package_identification:_identify(src) by extension 'cmake'
[0.161s] Level 1:colcon.colcon_core.package_identification:_identify(src) by extension 'python'
[0.161s] Level 1:colcon.colcon_core.package_identification:_identify(src) by extensions ['python_setup_py']
[0.161s] Level 1:colcon.colcon_core.package_identification:_identify(src) by extension 'python_setup_py'
[0.161s] Level 1:colcon.colcon_core.package_identification:_identify(src/my_robot_cell_control) by extensions ['ignore', 'ignore_ament_install']
[0.161s] Level 1:colcon.colcon_core.package_identification:_identify(src/my_robot_cell_control) by extension 'ignore'
[0.161s] Level 1:colcon.colcon_core.package_identification:_identify(src/my_robot_cell_control) by extension 'ignore_ament_install'
[0.161s] Level 1:colcon.colcon_core.package_identification:_identify(src/my_robot_cell_control) by extensions ['colcon_pkg']
[0.161s] Level 1:colcon.colcon_core.package_identification:_identify(src/my_robot_cell_control) by extension 'colcon_pkg'
[0.161s] Level 1:colcon.colcon_core.package_identification:_identify(src/my_robot_cell_control) by extensions ['colcon_meta']
[0.161s] Level 1:colcon.colcon_core.package_identification:_identify(src/my_robot_cell_control) by extension 'colcon_meta'
[0.161s] Level 1:colcon.colcon_core.package_identification:_identify(src/my_robot_cell_control) by extensions ['ros']
[0.161s] Level 1:colcon.colcon_core.package_identification:_identify(src/my_robot_cell_control) by extension 'ros'
[0.162s] DEBUG:colcon.colcon_core.package_identification:Package 'src/my_robot_cell_control' with type 'ros.ament_cmake' and name 'my_robot_cell_control'
[0.162s] Level 1:colcon.colcon_core.package_identification:_identify(src/my_robot_cell_description) by extensions ['ignore', 'ignore_ament_install']
[0.162s] Level 1:colcon.colcon_core.package_identification:_identify(src/my_robot_cell_description) by extension 'ignore'
[0.162s] Level 1:colcon.colcon_core.package_identification:_identify(src/my_robot_cell_description) by extension 'ignore_ament_install'
[0.162s] Level 1:colcon.colcon_core.package_identification:_identify(src/my_robot_cell_description) by extensions ['colcon_pkg']
[0.162s] Level 1:colcon.colcon_core.package_identification:_identify(src/my_robot_cell_description) by extension 'colcon_pkg'
[0.162s] Level 1:colcon.colcon_core.package_identification:_identify(src/my_robot_cell_description) by extensions ['colcon_meta']
[0.162s] Level 1:colcon.colcon_core.package_identification:_identify(src/my_robot_cell_description) by extension 'colcon_meta'
[0.162s] Level 1:colcon.colcon_core.package_identification:_identify(src/my_robot_cell_description) by extensions ['ros']
[0.163s] Level 1:colcon.colcon_core.package_identification:_identify(src/my_robot_cell_description) by extension 'ros'
[0.163s] DEBUG:colcon.colcon_core.package_identification:Package 'src/my_robot_cell_description' with type 'ros.ament_cmake' and name 'my_robot_cell_description'
[0.163s] Level 1:colcon.colcon_core.package_identification:_identify(src/my_robot_cell_moveit_config) by extensions ['ignore', 'ignore_ament_install']
[0.163s] Level 1:colcon.colcon_core.package_identification:_identify(src/my_robot_cell_moveit_config) by extension 'ignore'
[0.163s] Level 1:colcon.colcon_core.package_identification:_identify(src/my_robot_cell_moveit_config) by extension 'ignore_ament_install'
[0.163s] Level 1:colcon.colcon_core.package_identification:_identify(src/my_robot_cell_moveit_config) by extensions ['colcon_pkg']
[0.163s] Level 1:colcon.colcon_core.package_identification:_identify(src/my_robot_cell_moveit_config) by extension 'colcon_pkg'
[0.163s] Level 1:colcon.colcon_core.package_identification:_identify(src/my_robot_cell_moveit_config) by extensions ['colcon_meta']
[0.163s] Level 1:colcon.colcon_core.package_identification:_identify(src/my_robot_cell_moveit_config) by extension 'colcon_meta'
[0.163s] Level 1:colcon.colcon_core.package_identification:_identify(src/my_robot_cell_moveit_config) by extensions ['ros']
[0.163s] Level 1:colcon.colcon_core.package_identification:_identify(src/my_robot_cell_moveit_config) by extension 'ros'
[0.163s] DEBUG:colcon.colcon_core.package_identification:Package 'src/my_robot_cell_moveit_config' with type 'ros.ament_cmake' and name 'my_robot_cell_moveit_config'
[0.163s] Level 1:colcon.colcon_core.package_identification:_identify(src/ur_tutorials) by extensions ['ignore', 'ignore_ament_install']
[0.163s] Level 1:colcon.colcon_core.package_identification:_identify(src/ur_tutorials) by extension 'ignore'
[0.163s] Level 1:colcon.colcon_core.package_identification:_identify(src/ur_tutorials) by extension 'ignore_ament_install'
[0.163s] Level 1:colcon.colcon_core.package_identification:_identify(src/ur_tutorials) by extensions ['colcon_pkg']
[0.163s] Level 1:colcon.colcon_core.package_identification:_identify(src/ur_tutorials) by extension 'colcon_pkg'
[0.163s] Level 1:colcon.colcon_core.package_identification:_identify(src/ur_tutorials) by extensions ['colcon_meta']
[0.163s] Level 1:colcon.colcon_core.package_identification:_identify(src/ur_tutorials) by extension 'colcon_meta'
[0.163s] Level 1:colcon.colcon_core.package_identification:_identify(src/ur_tutorials) by extensions ['ros']
[0.164s] Level 1:colcon.colcon_core.package_identification:_identify(src/ur_tutorials) by extension 'ros'
[0.164s] Level 1:colcon.colcon_core.package_identification:_identify(src/ur_tutorials) by extensions ['cmake', 'python']
[0.164s] Level 1:colcon.colcon_core.package_identification:_identify(src/ur_tutorials) by extension 'cmake'
[0.164s] Level 1:colcon.colcon_core.package_identification:_identify(src/ur_tutorials) by extension 'python'
[0.164s] Level 1:colcon.colcon_core.package_identification:_identify(src/ur_tutorials) by extensions ['python_setup_py']
[0.164s] Level 1:colcon.colcon_core.package_identification:_identify(src/ur_tutorials) by extension 'python_setup_py'
[0.164s] Level 1:colcon.colcon_core.package_identification:_identify(src/ur_tutorials/doc) by extensions ['ignore', 'ignore_ament_install']
[0.164s] Level 1:colcon.colcon_core.package_identification:_identify(src/ur_tutorials/doc) by extension 'ignore'
[0.164s] Level 1:colcon.colcon_core.package_identification:_identify(src/ur_tutorials/doc) by extension 'ignore_ament_install'
[0.164s] Level 1:colcon.colcon_core.package_identification:_identify(src/ur_tutorials/doc) by extensions ['colcon_pkg']
[0.164s] Level 1:colcon.colcon_core.package_identification:_identify(src/ur_tutorials/doc) by extension 'colcon_pkg'
[0.164s] Level 1:colcon.colcon_core.package_identification:_identify(src/ur_tutorials/doc) by extensions ['colcon_meta']
[0.164s] Level 1:colcon.colcon_core.package_identification:_identify(src/ur_tutorials/doc) by extension 'colcon_meta'
[0.164s] Level 1:colcon.colcon_core.package_identification:_identify(src/ur_tutorials/doc) by extensions ['ros']
[0.164s] Level 1:colcon.colcon_core.package_identification:_identify(src/ur_tutorials/doc) by extension 'ros'
[0.164s] Level 1:colcon.colcon_core.package_identification:_identify(src/ur_tutorials/doc) by extensions ['cmake', 'python']
[0.164s] Level 1:colcon.colcon_core.package_identification:_identify(src/ur_tutorials/doc) by extension 'cmake'
[0.164s] Level 1:colcon.colcon_core.package_identification:_identify(src/ur_tutorials/doc) by extension 'python'
[0.164s] Level 1:colcon.colcon_core.package_identification:_identify(src/ur_tutorials/doc) by extensions ['python_setup_py']
[0.164s] Level 1:colcon.colcon_core.package_identification:_identify(src/ur_tutorials/doc) by extension 'python_setup_py'
[0.164s] Level 1:colcon.colcon_core.package_identification:_identify(src/ur_tutorials/my_robot_cell) by extensions ['ignore', 'ignore_ament_install']
[0.164s] Level 1:colcon.colcon_core.package_identification:_identify(src/ur_tutorials/my_robot_cell) by extension 'ignore'
[0.164s] Level 1:colcon.colcon_core.package_identification:_identify(src/ur_tutorials/my_robot_cell) by extension 'ignore_ament_install'
[0.164s] Level 1:colcon.colcon_core.package_identification:_identify(src/ur_tutorials/my_robot_cell) by extensions ['colcon_pkg']
[0.164s] Level 1:colcon.colcon_core.package_identification:_identify(src/ur_tutorials/my_robot_cell) by extension 'colcon_pkg'
[0.164s] Level 1:colcon.colcon_core.package_identification:_identify(src/ur_tutorials/my_robot_cell) by extensions ['colcon_meta']
[0.164s] Level 1:colcon.colcon_core.package_identification:_identify(src/ur_tutorials/my_robot_cell) by extension 'colcon_meta'
[0.164s] Level 1:colcon.colcon_core.package_identification:_identify(src/ur_tutorials/my_robot_cell) by extensions ['ros']
[0.164s] Level 1:colcon.colcon_core.package_identification:_identify(src/ur_tutorials/my_robot_cell) by extension 'ros'
[0.164s] Level 1:colcon.colcon_core.package_identification:_identify(src/ur_tutorials/my_robot_cell) by extensions ['cmake', 'python']
[0.164s] Level 1:colcon.colcon_core.package_identification:_identify(src/ur_tutorials/my_robot_cell) by extension 'cmake'
[0.164s] Level 1:colcon.colcon_core.package_identification:_identify(src/ur_tutorials/my_robot_cell) by extension 'python'
[0.164s] Level 1:colcon.colcon_core.package_identification:_identify(src/ur_tutorials/my_robot_cell) by extensions ['python_setup_py']
[0.164s] Level 1:colcon.colcon_core.package_identification:_identify(src/ur_tutorials/my_robot_cell) by extension 'python_setup_py'
[0.164s] Level 1:colcon.colcon_core.package_identification:_identify(src/ur_tutorials/my_robot_cell/doc) by extensions ['ignore', 'ignore_ament_install']
[0.164s] Level 1:colcon.colcon_core.package_identification:_identify(src/ur_tutorials/my_robot_cell/doc) by extension 'ignore'
[0.164s] Level 1:colcon.colcon_core.package_identification:_identify(src/ur_tutorials/my_robot_cell/doc) by extension 'ignore_ament_install'
[0.164s] Level 1:colcon.colcon_core.package_identification:_identify(src/ur_tutorials/my_robot_cell/doc) by extensions ['colcon_pkg']
[0.164s] Level 1:colcon.colcon_core.package_identification:_identify(src/ur_tutorials/my_robot_cell/doc) by extension 'colcon_pkg'
[0.164s] Level 1:colcon.colcon_core.package_identification:_identify(src/ur_tutorials/my_robot_cell/doc) by extensions ['colcon_meta']
[0.164s] Level 1:colcon.colcon_core.package_identification:_identify(src/ur_tutorials/my_robot_cell/doc) by extension 'colcon_meta'
[0.164s] Level 1:colcon.colcon_core.package_identification:_identify(src/ur_tutorials/my_robot_cell/doc) by extensions ['ros']
[0.164s] Level 1:colcon.colcon_core.package_identification:_identify(src/ur_tutorials/my_robot_cell/doc) by extension 'ros'
[0.164s] Level 1:colcon.colcon_core.package_identification:_identify(src/ur_tutorials/my_robot_cell/doc) by extensions ['cmake', 'python']
[0.164s] Level 1:colcon.colcon_core.package_identification:_identify(src/ur_tutorials/my_robot_cell/doc) by extension 'cmake'
[0.164s] Level 1:colcon.colcon_core.package_identification:_identify(src/ur_tutorials/my_robot_cell/doc) by extension 'python'
[0.164s] Level 1:colcon.colcon_core.package_identification:_identify(src/ur_tutorials/my_robot_cell/doc) by extensions ['python_setup_py']
[0.164s] Level 1:colcon.colcon_core.package_identification:_identify(src/ur_tutorials/my_robot_cell/doc) by extension 'python_setup_py'
[0.164s] Level 1:colcon.colcon_core.package_identification:_identify(src/ur_tutorials/my_robot_cell/my_robot_cell_control) by extensions ['ignore', 'ignore_ament_install']
[0.165s] Level 1:colcon.colcon_core.package_identification:_identify(src/ur_tutorials/my_robot_cell/my_robot_cell_control) by extension 'ignore'
[0.165s] Level 1:colcon.colcon_core.package_identification:_identify(src/ur_tutorials/my_robot_cell/my_robot_cell_control) by extension 'ignore_ament_install'
[0.165s] Level 1:colcon.colcon_core.package_identification:_identify(src/ur_tutorials/my_robot_cell/my_robot_cell_control) by extensions ['colcon_pkg']
[0.165s] Level 1:colcon.colcon_core.package_identification:_identify(src/ur_tutorials/my_robot_cell/my_robot_cell_control) by extension 'colcon_pkg'
[0.165s] Level 1:colcon.colcon_core.package_identification:_identify(src/ur_tutorials/my_robot_cell/my_robot_cell_control) by extensions ['colcon_meta']
[0.165s] Level 1:colcon.colcon_core.package_identification:_identify(src/ur_tutorials/my_robot_cell/my_robot_cell_control) by extension 'colcon_meta'
[0.165s] Level 1:colcon.colcon_core.package_identification:_identify(src/ur_tutorials/my_robot_cell/my_robot_cell_control) by extensions ['ros']
[0.165s] Level 1:colcon.colcon_core.package_identification:_identify(src/ur_tutorials/my_robot_cell/my_robot_cell_control) by extension 'ros'
[0.165s] DEBUG:colcon.colcon_core.package_identification:Package 'src/ur_tutorials/my_robot_cell/my_robot_cell_control' with type 'ros.ament_cmake' and name 'my_robot_cell_control'
[0.165s] Level 1:colcon.colcon_core.package_identification:_identify(src/ur_tutorials/my_robot_cell/my_robot_cell_description) by extensions ['ignore', 'ignore_ament_install']
[0.165s] Level 1:colcon.colcon_core.package_identification:_identify(src/ur_tutorials/my_robot_cell/my_robot_cell_description) by extension 'ignore'
[0.165s] Level 1:colcon.colcon_core.package_identification:_identify(src/ur_tutorials/my_robot_cell/my_robot_cell_description) by extension 'ignore_ament_install'
[0.165s] Level 1:colcon.colcon_core.package_identification:_identify(src/ur_tutorials/my_robot_cell/my_robot_cell_description) by extensions ['colcon_pkg']
[0.165s] Level 1:colcon.colcon_core.package_identification:_identify(src/ur_tutorials/my_robot_cell/my_robot_cell_description) by extension 'colcon_pkg'
[0.165s] Level 1:colcon.colcon_core.package_identification:_identify(src/ur_tutorials/my_robot_cell/my_robot_cell_description) by extensions ['colcon_meta']
[0.165s] Level 1:colcon.colcon_core.package_identification:_identify(src/ur_tutorials/my_robot_cell/my_robot_cell_description) by extension 'colcon_meta'
[0.165s] Level 1:colcon.colcon_core.package_identification:_identify(src/ur_tutorials/my_robot_cell/my_robot_cell_description) by extensions ['ros']
[0.165s] Level 1:colcon.colcon_core.package_identification:_identify(src/ur_tutorials/my_robot_cell/my_robot_cell_description) by extension 'ros'
[0.165s] DEBUG:colcon.colcon_core.package_identification:Package 'src/ur_tutorials/my_robot_cell/my_robot_cell_description' with type 'ros.ament_cmake' and name 'my_robot_cell_description'
[0.165s] Level 1:colcon.colcon_core.package_identification:_identify(src/ur_tutorials/my_robot_cell/my_robot_cell_moveit_config) by extensions ['ignore', 'ignore_ament_install']
[0.165s] Level 1:colcon.colcon_core.package_identification:_identify(src/ur_tutorials/my_robot_cell/my_robot_cell_moveit_config) by extension 'ignore'
[0.165s] Level 1:colcon.colcon_core.package_identification:_identify(src/ur_tutorials/my_robot_cell/my_robot_cell_moveit_config) by extension 'ignore_ament_install'
[0.166s] Level 1:colcon.colcon_core.package_identification:_identify(src/ur_tutorials/my_robot_cell/my_robot_cell_moveit_config) by extensions ['colcon_pkg']
[0.166s] Level 1:colcon.colcon_core.package_identification:_identify(src/ur_tutorials/my_robot_cell/my_robot_cell_moveit_config) by extension 'colcon_pkg'
[0.166s] Level 1:colcon.colcon_core.package_identification:_identify(src/ur_tutorials/my_robot_cell/my_robot_cell_moveit_config) by extensions ['colcon_meta']
[0.166s] Level 1:colcon.colcon_core.package_identification:_identify(src/ur_tutorials/my_robot_cell/my_robot_cell_moveit_config) by extension 'colcon_meta'
[0.166s] Level 1:colcon.colcon_core.package_identification:_identify(src/ur_tutorials/my_robot_cell/my_robot_cell_moveit_config) by extensions ['ros']
[0.166s] Level 1:colcon.colcon_core.package_identification:_identify(src/ur_tutorials/my_robot_cell/my_robot_cell_moveit_config) by extension 'ros'
[0.166s] DEBUG:colcon.colcon_core.package_identification:Package 'src/ur_tutorials/my_robot_cell/my_robot_cell_moveit_config' with type 'ros.ament_cmake' and name 'my_robot_cell_moveit_config'
[0.166s] Level 1:colcon.colcon_core.package_discovery:discover_packages(recursive) using defaults
[0.166s] Level 1:colcon.colcon_core.package_discovery:discover_packages(ignore) discover
[0.166s] Level 1:colcon.colcon_core.package_discovery:discover_packages(ignore) using defaults
[0.166s] Level 1:colcon.colcon_core.package_discovery:discover_packages(path) discover
[0.166s] Level 1:colcon.colcon_core.package_discovery:discover_packages(path) using defaults
[0.176s] Level 1:colcon.colcon_core.package_discovery:discover_packages(prefix_path) check parameters
[0.176s] Level 1:colcon.colcon_core.package_discovery:discover_packages(prefix_path) discover
[0.179s] DEBUG:colcon.colcon_installed_package_information.package_discovery:Found 69 installed packages in /home/keerthibaalan/ws_moveit/install
[0.180s] DEBUG:colcon.colcon_installed_package_information.package_discovery:Found 376 installed packages in /opt/ros/humble
[0.182s] Level 1:colcon.colcon_core.package_discovery:discover_packages(prefix_path) using defaults
[0.207s] ERROR:colcon:colcon build: Duplicate package names not supported:
- my_robot_cell_control:
  - src/my_robot_cell_control
  - src/ur_tutorials/my_robot_cell/my_robot_cell_control
- my_robot_cell_description:
  - src/my_robot_cell_description
  - src/ur_tutorials/my_robot_cell/my_robot_cell_description
- my_robot_cell_moveit_config:
  - src/my_robot_cell_moveit_config
  - src/ur_tutorials/my_robot_cell/my_robot_cell_moveit_config
