-- Found ament_cmake: 1.3.9 (/opt/ros/humble/share/ament_cmake/cmake)
-- Found rclcpp: 16.0.9 (/opt/ros/humble/share/rclcpp/cmake)
-- Found rosidl_generator_c: 3.1.5 (/opt/ros/humble/share/rosidl_generator_c/cmake)
-- Found rosidl_adapter: 3.1.5 (/opt/ros/humble/share/rosidl_adapter/cmake)
-- Found rosidl_generator_cpp: 3.1.5 (/opt/ros/humble/share/rosidl_generator_cpp/cmake)
-- Using all available rosidl_typesupport_c: rosidl_typesupport_fastrtps_c;rosidl_typesupport_introspection_c
-- Using all available rosidl_typesupport_cpp: rosidl_typesupport_fastrtps_cpp;rosidl_typesupport_introspection_cpp
-- Found rmw_implementation_cmake: 6.1.2 (/opt/ros/humble/share/rmw_implementation_cmake/cmake)
-- Found rmw_cyclonedds_cpp: 1.3.4 (/opt/ros/humble/share/rmw_cyclonedds_cpp/cmake)
-- Using RMW implementation 'rmw_cyclonedds_cpp' as default
-- Found fake_ar_publisher: 0.0.0 (/home/keerthibaalan/ROS2_Workspace/ros2industrial_ws/install/fake_ar_publisher/share/fake_ar_publisher/cmake)
-- Found rosidl_default_generators: 1.2.0 (/opt/ros/humble/share/rosidl_default_generators/cmake)
-- Found ament_cmake_ros: 0.10.0 (/opt/ros/humble/share/ament_cmake_ros/cmake)
-- Using all available rosidl_typesupport_c: rosidl_typesupport_fastrtps_c;rosidl_typesupport_introspection_c
-- Using all available rosidl_typesupport_cpp: rosidl_typesupport_fastrtps_cpp;rosidl_typesupport_introspection_cpp
-- Found python_cmake_module: 0.10.0 (/opt/ros/humble/share/python_cmake_module/cmake)
-- Using PYTHON_EXECUTABLE: /usr/bin/python3
-- Using PYTHON_INCLUDE_DIRS: /usr/include/python3.10
-- Using PYTHON_LIBRARIES: /usr/lib/x86_64-linux-gnu/libpython3.10.so
-- Found ament_lint_auto: 0.12.11 (/opt/ros/humble/share/ament_lint_auto/cmake)
-- Added test 'cppcheck' to perform static code analysis on C / C++ code
-- Configured cppcheck include dirs: 
-- Configured cppcheck exclude dirs and/or files: 
-- Added test 'lint_cmake' to check CMake code style
-- Added test 'uncrustify' to check C / C++ code style
-- Configured uncrustify additional arguments: 
-- Added test 'xmllint' to check XML markup files
-- Configuring done
-- Generating done
-- Build files have been written to: /home/keerthibaalan/ROS2_Workspace/ros2industrial_ws/build/myworkcell_core
[35m[1mConsolidate compiler generated dependencies of target myworkcell_core__rosidl_generator_c[0m
[  2%] Built target myworkcell_core__cpp
[ 11%] Built target myworkcell_core__rosidl_generator_c
[ 11%] Built target ament_cmake_python_copy_myworkcell_core
[35m[1mConsolidate compiler generated dependencies of target myworkcell_core__rosidl_typesupport_cpp[0m
[35m[1mConsolidate compiler generated dependencies of target myworkcell_core__rosidl_typesupport_introspection_cpp[0m
[35m[1mConsolidate compiler generated dependencies of target myworkcell_core__rosidl_typesupport_fastrtps_cpp[0m
[35m[1mConsolidate compiler generated dependencies of target myworkcell_core__rosidl_typesupport_introspection_c[0m
[35m[1mConsolidate compiler generated dependencies of target myworkcell_core__rosidl_typesupport_c[0m
[35m[1mConsolidate compiler generated dependencies of target myworkcell_core__rosidl_typesupport_fastrtps_c[0m
[ 20%] Built target myworkcell_core__rosidl_typesupport_introspection_cpp
[ 45%] Built target myworkcell_core__rosidl_typesupport_cpp
[ 45%] Built target myworkcell_core__rosidl_typesupport_fastrtps_cpp
[ 45%] Built target myworkcell_core__rosidl_typesupport_introspection_c
[ 54%] Built target myworkcell_core__rosidl_typesupport_c
[ 62%] Built target myworkcell_core__rosidl_typesupport_fastrtps_c
[35m[1mConsolidate compiler generated dependencies of target vision_node[0m
[ 65%] [32mBuilding CXX object CMakeFiles/myworkcell_node.dir/src/myworkcell_node.cpp.o[0m
[ 65%] Built target myworkcell_core
[ 68%] [32mBuilding CXX object CMakeFiles/vision_node.dir/src/vision_node.cpp.o[0m
[ 71%] Built target myworkcell_core__py
[35m[1mConsolidate compiler generated dependencies of target myworkcell_core__rosidl_generator_py[0m
[ 77%] Built target myworkcell_core__rosidl_generator_py
[35m[1mConsolidate compiler generated dependencies of target myworkcell_core__rosidl_typesupport_c__pyext[0m
[35m[1mConsolidate compiler generated dependencies of target myworkcell_core__rosidl_typesupport_fastrtps_c__pyext[0m
[35m[1mConsolidate compiler generated dependencies of target myworkcell_core__rosidl_typesupport_introspection_c__pyext[0m
[ 82%] Built target myworkcell_core__rosidl_typesupport_c__pyext
[ 88%] Built target myworkcell_core__rosidl_typesupport_introspection_c__pyext
[ 94%] Built target myworkcell_core__rosidl_typesupport_fastrtps_c__pyext
running egg_info
writing myworkcell_core.egg-info/PKG-INFO
writing dependency_links to myworkcell_core.egg-info/dependency_links.txt
writing top-level names to myworkcell_core.egg-info/top_level.txt
reading manifest file 'myworkcell_core.egg-info/SOURCES.txt'
writing manifest file 'myworkcell_core.egg-info/SOURCES.txt'
[ 94%] Built target ament_cmake_python_build_myworkcell_core_egg
[ 97%] [32m[1mLinking CXX executable vision_node[0m
[ 97%] Built target vision_node
