-- Install configuration: ""
-- Up-to-date: /home/keerthibaalan/ROS2_Workspace/ur_tutorials/install/my_robot_cell_description/share/my_robot_cell_description/launch
-- Up-to-date: /home/keerthibaalan/ROS2_Workspace/ur_tutorials/install/my_robot_cell_description/share/my_robot_cell_description/launch/view_robot.launch.py
-- Up-to-date: /home/keerthibaalan/ROS2_Workspace/ur_tutorials/install/my_robot_cell_description/share/my_robot_cell_description/meshes
-- Up-to-date: /home/keerthibaalan/ROS2_Workspace/ur_tutorials/install/my_robot_cell_description/share/my_robot_cell_description/meshes/171005_Motek_Monitor_L.dae
-- Up-to-date: /home/keerthibaalan/ROS2_Workspace/ur_tutorials/install/my_robot_cell_description/share/my_robot_cell_description/meshes/wall.dae
-- Up-to-date: /home/keerthibaalan/ROS2_Workspace/ur_tutorials/install/my_robot_cell_description/share/my_robot_cell_description/meshes/fzi_table.dae
-- Up-to-date: /home/keerthibaalan/ROS2_Workspace/ur_tutorials/install/my_robot_cell_description/share/my_robot_cell_description/meshes/fzi_skyline_v1.png
-- Up-to-date: /home/keerthibaalan/ROS2_Workspace/ur_tutorials/install/my_robot_cell_description/share/my_robot_cell_description/meshes/ur_background.jpg
-- Up-to-date: /home/keerthibaalan/ROS2_Workspace/ur_tutorials/install/my_robot_cell_description/share/my_robot_cell_description/meshes/notexture.png
-- Up-to-date: /home/keerthibaalan/ROS2_Workspace/ur_tutorials/install/my_robot_cell_description/share/my_robot_cell_description/rviz
-- Installing: /home/keerthibaalan/ROS2_Workspace/ur_tutorials/install/my_robot_cell_description/share/my_robot_cell_description/rviz/urdf.rviz
-- Up-to-date: /home/keerthibaalan/ROS2_Workspace/ur_tutorials/install/my_robot_cell_description/share/my_robot_cell_description/urdf
-- Up-to-date: /home/keerthibaalan/ROS2_Workspace/ur_tutorials/install/my_robot_cell_description/share/my_robot_cell_description/urdf/my_robot_cell_macro.xacro
-- Up-to-date: /home/keerthibaalan/ROS2_Workspace/ur_tutorials/install/my_robot_cell_description/share/my_robot_cell_description/urdf/my_robot_cell.urdf.xacro
-- Up-to-date: /home/keerthibaalan/ROS2_Workspace/ur_tutorials/install/my_robot_cell_description/share/ament_index/resource_index/package_run_dependencies/my_robot_cell_description
-- Up-to-date: /home/keerthibaalan/ROS2_Workspace/ur_tutorials/install/my_robot_cell_description/share/ament_index/resource_index/parent_prefix_path/my_robot_cell_description
-- Up-to-date: /home/keerthibaalan/ROS2_Workspace/ur_tutorials/install/my_robot_cell_description/share/my_robot_cell_description/environment/ament_prefix_path.sh
-- Up-to-date: /home/keerthibaalan/ROS2_Workspace/ur_tutorials/install/my_robot_cell_description/share/my_robot_cell_description/environment/ament_prefix_path.dsv
-- Up-to-date: /home/keerthibaalan/ROS2_Workspace/ur_tutorials/install/my_robot_cell_description/share/my_robot_cell_description/environment/path.sh
-- Up-to-date: /home/keerthibaalan/ROS2_Workspace/ur_tutorials/install/my_robot_cell_description/share/my_robot_cell_description/environment/path.dsv
-- Up-to-date: /home/keerthibaalan/ROS2_Workspace/ur_tutorials/install/my_robot_cell_description/share/my_robot_cell_description/local_setup.bash
-- Up-to-date: /home/keerthibaalan/ROS2_Workspace/ur_tutorials/install/my_robot_cell_description/share/my_robot_cell_description/local_setup.sh
-- Up-to-date: /home/keerthibaalan/ROS2_Workspace/ur_tutorials/install/my_robot_cell_description/share/my_robot_cell_description/local_setup.zsh
-- Up-to-date: /home/keerthibaalan/ROS2_Workspace/ur_tutorials/install/my_robot_cell_description/share/my_robot_cell_description/local_setup.dsv
-- Installing: /home/keerthibaalan/ROS2_Workspace/ur_tutorials/install/my_robot_cell_description/share/my_robot_cell_description/package.dsv
-- Up-to-date: /home/keerthibaalan/ROS2_Workspace/ur_tutorials/install/my_robot_cell_description/share/ament_index/resource_index/packages/my_robot_cell_description
-- Up-to-date: /home/keerthibaalan/ROS2_Workspace/ur_tutorials/install/my_robot_cell_description/share/my_robot_cell_description/cmake/my_robot_cell_descriptionConfig.cmake
-- Up-to-date: /home/keerthibaalan/ROS2_Workspace/ur_tutorials/install/my_robot_cell_description/share/my_robot_cell_description/cmake/my_robot_cell_descriptionConfig-version.cmake
-- Up-to-date: /home/keerthibaalan/ROS2_Workspace/ur_tutorials/install/my_robot_cell_description/share/my_robot_cell_description/package.xml
