[0.042s] Invoking command in '/home/ros/ws_microros/build/asrs_moveit_config': CMAKE_PREFIX_PATH=${CMAKE_PREFIX_PATH}:/opt/ros/humble /usr/bin/cmake --build /home/ros/ws_microros/build/asrs_moveit_config -- -j16 -l16
[0.070s] Invoked command in '/home/ros/ws_microros/build/asrs_moveit_config' returned '0': CMAKE_PREFIX_PATH=${CMAKE_PREFIX_PATH}:/opt/ros/humble /usr/bin/cmake --build /home/ros/ws_microros/build/asrs_moveit_config -- -j16 -l16
[0.167s] Invoking command in '/home/ros/ws_microros/build/asrs_moveit_config': CMAKE_PREFIX_PATH=${CMAKE_PREFIX_PATH}:/opt/ros/humble /usr/bin/cmake --install /home/ros/ws_microros/build/asrs_moveit_config
[0.170s] -- Install configuration: ""
[0.170s] -- Up-to-date: /home/ros/ws_microros/install/asrs_moveit_config/share/asrs_moveit_config/launch
[0.171s] -- Up-to-date: /home/ros/ws_microros/install/asrs_moveit_config/share/asrs_moveit_config/launch/moveit.launch.py
[0.171s] -- Up-to-date: /home/ros/ws_microros/install/asrs_moveit_config/share/asrs_moveit_config/config
[0.171s] -- Up-to-date: /home/ros/ws_microros/install/asrs_moveit_config/share/asrs_moveit_config/config/joint_limits.yaml
[0.171s] -- Up-to-date: /home/ros/ws_microros/install/asrs_moveit_config/share/asrs_moveit_config/config/kinematics.yaml
[0.171s] -- Up-to-date: /home/ros/ws_microros/install/asrs_moveit_config/share/asrs_moveit_config/config/asrs.srdf
[0.171s] -- Up-to-date: /home/ros/ws_microros/install/asrs_moveit_config/share/asrs_moveit_config/config/initial_position.yaml
[0.171s] -- Up-to-date: /home/ros/ws_microros/install/asrs_moveit_config/share/asrs_moveit_config/config/moveit_controllers.yaml
[0.171s] -- Installing: /home/ros/ws_microros/install/asrs_moveit_config/share/asrs_moveit_config/config/pilz_cartesian_limits.yaml
[0.171s] -- Up-to-date: /home/ros/ws_microros/install/asrs_moveit_config/share/ament_index/resource_index/package_run_dependencies/asrs_moveit_config
[0.172s] -- Up-to-date: /home/ros/ws_microros/install/asrs_moveit_config/share/ament_index/resource_index/parent_prefix_path/asrs_moveit_config
[0.172s] -- Up-to-date: /home/ros/ws_microros/install/asrs_moveit_config/share/asrs_moveit_config/environment/ament_prefix_path.sh
[0.172s] -- Up-to-date: /home/ros/ws_microros/install/asrs_moveit_config/share/asrs_moveit_config/environment/ament_prefix_path.dsv
[0.172s] -- Up-to-date: /home/ros/ws_microros/install/asrs_moveit_config/share/asrs_moveit_config/environment/path.sh
[0.172s] -- Up-to-date: /home/ros/ws_microros/install/asrs_moveit_config/share/asrs_moveit_config/environment/path.dsv
[0.172s] -- Up-to-date: /home/ros/ws_microros/install/asrs_moveit_config/share/asrs_moveit_config/local_setup.bash
[0.172s] -- Up-to-date: /home/ros/ws_microros/install/asrs_moveit_config/share/asrs_moveit_config/local_setup.sh
[0.172s] -- Up-to-date: /home/ros/ws_microros/install/asrs_moveit_config/share/asrs_moveit_config/local_setup.zsh
[0.172s] -- Up-to-date: /home/ros/ws_microros/install/asrs_moveit_config/share/asrs_moveit_config/local_setup.dsv
[0.172s] -- Installing: /home/ros/ws_microros/install/asrs_moveit_config/share/asrs_moveit_config/package.dsv
[0.172s] -- Up-to-date: /home/ros/ws_microros/install/asrs_moveit_config/share/ament_index/resource_index/packages/asrs_moveit_config
[0.172s] -- Up-to-date: /home/ros/ws_microros/install/asrs_moveit_config/share/asrs_moveit_config/cmake/asrs_moveit_configConfig.cmake
[0.172s] -- Up-to-date: /home/ros/ws_microros/install/asrs_moveit_config/share/asrs_moveit_config/cmake/asrs_moveit_configConfig-version.cmake
[0.172s] -- Up-to-date: /home/ros/ws_microros/install/asrs_moveit_config/share/asrs_moveit_config/package.xml
[0.274s] Invoked command in '/home/ros/ws_microros/build/asrs_moveit_config' returned '0': CMAKE_PREFIX_PATH=${CMAKE_PREFIX_PATH}:/opt/ros/humble /usr/bin/cmake --install /home/ros/ws_microros/build/asrs_moveit_config
