[0.367s] DEBUG:colcon:Command line arguments: ['/usr/bin/colcon', 'build']
[0.367s] DEBUG:colcon:Parsed command line arguments: Namespace(log_base=None, log_level=None, verb_name='build', build_base='build', install_base='install', merge_install=False, symlink_install=False, test_result_base=None, continue_on_error=False, executor='parallel', parallel_workers=16, event_handlers=None, ignore_user_meta=False, metas=['./colcon.meta'], base_paths=['.'], packages_ignore=None, packages_ignore_regex=None, paths=None, packages_up_to=None, packages_up_to_regex=None, packages_above=None, packages_above_and_dependencies=None, packages_above_depth=None, packages_select_by_dep=None, packages_skip_by_dep=None, packages_skip_up_to=None, packages_select_build_failed=False, packages_skip_build_finished=False, packages_select_test_failures=False, packages_skip_test_passed=False, packages_select=None, packages_skip=None, packages_select_regex=None, packages_skip_regex=None, packages_start=None, packages_end=None, allow_overriding=[], cmake_args=None, cmake_target=None, cmake_target_skip_unavailable=False, cmake_clean_cache=False, cmake_clean_first=False, cmake_force_configure=False, ament_cmake_args=None, catkin_cmake_args=None, catkin_skip_building_tests=False, verb_parser=<colcon_defaults.argument_parser.defaults.DefaultArgumentsDecorator object at 0x7f68200e8640>, verb_extension=<colcon_core.verb.build.BuildVerb object at 0x7f68205c7760>, main=<bound method BuildVerb.main of <colcon_core.verb.build.BuildVerb object at 0x7f68205c7760>>)
[0.385s] Level 1:colcon.colcon_core.package_discovery:discover_packages(colcon_meta) check parameters
[0.385s] Level 1:colcon.colcon_core.package_discovery:discover_packages(recursive) check parameters
[0.385s] Level 1:colcon.colcon_core.package_discovery:discover_packages(ignore) check parameters
[0.385s] Level 1:colcon.colcon_core.package_discovery:discover_packages(path) check parameters
[0.385s] Level 1:colcon.colcon_core.package_discovery:discover_packages(colcon_meta) discover
[0.385s] Level 1:colcon.colcon_core.package_discovery:discover_packages(recursive) discover
[0.385s] INFO:colcon.colcon_core.package_discovery:Crawling recursively for packages in '/home/ros/ws_microros'
[0.385s] Level 1:colcon.colcon_core.package_identification:_identify(.) by extensions ['ignore', 'ignore_ament_install']
[0.385s] Level 1:colcon.colcon_core.package_identification:_identify(.) by extension 'ignore'
[0.385s] Level 1:colcon.colcon_core.package_identification:_identify(.) by extension 'ignore_ament_install'
[0.385s] Level 1:colcon.colcon_core.package_identification:_identify(.) by extensions ['colcon_pkg']
[0.385s] Level 1:colcon.colcon_core.package_identification:_identify(.) by extension 'colcon_pkg'
[0.385s] Level 1:colcon.colcon_core.package_identification:_identify(.) by extensions ['colcon_meta']
[0.385s] Level 1:colcon.colcon_core.package_identification:_identify(.) by extension 'colcon_meta'
[0.385s] Level 1:colcon.colcon_core.package_identification:_identify(.) by extensions ['ros']
[0.385s] Level 1:colcon.colcon_core.package_identification:_identify(.) by extension 'ros'
[0.390s] Level 1:colcon.colcon_core.package_identification:_identify(.) by extensions ['cmake', 'python']
[0.390s] Level 1:colcon.colcon_core.package_identification:_identify(.) by extension 'cmake'
[0.390s] Level 1:colcon.colcon_core.package_identification:_identify(.) by extension 'python'
[0.390s] Level 1:colcon.colcon_core.package_identification:_identify(.) by extensions ['python_setup_py']
[0.390s] Level 1:colcon.colcon_core.package_identification:_identify(.) by extension 'python_setup_py'
[0.390s] Level 1:colcon.colcon_core.package_identification:_identify(build) by extensions ['ignore', 'ignore_ament_install']
[0.390s] Level 1:colcon.colcon_core.package_identification:_identify(build) by extension 'ignore'
[0.390s] Level 1:colcon.colcon_core.package_identification:_identify(build) ignored
[0.390s] Level 1:colcon.colcon_core.package_identification:_identify(install) by extensions ['ignore', 'ignore_ament_install']
[0.390s] Level 1:colcon.colcon_core.package_identification:_identify(install) by extension 'ignore'
[0.390s] Level 1:colcon.colcon_core.package_identification:_identify(install) ignored
[0.390s] Level 1:colcon.colcon_core.package_identification:_identify(log) by extensions ['ignore', 'ignore_ament_install']
[0.390s] Level 1:colcon.colcon_core.package_identification:_identify(log) by extension 'ignore'
[0.390s] Level 1:colcon.colcon_core.package_identification:_identify(log) ignored
[0.390s] Level 1:colcon.colcon_core.package_identification:_identify(src) by extensions ['ignore', 'ignore_ament_install']
[0.390s] Level 1:colcon.colcon_core.package_identification:_identify(src) by extension 'ignore'
[0.390s] Level 1:colcon.colcon_core.package_identification:_identify(src) by extension 'ignore_ament_install'
[0.390s] Level 1:colcon.colcon_core.package_identification:_identify(src) by extensions ['colcon_pkg']
[0.390s] Level 1:colcon.colcon_core.package_identification:_identify(src) by extension 'colcon_pkg'
[0.390s] Level 1:colcon.colcon_core.package_identification:_identify(src) by extensions ['colcon_meta']
[0.390s] Level 1:colcon.colcon_core.package_identification:_identify(src) by extension 'colcon_meta'
[0.390s] Level 1:colcon.colcon_core.package_identification:_identify(src) by extensions ['ros']
[0.390s] Level 1:colcon.colcon_core.package_identification:_identify(src) by extension 'ros'
[0.390s] Level 1:colcon.colcon_core.package_identification:_identify(src) by extensions ['cmake', 'python']
[0.391s] Level 1:colcon.colcon_core.package_identification:_identify(src) by extension 'cmake'
[0.391s] Level 1:colcon.colcon_core.package_identification:_identify(src) by extension 'python'
[0.391s] Level 1:colcon.colcon_core.package_identification:_identify(src) by extensions ['python_setup_py']
[0.391s] Level 1:colcon.colcon_core.package_identification:_identify(src) by extension 'python_setup_py'
[0.391s] Level 1:colcon.colcon_core.package_identification:_identify(src/asrs_arm) by extensions ['ignore', 'ignore_ament_install']
[0.391s] Level 1:colcon.colcon_core.package_identification:_identify(src/asrs_arm) by extension 'ignore'
[0.391s] Level 1:colcon.colcon_core.package_identification:_identify(src/asrs_arm) by extension 'ignore_ament_install'
[0.391s] Level 1:colcon.colcon_core.package_identification:_identify(src/asrs_arm) by extensions ['colcon_pkg']
[0.391s] Level 1:colcon.colcon_core.package_identification:_identify(src/asrs_arm) by extension 'colcon_pkg'
[0.391s] Level 1:colcon.colcon_core.package_identification:_identify(src/asrs_arm) by extensions ['colcon_meta']
[0.391s] Level 1:colcon.colcon_core.package_identification:_identify(src/asrs_arm) by extension 'colcon_meta'
[0.391s] Level 1:colcon.colcon_core.package_identification:_identify(src/asrs_arm) by extensions ['ros']
[0.391s] Level 1:colcon.colcon_core.package_identification:_identify(src/asrs_arm) by extension 'ros'
[0.392s] DEBUG:colcon.colcon_core.package_identification:Package 'src/asrs_arm' with type 'ros.ament_cmake' and name 'asrs_arm'
[0.392s] Level 1:colcon.colcon_core.package_identification:_identify(src/asrs_controller) by extensions ['ignore', 'ignore_ament_install']
[0.392s] Level 1:colcon.colcon_core.package_identification:_identify(src/asrs_controller) by extension 'ignore'
[0.392s] Level 1:colcon.colcon_core.package_identification:_identify(src/asrs_controller) by extension 'ignore_ament_install'
[0.392s] Level 1:colcon.colcon_core.package_identification:_identify(src/asrs_controller) by extensions ['colcon_pkg']
[0.392s] Level 1:colcon.colcon_core.package_identification:_identify(src/asrs_controller) by extension 'colcon_pkg'
[0.392s] Level 1:colcon.colcon_core.package_identification:_identify(src/asrs_controller) by extensions ['colcon_meta']
[0.392s] Level 1:colcon.colcon_core.package_identification:_identify(src/asrs_controller) by extension 'colcon_meta'
[0.392s] Level 1:colcon.colcon_core.package_identification:_identify(src/asrs_controller) by extensions ['ros']
[0.392s] Level 1:colcon.colcon_core.package_identification:_identify(src/asrs_controller) by extension 'ros'
[0.392s] DEBUG:colcon.colcon_core.package_identification:Package 'src/asrs_controller' with type 'ros.ament_cmake' and name 'asrs_controller'
[0.392s] Level 1:colcon.colcon_core.package_identification:_identify(src/asrs_description) by extensions ['ignore', 'ignore_ament_install']
[0.392s] Level 1:colcon.colcon_core.package_identification:_identify(src/asrs_description) by extension 'ignore'
[0.392s] Level 1:colcon.colcon_core.package_identification:_identify(src/asrs_description) by extension 'ignore_ament_install'
[0.392s] Level 1:colcon.colcon_core.package_identification:_identify(src/asrs_description) by extensions ['colcon_pkg']
[0.392s] Level 1:colcon.colcon_core.package_identification:_identify(src/asrs_description) by extension 'colcon_pkg'
[0.392s] Level 1:colcon.colcon_core.package_identification:_identify(src/asrs_description) by extensions ['colcon_meta']
[0.392s] Level 1:colcon.colcon_core.package_identification:_identify(src/asrs_description) by extension 'colcon_meta'
[0.392s] Level 1:colcon.colcon_core.package_identification:_identify(src/asrs_description) by extensions ['ros']
[0.392s] Level 1:colcon.colcon_core.package_identification:_identify(src/asrs_description) by extension 'ros'
[0.393s] DEBUG:colcon.colcon_core.package_identification:Package 'src/asrs_description' with type 'ros.ament_cmake' and name 'asrs_description'
[0.393s] Level 1:colcon.colcon_core.package_identification:_identify(src/asrs_gripper) by extensions ['ignore', 'ignore_ament_install']
[0.393s] Level 1:colcon.colcon_core.package_identification:_identify(src/asrs_gripper) by extension 'ignore'
[0.393s] Level 1:colcon.colcon_core.package_identification:_identify(src/asrs_gripper) by extension 'ignore_ament_install'
[0.393s] Level 1:colcon.colcon_core.package_identification:_identify(src/asrs_gripper) by extensions ['colcon_pkg']
[0.393s] Level 1:colcon.colcon_core.package_identification:_identify(src/asrs_gripper) by extension 'colcon_pkg'
[0.393s] Level 1:colcon.colcon_core.package_identification:_identify(src/asrs_gripper) by extensions ['colcon_meta']
[0.393s] Level 1:colcon.colcon_core.package_identification:_identify(src/asrs_gripper) by extension 'colcon_meta'
[0.393s] Level 1:colcon.colcon_core.package_identification:_identify(src/asrs_gripper) by extensions ['ros']
[0.393s] Level 1:colcon.colcon_core.package_identification:_identify(src/asrs_gripper) by extension 'ros'
[0.393s] DEBUG:colcon.colcon_core.package_identification:Package 'src/asrs_gripper' with type 'ros.ament_cmake' and name 'asrs_gripper'
[0.393s] Level 1:colcon.colcon_core.package_identification:_identify(src/asrs_moveit_config) by extensions ['ignore', 'ignore_ament_install']
[0.393s] Level 1:colcon.colcon_core.package_identification:_identify(src/asrs_moveit_config) by extension 'ignore'
[0.393s] Level 1:colcon.colcon_core.package_identification:_identify(src/asrs_moveit_config) by extension 'ignore_ament_install'
[0.393s] Level 1:colcon.colcon_core.package_identification:_identify(src/asrs_moveit_config) by extensions ['colcon_pkg']
[0.393s] Level 1:colcon.colcon_core.package_identification:_identify(src/asrs_moveit_config) by extension 'colcon_pkg'
[0.393s] Level 1:colcon.colcon_core.package_identification:_identify(src/asrs_moveit_config) by extensions ['colcon_meta']
[0.393s] Level 1:colcon.colcon_core.package_identification:_identify(src/asrs_moveit_config) by extension 'colcon_meta'
[0.393s] Level 1:colcon.colcon_core.package_identification:_identify(src/asrs_moveit_config) by extensions ['ros']
[0.393s] Level 1:colcon.colcon_core.package_identification:_identify(src/asrs_moveit_config) by extension 'ros'
[0.393s] DEBUG:colcon.colcon_core.package_identification:Package 'src/asrs_moveit_config' with type 'ros.ament_cmake' and name 'asrs_moveit_config'
[0.393s] Level 1:colcon.colcon_core.package_discovery:discover_packages(recursive) using defaults
[0.393s] Level 1:colcon.colcon_core.package_discovery:discover_packages(ignore) discover
[0.393s] Level 1:colcon.colcon_core.package_discovery:discover_packages(ignore) using defaults
[0.393s] Level 1:colcon.colcon_core.package_discovery:discover_packages(path) discover
[0.393s] Level 1:colcon.colcon_core.package_discovery:discover_packages(path) using defaults
[0.427s] Level 1:colcon.colcon_core.package_discovery:discover_packages(prefix_path) check parameters
[0.427s] Level 1:colcon.colcon_core.package_discovery:discover_packages(prefix_path) discover
[0.438s] DEBUG:colcon.colcon_installed_package_information.package_discovery:Found 5 installed packages in /home/ros/ws_microros/install
[0.444s] DEBUG:colcon.colcon_installed_package_information.package_discovery:Found 354 installed packages in /opt/ros/humble
[0.444s] Level 1:colcon.colcon_core.package_discovery:discover_packages(prefix_path) using defaults
[0.485s] Level 5:colcon.colcon_core.verb:set package 'asrs_arm' build argument 'cmake_args' from command line to 'None'
[0.485s] Level 5:colcon.colcon_core.verb:set package 'asrs_arm' build argument 'cmake_target' from command line to 'None'
[0.485s] Level 5:colcon.colcon_core.verb:set package 'asrs_arm' build argument 'cmake_target_skip_unavailable' from command line to 'False'
[0.485s] Level 5:colcon.colcon_core.verb:set package 'asrs_arm' build argument 'cmake_clean_cache' from command line to 'False'
[0.485s] Level 5:colcon.colcon_core.verb:set package 'asrs_arm' build argument 'cmake_clean_first' from command line to 'False'
[0.485s] Level 5:colcon.colcon_core.verb:set package 'asrs_arm' build argument 'cmake_force_configure' from command line to 'False'
[0.485s] Level 5:colcon.colcon_core.verb:set package 'asrs_arm' build argument 'ament_cmake_args' from command line to 'None'
[0.485s] Level 5:colcon.colcon_core.verb:set package 'asrs_arm' build argument 'catkin_cmake_args' from command line to 'None'
[0.485s] Level 5:colcon.colcon_core.verb:set package 'asrs_arm' build argument 'catkin_skip_building_tests' from command line to 'False'
[0.485s] DEBUG:colcon.colcon_core.verb:Building package 'asrs_arm' with the following arguments: {'ament_cmake_args': None, 'build_base': '/home/ros/ws_microros/build/asrs_arm', 'catkin_cmake_args': None, 'catkin_skip_building_tests': False, 'cmake_args': None, 'cmake_clean_cache': False, 'cmake_clean_first': False, 'cmake_force_configure': False, 'cmake_target': None, 'cmake_target_skip_unavailable': False, 'install_base': '/home/ros/ws_microros/install/asrs_arm', 'merge_install': False, 'path': '/home/ros/ws_microros/src/asrs_arm', 'symlink_install': False, 'test_result_base': None}
[0.490s] Level 5:colcon.colcon_core.verb:set package 'asrs_controller' build argument 'cmake_args' from command line to 'None'
[0.490s] Level 5:colcon.colcon_core.verb:set package 'asrs_controller' build argument 'cmake_target' from command line to 'None'
[0.490s] Level 5:colcon.colcon_core.verb:set package 'asrs_controller' build argument 'cmake_target_skip_unavailable' from command line to 'False'
[0.490s] Level 5:colcon.colcon_core.verb:set package 'asrs_controller' build argument 'cmake_clean_cache' from command line to 'False'
[0.490s] Level 5:colcon.colcon_core.verb:set package 'asrs_controller' build argument 'cmake_clean_first' from command line to 'False'
[0.490s] Level 5:colcon.colcon_core.verb:set package 'asrs_controller' build argument 'cmake_force_configure' from command line to 'False'
[0.490s] Level 5:colcon.colcon_core.verb:set package 'asrs_controller' build argument 'ament_cmake_args' from command line to 'None'
[0.490s] Level 5:colcon.colcon_core.verb:set package 'asrs_controller' build argument 'catkin_cmake_args' from command line to 'None'
[0.490s] Level 5:colcon.colcon_core.verb:set package 'asrs_controller' build argument 'catkin_skip_building_tests' from command line to 'False'
[0.490s] DEBUG:colcon.colcon_core.verb:Building package 'asrs_controller' with the following arguments: {'ament_cmake_args': None, 'build_base': '/home/ros/ws_microros/build/asrs_controller', 'catkin_cmake_args': None, 'catkin_skip_building_tests': False, 'cmake_args': None, 'cmake_clean_cache': False, 'cmake_clean_first': False, 'cmake_force_configure': False, 'cmake_target': None, 'cmake_target_skip_unavailable': False, 'install_base': '/home/ros/ws_microros/install/asrs_controller', 'merge_install': False, 'path': '/home/ros/ws_microros/src/asrs_controller', 'symlink_install': False, 'test_result_base': None}
[0.495s] Level 5:colcon.colcon_core.verb:set package 'asrs_description' build argument 'cmake_args' from command line to 'None'
[0.495s] Level 5:colcon.colcon_core.verb:set package 'asrs_description' build argument 'cmake_target' from command line to 'None'
[0.495s] Level 5:colcon.colcon_core.verb:set package 'asrs_description' build argument 'cmake_target_skip_unavailable' from command line to 'False'
[0.495s] Level 5:colcon.colcon_core.verb:set package 'asrs_description' build argument 'cmake_clean_cache' from command line to 'False'
[0.495s] Level 5:colcon.colcon_core.verb:set package 'asrs_description' build argument 'cmake_clean_first' from command line to 'False'
[0.495s] Level 5:colcon.colcon_core.verb:set package 'asrs_description' build argument 'cmake_force_configure' from command line to 'False'
[0.495s] Level 5:colcon.colcon_core.verb:set package 'asrs_description' build argument 'ament_cmake_args' from command line to 'None'
[0.495s] Level 5:colcon.colcon_core.verb:set package 'asrs_description' build argument 'catkin_cmake_args' from command line to 'None'
[0.495s] Level 5:colcon.colcon_core.verb:set package 'asrs_description' build argument 'catkin_skip_building_tests' from command line to 'False'
[0.495s] DEBUG:colcon.colcon_core.verb:Building package 'asrs_description' with the following arguments: {'ament_cmake_args': None, 'build_base': '/home/ros/ws_microros/build/asrs_description', 'catkin_cmake_args': None, 'catkin_skip_building_tests': False, 'cmake_args': None, 'cmake_clean_cache': False, 'cmake_clean_first': False, 'cmake_force_configure': False, 'cmake_target': None, 'cmake_target_skip_unavailable': False, 'install_base': '/home/ros/ws_microros/install/asrs_description', 'merge_install': False, 'path': '/home/ros/ws_microros/src/asrs_description', 'symlink_install': False, 'test_result_base': None}
[0.500s] Level 5:colcon.colcon_core.verb:set package 'asrs_gripper' build argument 'cmake_args' from command line to 'None'
[0.501s] Level 5:colcon.colcon_core.verb:set package 'asrs_gripper' build argument 'cmake_target' from command line to 'None'
[0.501s] Level 5:colcon.colcon_core.verb:set package 'asrs_gripper' build argument 'cmake_target_skip_unavailable' from command line to 'False'
[0.501s] Level 5:colcon.colcon_core.verb:set package 'asrs_gripper' build argument 'cmake_clean_cache' from command line to 'False'
[0.501s] Level 5:colcon.colcon_core.verb:set package 'asrs_gripper' build argument 'cmake_clean_first' from command line to 'False'
[0.501s] Level 5:colcon.colcon_core.verb:set package 'asrs_gripper' build argument 'cmake_force_configure' from command line to 'False'
[0.501s] Level 5:colcon.colcon_core.verb:set package 'asrs_gripper' build argument 'ament_cmake_args' from command line to 'None'
[0.501s] Level 5:colcon.colcon_core.verb:set package 'asrs_gripper' build argument 'catkin_cmake_args' from command line to 'None'
[0.501s] Level 5:colcon.colcon_core.verb:set package 'asrs_gripper' build argument 'catkin_skip_building_tests' from command line to 'False'
[0.501s] DEBUG:colcon.colcon_core.verb:Building package 'asrs_gripper' with the following arguments: {'ament_cmake_args': None, 'build_base': '/home/ros/ws_microros/build/asrs_gripper', 'catkin_cmake_args': None, 'catkin_skip_building_tests': False, 'cmake_args': None, 'cmake_clean_cache': False, 'cmake_clean_first': False, 'cmake_force_configure': False, 'cmake_target': None, 'cmake_target_skip_unavailable': False, 'install_base': '/home/ros/ws_microros/install/asrs_gripper', 'merge_install': False, 'path': '/home/ros/ws_microros/src/asrs_gripper', 'symlink_install': False, 'test_result_base': None}
[0.506s] Level 5:colcon.colcon_core.verb:set package 'asrs_moveit_config' build argument 'cmake_args' from command line to 'None'
[0.506s] Level 5:colcon.colcon_core.verb:set package 'asrs_moveit_config' build argument 'cmake_target' from command line to 'None'
[0.506s] Level 5:colcon.colcon_core.verb:set package 'asrs_moveit_config' build argument 'cmake_target_skip_unavailable' from command line to 'False'
[0.506s] Level 5:colcon.colcon_core.verb:set package 'asrs_moveit_config' build argument 'cmake_clean_cache' from command line to 'False'
[0.506s] Level 5:colcon.colcon_core.verb:set package 'asrs_moveit_config' build argument 'cmake_clean_first' from command line to 'False'
[0.506s] Level 5:colcon.colcon_core.verb:set package 'asrs_moveit_config' build argument 'cmake_force_configure' from command line to 'False'
[0.506s] Level 5:colcon.colcon_core.verb:set package 'asrs_moveit_config' build argument 'ament_cmake_args' from command line to 'None'
[0.506s] Level 5:colcon.colcon_core.verb:set package 'asrs_moveit_config' build argument 'catkin_cmake_args' from command line to 'None'
[0.506s] Level 5:colcon.colcon_core.verb:set package 'asrs_moveit_config' build argument 'catkin_skip_building_tests' from command line to 'False'
[0.506s] DEBUG:colcon.colcon_core.verb:Building package 'asrs_moveit_config' with the following arguments: {'ament_cmake_args': None, 'build_base': '/home/ros/ws_microros/build/asrs_moveit_config', 'catkin_cmake_args': None, 'catkin_skip_building_tests': False, 'cmake_args': None, 'cmake_clean_cache': False, 'cmake_clean_first': False, 'cmake_force_configure': False, 'cmake_target': None, 'cmake_target_skip_unavailable': False, 'install_base': '/home/ros/ws_microros/install/asrs_moveit_config', 'merge_install': False, 'path': '/home/ros/ws_microros/src/asrs_moveit_config', 'symlink_install': False, 'test_result_base': None}
[0.511s] INFO:colcon.colcon_core.executor:Executing jobs using 'parallel' executor
[0.517s] DEBUG:colcon.colcon_parallel_executor.executor.parallel:run_until_complete
[0.517s] INFO:colcon.colcon_ros.task.ament_cmake.build:Building ROS package in '/home/ros/ws_microros/src/asrs_arm' with build type 'ament_cmake'
[0.517s] INFO:colcon.colcon_cmake.task.cmake.build:Building CMake package in '/home/ros/ws_microros/src/asrs_arm'
[0.523s] INFO:colcon.colcon_core.plugin_system:Skipping extension 'colcon_core.shell.bat': Not used on non-Windows systems
[0.523s] INFO:colcon.colcon_core.shell:Skip shell extension 'powershell' for command environment: Not usable outside of PowerShell
[0.523s] DEBUG:colcon.colcon_core.shell:Skip shell extension 'dsv' for command environment
[0.541s] INFO:colcon.colcon_ros.task.ament_cmake.build:Building ROS package in '/home/ros/ws_microros/src/asrs_controller' with build type 'ament_cmake'
[0.541s] INFO:colcon.colcon_cmake.task.cmake.build:Building CMake package in '/home/ros/ws_microros/src/asrs_controller'
[0.547s] INFO:colcon.colcon_core.shell:Skip shell extension 'powershell' for command environment: Not usable outside of PowerShell
[0.547s] DEBUG:colcon.colcon_core.shell:Skip shell extension 'dsv' for command environment
[0.570s] INFO:colcon.colcon_ros.task.ament_cmake.build:Building ROS package in '/home/ros/ws_microros/src/asrs_description' with build type 'ament_cmake'
[0.571s] INFO:colcon.colcon_cmake.task.cmake.build:Building CMake package in '/home/ros/ws_microros/src/asrs_description'
[0.577s] INFO:colcon.colcon_core.shell:Skip shell extension 'powershell' for command environment: Not usable outside of PowerShell
[0.577s] DEBUG:colcon.colcon_core.shell:Skip shell extension 'dsv' for command environment
[0.596s] INFO:colcon.colcon_ros.task.ament_cmake.build:Building ROS package in '/home/ros/ws_microros/src/asrs_gripper' with build type 'ament_cmake'
[0.596s] INFO:colcon.colcon_cmake.task.cmake.build:Building CMake package in '/home/ros/ws_microros/src/asrs_gripper'
[0.602s] INFO:colcon.colcon_core.shell:Skip shell extension 'powershell' for command environment: Not usable outside of PowerShell
[0.602s] DEBUG:colcon.colcon_core.shell:Skip shell extension 'dsv' for command environment
[0.621s] INFO:colcon.colcon_ros.task.ament_cmake.build:Building ROS package in '/home/ros/ws_microros/src/asrs_moveit_config' with build type 'ament_cmake'
[0.621s] INFO:colcon.colcon_cmake.task.cmake.build:Building CMake package in '/home/ros/ws_microros/src/asrs_moveit_config'
[0.627s] INFO:colcon.colcon_core.shell:Skip shell extension 'powershell' for command environment: Not usable outside of PowerShell
[0.627s] DEBUG:colcon.colcon_core.shell:Skip shell extension 'dsv' for command environment
[0.648s] DEBUG:colcon.colcon_core.event_handler.log_command:Invoking command in '/home/ros/ws_microros/build/asrs_arm': CMAKE_PREFIX_PATH=${CMAKE_PREFIX_PATH}:/opt/ros/humble /usr/bin/cmake --build /home/ros/ws_microros/build/asrs_arm -- -j16 -l16
[0.650s] DEBUG:colcon.colcon_core.event_handler.log_command:Invoking command in '/home/ros/ws_microros/build/asrs_controller': CMAKE_PREFIX_PATH=${CMAKE_PREFIX_PATH}:/opt/ros/humble /usr/bin/cmake --build /home/ros/ws_microros/build/asrs_controller -- -j16 -l16
[0.652s] DEBUG:colcon.colcon_core.event_handler.log_command:Invoking command in '/home/ros/ws_microros/build/asrs_description': CMAKE_PREFIX_PATH=${CMAKE_PREFIX_PATH}:/opt/ros/humble /usr/bin/cmake --build /home/ros/ws_microros/build/asrs_description -- -j16 -l16
[0.653s] DEBUG:colcon.colcon_core.event_handler.log_command:Invoking command in '/home/ros/ws_microros/build/asrs_gripper': CMAKE_PREFIX_PATH=${CMAKE_PREFIX_PATH}:/opt/ros/humble /usr/bin/cmake --build /home/ros/ws_microros/build/asrs_gripper -- -j16 -l16
[0.659s] DEBUG:colcon.colcon_core.event_handler.log_command:Invoking command in '/home/ros/ws_microros/build/asrs_moveit_config': CMAKE_PREFIX_PATH=${CMAKE_PREFIX_PATH}:/opt/ros/humble /usr/bin/cmake --build /home/ros/ws_microros/build/asrs_moveit_config -- -j16 -l16
[0.667s] DEBUG:colcon.colcon_core.event_handler.log_command:Invoked command in '/home/ros/ws_microros/build/asrs_arm' returned '0': CMAKE_PREFIX_PATH=${CMAKE_PREFIX_PATH}:/opt/ros/humble /usr/bin/cmake --build /home/ros/ws_microros/build/asrs_arm -- -j16 -l16
[0.670s] DEBUG:colcon.colcon_core.event_handler.log_command:Invoked command in '/home/ros/ws_microros/build/asrs_controller' returned '0': CMAKE_PREFIX_PATH=${CMAKE_PREFIX_PATH}:/opt/ros/humble /usr/bin/cmake --build /home/ros/ws_microros/build/asrs_controller -- -j16 -l16
[0.672s] DEBUG:colcon.colcon_core.event_handler.log_command:Invoked command in '/home/ros/ws_microros/build/asrs_description' returned '0': CMAKE_PREFIX_PATH=${CMAKE_PREFIX_PATH}:/opt/ros/humble /usr/bin/cmake --build /home/ros/ws_microros/build/asrs_description -- -j16 -l16
[0.672s] DEBUG:colcon.colcon_core.event_handler.log_command:Invoked command in '/home/ros/ws_microros/build/asrs_gripper' returned '0': CMAKE_PREFIX_PATH=${CMAKE_PREFIX_PATH}:/opt/ros/humble /usr/bin/cmake --build /home/ros/ws_microros/build/asrs_gripper -- -j16 -l16
[0.675s] DEBUG:colcon.colcon_core.event_handler.log_command:Invoked command in '/home/ros/ws_microros/build/asrs_moveit_config' returned '0': CMAKE_PREFIX_PATH=${CMAKE_PREFIX_PATH}:/opt/ros/humble /usr/bin/cmake --build /home/ros/ws_microros/build/asrs_moveit_config -- -j16 -l16
[0.681s] DEBUG:colcon.colcon_core.event_handler.log_command:Invoking command in '/home/ros/ws_microros/build/asrs_arm': CMAKE_PREFIX_PATH=${CMAKE_PREFIX_PATH}:/opt/ros/humble /usr/bin/cmake --install /home/ros/ws_microros/build/asrs_arm
[0.684s] DEBUG:colcon.colcon_core.event_handler.log_command:Invoking command in '/home/ros/ws_microros/build/asrs_description': CMAKE_PREFIX_PATH=${CMAKE_PREFIX_PATH}:/opt/ros/humble /usr/bin/cmake --install /home/ros/ws_microros/build/asrs_description
[0.687s] DEBUG:colcon.colcon_core.event_handler.log_command:Invoking command in '/home/ros/ws_microros/build/asrs_controller': CMAKE_PREFIX_PATH=${CMAKE_PREFIX_PATH}:/opt/ros/humble /usr/bin/cmake --install /home/ros/ws_microros/build/asrs_controller
[0.693s] Level 1:colcon.colcon_core.environment:create_environment_scripts_only(asrs_controller)
[0.695s] DEBUG:colcon.colcon_core.event_handler.log_command:Invoking command in '/home/ros/ws_microros/build/asrs_gripper': CMAKE_PREFIX_PATH=${CMAKE_PREFIX_PATH}:/opt/ros/humble /usr/bin/cmake --install /home/ros/ws_microros/build/asrs_gripper
[0.700s] DEBUG:colcon.colcon_core.event_handler.log_command:Invoked command in '/home/ros/ws_microros/build/asrs_controller' returned '0': CMAKE_PREFIX_PATH=${CMAKE_PREFIX_PATH}:/opt/ros/humble /usr/bin/cmake --install /home/ros/ws_microros/build/asrs_controller
[0.708s] Level 1:colcon.colcon_core.environment:checking '/home/ros/ws_microros/install/asrs_controller' for CMake module files
[0.709s] Level 1:colcon.colcon_core.environment:checking '/home/ros/ws_microros/install/asrs_controller' for CMake config files
[0.709s] Level 1:colcon.colcon_core.shell:create_environment_hook('asrs_controller', 'cmake_prefix_path')
[0.714s] INFO:colcon.colcon_core.shell:Creating environment hook '/home/ros/ws_microros/install/asrs_controller/share/asrs_controller/hook/cmake_prefix_path.ps1'
[0.714s] INFO:colcon.colcon_core.shell:Creating environment descriptor '/home/ros/ws_microros/install/asrs_controller/share/asrs_controller/hook/cmake_prefix_path.dsv'
[0.714s] INFO:colcon.colcon_core.shell:Creating environment hook '/home/ros/ws_microros/install/asrs_controller/share/asrs_controller/hook/cmake_prefix_path.sh'
[0.715s] Level 1:colcon.colcon_core.environment:checking '/home/ros/ws_microros/install/asrs_controller/bin'
[0.715s] Level 1:colcon.colcon_core.environment:checking '/home/ros/ws_microros/install/asrs_controller/lib/pkgconfig/asrs_controller.pc'
[0.715s] Level 1:colcon.colcon_core.environment:checking '/home/ros/ws_microros/install/asrs_controller/lib/python3.10/site-packages'
[0.715s] Level 1:colcon.colcon_core.environment:checking '/home/ros/ws_microros/install/asrs_controller/bin'
[0.720s] INFO:colcon.colcon_core.shell:Creating package script '/home/ros/ws_microros/install/asrs_controller/share/asrs_controller/package.ps1'
[0.721s] INFO:colcon.colcon_core.shell:Creating package descriptor '/home/ros/ws_microros/install/asrs_controller/share/asrs_controller/package.dsv'
[0.721s] INFO:colcon.colcon_core.shell:Creating package script '/home/ros/ws_microros/install/asrs_controller/share/asrs_controller/package.sh'
[0.721s] INFO:colcon.colcon_core.shell:Creating package script '/home/ros/ws_microros/install/asrs_controller/share/asrs_controller/package.bash'
[0.722s] INFO:colcon.colcon_core.shell:Creating package script '/home/ros/ws_microros/install/asrs_controller/share/asrs_controller/package.zsh'
[0.722s] Level 1:colcon.colcon_core.environment:create_file_with_runtime_dependencies(/home/ros/ws_microros/install/asrs_controller/share/colcon-core/packages/asrs_controller)
[0.723s] DEBUG:colcon.colcon_core.event_handler.log_command:Invoking command in '/home/ros/ws_microros/build/asrs_moveit_config': CMAKE_PREFIX_PATH=${CMAKE_PREFIX_PATH}:/opt/ros/humble /usr/bin/cmake --install /home/ros/ws_microros/build/asrs_moveit_config
[0.724s] Level 1:colcon.colcon_core.environment:create_environment_scripts_only(asrs_arm)
[0.725s] DEBUG:colcon.colcon_core.event_handler.log_command:Invoked command in '/home/ros/ws_microros/build/asrs_arm' returned '0': CMAKE_PREFIX_PATH=${CMAKE_PREFIX_PATH}:/opt/ros/humble /usr/bin/cmake --install /home/ros/ws_microros/build/asrs_arm
[0.733s] Level 1:colcon.colcon_core.environment:checking '/home/ros/ws_microros/install/asrs_arm' for CMake module files
[0.733s] Level 1:colcon.colcon_core.environment:checking '/home/ros/ws_microros/install/asrs_arm' for CMake config files
[0.733s] Level 1:colcon.colcon_core.shell:create_environment_hook('asrs_arm', 'cmake_prefix_path')
[0.739s] INFO:colcon.colcon_core.shell:Creating environment hook '/home/ros/ws_microros/install/asrs_arm/share/asrs_arm/hook/cmake_prefix_path.ps1'
[0.739s] INFO:colcon.colcon_core.shell:Creating environment descriptor '/home/ros/ws_microros/install/asrs_arm/share/asrs_arm/hook/cmake_prefix_path.dsv'
[0.739s] INFO:colcon.colcon_core.shell:Creating environment hook '/home/ros/ws_microros/install/asrs_arm/share/asrs_arm/hook/cmake_prefix_path.sh'
[0.739s] Level 1:colcon.colcon_core.environment:checking '/home/ros/ws_microros/install/asrs_arm/bin'
[0.739s] Level 1:colcon.colcon_core.environment:checking '/home/ros/ws_microros/install/asrs_arm/lib/pkgconfig/asrs_arm.pc'
[0.739s] Level 1:colcon.colcon_core.environment:checking '/home/ros/ws_microros/install/asrs_arm/lib/python3.10/site-packages'
[0.740s] Level 1:colcon.colcon_core.environment:checking '/home/ros/ws_microros/install/asrs_arm/bin'
[0.745s] INFO:colcon.colcon_core.shell:Creating package script '/home/ros/ws_microros/install/asrs_arm/share/asrs_arm/package.ps1'
[0.745s] INFO:colcon.colcon_core.shell:Creating package descriptor '/home/ros/ws_microros/install/asrs_arm/share/asrs_arm/package.dsv'
[0.745s] INFO:colcon.colcon_core.shell:Creating package script '/home/ros/ws_microros/install/asrs_arm/share/asrs_arm/package.sh'
[0.745s] INFO:colcon.colcon_core.shell:Creating package script '/home/ros/ws_microros/install/asrs_arm/share/asrs_arm/package.bash'
[0.746s] INFO:colcon.colcon_core.shell:Creating package script '/home/ros/ws_microros/install/asrs_arm/share/asrs_arm/package.zsh'
[0.746s] Level 1:colcon.colcon_core.environment:create_file_with_runtime_dependencies(/home/ros/ws_microros/install/asrs_arm/share/colcon-core/packages/asrs_arm)
[0.746s] Level 1:colcon.colcon_core.environment:create_environment_scripts_only(asrs_description)
[0.747s] DEBUG:colcon.colcon_core.event_handler.log_command:Invoked command in '/home/ros/ws_microros/build/asrs_description' returned '0': CMAKE_PREFIX_PATH=${CMAKE_PREFIX_PATH}:/opt/ros/humble /usr/bin/cmake --install /home/ros/ws_microros/build/asrs_description
[0.753s] Level 1:colcon.colcon_core.environment:checking '/home/ros/ws_microros/install/asrs_description' for CMake module files
[0.753s] Level 1:colcon.colcon_core.environment:checking '/home/ros/ws_microros/install/asrs_description' for CMake config files
[0.753s] Level 1:colcon.colcon_core.shell:create_environment_hook('asrs_description', 'cmake_prefix_path')
[0.759s] INFO:colcon.colcon_core.shell:Creating environment hook '/home/ros/ws_microros/install/asrs_description/share/asrs_description/hook/cmake_prefix_path.ps1'
[0.759s] INFO:colcon.colcon_core.shell:Creating environment descriptor '/home/ros/ws_microros/install/asrs_description/share/asrs_description/hook/cmake_prefix_path.dsv'
[0.759s] INFO:colcon.colcon_core.shell:Creating environment hook '/home/ros/ws_microros/install/asrs_description/share/asrs_description/hook/cmake_prefix_path.sh'
[0.760s] Level 1:colcon.colcon_core.environment:checking '/home/ros/ws_microros/install/asrs_description/bin'
[0.760s] Level 1:colcon.colcon_core.environment:checking '/home/ros/ws_microros/install/asrs_description/lib/pkgconfig/asrs_description.pc'
[0.760s] Level 1:colcon.colcon_core.environment:checking '/home/ros/ws_microros/install/asrs_description/lib/python3.10/site-packages'
[0.760s] Level 1:colcon.colcon_core.environment:checking '/home/ros/ws_microros/install/asrs_description/bin'
[0.765s] INFO:colcon.colcon_core.shell:Creating package script '/home/ros/ws_microros/install/asrs_description/share/asrs_description/package.ps1'
[0.765s] INFO:colcon.colcon_core.shell:Creating package descriptor '/home/ros/ws_microros/install/asrs_description/share/asrs_description/package.dsv'
[0.766s] INFO:colcon.colcon_core.shell:Creating package script '/home/ros/ws_microros/install/asrs_description/share/asrs_description/package.sh'
[0.766s] INFO:colcon.colcon_core.shell:Creating package script '/home/ros/ws_microros/install/asrs_description/share/asrs_description/package.bash'
[0.766s] INFO:colcon.colcon_core.shell:Creating package script '/home/ros/ws_microros/install/asrs_description/share/asrs_description/package.zsh'
[0.766s] Level 1:colcon.colcon_core.environment:create_file_with_runtime_dependencies(/home/ros/ws_microros/install/asrs_description/share/colcon-core/packages/asrs_description)
[0.769s] Level 1:colcon.colcon_core.environment:create_environment_scripts_only(asrs_gripper)
[0.769s] DEBUG:colcon.colcon_core.event_handler.log_command:Invoked command in '/home/ros/ws_microros/build/asrs_gripper' returned '0': CMAKE_PREFIX_PATH=${CMAKE_PREFIX_PATH}:/opt/ros/humble /usr/bin/cmake --install /home/ros/ws_microros/build/asrs_gripper
[0.775s] Level 1:colcon.colcon_core.environment:checking '/home/ros/ws_microros/install/asrs_gripper' for CMake module files
[0.775s] Level 1:colcon.colcon_core.environment:checking '/home/ros/ws_microros/install/asrs_gripper' for CMake config files
[0.775s] Level 1:colcon.colcon_core.shell:create_environment_hook('asrs_gripper', 'cmake_prefix_path')
[0.781s] INFO:colcon.colcon_core.shell:Creating environment hook '/home/ros/ws_microros/install/asrs_gripper/share/asrs_gripper/hook/cmake_prefix_path.ps1'
[0.781s] INFO:colcon.colcon_core.shell:Creating environment descriptor '/home/ros/ws_microros/install/asrs_gripper/share/asrs_gripper/hook/cmake_prefix_path.dsv'
[0.781s] INFO:colcon.colcon_core.shell:Creating environment hook '/home/ros/ws_microros/install/asrs_gripper/share/asrs_gripper/hook/cmake_prefix_path.sh'
[0.781s] Level 1:colcon.colcon_core.environment:checking '/home/ros/ws_microros/install/asrs_gripper/bin'
[0.781s] Level 1:colcon.colcon_core.environment:checking '/home/ros/ws_microros/install/asrs_gripper/lib/pkgconfig/asrs_gripper.pc'
[0.781s] Level 1:colcon.colcon_core.environment:checking '/home/ros/ws_microros/install/asrs_gripper/lib/python3.10/site-packages'
[0.781s] Level 1:colcon.colcon_core.environment:checking '/home/ros/ws_microros/install/asrs_gripper/bin'
[0.789s] INFO:colcon.colcon_core.shell:Creating package script '/home/ros/ws_microros/install/asrs_gripper/share/asrs_gripper/package.ps1'
[0.789s] INFO:colcon.colcon_core.shell:Creating package descriptor '/home/ros/ws_microros/install/asrs_gripper/share/asrs_gripper/package.dsv'
[0.789s] INFO:colcon.colcon_core.shell:Creating package script '/home/ros/ws_microros/install/asrs_gripper/share/asrs_gripper/package.sh'
[0.789s] INFO:colcon.colcon_core.shell:Creating package script '/home/ros/ws_microros/install/asrs_gripper/share/asrs_gripper/package.bash'
[0.789s] INFO:colcon.colcon_core.shell:Creating package script '/home/ros/ws_microros/install/asrs_gripper/share/asrs_gripper/package.zsh'
[0.789s] Level 1:colcon.colcon_core.environment:create_file_with_runtime_dependencies(/home/ros/ws_microros/install/asrs_gripper/share/colcon-core/packages/asrs_gripper)
[0.790s] Level 1:colcon.colcon_core.environment:create_environment_scripts_only(asrs_moveit_config)
[0.790s] DEBUG:colcon.colcon_core.event_handler.log_command:Invoked command in '/home/ros/ws_microros/build/asrs_moveit_config' returned '0': CMAKE_PREFIX_PATH=${CMAKE_PREFIX_PATH}:/opt/ros/humble /usr/bin/cmake --install /home/ros/ws_microros/build/asrs_moveit_config
[0.796s] Level 1:colcon.colcon_core.environment:checking '/home/ros/ws_microros/install/asrs_moveit_config' for CMake module files
[0.797s] Level 1:colcon.colcon_core.environment:checking '/home/ros/ws_microros/install/asrs_moveit_config' for CMake config files
[0.797s] Level 1:colcon.colcon_core.shell:create_environment_hook('asrs_moveit_config', 'cmake_prefix_path')
[0.802s] INFO:colcon.colcon_core.shell:Creating environment hook '/home/ros/ws_microros/install/asrs_moveit_config/share/asrs_moveit_config/hook/cmake_prefix_path.ps1'
[0.802s] INFO:colcon.colcon_core.shell:Creating environment descriptor '/home/ros/ws_microros/install/asrs_moveit_config/share/asrs_moveit_config/hook/cmake_prefix_path.dsv'
[0.802s] INFO:colcon.colcon_core.shell:Creating environment hook '/home/ros/ws_microros/install/asrs_moveit_config/share/asrs_moveit_config/hook/cmake_prefix_path.sh'
[0.803s] Level 1:colcon.colcon_core.environment:checking '/home/ros/ws_microros/install/asrs_moveit_config/bin'
[0.803s] Level 1:colcon.colcon_core.environment:checking '/home/ros/ws_microros/install/asrs_moveit_config/lib/pkgconfig/asrs_moveit_config.pc'
[0.803s] Level 1:colcon.colcon_core.environment:checking '/home/ros/ws_microros/install/asrs_moveit_config/lib/python3.10/site-packages'
[0.803s] Level 1:colcon.colcon_core.environment:checking '/home/ros/ws_microros/install/asrs_moveit_config/bin'
[0.808s] INFO:colcon.colcon_core.shell:Creating package script '/home/ros/ws_microros/install/asrs_moveit_config/share/asrs_moveit_config/package.ps1'
[0.808s] INFO:colcon.colcon_core.shell:Creating package descriptor '/home/ros/ws_microros/install/asrs_moveit_config/share/asrs_moveit_config/package.dsv'
[0.808s] INFO:colcon.colcon_core.shell:Creating package script '/home/ros/ws_microros/install/asrs_moveit_config/share/asrs_moveit_config/package.sh'
[0.809s] INFO:colcon.colcon_core.shell:Creating package script '/home/ros/ws_microros/install/asrs_moveit_config/share/asrs_moveit_config/package.bash'
[0.809s] INFO:colcon.colcon_core.shell:Creating package script '/home/ros/ws_microros/install/asrs_moveit_config/share/asrs_moveit_config/package.zsh'
[0.809s] Level 1:colcon.colcon_core.environment:create_file_with_runtime_dependencies(/home/ros/ws_microros/install/asrs_moveit_config/share/colcon-core/packages/asrs_moveit_config)
[0.815s] Level 1:colcon.colcon_core.environment:create_environment_scripts_only(asrs_controller)
[0.822s] Level 1:colcon.colcon_core.environment:checking '/home/ros/ws_microros/install/asrs_controller' for CMake module files
[0.822s] Level 1:colcon.colcon_core.environment:checking '/home/ros/ws_microros/install/asrs_controller' for CMake config files
[0.822s] Level 1:colcon.colcon_core.shell:create_environment_hook('asrs_controller', 'cmake_prefix_path')
[0.827s] INFO:colcon.colcon_core.shell:Creating environment hook '/home/ros/ws_microros/install/asrs_controller/share/asrs_controller/hook/cmake_prefix_path.ps1'
[0.827s] INFO:colcon.colcon_core.shell:Creating environment descriptor '/home/ros/ws_microros/install/asrs_controller/share/asrs_controller/hook/cmake_prefix_path.dsv'
[0.827s] INFO:colcon.colcon_core.shell:Creating environment hook '/home/ros/ws_microros/install/asrs_controller/share/asrs_controller/hook/cmake_prefix_path.sh'
[0.827s] Level 1:colcon.colcon_core.environment:checking '/home/ros/ws_microros/install/asrs_controller/bin'
[0.827s] Level 1:colcon.colcon_core.environment:checking '/home/ros/ws_microros/install/asrs_controller/lib/pkgconfig/asrs_controller.pc'
[0.827s] Level 1:colcon.colcon_core.environment:checking '/home/ros/ws_microros/install/asrs_controller/lib/python3.10/site-packages'
[0.828s] Level 1:colcon.colcon_core.environment:checking '/home/ros/ws_microros/install/asrs_controller/bin'
[0.833s] INFO:colcon.colcon_core.shell:Creating package script '/home/ros/ws_microros/install/asrs_controller/share/asrs_controller/package.ps1'
[0.833s] INFO:colcon.colcon_core.shell:Creating package descriptor '/home/ros/ws_microros/install/asrs_controller/share/asrs_controller/package.dsv'
[0.833s] INFO:colcon.colcon_core.shell:Creating package script '/home/ros/ws_microros/install/asrs_controller/share/asrs_controller/package.sh'
[0.833s] INFO:colcon.colcon_core.shell:Creating package script '/home/ros/ws_microros/install/asrs_controller/share/asrs_controller/package.bash'
[0.833s] INFO:colcon.colcon_core.shell:Creating package script '/home/ros/ws_microros/install/asrs_controller/share/asrs_controller/package.zsh'
[0.834s] Level 1:colcon.colcon_core.environment:create_file_with_runtime_dependencies(/home/ros/ws_microros/install/asrs_controller/share/colcon-core/packages/asrs_controller)
[0.840s] Level 1:colcon.colcon_core.environment:create_environment_scripts_only(asrs_arm)
[0.845s] Level 1:colcon.colcon_core.environment:checking '/home/ros/ws_microros/install/asrs_arm' for CMake module files
[0.845s] Level 1:colcon.colcon_core.environment:checking '/home/ros/ws_microros/install/asrs_arm' for CMake config files
[0.845s] Level 1:colcon.colcon_core.shell:create_environment_hook('asrs_arm', 'cmake_prefix_path')
[0.851s] INFO:colcon.colcon_core.shell:Creating environment hook '/home/ros/ws_microros/install/asrs_arm/share/asrs_arm/hook/cmake_prefix_path.ps1'
[0.851s] INFO:colcon.colcon_core.shell:Creating environment descriptor '/home/ros/ws_microros/install/asrs_arm/share/asrs_arm/hook/cmake_prefix_path.dsv'
[0.851s] INFO:colcon.colcon_core.shell:Creating environment hook '/home/ros/ws_microros/install/asrs_arm/share/asrs_arm/hook/cmake_prefix_path.sh'
[0.851s] Level 1:colcon.colcon_core.environment:checking '/home/ros/ws_microros/install/asrs_arm/bin'
[0.851s] Level 1:colcon.colcon_core.environment:checking '/home/ros/ws_microros/install/asrs_arm/lib/pkgconfig/asrs_arm.pc'
[0.851s] Level 1:colcon.colcon_core.environment:checking '/home/ros/ws_microros/install/asrs_arm/lib/python3.10/site-packages'
[0.851s] Level 1:colcon.colcon_core.environment:checking '/home/ros/ws_microros/install/asrs_arm/bin'
[0.857s] INFO:colcon.colcon_core.shell:Creating package script '/home/ros/ws_microros/install/asrs_arm/share/asrs_arm/package.ps1'
[0.857s] INFO:colcon.colcon_core.shell:Creating package descriptor '/home/ros/ws_microros/install/asrs_arm/share/asrs_arm/package.dsv'
[0.857s] INFO:colcon.colcon_core.shell:Creating package script '/home/ros/ws_microros/install/asrs_arm/share/asrs_arm/package.sh'
[0.858s] INFO:colcon.colcon_core.shell:Creating package script '/home/ros/ws_microros/install/asrs_arm/share/asrs_arm/package.bash'
[0.858s] INFO:colcon.colcon_core.shell:Creating package script '/home/ros/ws_microros/install/asrs_arm/share/asrs_arm/package.zsh'
[0.858s] Level 1:colcon.colcon_core.environment:create_file_with_runtime_dependencies(/home/ros/ws_microros/install/asrs_arm/share/colcon-core/packages/asrs_arm)
[0.864s] Level 1:colcon.colcon_core.environment:create_environment_scripts_only(asrs_description)
[0.869s] Level 1:colcon.colcon_core.environment:checking '/home/ros/ws_microros/install/asrs_description' for CMake module files
[0.870s] Level 1:colcon.colcon_core.environment:checking '/home/ros/ws_microros/install/asrs_description' for CMake config files
[0.870s] Level 1:colcon.colcon_core.shell:create_environment_hook('asrs_description', 'cmake_prefix_path')
[0.875s] INFO:colcon.colcon_core.shell:Creating environment hook '/home/ros/ws_microros/install/asrs_description/share/asrs_description/hook/cmake_prefix_path.ps1'
[0.875s] INFO:colcon.colcon_core.shell:Creating environment descriptor '/home/ros/ws_microros/install/asrs_description/share/asrs_description/hook/cmake_prefix_path.dsv'
[0.875s] INFO:colcon.colcon_core.shell:Creating environment hook '/home/ros/ws_microros/install/asrs_description/share/asrs_description/hook/cmake_prefix_path.sh'
[0.875s] Level 1:colcon.colcon_core.environment:checking '/home/ros/ws_microros/install/asrs_description/bin'
[0.876s] Level 1:colcon.colcon_core.environment:checking '/home/ros/ws_microros/install/asrs_description/lib/pkgconfig/asrs_description.pc'
[0.876s] Level 1:colcon.colcon_core.environment:checking '/home/ros/ws_microros/install/asrs_description/lib/python3.10/site-packages'
[0.876s] Level 1:colcon.colcon_core.environment:checking '/home/ros/ws_microros/install/asrs_description/bin'
[0.881s] INFO:colcon.colcon_core.shell:Creating package script '/home/ros/ws_microros/install/asrs_description/share/asrs_description/package.ps1'
[0.882s] INFO:colcon.colcon_core.shell:Creating package descriptor '/home/ros/ws_microros/install/asrs_description/share/asrs_description/package.dsv'
[0.882s] INFO:colcon.colcon_core.shell:Creating package script '/home/ros/ws_microros/install/asrs_description/share/asrs_description/package.sh'
[0.882s] INFO:colcon.colcon_core.shell:Creating package script '/home/ros/ws_microros/install/asrs_description/share/asrs_description/package.bash'
[0.882s] INFO:colcon.colcon_core.shell:Creating package script '/home/ros/ws_microros/install/asrs_description/share/asrs_description/package.zsh'
[0.882s] Level 1:colcon.colcon_core.environment:create_file_with_runtime_dependencies(/home/ros/ws_microros/install/asrs_description/share/colcon-core/packages/asrs_description)
[0.889s] Level 1:colcon.colcon_core.environment:create_environment_scripts_only(asrs_gripper)
[0.894s] Level 1:colcon.colcon_core.environment:checking '/home/ros/ws_microros/install/asrs_gripper' for CMake module files
[0.894s] Level 1:colcon.colcon_core.environment:checking '/home/ros/ws_microros/install/asrs_gripper' for CMake config files
[0.894s] Level 1:colcon.colcon_core.shell:create_environment_hook('asrs_gripper', 'cmake_prefix_path')
[0.900s] INFO:colcon.colcon_core.shell:Creating environment hook '/home/ros/ws_microros/install/asrs_gripper/share/asrs_gripper/hook/cmake_prefix_path.ps1'
[0.900s] INFO:colcon.colcon_core.shell:Creating environment descriptor '/home/ros/ws_microros/install/asrs_gripper/share/asrs_gripper/hook/cmake_prefix_path.dsv'
[0.900s] INFO:colcon.colcon_core.shell:Creating environment hook '/home/ros/ws_microros/install/asrs_gripper/share/asrs_gripper/hook/cmake_prefix_path.sh'
[0.900s] Level 1:colcon.colcon_core.environment:checking '/home/ros/ws_microros/install/asrs_gripper/bin'
[0.900s] Level 1:colcon.colcon_core.environment:checking '/home/ros/ws_microros/install/asrs_gripper/lib/pkgconfig/asrs_gripper.pc'
[0.900s] Level 1:colcon.colcon_core.environment:checking '/home/ros/ws_microros/install/asrs_gripper/lib/python3.10/site-packages'
[0.900s] Level 1:colcon.colcon_core.environment:checking '/home/ros/ws_microros/install/asrs_gripper/bin'
[0.906s] INFO:colcon.colcon_core.shell:Creating package script '/home/ros/ws_microros/install/asrs_gripper/share/asrs_gripper/package.ps1'
[0.906s] INFO:colcon.colcon_core.shell:Creating package descriptor '/home/ros/ws_microros/install/asrs_gripper/share/asrs_gripper/package.dsv'
[0.906s] INFO:colcon.colcon_core.shell:Creating package script '/home/ros/ws_microros/install/asrs_gripper/share/asrs_gripper/package.sh'
[0.906s] INFO:colcon.colcon_core.shell:Creating package script '/home/ros/ws_microros/install/asrs_gripper/share/asrs_gripper/package.bash'
[0.906s] INFO:colcon.colcon_core.shell:Creating package script '/home/ros/ws_microros/install/asrs_gripper/share/asrs_gripper/package.zsh'
[0.907s] Level 1:colcon.colcon_core.environment:create_file_with_runtime_dependencies(/home/ros/ws_microros/install/asrs_gripper/share/colcon-core/packages/asrs_gripper)
[0.913s] Level 1:colcon.colcon_core.environment:create_environment_scripts_only(asrs_moveit_config)
[0.919s] Level 1:colcon.colcon_core.environment:checking '/home/ros/ws_microros/install/asrs_moveit_config' for CMake module files
[0.919s] Level 1:colcon.colcon_core.environment:checking '/home/ros/ws_microros/install/asrs_moveit_config' for CMake config files
[0.919s] Level 1:colcon.colcon_core.shell:create_environment_hook('asrs_moveit_config', 'cmake_prefix_path')
[0.924s] INFO:colcon.colcon_core.shell:Creating environment hook '/home/ros/ws_microros/install/asrs_moveit_config/share/asrs_moveit_config/hook/cmake_prefix_path.ps1'
[0.924s] INFO:colcon.colcon_core.shell:Creating environment descriptor '/home/ros/ws_microros/install/asrs_moveit_config/share/asrs_moveit_config/hook/cmake_prefix_path.dsv'
[0.925s] INFO:colcon.colcon_core.shell:Creating environment hook '/home/ros/ws_microros/install/asrs_moveit_config/share/asrs_moveit_config/hook/cmake_prefix_path.sh'
[0.925s] Level 1:colcon.colcon_core.environment:checking '/home/ros/ws_microros/install/asrs_moveit_config/bin'
[0.925s] Level 1:colcon.colcon_core.environment:checking '/home/ros/ws_microros/install/asrs_moveit_config/lib/pkgconfig/asrs_moveit_config.pc'
[0.925s] Level 1:colcon.colcon_core.environment:checking '/home/ros/ws_microros/install/asrs_moveit_config/lib/python3.10/site-packages'
[0.925s] Level 1:colcon.colcon_core.environment:checking '/home/ros/ws_microros/install/asrs_moveit_config/bin'
[0.930s] INFO:colcon.colcon_core.shell:Creating package script '/home/ros/ws_microros/install/asrs_moveit_config/share/asrs_moveit_config/package.ps1'
[0.930s] INFO:colcon.colcon_core.shell:Creating package descriptor '/home/ros/ws_microros/install/asrs_moveit_config/share/asrs_moveit_config/package.dsv'
[0.930s] INFO:colcon.colcon_core.shell:Creating package script '/home/ros/ws_microros/install/asrs_moveit_config/share/asrs_moveit_config/package.sh'
[0.931s] INFO:colcon.colcon_core.shell:Creating package script '/home/ros/ws_microros/install/asrs_moveit_config/share/asrs_moveit_config/package.bash'
[0.931s] INFO:colcon.colcon_core.shell:Creating package script '/home/ros/ws_microros/install/asrs_moveit_config/share/asrs_moveit_config/package.zsh'
[0.931s] Level 1:colcon.colcon_core.environment:create_file_with_runtime_dependencies(/home/ros/ws_microros/install/asrs_moveit_config/share/colcon-core/packages/asrs_moveit_config)
[0.931s] DEBUG:colcon.colcon_parallel_executor.executor.parallel:closing loop
[0.932s] DEBUG:colcon.colcon_parallel_executor.executor.parallel:loop closed
[0.932s] DEBUG:colcon.colcon_parallel_executor.executor.parallel:run_until_complete finished with '0'
[0.932s] DEBUG:colcon.colcon_core.event_reactor:joining thread
[0.941s] INFO:colcon.colcon_core.plugin_system:Skipping extension 'colcon_notification.desktop_notification.terminal_notifier': Not used on non-Darwin systems
[0.941s] INFO:colcon.colcon_core.plugin_system:Skipping extension 'colcon_notification.desktop_notification.win32': Not used on non-Windows systems
[0.942s] INFO:colcon.colcon_notification.desktop_notification:Sending desktop notification using 'notify2'
[0.950s] DEBUG:colcon.colcon_core.event_reactor:joined thread
[0.955s] INFO:colcon.colcon_core.shell:Creating prefix script '/home/ros/ws_microros/install/local_setup.ps1'
[0.955s] INFO:colcon.colcon_core.shell:Creating prefix util module '/home/ros/ws_microros/install/_local_setup_util_ps1.py'
[0.956s] INFO:colcon.colcon_core.shell:Creating prefix chain script '/home/ros/ws_microros/install/setup.ps1'
[0.962s] INFO:colcon.colcon_core.shell:Creating prefix script '/home/ros/ws_microros/install/local_setup.sh'
[0.962s] INFO:colcon.colcon_core.shell:Creating prefix util module '/home/ros/ws_microros/install/_local_setup_util_sh.py'
[0.962s] INFO:colcon.colcon_core.shell:Creating prefix chain script '/home/ros/ws_microros/install/setup.sh'
[0.969s] INFO:colcon.colcon_core.shell:Creating prefix script '/home/ros/ws_microros/install/local_setup.bash'
[0.969s] INFO:colcon.colcon_core.shell:Creating prefix chain script '/home/ros/ws_microros/install/setup.bash'
[0.975s] INFO:colcon.colcon_core.shell:Creating prefix script '/home/ros/ws_microros/install/local_setup.zsh'
[0.975s] INFO:colcon.colcon_core.shell:Creating prefix chain script '/home/ros/ws_microros/install/setup.zsh'
