[0.012s] Invoking command in '/home/keerthibaalan/ROS2_Workspace/ros2industrial_ws/build/myworkcell_core': AMENT_PREFIX_PATH=/home/keerthibaalan/ROS2_Workspace/ros2industrial_ws/install/fake_ar_publisher:${AMENT_PREFIX_PATH} CMAKE_PREFIX_PATH=/home/keerthibaalan/ROS2_Workspace/ros2industrial_ws/install/fake_ar_publisher:/home/keerthibaalan/ws_moveit/install/robotiq_hardware_tests:/home/keerthibaalan/ws_moveit/install/robotiq_driver:/home/keerthibaalan/ws_moveit/install/serial:/home/keerthibaalan/ws_moveit/install/moveit2_tutorials:/home/keerthibaalan/ws_moveit/install/moveit_visual_tools:/home/keerthibaalan/ws_moveit/install/rviz_visual_tools:/home/keerthibaalan/ws_moveit/install/moveit_task_constructor_visualization:/home/keerthibaalan/ws_moveit/install/moveit_task_constructor_demo:/home/keerthibaalan/ws_moveit/install/moveit_task_constructor_capabilities:/home/keerthibaalan/ws_moveit/install/moveit_task_constructor_core:/home/keerthibaalan/ws_moveit/install/rviz_marker_tools:/home/keerthibaalan/ws_moveit/install/kortex_bringup:/home/keerthibaalan/ws_moveit/install/kinova_gen3_7dof_robotiq_2f_85_moveit_config:/home/keerthibaalan/ws_moveit/install/kinova_gen3_6dof_robotiq_2f_85_moveit_config:/home/keerthibaalan/ws_moveit/install/kortex_description:/home/keerthibaalan/ws_moveit/install/robotiq_description:/home/keerthibaalan/ws_moveit/install/robotiq_controllers:/home/keerthibaalan/ws_moveit/install/pilz_industrial_motion_planner_testutils:/home/keerthibaalan/ws_moveit/install/moveit_runtime:/home/keerthibaalan/ws_moveit/install/moveit:/home/keerthibaalan/ws_moveit/install/moveit_planners:/home/keerthibaalan/ws_moveit/install/pilz_industrial_motion_planner:/home/keerthibaalan/ws_moveit/install/pick_ik:/home/keerthibaalan/ws_moveit/install/moveit_task_constructor_msgs:/home/keerthibaalan/ws_moveit/install/moveit_ros_control_interface:/home/keerthibaalan/ws_moveit/install/moveit_plugins:/home/keerthibaalan/ws_moveit/install/moveit_simple_controller_manager:/home/keerthibaalan/ws_moveit/install/moveit_setup_assistant:/home/keerthibaalan/ws_moveit/install/moveit_setup_srdf_plugins:/home/keerthibaalan/ws_moveit/install/moveit_setup_core_plugins:/home/keerthibaalan/ws_moveit/install/moveit_setup_controllers:/home/keerthibaalan/ws_moveit/install/moveit_setup_app_plugins:/home/keerthibaalan/ws_moveit/install/moveit_setup_framework:/home/keerthibaalan/ws_moveit/install/moveit_servo:/home/keerthibaalan/ws_moveit/install/moveit_ros:/home/keerthibaalan/ws_moveit/install/moveit_ros_visualization:/home/keerthibaalan/ws_moveit/install/moveit_py:/home/keerthibaalan/ws_moveit/install/moveit_hybrid_planning:/home/keerthibaalan/ws_moveit/install/moveit_ros_planning_interface:/home/keerthibaalan/ws_moveit/install/moveit_ros_benchmarks:/home/keerthibaalan/ws_moveit/install/moveit_ros_warehouse:/home/keerthibaalan/ws_moveit/install/moveit_ros_robot_interaction:/home/keerthibaalan/ws_moveit/install/moveit_ros_perception:/home/keerthibaalan/ws_moveit/install/moveit_resources_prbt_pg70_support:/home/keerthibaalan/ws_moveit/install/moveit_resources_prbt_moveit_config:/home/keerthibaalan/ws_moveit/install/moveit_ros_move_group:/home/keerthibaalan/ws_moveit/install/moveit_planners_ompl:/home/keerthibaalan/ws_moveit/install/moveit_kinematics:/home/keerthibaalan/ws_moveit/install/moveit_ros_planning:/home/keerthibaalan/ws_moveit/install/moveit_ros_occupancy_map_monitor:/home/keerthibaalan/ws_moveit/install/moveit_resources_prbt_support:/home/keerthibaalan/ws_moveit/install/moveit_resources_prbt_ikfast_manipulator_plugin:/home/keerthibaalan/ws_moveit/install/moveit_resources:/home/keerthibaalan/ws_moveit/install/moveit_resources_pr2_description:/home/keerthibaalan/ws_moveit/install/moveit_resources_panda_moveit_config:/home/keerthibaalan/ws_moveit/install/dual_arm_panda_moveit_config:/home/keerthibaalan/ws_moveit/install/moveit_resources_panda_description:/home/keerthibaalan/ws_moveit/install/moveit_resources_fanuc_moveit_config:/home/keerthibaalan/ws_moveit/install/moveit_resources_fanuc_description:/home/keerthibaalan/ws_moveit/install/moveit_planners_stomp:/home/keerthibaalan/ws_moveit/install/moveit_planners_chomp:/home/keerthibaalan/ws_moveit/install/chomp_motion_planner:/home/keerthibaalan/ws_moveit/install/moveit_core:/home/keerthibaalan/ws_moveit/install/moveit_msgs:/home/keerthibaalan/ws_moveit/install/moveit_common:/home/keerthibaalan/ws_moveit/install/kortex_driver:/home/keerthibaalan/ws_moveit/install/kortex_api:/home/keerthibaalan/ws_moveit/install/moveit_configs_utils:/opt/ros/humble LD_LIBRARY_PATH=/home/keerthibaalan/ROS2_Workspace/ros2industrial_ws/install/fake_ar_publisher/lib:${LD_LIBRARY_PATH} PYTHONPATH=/home/keerthibaalan/ROS2_Workspace/ros2industrial_ws/install/fake_ar_publisher/local/lib/python3.10/dist-packages:${PYTHONPATH} /usr/bin/cmake /home/keerthibaalan/ROS2_Workspace/ros2industrial_ws/src/myworkcell_core -DCMAKE_INSTALL_PREFIX=/home/keerthibaalan/ROS2_Workspace/ros2industrial_ws/install/myworkcell_core
[0.060s] -- The C compiler identification is GNU 11.4.0
[0.099s] -- The CXX compiler identification is GNU 11.4.0
[0.104s] -- Detecting C compiler ABI info
[0.169s] -- Detecting C compiler ABI info - done
[0.173s] -- Check for working C compiler: /usr/bin/cc - skipped
[0.173s] -- Detecting C compile features
[0.173s] -- Detecting C compile features - done
[0.175s] -- Detecting CXX compiler ABI info
[0.243s] -- Detecting CXX compiler ABI info - done
[0.247s] -- Check for working CXX compiler: /usr/bin/c++ - skipped
[0.247s] -- Detecting CXX compile features
[0.247s] -- Detecting CXX compile features - done
[0.254s] -- Found ament_cmake: 1.3.9 (/opt/ros/humble/share/ament_cmake/cmake)
[0.362s] -- Found Python3: /usr/bin/python3 (found version "3.10.12") found components: Interpreter 
[0.485s] -- Found rclcpp: 16.0.9 (/opt/ros/humble/share/rclcpp/cmake)
[0.567s] -- Found rosidl_generator_c: 3.1.5 (/opt/ros/humble/share/rosidl_generator_c/cmake)
[0.580s] -- Found rosidl_adapter: 3.1.5 (/opt/ros/humble/share/rosidl_adapter/cmake)
[0.595s] -- Found rosidl_generator_cpp: 3.1.5 (/opt/ros/humble/share/rosidl_generator_cpp/cmake)
[0.614s] -- Using all available rosidl_typesupport_c: rosidl_typesupport_fastrtps_c;rosidl_typesupport_introspection_c
[0.640s] -- Using all available rosidl_typesupport_cpp: rosidl_typesupport_fastrtps_cpp;rosidl_typesupport_introspection_cpp
[0.729s] -- Found rmw_implementation_cmake: 6.1.2 (/opt/ros/humble/share/rmw_implementation_cmake/cmake)
[0.737s] -- Found rmw_cyclonedds_cpp: 1.3.4 (/opt/ros/humble/share/rmw_cyclonedds_cpp/cmake)
[0.785s] -- Using RMW implementation 'rmw_cyclonedds_cpp' as default
[0.805s] -- Looking for pthread.h
[0.873s] -- Looking for pthread.h - found
[0.873s] -- Performing Test CMAKE_HAVE_LIBC_PTHREAD
[0.938s] -- Performing Test CMAKE_HAVE_LIBC_PTHREAD - Success
[0.939s] -- Found Threads: TRUE  
[1.039s] -- Found fake_ar_publisher: 0.0.0 (/home/keerthibaalan/ROS2_Workspace/ros2industrial_ws/install/fake_ar_publisher/share/fake_ar_publisher/cmake)
[1.250s] -- Found tf2_ros: 0.25.7 (/opt/ros/humble/share/tf2_ros/cmake)
[1.501s] -- Found tf2_geometry_msgs: 0.25.7 (/opt/ros/humble/share/tf2_geometry_msgs/cmake)
[1.533s] -- Found eigen3_cmake_module: 0.1.1 (/opt/ros/humble/share/eigen3_cmake_module/cmake)
[1.534s] -- Found Eigen3: TRUE (found version "3.4.0") 
[1.534s] -- Ensuring Eigen3 include directory is part of orocos-kdl CMake target
[1.544s] -- Found rosidl_default_generators: 1.2.0 (/opt/ros/humble/share/rosidl_default_generators/cmake)
[1.726s] -- Found ament_cmake_ros: 0.10.0 (/opt/ros/humble/share/ament_cmake_ros/cmake)
[1.988s] -- Using all available rosidl_typesupport_c: rosidl_typesupport_fastrtps_c;rosidl_typesupport_introspection_c
[2.084s] -- Using all available rosidl_typesupport_cpp: rosidl_typesupport_fastrtps_cpp;rosidl_typesupport_introspection_cpp
[2.100s] -- Found PythonInterp: /usr/bin/python3 (found suitable version "3.10.12", minimum required is "3.6") 
[2.106s] -- Found python_cmake_module: 0.10.0 (/opt/ros/humble/share/python_cmake_module/cmake)
[2.125s] -- Found PythonLibs: /usr/lib/x86_64-linux-gnu/libpython3.10.so (found suitable version "3.10.12", minimum required is "3.5") 
[2.126s] -- Using PYTHON_EXECUTABLE: /usr/bin/python3
[2.126s] -- Using PYTHON_INCLUDE_DIRS: /usr/include/python3.10
[2.126s] -- Using PYTHON_LIBRARIES: /usr/lib/x86_64-linux-gnu/libpython3.10.so
[2.140s] -- Found PythonExtra: .so  
[2.205s] -- Found ament_lint_auto: 0.12.11 (/opt/ros/humble/share/ament_lint_auto/cmake)
[2.258s] -- Added test 'cppcheck' to perform static code analysis on C / C++ code
[2.258s] -- Configured cppcheck include dirs: 
[2.258s] -- Configured cppcheck exclude dirs and/or files: 
[2.260s] -- Added test 'lint_cmake' to check CMake code style
[2.262s] -- Added test 'uncrustify' to check C / C++ code style
[2.262s] -- Configured uncrustify additional arguments: 
[2.263s] -- Added test 'xmllint' to check XML markup files
[2.266s] -- Configuring done
[2.291s] -- Generating done
[2.293s] -- Build files have been written to: /home/keerthibaalan/ROS2_Workspace/ros2industrial_ws/build/myworkcell_core
[2.300s] Invoked command in '/home/keerthibaalan/ROS2_Workspace/ros2industrial_ws/build/myworkcell_core' returned '0': AMENT_PREFIX_PATH=/home/keerthibaalan/ROS2_Workspace/ros2industrial_ws/install/fake_ar_publisher:${AMENT_PREFIX_PATH} CMAKE_PREFIX_PATH=/home/keerthibaalan/ROS2_Workspace/ros2industrial_ws/install/fake_ar_publisher:/home/keerthibaalan/ws_moveit/install/robotiq_hardware_tests:/home/keerthibaalan/ws_moveit/install/robotiq_driver:/home/keerthibaalan/ws_moveit/install/serial:/home/keerthibaalan/ws_moveit/install/moveit2_tutorials:/home/keerthibaalan/ws_moveit/install/moveit_visual_tools:/home/keerthibaalan/ws_moveit/install/rviz_visual_tools:/home/keerthibaalan/ws_moveit/install/moveit_task_constructor_visualization:/home/keerthibaalan/ws_moveit/install/moveit_task_constructor_demo:/home/keerthibaalan/ws_moveit/install/moveit_task_constructor_capabilities:/home/keerthibaalan/ws_moveit/install/moveit_task_constructor_core:/home/keerthibaalan/ws_moveit/install/rviz_marker_tools:/home/keerthibaalan/ws_moveit/install/kortex_bringup:/home/keerthibaalan/ws_moveit/install/kinova_gen3_7dof_robotiq_2f_85_moveit_config:/home/keerthibaalan/ws_moveit/install/kinova_gen3_6dof_robotiq_2f_85_moveit_config:/home/keerthibaalan/ws_moveit/install/kortex_description:/home/keerthibaalan/ws_moveit/install/robotiq_description:/home/keerthibaalan/ws_moveit/install/robotiq_controllers:/home/keerthibaalan/ws_moveit/install/pilz_industrial_motion_planner_testutils:/home/keerthibaalan/ws_moveit/install/moveit_runtime:/home/keerthibaalan/ws_moveit/install/moveit:/home/keerthibaalan/ws_moveit/install/moveit_planners:/home/keerthibaalan/ws_moveit/install/pilz_industrial_motion_planner:/home/keerthibaalan/ws_moveit/install/pick_ik:/home/keerthibaalan/ws_moveit/install/moveit_task_constructor_msgs:/home/keerthibaalan/ws_moveit/install/moveit_ros_control_interface:/home/keerthibaalan/ws_moveit/install/moveit_plugins:/home/keerthibaalan/ws_moveit/install/moveit_simple_controller_manager:/home/keerthibaalan/ws_moveit/install/moveit_setup_assistant:/home/keerthibaalan/ws_moveit/install/moveit_setup_srdf_plugins:/home/keerthibaalan/ws_moveit/install/moveit_setup_core_plugins:/home/keerthibaalan/ws_moveit/install/moveit_setup_controllers:/home/keerthibaalan/ws_moveit/install/moveit_setup_app_plugins:/home/keerthibaalan/ws_moveit/install/moveit_setup_framework:/home/keerthibaalan/ws_moveit/install/moveit_servo:/home/keerthibaalan/ws_moveit/install/moveit_ros:/home/keerthibaalan/ws_moveit/install/moveit_ros_visualization:/home/keerthibaalan/ws_moveit/install/moveit_py:/home/keerthibaalan/ws_moveit/install/moveit_hybrid_planning:/home/keerthibaalan/ws_moveit/install/moveit_ros_planning_interface:/home/keerthibaalan/ws_moveit/install/moveit_ros_benchmarks:/home/keerthibaalan/ws_moveit/install/moveit_ros_warehouse:/home/keerthibaalan/ws_moveit/install/moveit_ros_robot_interaction:/home/keerthibaalan/ws_moveit/install/moveit_ros_perception:/home/keerthibaalan/ws_moveit/install/moveit_resources_prbt_pg70_support:/home/keerthibaalan/ws_moveit/install/moveit_resources_prbt_moveit_config:/home/keerthibaalan/ws_moveit/install/moveit_ros_move_group:/home/keerthibaalan/ws_moveit/install/moveit_planners_ompl:/home/keerthibaalan/ws_moveit/install/moveit_kinematics:/home/keerthibaalan/ws_moveit/install/moveit_ros_planning:/home/keerthibaalan/ws_moveit/install/moveit_ros_occupancy_map_monitor:/home/keerthibaalan/ws_moveit/install/moveit_resources_prbt_support:/home/keerthibaalan/ws_moveit/install/moveit_resources_prbt_ikfast_manipulator_plugin:/home/keerthibaalan/ws_moveit/install/moveit_resources:/home/keerthibaalan/ws_moveit/install/moveit_resources_pr2_description:/home/keerthibaalan/ws_moveit/install/moveit_resources_panda_moveit_config:/home/keerthibaalan/ws_moveit/install/dual_arm_panda_moveit_config:/home/keerthibaalan/ws_moveit/install/moveit_resources_panda_description:/home/keerthibaalan/ws_moveit/install/moveit_resources_fanuc_moveit_config:/home/keerthibaalan/ws_moveit/install/moveit_resources_fanuc_description:/home/keerthibaalan/ws_moveit/install/moveit_planners_stomp:/home/keerthibaalan/ws_moveit/install/moveit_planners_chomp:/home/keerthibaalan/ws_moveit/install/chomp_motion_planner:/home/keerthibaalan/ws_moveit/install/moveit_core:/home/keerthibaalan/ws_moveit/install/moveit_msgs:/home/keerthibaalan/ws_moveit/install/moveit_common:/home/keerthibaalan/ws_moveit/install/kortex_driver:/home/keerthibaalan/ws_moveit/install/kortex_api:/home/keerthibaalan/ws_moveit/install/moveit_configs_utils:/opt/ros/humble LD_LIBRARY_PATH=/home/keerthibaalan/ROS2_Workspace/ros2industrial_ws/install/fake_ar_publisher/lib:${LD_LIBRARY_PATH} PYTHONPATH=/home/keerthibaalan/ROS2_Workspace/ros2industrial_ws/install/fake_ar_publisher/local/lib/python3.10/dist-packages:${PYTHONPATH} /usr/bin/cmake /home/keerthibaalan/ROS2_Workspace/ros2industrial_ws/src/myworkcell_core -DCMAKE_INSTALL_PREFIX=/home/keerthibaalan/ROS2_Workspace/ros2industrial_ws/install/myworkcell_core
[2.301s] Invoking command in '/home/keerthibaalan/ROS2_Workspace/ros2industrial_ws/build/myworkcell_core': AMENT_PREFIX_PATH=/home/keerthibaalan/ROS2_Workspace/ros2industrial_ws/install/fake_ar_publisher:${AMENT_PREFIX_PATH} CMAKE_PREFIX_PATH=/home/keerthibaalan/ROS2_Workspace/ros2industrial_ws/install/fake_ar_publisher:/home/keerthibaalan/ws_moveit/install/robotiq_hardware_tests:/home/keerthibaalan/ws_moveit/install/robotiq_driver:/home/keerthibaalan/ws_moveit/install/serial:/home/keerthibaalan/ws_moveit/install/moveit2_tutorials:/home/keerthibaalan/ws_moveit/install/moveit_visual_tools:/home/keerthibaalan/ws_moveit/install/rviz_visual_tools:/home/keerthibaalan/ws_moveit/install/moveit_task_constructor_visualization:/home/keerthibaalan/ws_moveit/install/moveit_task_constructor_demo:/home/keerthibaalan/ws_moveit/install/moveit_task_constructor_capabilities:/home/keerthibaalan/ws_moveit/install/moveit_task_constructor_core:/home/keerthibaalan/ws_moveit/install/rviz_marker_tools:/home/keerthibaalan/ws_moveit/install/kortex_bringup:/home/keerthibaalan/ws_moveit/install/kinova_gen3_7dof_robotiq_2f_85_moveit_config:/home/keerthibaalan/ws_moveit/install/kinova_gen3_6dof_robotiq_2f_85_moveit_config:/home/keerthibaalan/ws_moveit/install/kortex_description:/home/keerthibaalan/ws_moveit/install/robotiq_description:/home/keerthibaalan/ws_moveit/install/robotiq_controllers:/home/keerthibaalan/ws_moveit/install/pilz_industrial_motion_planner_testutils:/home/keerthibaalan/ws_moveit/install/moveit_runtime:/home/keerthibaalan/ws_moveit/install/moveit:/home/keerthibaalan/ws_moveit/install/moveit_planners:/home/keerthibaalan/ws_moveit/install/pilz_industrial_motion_planner:/home/keerthibaalan/ws_moveit/install/pick_ik:/home/keerthibaalan/ws_moveit/install/moveit_task_constructor_msgs:/home/keerthibaalan/ws_moveit/install/moveit_ros_control_interface:/home/keerthibaalan/ws_moveit/install/moveit_plugins:/home/keerthibaalan/ws_moveit/install/moveit_simple_controller_manager:/home/keerthibaalan/ws_moveit/install/moveit_setup_assistant:/home/keerthibaalan/ws_moveit/install/moveit_setup_srdf_plugins:/home/keerthibaalan/ws_moveit/install/moveit_setup_core_plugins:/home/keerthibaalan/ws_moveit/install/moveit_setup_controllers:/home/keerthibaalan/ws_moveit/install/moveit_setup_app_plugins:/home/keerthibaalan/ws_moveit/install/moveit_setup_framework:/home/keerthibaalan/ws_moveit/install/moveit_servo:/home/keerthibaalan/ws_moveit/install/moveit_ros:/home/keerthibaalan/ws_moveit/install/moveit_ros_visualization:/home/keerthibaalan/ws_moveit/install/moveit_py:/home/keerthibaalan/ws_moveit/install/moveit_hybrid_planning:/home/keerthibaalan/ws_moveit/install/moveit_ros_planning_interface:/home/keerthibaalan/ws_moveit/install/moveit_ros_benchmarks:/home/keerthibaalan/ws_moveit/install/moveit_ros_warehouse:/home/keerthibaalan/ws_moveit/install/moveit_ros_robot_interaction:/home/keerthibaalan/ws_moveit/install/moveit_ros_perception:/home/keerthibaalan/ws_moveit/install/moveit_resources_prbt_pg70_support:/home/keerthibaalan/ws_moveit/install/moveit_resources_prbt_moveit_config:/home/keerthibaalan/ws_moveit/install/moveit_ros_move_group:/home/keerthibaalan/ws_moveit/install/moveit_planners_ompl:/home/keerthibaalan/ws_moveit/install/moveit_kinematics:/home/keerthibaalan/ws_moveit/install/moveit_ros_planning:/home/keerthibaalan/ws_moveit/install/moveit_ros_occupancy_map_monitor:/home/keerthibaalan/ws_moveit/install/moveit_resources_prbt_support:/home/keerthibaalan/ws_moveit/install/moveit_resources_prbt_ikfast_manipulator_plugin:/home/keerthibaalan/ws_moveit/install/moveit_resources:/home/keerthibaalan/ws_moveit/install/moveit_resources_pr2_description:/home/keerthibaalan/ws_moveit/install/moveit_resources_panda_moveit_config:/home/keerthibaalan/ws_moveit/install/dual_arm_panda_moveit_config:/home/keerthibaalan/ws_moveit/install/moveit_resources_panda_description:/home/keerthibaalan/ws_moveit/install/moveit_resources_fanuc_moveit_config:/home/keerthibaalan/ws_moveit/install/moveit_resources_fanuc_description:/home/keerthibaalan/ws_moveit/install/moveit_planners_stomp:/home/keerthibaalan/ws_moveit/install/moveit_planners_chomp:/home/keerthibaalan/ws_moveit/install/chomp_motion_planner:/home/keerthibaalan/ws_moveit/install/moveit_core:/home/keerthibaalan/ws_moveit/install/moveit_msgs:/home/keerthibaalan/ws_moveit/install/moveit_common:/home/keerthibaalan/ws_moveit/install/kortex_driver:/home/keerthibaalan/ws_moveit/install/kortex_api:/home/keerthibaalan/ws_moveit/install/moveit_configs_utils:/opt/ros/humble LD_LIBRARY_PATH=/home/keerthibaalan/ROS2_Workspace/ros2industrial_ws/install/fake_ar_publisher/lib:${LD_LIBRARY_PATH} PYTHONPATH=/home/keerthibaalan/ROS2_Workspace/ros2industrial_ws/install/fake_ar_publisher/local/lib/python3.10/dist-packages:${PYTHONPATH} /usr/bin/cmake --build /home/keerthibaalan/ROS2_Workspace/ros2industrial_ws/build/myworkcell_core -- -j24 -l24
[2.346s] [  2%] [34m[1mGenerating C code for ROS interfaces[0m
[2.360s] [  5%] [34m[1mGenerating C++ code for ROS interfaces[0m
[2.366s] [  5%] Built target ament_cmake_python_copy_myworkcell_core
[2.511s] running egg_info
[2.511s] [  8%] Built target myworkcell_core__cpp
[2.511s] [  8%] [32mBuilding C object CMakeFiles/myworkcell_core__rosidl_generator_c.dir/rosidl_generator_c/myworkcell_core/srv/detail/localize_part__functions.c.o[0m
[2.511s] creating myworkcell_core.egg-info
[2.511s] writing myworkcell_core.egg-info/PKG-INFO
[2.511s] writing dependency_links to myworkcell_core.egg-info/dependency_links.txt
[2.511s] writing top-level names to myworkcell_core.egg-info/top_level.txt
[2.512s] writing manifest file 'myworkcell_core.egg-info/SOURCES.txt'
[2.512s] reading manifest file 'myworkcell_core.egg-info/SOURCES.txt'
[2.513s] writing manifest file 'myworkcell_core.egg-info/SOURCES.txt'
[2.523s] [ 14%] [34m[1mGenerating C++ introspection for ROS interfaces[0m
[2.523s] [ 14%] [34m[1mGenerating C++ type support dispatch for ROS interfaces[0m
[2.524s] [ 17%] [34m[1mGenerating C++ type support for eProsima Fast-RTPS[0m
[2.532s] [ 17%] Built target ament_cmake_python_build_myworkcell_core_egg
[2.553s] [ 20%] [32m[1mLinking C shared library libmyworkcell_core__rosidl_generator_c.so[0m
[2.589s] [ 20%] Built target myworkcell_core__rosidl_generator_c
[2.601s] [ 22%] [34m[1mGenerating C type support for eProsima Fast-RTPS[0m
[2.601s] [ 25%] [34m[1mGenerating C type support dispatch for ROS interfaces[0m
[2.603s] [ 28%] [34m[1mGenerating C introspection for ROS interfaces[0m
[2.661s] [ 31%] [32mBuilding CXX object CMakeFiles/myworkcell_core__rosidl_typesupport_cpp.dir/rosidl_typesupport_cpp/myworkcell_core/srv/localize_part__type_support.cpp.o[0m
[2.677s] [ 34%] [32mBuilding CXX object CMakeFiles/myworkcell_core__rosidl_typesupport_introspection_cpp.dir/rosidl_typesupport_introspection_cpp/myworkcell_core/srv/detail/localize_part__type_support.cpp.o[0m
[2.681s] [ 37%] [32mBuilding CXX object CMakeFiles/myworkcell_core__rosidl_typesupport_fastrtps_cpp.dir/rosidl_typesupport_fastrtps_cpp/myworkcell_core/srv/detail/dds_fastrtps/localize_part__type_support.cpp.o[0m
[2.737s] [ 40%] [32mBuilding CXX object CMakeFiles/myworkcell_core__rosidl_typesupport_c.dir/rosidl_typesupport_c/myworkcell_core/srv/localize_part__type_support.cpp.o[0m
[2.756s] [ 42%] [32mBuilding CXX object CMakeFiles/myworkcell_core__rosidl_typesupport_fastrtps_c.dir/rosidl_typesupport_fastrtps_c/myworkcell_core/srv/detail/localize_part__type_support_c.cpp.o[0m
[2.763s] [ 45%] [32mBuilding C object CMakeFiles/myworkcell_core__rosidl_typesupport_introspection_c.dir/rosidl_typesupport_introspection_c/myworkcell_core/srv/detail/localize_part__type_support.c.o[0m
[2.765s] [ 48%] [32m[1mLinking CXX shared library libmyworkcell_core__rosidl_typesupport_c.so[0m
[2.796s] [ 51%] [32m[1mLinking C shared library libmyworkcell_core__rosidl_typesupport_introspection_c.so[0m
[2.803s] [ 51%] Built target myworkcell_core__rosidl_typesupport_c
[2.807s] [ 54%] [32m[1mLinking CXX shared library libmyworkcell_core__rosidl_typesupport_cpp.so[0m
[2.829s] [ 54%] Built target myworkcell_core__rosidl_typesupport_introspection_c
[2.843s] [ 54%] Built target myworkcell_core__rosidl_typesupport_cpp
[2.868s] [ 57%] [32mBuilding CXX object CMakeFiles/myworkcell_node.dir/src/myworkcell_node.cpp.o[0m
[2.870s] [ 60%] [32mBuilding CXX object CMakeFiles/vision_node.dir/src/vision_node.cpp.o[0m
[2.876s] [ 62%] [32m[1mLinking CXX shared library libmyworkcell_core__rosidl_typesupport_introspection_cpp.so[0m
[2.890s] [ 65%] [32m[1mLinking CXX shared library libmyworkcell_core__rosidl_typesupport_fastrtps_cpp.so[0m
[2.926s] [ 65%] Built target myworkcell_core__rosidl_typesupport_introspection_cpp
[2.938s] [ 68%] [32m[1mLinking CXX shared library libmyworkcell_core__rosidl_typesupport_fastrtps_c.so[0m
[2.944s] [ 68%] Built target myworkcell_core__rosidl_typesupport_fastrtps_cpp
[2.992s] [ 68%] Built target myworkcell_core__rosidl_typesupport_fastrtps_c
[3.017s] [ 68%] Built target myworkcell_core
[3.041s] [ 71%] [34m[1mGenerating Python code for ROS interfaces[0m
[3.235s] [ 71%] Built target myworkcell_core__py
[3.259s] [ 74%] [32mBuilding C object CMakeFiles/myworkcell_core__rosidl_generator_py.dir/rosidl_generator_py/myworkcell_core/srv/_localize_part_s.c.o[0m
[3.326s] [ 77%] [32m[1mLinking C shared library rosidl_generator_py/myworkcell_core/libmyworkcell_core__rosidl_generator_py.so[0m
[3.365s] [ 77%] Built target myworkcell_core__rosidl_generator_py
[3.391s] [ 82%] [32mBuilding C object CMakeFiles/myworkcell_core__rosidl_typesupport_introspection_c__pyext.dir/rosidl_generator_py/myworkcell_core/_myworkcell_core_s.ep.rosidl_typesupport_introspection_c.c.o[0m
[3.391s] [ 82%] [32mBuilding C object CMakeFiles/myworkcell_core__rosidl_typesupport_c__pyext.dir/rosidl_generator_py/myworkcell_core/_myworkcell_core_s.ep.rosidl_typesupport_c.c.o[0m
[3.391s] [ 85%] [32mBuilding C object CMakeFiles/myworkcell_core__rosidl_typesupport_fastrtps_c__pyext.dir/rosidl_generator_py/myworkcell_core/_myworkcell_core_s.ep.rosidl_typesupport_fastrtps_c.c.o[0m
[3.460s] [ 88%] [32m[1mLinking C shared library rosidl_generator_py/myworkcell_core/myworkcell_core_s__rosidl_typesupport_c.cpython-310-x86_64-linux-gnu.so[0m
[3.460s] [ 94%] [32m[1mLinking C shared library rosidl_generator_py/myworkcell_core/myworkcell_core_s__rosidl_typesupport_introspection_c.cpython-310-x86_64-linux-gnu.so[0m
[3.460s] [ 94%] [32m[1mLinking C shared library rosidl_generator_py/myworkcell_core/myworkcell_core_s__rosidl_typesupport_fastrtps_c.cpython-310-x86_64-linux-gnu.so[0m
[3.498s] [ 94%] Built target myworkcell_core__rosidl_typesupport_fastrtps_c__pyext
[3.499s] [ 94%] Built target myworkcell_core__rosidl_typesupport_c__pyext
[3.499s] [ 94%] Built target myworkcell_core__rosidl_typesupport_introspection_c__pyext
[4.635s] [ 97%] [32m[1mLinking CXX executable myworkcell_node[0m
[4.719s] [ 97%] Built target myworkcell_node
[7.516s] [100%] [32m[1mLinking CXX executable vision_node[0m
[7.751s] [100%] Built target vision_node
[7.772s] Invoked command in '/home/keerthibaalan/ROS2_Workspace/ros2industrial_ws/build/myworkcell_core' returned '0': AMENT_PREFIX_PATH=/home/keerthibaalan/ROS2_Workspace/ros2industrial_ws/install/fake_ar_publisher:${AMENT_PREFIX_PATH} CMAKE_PREFIX_PATH=/home/keerthibaalan/ROS2_Workspace/ros2industrial_ws/install/fake_ar_publisher:/home/keerthibaalan/ws_moveit/install/robotiq_hardware_tests:/home/keerthibaalan/ws_moveit/install/robotiq_driver:/home/keerthibaalan/ws_moveit/install/serial:/home/keerthibaalan/ws_moveit/install/moveit2_tutorials:/home/keerthibaalan/ws_moveit/install/moveit_visual_tools:/home/keerthibaalan/ws_moveit/install/rviz_visual_tools:/home/keerthibaalan/ws_moveit/install/moveit_task_constructor_visualization:/home/keerthibaalan/ws_moveit/install/moveit_task_constructor_demo:/home/keerthibaalan/ws_moveit/install/moveit_task_constructor_capabilities:/home/keerthibaalan/ws_moveit/install/moveit_task_constructor_core:/home/keerthibaalan/ws_moveit/install/rviz_marker_tools:/home/keerthibaalan/ws_moveit/install/kortex_bringup:/home/keerthibaalan/ws_moveit/install/kinova_gen3_7dof_robotiq_2f_85_moveit_config:/home/keerthibaalan/ws_moveit/install/kinova_gen3_6dof_robotiq_2f_85_moveit_config:/home/keerthibaalan/ws_moveit/install/kortex_description:/home/keerthibaalan/ws_moveit/install/robotiq_description:/home/keerthibaalan/ws_moveit/install/robotiq_controllers:/home/keerthibaalan/ws_moveit/install/pilz_industrial_motion_planner_testutils:/home/keerthibaalan/ws_moveit/install/moveit_runtime:/home/keerthibaalan/ws_moveit/install/moveit:/home/keerthibaalan/ws_moveit/install/moveit_planners:/home/keerthibaalan/ws_moveit/install/pilz_industrial_motion_planner:/home/keerthibaalan/ws_moveit/install/pick_ik:/home/keerthibaalan/ws_moveit/install/moveit_task_constructor_msgs:/home/keerthibaalan/ws_moveit/install/moveit_ros_control_interface:/home/keerthibaalan/ws_moveit/install/moveit_plugins:/home/keerthibaalan/ws_moveit/install/moveit_simple_controller_manager:/home/keerthibaalan/ws_moveit/install/moveit_setup_assistant:/home/keerthibaalan/ws_moveit/install/moveit_setup_srdf_plugins:/home/keerthibaalan/ws_moveit/install/moveit_setup_core_plugins:/home/keerthibaalan/ws_moveit/install/moveit_setup_controllers:/home/keerthibaalan/ws_moveit/install/moveit_setup_app_plugins:/home/keerthibaalan/ws_moveit/install/moveit_setup_framework:/home/keerthibaalan/ws_moveit/install/moveit_servo:/home/keerthibaalan/ws_moveit/install/moveit_ros:/home/keerthibaalan/ws_moveit/install/moveit_ros_visualization:/home/keerthibaalan/ws_moveit/install/moveit_py:/home/keerthibaalan/ws_moveit/install/moveit_hybrid_planning:/home/keerthibaalan/ws_moveit/install/moveit_ros_planning_interface:/home/keerthibaalan/ws_moveit/install/moveit_ros_benchmarks:/home/keerthibaalan/ws_moveit/install/moveit_ros_warehouse:/home/keerthibaalan/ws_moveit/install/moveit_ros_robot_interaction:/home/keerthibaalan/ws_moveit/install/moveit_ros_perception:/home/keerthibaalan/ws_moveit/install/moveit_resources_prbt_pg70_support:/home/keerthibaalan/ws_moveit/install/moveit_resources_prbt_moveit_config:/home/keerthibaalan/ws_moveit/install/moveit_ros_move_group:/home/keerthibaalan/ws_moveit/install/moveit_planners_ompl:/home/keerthibaalan/ws_moveit/install/moveit_kinematics:/home/keerthibaalan/ws_moveit/install/moveit_ros_planning:/home/keerthibaalan/ws_moveit/install/moveit_ros_occupancy_map_monitor:/home/keerthibaalan/ws_moveit/install/moveit_resources_prbt_support:/home/keerthibaalan/ws_moveit/install/moveit_resources_prbt_ikfast_manipulator_plugin:/home/keerthibaalan/ws_moveit/install/moveit_resources:/home/keerthibaalan/ws_moveit/install/moveit_resources_pr2_description:/home/keerthibaalan/ws_moveit/install/moveit_resources_panda_moveit_config:/home/keerthibaalan/ws_moveit/install/dual_arm_panda_moveit_config:/home/keerthibaalan/ws_moveit/install/moveit_resources_panda_description:/home/keerthibaalan/ws_moveit/install/moveit_resources_fanuc_moveit_config:/home/keerthibaalan/ws_moveit/install/moveit_resources_fanuc_description:/home/keerthibaalan/ws_moveit/install/moveit_planners_stomp:/home/keerthibaalan/ws_moveit/install/moveit_planners_chomp:/home/keerthibaalan/ws_moveit/install/chomp_motion_planner:/home/keerthibaalan/ws_moveit/install/moveit_core:/home/keerthibaalan/ws_moveit/install/moveit_msgs:/home/keerthibaalan/ws_moveit/install/moveit_common:/home/keerthibaalan/ws_moveit/install/kortex_driver:/home/keerthibaalan/ws_moveit/install/kortex_api:/home/keerthibaalan/ws_moveit/install/moveit_configs_utils:/opt/ros/humble LD_LIBRARY_PATH=/home/keerthibaalan/ROS2_Workspace/ros2industrial_ws/install/fake_ar_publisher/lib:${LD_LIBRARY_PATH} PYTHONPATH=/home/keerthibaalan/ROS2_Workspace/ros2industrial_ws/install/fake_ar_publisher/local/lib/python3.10/dist-packages:${PYTHONPATH} /usr/bin/cmake --build /home/keerthibaalan/ROS2_Workspace/ros2industrial_ws/build/myworkcell_core -- -j24 -l24
[7.885s] Invoking command in '/home/keerthibaalan/ROS2_Workspace/ros2industrial_ws/build/myworkcell_core': AMENT_PREFIX_PATH=/home/keerthibaalan/ROS2_Workspace/ros2industrial_ws/install/fake_ar_publisher:${AMENT_PREFIX_PATH} CMAKE_PREFIX_PATH=/home/keerthibaalan/ROS2_Workspace/ros2industrial_ws/install/fake_ar_publisher:/home/keerthibaalan/ws_moveit/install/robotiq_hardware_tests:/home/keerthibaalan/ws_moveit/install/robotiq_driver:/home/keerthibaalan/ws_moveit/install/serial:/home/keerthibaalan/ws_moveit/install/moveit2_tutorials:/home/keerthibaalan/ws_moveit/install/moveit_visual_tools:/home/keerthibaalan/ws_moveit/install/rviz_visual_tools:/home/keerthibaalan/ws_moveit/install/moveit_task_constructor_visualization:/home/keerthibaalan/ws_moveit/install/moveit_task_constructor_demo:/home/keerthibaalan/ws_moveit/install/moveit_task_constructor_capabilities:/home/keerthibaalan/ws_moveit/install/moveit_task_constructor_core:/home/keerthibaalan/ws_moveit/install/rviz_marker_tools:/home/keerthibaalan/ws_moveit/install/kortex_bringup:/home/keerthibaalan/ws_moveit/install/kinova_gen3_7dof_robotiq_2f_85_moveit_config:/home/keerthibaalan/ws_moveit/install/kinova_gen3_6dof_robotiq_2f_85_moveit_config:/home/keerthibaalan/ws_moveit/install/kortex_description:/home/keerthibaalan/ws_moveit/install/robotiq_description:/home/keerthibaalan/ws_moveit/install/robotiq_controllers:/home/keerthibaalan/ws_moveit/install/pilz_industrial_motion_planner_testutils:/home/keerthibaalan/ws_moveit/install/moveit_runtime:/home/keerthibaalan/ws_moveit/install/moveit:/home/keerthibaalan/ws_moveit/install/moveit_planners:/home/keerthibaalan/ws_moveit/install/pilz_industrial_motion_planner:/home/keerthibaalan/ws_moveit/install/pick_ik:/home/keerthibaalan/ws_moveit/install/moveit_task_constructor_msgs:/home/keerthibaalan/ws_moveit/install/moveit_ros_control_interface:/home/keerthibaalan/ws_moveit/install/moveit_plugins:/home/keerthibaalan/ws_moveit/install/moveit_simple_controller_manager:/home/keerthibaalan/ws_moveit/install/moveit_setup_assistant:/home/keerthibaalan/ws_moveit/install/moveit_setup_srdf_plugins:/home/keerthibaalan/ws_moveit/install/moveit_setup_core_plugins:/home/keerthibaalan/ws_moveit/install/moveit_setup_controllers:/home/keerthibaalan/ws_moveit/install/moveit_setup_app_plugins:/home/keerthibaalan/ws_moveit/install/moveit_setup_framework:/home/keerthibaalan/ws_moveit/install/moveit_servo:/home/keerthibaalan/ws_moveit/install/moveit_ros:/home/keerthibaalan/ws_moveit/install/moveit_ros_visualization:/home/keerthibaalan/ws_moveit/install/moveit_py:/home/keerthibaalan/ws_moveit/install/moveit_hybrid_planning:/home/keerthibaalan/ws_moveit/install/moveit_ros_planning_interface:/home/keerthibaalan/ws_moveit/install/moveit_ros_benchmarks:/home/keerthibaalan/ws_moveit/install/moveit_ros_warehouse:/home/keerthibaalan/ws_moveit/install/moveit_ros_robot_interaction:/home/keerthibaalan/ws_moveit/install/moveit_ros_perception:/home/keerthibaalan/ws_moveit/install/moveit_resources_prbt_pg70_support:/home/keerthibaalan/ws_moveit/install/moveit_resources_prbt_moveit_config:/home/keerthibaalan/ws_moveit/install/moveit_ros_move_group:/home/keerthibaalan/ws_moveit/install/moveit_planners_ompl:/home/keerthibaalan/ws_moveit/install/moveit_kinematics:/home/keerthibaalan/ws_moveit/install/moveit_ros_planning:/home/keerthibaalan/ws_moveit/install/moveit_ros_occupancy_map_monitor:/home/keerthibaalan/ws_moveit/install/moveit_resources_prbt_support:/home/keerthibaalan/ws_moveit/install/moveit_resources_prbt_ikfast_manipulator_plugin:/home/keerthibaalan/ws_moveit/install/moveit_resources:/home/keerthibaalan/ws_moveit/install/moveit_resources_pr2_description:/home/keerthibaalan/ws_moveit/install/moveit_resources_panda_moveit_config:/home/keerthibaalan/ws_moveit/install/dual_arm_panda_moveit_config:/home/keerthibaalan/ws_moveit/install/moveit_resources_panda_description:/home/keerthibaalan/ws_moveit/install/moveit_resources_fanuc_moveit_config:/home/keerthibaalan/ws_moveit/install/moveit_resources_fanuc_description:/home/keerthibaalan/ws_moveit/install/moveit_planners_stomp:/home/keerthibaalan/ws_moveit/install/moveit_planners_chomp:/home/keerthibaalan/ws_moveit/install/chomp_motion_planner:/home/keerthibaalan/ws_moveit/install/moveit_core:/home/keerthibaalan/ws_moveit/install/moveit_msgs:/home/keerthibaalan/ws_moveit/install/moveit_common:/home/keerthibaalan/ws_moveit/install/kortex_driver:/home/keerthibaalan/ws_moveit/install/kortex_api:/home/keerthibaalan/ws_moveit/install/moveit_configs_utils:/opt/ros/humble LD_LIBRARY_PATH=/home/keerthibaalan/ROS2_Workspace/ros2industrial_ws/install/fake_ar_publisher/lib:${LD_LIBRARY_PATH} PYTHONPATH=/home/keerthibaalan/ROS2_Workspace/ros2industrial_ws/install/fake_ar_publisher/local/lib/python3.10/dist-packages:${PYTHONPATH} /usr/bin/cmake --install /home/keerthibaalan/ROS2_Workspace/ros2industrial_ws/build/myworkcell_core
[7.893s] -- Install configuration: ""
[7.893s] -- Installing: /home/keerthibaalan/ROS2_Workspace/ros2industrial_ws/install/myworkcell_core/share/ament_index/resource_index/rosidl_interfaces/myworkcell_core
[7.894s] -- Installing: /home/keerthibaalan/ROS2_Workspace/ros2industrial_ws/install/myworkcell_core/include/myworkcell_core/myworkcell_core
[7.894s] -- Installing: /home/keerthibaalan/ROS2_Workspace/ros2industrial_ws/install/myworkcell_core/include/myworkcell_core/myworkcell_core/msg
[7.894s] -- Installing: /home/keerthibaalan/ROS2_Workspace/ros2industrial_ws/install/myworkcell_core/include/myworkcell_core/myworkcell_core/msg/rosidl_generator_c__visibility_control.h
[7.894s] -- Installing: /home/keerthibaalan/ROS2_Workspace/ros2industrial_ws/install/myworkcell_core/include/myworkcell_core/myworkcell_core/srv
[7.894s] -- Installing: /home/keerthibaalan/ROS2_Workspace/ros2industrial_ws/install/myworkcell_core/include/myworkcell_core/myworkcell_core/srv/localize_part.h
[7.894s] -- Installing: /home/keerthibaalan/ROS2_Workspace/ros2industrial_ws/install/myworkcell_core/include/myworkcell_core/myworkcell_core/srv/detail
[7.894s] -- Installing: /home/keerthibaalan/ROS2_Workspace/ros2industrial_ws/install/myworkcell_core/include/myworkcell_core/myworkcell_core/srv/detail/localize_part__functions.c
[7.894s] -- Installing: /home/keerthibaalan/ROS2_Workspace/ros2industrial_ws/install/myworkcell_core/include/myworkcell_core/myworkcell_core/srv/detail/localize_part__functions.h
[7.894s] -- Installing: /home/keerthibaalan/ROS2_Workspace/ros2industrial_ws/install/myworkcell_core/include/myworkcell_core/myworkcell_core/srv/detail/localize_part__struct.h
[7.894s] -- Installing: /home/keerthibaalan/ROS2_Workspace/ros2industrial_ws/install/myworkcell_core/include/myworkcell_core/myworkcell_core/srv/detail/localize_part__type_support.h
[7.894s] -- Installing: /home/keerthibaalan/ROS2_Workspace/ros2industrial_ws/install/myworkcell_core/share/myworkcell_core/environment/library_path.sh
[7.895s] -- Installing: /home/keerthibaalan/ROS2_Workspace/ros2industrial_ws/install/myworkcell_core/share/myworkcell_core/environment/library_path.dsv
[7.895s] -- Installing: /home/keerthibaalan/ROS2_Workspace/ros2industrial_ws/install/myworkcell_core/lib/libmyworkcell_core__rosidl_generator_c.so
[7.895s] -- Set runtime path of "/home/keerthibaalan/ROS2_Workspace/ros2industrial_ws/install/myworkcell_core/lib/libmyworkcell_core__rosidl_generator_c.so" to ""
[7.895s] -- Up-to-date: /home/keerthibaalan/ROS2_Workspace/ros2industrial_ws/install/myworkcell_core/include/myworkcell_core/myworkcell_core
[7.895s] -- Up-to-date: /home/keerthibaalan/ROS2_Workspace/ros2industrial_ws/install/myworkcell_core/include/myworkcell_core/myworkcell_core/msg
[7.895s] -- Installing: /home/keerthibaalan/ROS2_Workspace/ros2industrial_ws/install/myworkcell_core/include/myworkcell_core/myworkcell_core/msg/rosidl_typesupport_fastrtps_c__visibility_control.h
[7.895s] -- Up-to-date: /home/keerthibaalan/ROS2_Workspace/ros2industrial_ws/install/myworkcell_core/include/myworkcell_core/myworkcell_core/srv
[7.895s] -- Up-to-date: /home/keerthibaalan/ROS2_Workspace/ros2industrial_ws/install/myworkcell_core/include/myworkcell_core/myworkcell_core/srv/detail
[7.895s] -- Installing: /home/keerthibaalan/ROS2_Workspace/ros2industrial_ws/install/myworkcell_core/include/myworkcell_core/myworkcell_core/srv/detail/localize_part__rosidl_typesupport_fastrtps_c.h
[7.895s] -- Installing: /home/keerthibaalan/ROS2_Workspace/ros2industrial_ws/install/myworkcell_core/lib/libmyworkcell_core__rosidl_typesupport_fastrtps_c.so
[7.895s] -- Set runtime path of "/home/keerthibaalan/ROS2_Workspace/ros2industrial_ws/install/myworkcell_core/lib/libmyworkcell_core__rosidl_typesupport_fastrtps_c.so" to ""
[7.895s] -- Up-to-date: /home/keerthibaalan/ROS2_Workspace/ros2industrial_ws/install/myworkcell_core/include/myworkcell_core/myworkcell_core
[7.895s] -- Up-to-date: /home/keerthibaalan/ROS2_Workspace/ros2industrial_ws/install/myworkcell_core/include/myworkcell_core/myworkcell_core/srv
[7.895s] -- Installing: /home/keerthibaalan/ROS2_Workspace/ros2industrial_ws/install/myworkcell_core/include/myworkcell_core/myworkcell_core/srv/localize_part.hpp
[7.896s] -- Up-to-date: /home/keerthibaalan/ROS2_Workspace/ros2industrial_ws/install/myworkcell_core/include/myworkcell_core/myworkcell_core/srv/detail
[7.896s] -- Installing: /home/keerthibaalan/ROS2_Workspace/ros2industrial_ws/install/myworkcell_core/include/myworkcell_core/myworkcell_core/srv/detail/localize_part__traits.hpp
[7.896s] -- Installing: /home/keerthibaalan/ROS2_Workspace/ros2industrial_ws/install/myworkcell_core/include/myworkcell_core/myworkcell_core/srv/detail/localize_part__struct.hpp
[7.896s] -- Installing: /home/keerthibaalan/ROS2_Workspace/ros2industrial_ws/install/myworkcell_core/include/myworkcell_core/myworkcell_core/srv/detail/localize_part__builder.hpp
[7.896s] -- Up-to-date: /home/keerthibaalan/ROS2_Workspace/ros2industrial_ws/install/myworkcell_core/include/myworkcell_core/myworkcell_core
[7.896s] -- Up-to-date: /home/keerthibaalan/ROS2_Workspace/ros2industrial_ws/install/myworkcell_core/include/myworkcell_core/myworkcell_core/msg
[7.896s] -- Installing: /home/keerthibaalan/ROS2_Workspace/ros2industrial_ws/install/myworkcell_core/include/myworkcell_core/myworkcell_core/msg/rosidl_typesupport_fastrtps_cpp__visibility_control.h
[7.896s] -- Up-to-date: /home/keerthibaalan/ROS2_Workspace/ros2industrial_ws/install/myworkcell_core/include/myworkcell_core/myworkcell_core/srv
[7.896s] -- Up-to-date: /home/keerthibaalan/ROS2_Workspace/ros2industrial_ws/install/myworkcell_core/include/myworkcell_core/myworkcell_core/srv/detail
[7.896s] -- Installing: /home/keerthibaalan/ROS2_Workspace/ros2industrial_ws/install/myworkcell_core/include/myworkcell_core/myworkcell_core/srv/detail/localize_part__rosidl_typesupport_fastrtps_cpp.hpp
[7.896s] -- Installing: /home/keerthibaalan/ROS2_Workspace/ros2industrial_ws/install/myworkcell_core/include/myworkcell_core/myworkcell_core/srv/detail/dds_fastrtps
[7.896s] -- Installing: /home/keerthibaalan/ROS2_Workspace/ros2industrial_ws/install/myworkcell_core/lib/libmyworkcell_core__rosidl_typesupport_fastrtps_cpp.so
[7.896s] -- Set runtime path of "/home/keerthibaalan/ROS2_Workspace/ros2industrial_ws/install/myworkcell_core/lib/libmyworkcell_core__rosidl_typesupport_fastrtps_cpp.so" to ""
[7.896s] -- Up-to-date: /home/keerthibaalan/ROS2_Workspace/ros2industrial_ws/install/myworkcell_core/include/myworkcell_core/myworkcell_core
[7.896s] -- Up-to-date: /home/keerthibaalan/ROS2_Workspace/ros2industrial_ws/install/myworkcell_core/include/myworkcell_core/myworkcell_core/msg
[7.896s] -- Installing: /home/keerthibaalan/ROS2_Workspace/ros2industrial_ws/install/myworkcell_core/include/myworkcell_core/myworkcell_core/msg/rosidl_typesupport_introspection_c__visibility_control.h
[7.897s] -- Up-to-date: /home/keerthibaalan/ROS2_Workspace/ros2industrial_ws/install/myworkcell_core/include/myworkcell_core/myworkcell_core/srv
[7.897s] -- Up-to-date: /home/keerthibaalan/ROS2_Workspace/ros2industrial_ws/install/myworkcell_core/include/myworkcell_core/myworkcell_core/srv/detail
[7.897s] -- Installing: /home/keerthibaalan/ROS2_Workspace/ros2industrial_ws/install/myworkcell_core/include/myworkcell_core/myworkcell_core/srv/detail/localize_part__rosidl_typesupport_introspection_c.h
[7.897s] -- Installing: /home/keerthibaalan/ROS2_Workspace/ros2industrial_ws/install/myworkcell_core/include/myworkcell_core/myworkcell_core/srv/detail/localize_part__type_support.c
[7.897s] -- Installing: /home/keerthibaalan/ROS2_Workspace/ros2industrial_ws/install/myworkcell_core/lib/libmyworkcell_core__rosidl_typesupport_introspection_c.so
[7.897s] -- Set runtime path of "/home/keerthibaalan/ROS2_Workspace/ros2industrial_ws/install/myworkcell_core/lib/libmyworkcell_core__rosidl_typesupport_introspection_c.so" to ""
[7.897s] -- Installing: /home/keerthibaalan/ROS2_Workspace/ros2industrial_ws/install/myworkcell_core/lib/libmyworkcell_core__rosidl_typesupport_c.so
[7.897s] -- Set runtime path of "/home/keerthibaalan/ROS2_Workspace/ros2industrial_ws/install/myworkcell_core/lib/libmyworkcell_core__rosidl_typesupport_c.so" to ""
[7.897s] -- Up-to-date: /home/keerthibaalan/ROS2_Workspace/ros2industrial_ws/install/myworkcell_core/include/myworkcell_core/myworkcell_core
[7.897s] -- Up-to-date: /home/keerthibaalan/ROS2_Workspace/ros2industrial_ws/install/myworkcell_core/include/myworkcell_core/myworkcell_core/srv
[7.897s] -- Up-to-date: /home/keerthibaalan/ROS2_Workspace/ros2industrial_ws/install/myworkcell_core/include/myworkcell_core/myworkcell_core/srv/detail
[7.897s] -- Installing: /home/keerthibaalan/ROS2_Workspace/ros2industrial_ws/install/myworkcell_core/include/myworkcell_core/myworkcell_core/srv/detail/localize_part__type_support.cpp
[7.897s] -- Installing: /home/keerthibaalan/ROS2_Workspace/ros2industrial_ws/install/myworkcell_core/include/myworkcell_core/myworkcell_core/srv/detail/localize_part__rosidl_typesupport_introspection_cpp.hpp
[7.897s] -- Installing: /home/keerthibaalan/ROS2_Workspace/ros2industrial_ws/install/myworkcell_core/lib/libmyworkcell_core__rosidl_typesupport_introspection_cpp.so
[7.898s] -- Set runtime path of "/home/keerthibaalan/ROS2_Workspace/ros2industrial_ws/install/myworkcell_core/lib/libmyworkcell_core__rosidl_typesupport_introspection_cpp.so" to ""
[7.898s] -- Installing: /home/keerthibaalan/ROS2_Workspace/ros2industrial_ws/install/myworkcell_core/lib/libmyworkcell_core__rosidl_typesupport_cpp.so
[7.898s] -- Set runtime path of "/home/keerthibaalan/ROS2_Workspace/ros2industrial_ws/install/myworkcell_core/lib/libmyworkcell_core__rosidl_typesupport_cpp.so" to ""
[7.898s] -- Installing: /home/keerthibaalan/ROS2_Workspace/ros2industrial_ws/install/myworkcell_core/share/myworkcell_core/environment/pythonpath.sh
[7.898s] -- Installing: /home/keerthibaalan/ROS2_Workspace/ros2industrial_ws/install/myworkcell_core/share/myworkcell_core/environment/pythonpath.dsv
[7.898s] -- Installing: /home/keerthibaalan/ROS2_Workspace/ros2industrial_ws/install/myworkcell_core/local/lib/python3.10/dist-packages/myworkcell_core-0.0.0-py3.10.egg-info
[7.898s] -- Installing: /home/keerthibaalan/ROS2_Workspace/ros2industrial_ws/install/myworkcell_core/local/lib/python3.10/dist-packages/myworkcell_core-0.0.0-py3.10.egg-info/SOURCES.txt
[7.898s] -- Installing: /home/keerthibaalan/ROS2_Workspace/ros2industrial_ws/install/myworkcell_core/local/lib/python3.10/dist-packages/myworkcell_core-0.0.0-py3.10.egg-info/PKG-INFO
[7.898s] -- Installing: /home/keerthibaalan/ROS2_Workspace/ros2industrial_ws/install/myworkcell_core/local/lib/python3.10/dist-packages/myworkcell_core-0.0.0-py3.10.egg-info/top_level.txt
[7.898s] -- Installing: /home/keerthibaalan/ROS2_Workspace/ros2industrial_ws/install/myworkcell_core/local/lib/python3.10/dist-packages/myworkcell_core-0.0.0-py3.10.egg-info/dependency_links.txt
[7.898s] -- Installing: /home/keerthibaalan/ROS2_Workspace/ros2industrial_ws/install/myworkcell_core/local/lib/python3.10/dist-packages/myworkcell_core
[7.898s] -- Installing: /home/keerthibaalan/ROS2_Workspace/ros2industrial_ws/install/myworkcell_core/local/lib/python3.10/dist-packages/myworkcell_core/myworkcell_core_s__rosidl_typesupport_c.cpython-310-x86_64-linux-gnu.so
[7.899s] -- Installing: /home/keerthibaalan/ROS2_Workspace/ros2industrial_ws/install/myworkcell_core/local/lib/python3.10/dist-packages/myworkcell_core/myworkcell_core_s__rosidl_typesupport_fastrtps_c.cpython-310-x86_64-linux-gnu.so
[7.899s] -- Installing: /home/keerthibaalan/ROS2_Workspace/ros2industrial_ws/install/myworkcell_core/local/lib/python3.10/dist-packages/myworkcell_core/_myworkcell_core_s.ep.rosidl_typesupport_introspection_c.c
[7.899s] -- Installing: /home/keerthibaalan/ROS2_Workspace/ros2industrial_ws/install/myworkcell_core/local/lib/python3.10/dist-packages/myworkcell_core/_myworkcell_core_s.ep.rosidl_typesupport_fastrtps_c.c
[7.899s] -- Installing: /home/keerthibaalan/ROS2_Workspace/ros2industrial_ws/install/myworkcell_core/local/lib/python3.10/dist-packages/myworkcell_core/_myworkcell_core_s.ep.rosidl_typesupport_c.c
[7.899s] -- Installing: /home/keerthibaalan/ROS2_Workspace/ros2industrial_ws/install/myworkcell_core/local/lib/python3.10/dist-packages/myworkcell_core/myworkcell_core_s__rosidl_typesupport_introspection_c.cpython-310-x86_64-linux-gnu.so
[7.899s] -- Installing: /home/keerthibaalan/ROS2_Workspace/ros2industrial_ws/install/myworkcell_core/local/lib/python3.10/dist-packages/myworkcell_core/libmyworkcell_core__rosidl_generator_py.so
[7.899s] -- Installing: /home/keerthibaalan/ROS2_Workspace/ros2industrial_ws/install/myworkcell_core/local/lib/python3.10/dist-packages/myworkcell_core/__init__.py
[7.899s] -- Installing: /home/keerthibaalan/ROS2_Workspace/ros2industrial_ws/install/myworkcell_core/local/lib/python3.10/dist-packages/myworkcell_core/srv
[7.899s] -- Installing: /home/keerthibaalan/ROS2_Workspace/ros2industrial_ws/install/myworkcell_core/local/lib/python3.10/dist-packages/myworkcell_core/srv/_localize_part.py
[7.899s] -- Installing: /home/keerthibaalan/ROS2_Workspace/ros2industrial_ws/install/myworkcell_core/local/lib/python3.10/dist-packages/myworkcell_core/srv/__init__.py
[7.899s] -- Installing: /home/keerthibaalan/ROS2_Workspace/ros2industrial_ws/install/myworkcell_core/local/lib/python3.10/dist-packages/myworkcell_core/srv/_localize_part_s.c
[7.920s] Listing '/home/keerthibaalan/ROS2_Workspace/ros2industrial_ws/install/myworkcell_core/local/lib/python3.10/dist-packages/myworkcell_core'...
[7.920s] Compiling '/home/keerthibaalan/ROS2_Workspace/ros2industrial_ws/install/myworkcell_core/local/lib/python3.10/dist-packages/myworkcell_core/__init__.py'...
[7.920s] Listing '/home/keerthibaalan/ROS2_Workspace/ros2industrial_ws/install/myworkcell_core/local/lib/python3.10/dist-packages/myworkcell_core/srv'...
[7.920s] Compiling '/home/keerthibaalan/ROS2_Workspace/ros2industrial_ws/install/myworkcell_core/local/lib/python3.10/dist-packages/myworkcell_core/srv/__init__.py'...
[7.920s] Compiling '/home/keerthibaalan/ROS2_Workspace/ros2industrial_ws/install/myworkcell_core/local/lib/python3.10/dist-packages/myworkcell_core/srv/_localize_part.py'...
[7.923s] -- Installing: /home/keerthibaalan/ROS2_Workspace/ros2industrial_ws/install/myworkcell_core/local/lib/python3.10/dist-packages/myworkcell_core/myworkcell_core_s__rosidl_typesupport_fastrtps_c.cpython-310-x86_64-linux-gnu.so
[7.923s] -- Set runtime path of "/home/keerthibaalan/ROS2_Workspace/ros2industrial_ws/install/myworkcell_core/local/lib/python3.10/dist-packages/myworkcell_core/myworkcell_core_s__rosidl_typesupport_fastrtps_c.cpython-310-x86_64-linux-gnu.so" to ""
[7.923s] -- Installing: /home/keerthibaalan/ROS2_Workspace/ros2industrial_ws/install/myworkcell_core/local/lib/python3.10/dist-packages/myworkcell_core/myworkcell_core_s__rosidl_typesupport_introspection_c.cpython-310-x86_64-linux-gnu.so
[7.923s] -- Set runtime path of "/home/keerthibaalan/ROS2_Workspace/ros2industrial_ws/install/myworkcell_core/local/lib/python3.10/dist-packages/myworkcell_core/myworkcell_core_s__rosidl_typesupport_introspection_c.cpython-310-x86_64-linux-gnu.so" to ""
[7.923s] -- Installing: /home/keerthibaalan/ROS2_Workspace/ros2industrial_ws/install/myworkcell_core/local/lib/python3.10/dist-packages/myworkcell_core/myworkcell_core_s__rosidl_typesupport_c.cpython-310-x86_64-linux-gnu.so
[7.923s] -- Set runtime path of "/home/keerthibaalan/ROS2_Workspace/ros2industrial_ws/install/myworkcell_core/local/lib/python3.10/dist-packages/myworkcell_core/myworkcell_core_s__rosidl_typesupport_c.cpython-310-x86_64-linux-gnu.so" to ""
[7.923s] -- Installing: /home/keerthibaalan/ROS2_Workspace/ros2industrial_ws/install/myworkcell_core/lib/libmyworkcell_core__rosidl_generator_py.so
[7.924s] -- Set runtime path of "/home/keerthibaalan/ROS2_Workspace/ros2industrial_ws/install/myworkcell_core/lib/libmyworkcell_core__rosidl_generator_py.so" to ""
[7.924s] -- Installing: /home/keerthibaalan/ROS2_Workspace/ros2industrial_ws/install/myworkcell_core/share/myworkcell_core/srv/LocalizePart.idl
[7.924s] -- Installing: /home/keerthibaalan/ROS2_Workspace/ros2industrial_ws/install/myworkcell_core/share/myworkcell_core/srv/LocalizePart.srv
[7.924s] -- Installing: /home/keerthibaalan/ROS2_Workspace/ros2industrial_ws/install/myworkcell_core/share/myworkcell_core/srv/LocalizePart_Request.msg
[7.924s] -- Installing: /home/keerthibaalan/ROS2_Workspace/ros2industrial_ws/install/myworkcell_core/share/myworkcell_core/srv/LocalizePart_Response.msg
[7.924s] -- Installing: /home/keerthibaalan/ROS2_Workspace/ros2industrial_ws/install/myworkcell_core/lib/myworkcell_core/vision_node
[7.927s] -- Set runtime path of "/home/keerthibaalan/ROS2_Workspace/ros2industrial_ws/install/myworkcell_core/lib/myworkcell_core/vision_node" to ""
[7.927s] -- Installing: /home/keerthibaalan/ROS2_Workspace/ros2industrial_ws/install/myworkcell_core/lib/myworkcell_core/myworkcell_node
[7.928s] -- Set runtime path of "/home/keerthibaalan/ROS2_Workspace/ros2industrial_ws/install/myworkcell_core/lib/myworkcell_core/myworkcell_node" to ""
[7.928s] -- Installing: /home/keerthibaalan/ROS2_Workspace/ros2industrial_ws/install/myworkcell_core/share/ament_index/resource_index/package_run_dependencies/myworkcell_core
[7.928s] -- Installing: /home/keerthibaalan/ROS2_Workspace/ros2industrial_ws/install/myworkcell_core/share/ament_index/resource_index/parent_prefix_path/myworkcell_core
[7.928s] -- Installing: /home/keerthibaalan/ROS2_Workspace/ros2industrial_ws/install/myworkcell_core/share/myworkcell_core/environment/ament_prefix_path.sh
[7.928s] -- Installing: /home/keerthibaalan/ROS2_Workspace/ros2industrial_ws/install/myworkcell_core/share/myworkcell_core/environment/ament_prefix_path.dsv
[7.929s] -- Installing: /home/keerthibaalan/ROS2_Workspace/ros2industrial_ws/install/myworkcell_core/share/myworkcell_core/environment/path.sh
[7.929s] -- Installing: /home/keerthibaalan/ROS2_Workspace/ros2industrial_ws/install/myworkcell_core/share/myworkcell_core/environment/path.dsv
[7.929s] -- Installing: /home/keerthibaalan/ROS2_Workspace/ros2industrial_ws/install/myworkcell_core/share/myworkcell_core/local_setup.bash
[7.929s] -- Installing: /home/keerthibaalan/ROS2_Workspace/ros2industrial_ws/install/myworkcell_core/share/myworkcell_core/local_setup.sh
[7.929s] -- Installing: /home/keerthibaalan/ROS2_Workspace/ros2industrial_ws/install/myworkcell_core/share/myworkcell_core/local_setup.zsh
[7.929s] -- Installing: /home/keerthibaalan/ROS2_Workspace/ros2industrial_ws/install/myworkcell_core/share/myworkcell_core/local_setup.dsv
[7.929s] -- Installing: /home/keerthibaalan/ROS2_Workspace/ros2industrial_ws/install/myworkcell_core/share/myworkcell_core/package.dsv
[7.929s] -- Installing: /home/keerthibaalan/ROS2_Workspace/ros2industrial_ws/install/myworkcell_core/share/ament_index/resource_index/packages/myworkcell_core
[7.929s] -- Installing: /home/keerthibaalan/ROS2_Workspace/ros2industrial_ws/install/myworkcell_core/share/myworkcell_core/cmake/export_myworkcell_core__rosidl_generator_cExport.cmake
[7.929s] -- Installing: /home/keerthibaalan/ROS2_Workspace/ros2industrial_ws/install/myworkcell_core/share/myworkcell_core/cmake/export_myworkcell_core__rosidl_generator_cExport-noconfig.cmake
[7.930s] -- Installing: /home/keerthibaalan/ROS2_Workspace/ros2industrial_ws/install/myworkcell_core/share/myworkcell_core/cmake/export_myworkcell_core__rosidl_typesupport_fastrtps_cExport.cmake
[7.930s] -- Installing: /home/keerthibaalan/ROS2_Workspace/ros2industrial_ws/install/myworkcell_core/share/myworkcell_core/cmake/export_myworkcell_core__rosidl_typesupport_fastrtps_cExport-noconfig.cmake
[7.930s] -- Installing: /home/keerthibaalan/ROS2_Workspace/ros2industrial_ws/install/myworkcell_core/share/myworkcell_core/cmake/export_myworkcell_core__rosidl_generator_cppExport.cmake
[7.930s] -- Installing: /home/keerthibaalan/ROS2_Workspace/ros2industrial_ws/install/myworkcell_core/share/myworkcell_core/cmake/export_myworkcell_core__rosidl_typesupport_fastrtps_cppExport.cmake
[7.930s] -- Installing: /home/keerthibaalan/ROS2_Workspace/ros2industrial_ws/install/myworkcell_core/share/myworkcell_core/cmake/export_myworkcell_core__rosidl_typesupport_fastrtps_cppExport-noconfig.cmake
[7.930s] -- Installing: /home/keerthibaalan/ROS2_Workspace/ros2industrial_ws/install/myworkcell_core/share/myworkcell_core/cmake/myworkcell_core__rosidl_typesupport_introspection_cExport.cmake
[7.930s] -- Installing: /home/keerthibaalan/ROS2_Workspace/ros2industrial_ws/install/myworkcell_core/share/myworkcell_core/cmake/myworkcell_core__rosidl_typesupport_introspection_cExport-noconfig.cmake
[7.930s] -- Installing: /home/keerthibaalan/ROS2_Workspace/ros2industrial_ws/install/myworkcell_core/share/myworkcell_core/cmake/myworkcell_core__rosidl_typesupport_cExport.cmake
[7.930s] -- Installing: /home/keerthibaalan/ROS2_Workspace/ros2industrial_ws/install/myworkcell_core/share/myworkcell_core/cmake/myworkcell_core__rosidl_typesupport_cExport-noconfig.cmake
[7.930s] -- Installing: /home/keerthibaalan/ROS2_Workspace/ros2industrial_ws/install/myworkcell_core/share/myworkcell_core/cmake/myworkcell_core__rosidl_typesupport_introspection_cppExport.cmake
[7.930s] -- Installing: /home/keerthibaalan/ROS2_Workspace/ros2industrial_ws/install/myworkcell_core/share/myworkcell_core/cmake/myworkcell_core__rosidl_typesupport_introspection_cppExport-noconfig.cmake
[7.931s] -- Installing: /home/keerthibaalan/ROS2_Workspace/ros2industrial_ws/install/myworkcell_core/share/myworkcell_core/cmake/myworkcell_core__rosidl_typesupport_cppExport.cmake
[7.931s] -- Installing: /home/keerthibaalan/ROS2_Workspace/ros2industrial_ws/install/myworkcell_core/share/myworkcell_core/cmake/myworkcell_core__rosidl_typesupport_cppExport-noconfig.cmake
[7.931s] -- Installing: /home/keerthibaalan/ROS2_Workspace/ros2industrial_ws/install/myworkcell_core/share/myworkcell_core/cmake/export_myworkcell_core__rosidl_generator_pyExport.cmake
[7.931s] -- Installing: /home/keerthibaalan/ROS2_Workspace/ros2industrial_ws/install/myworkcell_core/share/myworkcell_core/cmake/export_myworkcell_core__rosidl_generator_pyExport-noconfig.cmake
[7.931s] -- Installing: /home/keerthibaalan/ROS2_Workspace/ros2industrial_ws/install/myworkcell_core/share/myworkcell_core/cmake/rosidl_cmake-extras.cmake
[7.931s] -- Installing: /home/keerthibaalan/ROS2_Workspace/ros2industrial_ws/install/myworkcell_core/share/myworkcell_core/cmake/ament_cmake_export_dependencies-extras.cmake
[7.931s] -- Installing: /home/keerthibaalan/ROS2_Workspace/ros2industrial_ws/install/myworkcell_core/share/myworkcell_core/cmake/ament_cmake_export_include_directories-extras.cmake
[7.931s] -- Installing: /home/keerthibaalan/ROS2_Workspace/ros2industrial_ws/install/myworkcell_core/share/myworkcell_core/cmake/ament_cmake_export_libraries-extras.cmake
[7.931s] -- Installing: /home/keerthibaalan/ROS2_Workspace/ros2industrial_ws/install/myworkcell_core/share/myworkcell_core/cmake/ament_cmake_export_targets-extras.cmake
[7.931s] -- Installing: /home/keerthibaalan/ROS2_Workspace/ros2industrial_ws/install/myworkcell_core/share/myworkcell_core/cmake/rosidl_cmake_export_typesupport_targets-extras.cmake
[7.931s] -- Installing: /home/keerthibaalan/ROS2_Workspace/ros2industrial_ws/install/myworkcell_core/share/myworkcell_core/cmake/rosidl_cmake_export_typesupport_libraries-extras.cmake
[7.932s] -- Installing: /home/keerthibaalan/ROS2_Workspace/ros2industrial_ws/install/myworkcell_core/share/myworkcell_core/cmake/myworkcell_coreConfig.cmake
[7.932s] -- Installing: /home/keerthibaalan/ROS2_Workspace/ros2industrial_ws/install/myworkcell_core/share/myworkcell_core/cmake/myworkcell_coreConfig-version.cmake
[7.932s] -- Installing: /home/keerthibaalan/ROS2_Workspace/ros2industrial_ws/install/myworkcell_core/share/myworkcell_core/package.xml
[7.934s] Invoked command in '/home/keerthibaalan/ROS2_Workspace/ros2industrial_ws/build/myworkcell_core' returned '0': AMENT_PREFIX_PATH=/home/keerthibaalan/ROS2_Workspace/ros2industrial_ws/install/fake_ar_publisher:${AMENT_PREFIX_PATH} CMAKE_PREFIX_PATH=/home/keerthibaalan/ROS2_Workspace/ros2industrial_ws/install/fake_ar_publisher:/home/keerthibaalan/ws_moveit/install/robotiq_hardware_tests:/home/keerthibaalan/ws_moveit/install/robotiq_driver:/home/keerthibaalan/ws_moveit/install/serial:/home/keerthibaalan/ws_moveit/install/moveit2_tutorials:/home/keerthibaalan/ws_moveit/install/moveit_visual_tools:/home/keerthibaalan/ws_moveit/install/rviz_visual_tools:/home/keerthibaalan/ws_moveit/install/moveit_task_constructor_visualization:/home/keerthibaalan/ws_moveit/install/moveit_task_constructor_demo:/home/keerthibaalan/ws_moveit/install/moveit_task_constructor_capabilities:/home/keerthibaalan/ws_moveit/install/moveit_task_constructor_core:/home/keerthibaalan/ws_moveit/install/rviz_marker_tools:/home/keerthibaalan/ws_moveit/install/kortex_bringup:/home/keerthibaalan/ws_moveit/install/kinova_gen3_7dof_robotiq_2f_85_moveit_config:/home/keerthibaalan/ws_moveit/install/kinova_gen3_6dof_robotiq_2f_85_moveit_config:/home/keerthibaalan/ws_moveit/install/kortex_description:/home/keerthibaalan/ws_moveit/install/robotiq_description:/home/keerthibaalan/ws_moveit/install/robotiq_controllers:/home/keerthibaalan/ws_moveit/install/pilz_industrial_motion_planner_testutils:/home/keerthibaalan/ws_moveit/install/moveit_runtime:/home/keerthibaalan/ws_moveit/install/moveit:/home/keerthibaalan/ws_moveit/install/moveit_planners:/home/keerthibaalan/ws_moveit/install/pilz_industrial_motion_planner:/home/keerthibaalan/ws_moveit/install/pick_ik:/home/keerthibaalan/ws_moveit/install/moveit_task_constructor_msgs:/home/keerthibaalan/ws_moveit/install/moveit_ros_control_interface:/home/keerthibaalan/ws_moveit/install/moveit_plugins:/home/keerthibaalan/ws_moveit/install/moveit_simple_controller_manager:/home/keerthibaalan/ws_moveit/install/moveit_setup_assistant:/home/keerthibaalan/ws_moveit/install/moveit_setup_srdf_plugins:/home/keerthibaalan/ws_moveit/install/moveit_setup_core_plugins:/home/keerthibaalan/ws_moveit/install/moveit_setup_controllers:/home/keerthibaalan/ws_moveit/install/moveit_setup_app_plugins:/home/keerthibaalan/ws_moveit/install/moveit_setup_framework:/home/keerthibaalan/ws_moveit/install/moveit_servo:/home/keerthibaalan/ws_moveit/install/moveit_ros:/home/keerthibaalan/ws_moveit/install/moveit_ros_visualization:/home/keerthibaalan/ws_moveit/install/moveit_py:/home/keerthibaalan/ws_moveit/install/moveit_hybrid_planning:/home/keerthibaalan/ws_moveit/install/moveit_ros_planning_interface:/home/keerthibaalan/ws_moveit/install/moveit_ros_benchmarks:/home/keerthibaalan/ws_moveit/install/moveit_ros_warehouse:/home/keerthibaalan/ws_moveit/install/moveit_ros_robot_interaction:/home/keerthibaalan/ws_moveit/install/moveit_ros_perception:/home/keerthibaalan/ws_moveit/install/moveit_resources_prbt_pg70_support:/home/keerthibaalan/ws_moveit/install/moveit_resources_prbt_moveit_config:/home/keerthibaalan/ws_moveit/install/moveit_ros_move_group:/home/keerthibaalan/ws_moveit/install/moveit_planners_ompl:/home/keerthibaalan/ws_moveit/install/moveit_kinematics:/home/keerthibaalan/ws_moveit/install/moveit_ros_planning:/home/keerthibaalan/ws_moveit/install/moveit_ros_occupancy_map_monitor:/home/keerthibaalan/ws_moveit/install/moveit_resources_prbt_support:/home/keerthibaalan/ws_moveit/install/moveit_resources_prbt_ikfast_manipulator_plugin:/home/keerthibaalan/ws_moveit/install/moveit_resources:/home/keerthibaalan/ws_moveit/install/moveit_resources_pr2_description:/home/keerthibaalan/ws_moveit/install/moveit_resources_panda_moveit_config:/home/keerthibaalan/ws_moveit/install/dual_arm_panda_moveit_config:/home/keerthibaalan/ws_moveit/install/moveit_resources_panda_description:/home/keerthibaalan/ws_moveit/install/moveit_resources_fanuc_moveit_config:/home/keerthibaalan/ws_moveit/install/moveit_resources_fanuc_description:/home/keerthibaalan/ws_moveit/install/moveit_planners_stomp:/home/keerthibaalan/ws_moveit/install/moveit_planners_chomp:/home/keerthibaalan/ws_moveit/install/chomp_motion_planner:/home/keerthibaalan/ws_moveit/install/moveit_core:/home/keerthibaalan/ws_moveit/install/moveit_msgs:/home/keerthibaalan/ws_moveit/install/moveit_common:/home/keerthibaalan/ws_moveit/install/kortex_driver:/home/keerthibaalan/ws_moveit/install/kortex_api:/home/keerthibaalan/ws_moveit/install/moveit_configs_utils:/opt/ros/humble LD_LIBRARY_PATH=/home/keerthibaalan/ROS2_Workspace/ros2industrial_ws/install/fake_ar_publisher/lib:${LD_LIBRARY_PATH} PYTHONPATH=/home/keerthibaalan/ROS2_Workspace/ros2industrial_ws/install/fake_ar_publisher/local/lib/python3.10/dist-packages:${PYTHONPATH} /usr/bin/cmake --install /home/keerthibaalan/ROS2_Workspace/ros2industrial_ws/build/myworkcell_core
