[0.030s] Invoking command in '/home/keerthibaalan/ROS2_Workspace/ws_microros/build/asrs_description': CMAKE_PREFIX_PATH=${CMAKE_PREFIX_PATH}:/home/keerthibaalan/ws_moveit2/install/moveit_configs_utils:/home/keerthibaalan/ws_moveit2/install/launch_param_builder:/home/keerthibaalan/ws_moveit/install/moveit_configs_utils:/opt/ros/humble /usr/bin/cmake /home/keerthibaalan/ROS2_Workspace/ws_microros/src/asrs_description -DCMAKE_INSTALL_PREFIX=/home/keerthibaalan/ROS2_Workspace/ws_microros/install/asrs_description
[0.102s] -- The C compiler identification is GNU 11.4.0
[0.149s] -- The CXX compiler identification is GNU 11.4.0
[0.158s] -- Detecting C compiler ABI info
[0.245s] -- Detecting C compiler ABI info - done
[0.249s] -- Check for working C compiler: /usr/bin/cc - skipped
[0.249s] -- Detecting C compile features
[0.249s] -- Detecting C compile features - done
[0.251s] -- Detecting CXX compiler ABI info
[0.341s] -- Detecting CXX compiler ABI info - done
[0.345s] -- Check for working CXX compiler: /usr/bin/c++ - skipped
[0.345s] -- Detecting CXX compile features
[0.346s] -- Detecting CXX compile features - done
[0.363s] -- Found ament_cmake: 1.3.8 (/opt/ros/humble/share/ament_cmake/cmake)
[0.496s] -- Found Python3: /usr/bin/python3 (found version "3.10.12") found components: Interpreter 
[0.706s] -- Found ament_lint_auto: 0.12.10 (/opt/ros/humble/share/ament_lint_auto/cmake)
[0.831s] -- Added test 'flake8' to check Python code syntax and style conventions
[0.833s] -- Added test 'lint_cmake' to check CMake code style
[0.834s] -- Added test 'pep257' to check Python code against some of the docstring style conventions in PEP 257
[0.836s] -- Added test 'xmllint' to check XML markup files
[0.839s] -- Configuring done
[0.841s] -- Generating done
[0.842s] -- Build files have been written to: /home/keerthibaalan/ROS2_Workspace/ws_microros/build/asrs_description
[0.846s] Invoked command in '/home/keerthibaalan/ROS2_Workspace/ws_microros/build/asrs_description' returned '0': CMAKE_PREFIX_PATH=${CMAKE_PREFIX_PATH}:/home/keerthibaalan/ws_moveit2/install/moveit_configs_utils:/home/keerthibaalan/ws_moveit2/install/launch_param_builder:/home/keerthibaalan/ws_moveit/install/moveit_configs_utils:/opt/ros/humble /usr/bin/cmake /home/keerthibaalan/ROS2_Workspace/ws_microros/src/asrs_description -DCMAKE_INSTALL_PREFIX=/home/keerthibaalan/ROS2_Workspace/ws_microros/install/asrs_description
[0.847s] Invoking command in '/home/keerthibaalan/ROS2_Workspace/ws_microros/build/asrs_description': CMAKE_PREFIX_PATH=${CMAKE_PREFIX_PATH}:/home/keerthibaalan/ws_moveit2/install/moveit_configs_utils:/home/keerthibaalan/ws_moveit2/install/launch_param_builder:/home/keerthibaalan/ws_moveit/install/moveit_configs_utils:/opt/ros/humble /usr/bin/cmake --build /home/keerthibaalan/ROS2_Workspace/ws_microros/build/asrs_description -- -j24 -l24
[0.901s] Invoked command in '/home/keerthibaalan/ROS2_Workspace/ws_microros/build/asrs_description' returned '0': CMAKE_PREFIX_PATH=${CMAKE_PREFIX_PATH}:/home/keerthibaalan/ws_moveit2/install/moveit_configs_utils:/home/keerthibaalan/ws_moveit2/install/launch_param_builder:/home/keerthibaalan/ws_moveit/install/moveit_configs_utils:/opt/ros/humble /usr/bin/cmake --build /home/keerthibaalan/ROS2_Workspace/ws_microros/build/asrs_description -- -j24 -l24
[0.963s] Invoking command in '/home/keerthibaalan/ROS2_Workspace/ws_microros/build/asrs_description': CMAKE_PREFIX_PATH=${CMAKE_PREFIX_PATH}:/home/keerthibaalan/ws_moveit2/install/moveit_configs_utils:/home/keerthibaalan/ws_moveit2/install/launch_param_builder:/home/keerthibaalan/ws_moveit/install/moveit_configs_utils:/opt/ros/humble /usr/bin/cmake --install /home/keerthibaalan/ROS2_Workspace/ws_microros/build/asrs_description
[0.974s] -- Install configuration: ""
[0.974s] -- Installing: /home/keerthibaalan/ROS2_Workspace/ws_microros/install/asrs_description/share/asrs_description/config
[0.974s] -- Installing: /home/keerthibaalan/ROS2_Workspace/ws_microros/install/asrs_description/share/asrs_description/config/display.rviz
[0.974s] -- Installing: /home/keerthibaalan/ROS2_Workspace/ws_microros/install/asrs_description/share/asrs_description/launch
[0.975s] -- Installing: /home/keerthibaalan/ROS2_Workspace/ws_microros/install/asrs_description/share/asrs_description/launch/rviz.launch.py
[0.975s] -- Installing: /home/keerthibaalan/ROS2_Workspace/ws_microros/install/asrs_description/share/asrs_description/launch/gazebo.launch.py
[0.975s] -- Installing: /home/keerthibaalan/ROS2_Workspace/ws_microros/install/asrs_description/share/asrs_description/urdf
[0.975s] -- Installing: /home/keerthibaalan/ROS2_Workspace/ws_microros/install/asrs_description/share/asrs_description/urdf/asrs_robot.urdf.xacro
[0.975s] -- Installing: /home/keerthibaalan/ROS2_Workspace/ws_microros/install/asrs_description/share/asrs_description/urdf/asrs_gazebo.xacro
[0.975s] -- Installing: /home/keerthibaalan/ROS2_Workspace/ws_microros/install/asrs_description/share/asrs_description/urdf/asrs_ros2_control.xacro
[0.975s] -- Installing: /home/keerthibaalan/ROS2_Workspace/ws_microros/install/asrs_description/share/ament_index/resource_index/package_run_dependencies/asrs_description
[0.975s] -- Installing: /home/keerthibaalan/ROS2_Workspace/ws_microros/install/asrs_description/share/ament_index/resource_index/parent_prefix_path/asrs_description
[0.975s] -- Installing: /home/keerthibaalan/ROS2_Workspace/ws_microros/install/asrs_description/share/asrs_description/environment/ament_prefix_path.sh
[0.975s] -- Installing: /home/keerthibaalan/ROS2_Workspace/ws_microros/install/asrs_description/share/asrs_description/environment/ament_prefix_path.dsv
[0.975s] -- Installing: /home/keerthibaalan/ROS2_Workspace/ws_microros/install/asrs_description/share/asrs_description/environment/path.sh
[0.975s] -- Installing: /home/keerthibaalan/ROS2_Workspace/ws_microros/install/asrs_description/share/asrs_description/environment/path.dsv
[0.975s] -- Installing: /home/keerthibaalan/ROS2_Workspace/ws_microros/install/asrs_description/share/asrs_description/local_setup.bash
[0.976s] -- Installing: /home/keerthibaalan/ROS2_Workspace/ws_microros/install/asrs_description/share/asrs_description/local_setup.sh
[0.976s] -- Installing: /home/keerthibaalan/ROS2_Workspace/ws_microros/install/asrs_description/share/asrs_description/local_setup.zsh
[0.976s] -- Installing: /home/keerthibaalan/ROS2_Workspace/ws_microros/install/asrs_description/share/asrs_description/local_setup.dsv
[0.976s] -- Installing: /home/keerthibaalan/ROS2_Workspace/ws_microros/install/asrs_description/share/asrs_description/package.dsv
[0.976s] -- Installing: /home/keerthibaalan/ROS2_Workspace/ws_microros/install/asrs_description/share/ament_index/resource_index/packages/asrs_description
[0.976s] -- Installing: /home/keerthibaalan/ROS2_Workspace/ws_microros/install/asrs_description/share/asrs_description/cmake/asrs_descriptionConfig.cmake
[0.976s] -- Installing: /home/keerthibaalan/ROS2_Workspace/ws_microros/install/asrs_description/share/asrs_description/cmake/asrs_descriptionConfig-version.cmake
[0.976s] -- Installing: /home/keerthibaalan/ROS2_Workspace/ws_microros/install/asrs_description/share/asrs_description/package.xml
[0.979s] Invoked command in '/home/keerthibaalan/ROS2_Workspace/ws_microros/build/asrs_description' returned '0': CMAKE_PREFIX_PATH=${CMAKE_PREFIX_PATH}:/home/keerthibaalan/ws_moveit2/install/moveit_configs_utils:/home/keerthibaalan/ws_moveit2/install/launch_param_builder:/home/keerthibaalan/ws_moveit/install/moveit_configs_utils:/opt/ros/humble /usr/bin/cmake --install /home/keerthibaalan/ROS2_Workspace/ws_microros/build/asrs_description
