[0.018s] Invoking command in '/home/keerthibaalan/ROS2_Workspace/ws_microros/build/asrs_arm': CMAKE_PREFIX_PATH=${CMAKE_PREFIX_PATH}:/home/keerthibaalan/ws_moveit/install/moveit_configs_utils:/opt/ros/humble /usr/bin/cmake --build /home/keerthibaalan/ROS2_Workspace/ws_microros/build/asrs_arm -- -j24 -l24
[0.060s] Invoked command in '/home/keerthibaalan/ROS2_Workspace/ws_microros/build/asrs_arm' returned '0': CMAKE_PREFIX_PATH=${CMAKE_PREFIX_PATH}:/home/keerthibaalan/ws_moveit/install/moveit_configs_utils:/opt/ros/humble /usr/bin/cmake --build /home/keerthibaalan/ROS2_Workspace/ws_microros/build/asrs_arm -- -j24 -l24
[0.100s] Invoking command in '/home/keerthibaalan/ROS2_Workspace/ws_microros/build/asrs_arm': CMAKE_PREFIX_PATH=${CMAKE_PREFIX_PATH}:/home/keerthibaalan/ws_moveit/install/moveit_configs_utils:/opt/ros/humble /usr/bin/cmake --install /home/keerthibaalan/ROS2_Workspace/ws_microros/build/asrs_arm
[0.110s] -- Install configuration: ""
[0.110s] -- Up-to-date: /home/keerthibaalan/ROS2_Workspace/ws_microros/install/asrs_arm/share/asrs_arm/config
[0.110s] -- Up-to-date: /home/keerthibaalan/ROS2_Workspace/ws_microros/install/asrs_arm/share/asrs_arm/config/display.rviz
[0.110s] -- Up-to-date: /home/keerthibaalan/ROS2_Workspace/ws_microros/install/asrs_arm/share/asrs_arm/config/joint_names_asrs.yaml
[0.110s] -- Up-to-date: /home/keerthibaalan/ROS2_Workspace/ws_microros/install/asrs_arm/share/asrs_arm/launch
[0.110s] -- Up-to-date: /home/keerthibaalan/ROS2_Workspace/ws_microros/install/asrs_arm/share/asrs_arm/launch/rviz.launch.py
[0.110s] -- Up-to-date: /home/keerthibaalan/ROS2_Workspace/ws_microros/install/asrs_arm/share/asrs_arm/launch/gazebo.launch.py
[0.110s] -- Up-to-date: /home/keerthibaalan/ROS2_Workspace/ws_microros/install/asrs_arm/share/asrs_arm/meshes
[0.110s] -- Up-to-date: /home/keerthibaalan/ROS2_Workspace/ws_microros/install/asrs_arm/share/asrs_arm/meshes/link_4.STL
[0.110s] -- Up-to-date: /home/keerthibaalan/ROS2_Workspace/ws_microros/install/asrs_arm/share/asrs_arm/meshes/link_3.STL
[0.110s] -- Up-to-date: /home/keerthibaalan/ROS2_Workspace/ws_microros/install/asrs_arm/share/asrs_arm/meshes/link_1.STL
[0.110s] -- Up-to-date: /home/keerthibaalan/ROS2_Workspace/ws_microros/install/asrs_arm/share/asrs_arm/meshes/link_2.STL
[0.110s] -- Up-to-date: /home/keerthibaalan/ROS2_Workspace/ws_microros/install/asrs_arm/share/asrs_arm/urdf
[0.110s] -- Up-to-date: /home/keerthibaalan/ROS2_Workspace/ws_microros/install/asrs_arm/share/asrs_arm/urdf/asrs_arm.urdf.xacro
[0.110s] -- Up-to-date: /home/keerthibaalan/ROS2_Workspace/ws_microros/install/asrs_arm/share/asrs_arm/urdf/asrs.csv
[0.110s] -- Up-to-date: /home/keerthibaalan/ROS2_Workspace/ws_microros/install/asrs_arm/share/ament_index/resource_index/package_run_dependencies/asrs_arm
[0.110s] -- Up-to-date: /home/keerthibaalan/ROS2_Workspace/ws_microros/install/asrs_arm/share/ament_index/resource_index/parent_prefix_path/asrs_arm
[0.110s] -- Up-to-date: /home/keerthibaalan/ROS2_Workspace/ws_microros/install/asrs_arm/share/asrs_arm/environment/ament_prefix_path.sh
[0.110s] -- Up-to-date: /home/keerthibaalan/ROS2_Workspace/ws_microros/install/asrs_arm/share/asrs_arm/environment/ament_prefix_path.dsv
[0.110s] -- Up-to-date: /home/keerthibaalan/ROS2_Workspace/ws_microros/install/asrs_arm/share/asrs_arm/environment/path.sh
[0.110s] -- Up-to-date: /home/keerthibaalan/ROS2_Workspace/ws_microros/install/asrs_arm/share/asrs_arm/environment/path.dsv
[0.110s] -- Up-to-date: /home/keerthibaalan/ROS2_Workspace/ws_microros/install/asrs_arm/share/asrs_arm/local_setup.bash
[0.110s] -- Up-to-date: /home/keerthibaalan/ROS2_Workspace/ws_microros/install/asrs_arm/share/asrs_arm/local_setup.sh
[0.110s] -- Up-to-date: /home/keerthibaalan/ROS2_Workspace/ws_microros/install/asrs_arm/share/asrs_arm/local_setup.zsh
[0.110s] -- Up-to-date: /home/keerthibaalan/ROS2_Workspace/ws_microros/install/asrs_arm/share/asrs_arm/local_setup.dsv
[0.110s] -- Installing: /home/keerthibaalan/ROS2_Workspace/ws_microros/install/asrs_arm/share/asrs_arm/package.dsv
[0.111s] -- Up-to-date: /home/keerthibaalan/ROS2_Workspace/ws_microros/install/asrs_arm/share/ament_index/resource_index/packages/asrs_arm
[0.111s] -- Up-to-date: /home/keerthibaalan/ROS2_Workspace/ws_microros/install/asrs_arm/share/asrs_arm/cmake/asrs_armConfig.cmake
[0.111s] -- Up-to-date: /home/keerthibaalan/ROS2_Workspace/ws_microros/install/asrs_arm/share/asrs_arm/cmake/asrs_armConfig-version.cmake
[0.111s] -- Up-to-date: /home/keerthibaalan/ROS2_Workspace/ws_microros/install/asrs_arm/share/asrs_arm/package.xml
[0.119s] Invoked command in '/home/keerthibaalan/ROS2_Workspace/ws_microros/build/asrs_arm' returned '0': CMAKE_PREFIX_PATH=${CMAKE_PREFIX_PATH}:/home/keerthibaalan/ws_moveit/install/moveit_configs_utils:/opt/ros/humble /usr/bin/cmake --install /home/keerthibaalan/ROS2_Workspace/ws_microros/build/asrs_arm
