[0.127s] Invoking command in '/home/ros/ws_microros/build/asrs_arm': CMAKE_PREFIX_PATH=/opt/ros/humble /usr/bin/cmake --build /home/ros/ws_microros/build/asrs_arm -- -j16 -l16
[0.173s] Invoked command in '/home/ros/ws_microros/build/asrs_arm' returned '0': CMAKE_PREFIX_PATH=/opt/ros/humble /usr/bin/cmake --build /home/ros/ws_microros/build/asrs_arm -- -j16 -l16
[0.193s] Invoking command in '/home/ros/ws_microros/build/asrs_arm': CMAKE_PREFIX_PATH=/opt/ros/humble /usr/bin/cmake --install /home/ros/ws_microros/build/asrs_arm
[0.202s] -- Install configuration: ""
[0.203s] -- Up-to-date: /home/ros/ws_microros/install/asrs_arm/share/asrs_arm/launch
[0.203s] -- Installing: /home/ros/ws_microros/install/asrs_arm/share/asrs_arm/launch/gazebo.launch.py
[0.204s] -- Installing: /home/ros/ws_microros/install/asrs_arm/share/asrs_arm/launch/rviz.launch.py
[0.204s] -- Up-to-date: /home/ros/ws_microros/install/asrs_arm/share/asrs_arm/meshes
[0.204s] -- Up-to-date: /home/ros/ws_microros/install/asrs_arm/share/asrs_arm/meshes/link_3.STL
[0.204s] -- Up-to-date: /home/ros/ws_microros/install/asrs_arm/share/asrs_arm/meshes/link_1.STL
[0.204s] -- Up-to-date: /home/ros/ws_microros/install/asrs_arm/share/asrs_arm/meshes/link_4.STL
[0.204s] -- Up-to-date: /home/ros/ws_microros/install/asrs_arm/share/asrs_arm/meshes/link_2.STL
[0.205s] -- Up-to-date: /home/ros/ws_microros/install/asrs_arm/share/asrs_arm/urdf
[0.205s] -- Up-to-date: /home/ros/ws_microros/install/asrs_arm/share/asrs_arm/urdf/asrs.csv
[0.205s] -- Installing: /home/ros/ws_microros/install/asrs_arm/share/asrs_arm/urdf/asrs_arm.urdf.xacro
[0.205s] -- Up-to-date: /home/ros/ws_microros/install/asrs_arm/share/asrs_arm/rviz
[0.205s] -- Up-to-date: /home/ros/ws_microros/install/asrs_arm/share/asrs_arm/rviz/display.rviz
[0.207s] -- Up-to-date: /home/ros/ws_microros/install/asrs_arm/share/ament_index/resource_index/package_run_dependencies/asrs_arm
[0.207s] -- Up-to-date: /home/ros/ws_microros/install/asrs_arm/share/ament_index/resource_index/parent_prefix_path/asrs_arm
[0.207s] -- Up-to-date: /home/ros/ws_microros/install/asrs_arm/share/asrs_arm/environment/ament_prefix_path.sh
[0.207s] -- Up-to-date: /home/ros/ws_microros/install/asrs_arm/share/asrs_arm/environment/ament_prefix_path.dsv
[0.207s] -- Up-to-date: /home/ros/ws_microros/install/asrs_arm/share/asrs_arm/environment/path.sh
[0.207s] -- Up-to-date: /home/ros/ws_microros/install/asrs_arm/share/asrs_arm/environment/path.dsv
[0.207s] -- Up-to-date: /home/ros/ws_microros/install/asrs_arm/share/asrs_arm/local_setup.bash
[0.208s] -- Up-to-date: /home/ros/ws_microros/install/asrs_arm/share/asrs_arm/local_setup.sh
[0.208s] -- Up-to-date: /home/ros/ws_microros/install/asrs_arm/share/asrs_arm/local_setup.zsh
[0.208s] -- Up-to-date: /home/ros/ws_microros/install/asrs_arm/share/asrs_arm/local_setup.dsv
[0.208s] -- Up-to-date: /home/ros/ws_microros/install/asrs_arm/share/asrs_arm/package.dsv
[0.208s] -- Up-to-date: /home/ros/ws_microros/install/asrs_arm/share/ament_index/resource_index/packages/asrs_arm
[0.208s] -- Up-to-date: /home/ros/ws_microros/install/asrs_arm/share/asrs_arm/cmake/asrs_armConfig.cmake
[0.208s] -- Up-to-date: /home/ros/ws_microros/install/asrs_arm/share/asrs_arm/cmake/asrs_armConfig-version.cmake
[0.208s] -- Up-to-date: /home/ros/ws_microros/install/asrs_arm/share/asrs_arm/package.xml
[0.215s] Invoked command in '/home/ros/ws_microros/build/asrs_arm' returned '0': CMAKE_PREFIX_PATH=/opt/ros/humble /usr/bin/cmake --install /home/ros/ws_microros/build/asrs_arm
