[0.011s] Invoking command in '/home/keerthibaalan/ROS2_Workspace/ur_tutorials/build/my_robot_cell_description': CMAKE_PREFIX_PATH=${CMAKE_PREFIX_PATH}:/home/keerthibaalan/ws_moveit/install/moveit_configs_utils:/opt/ros/humble /usr/bin/cmake --build /home/keerthibaalan/ROS2_Workspace/ur_tutorials/build/my_robot_cell_description -- -j24 -l24
[0.049s] Invoked command in '/home/keerthibaalan/ROS2_Workspace/ur_tutorials/build/my_robot_cell_description' returned '0': CMAKE_PREFIX_PATH=${CMAKE_PREFIX_PATH}:/home/keerthibaalan/ws_moveit/install/moveit_configs_utils:/opt/ros/humble /usr/bin/cmake --build /home/keerthibaalan/ROS2_Workspace/ur_tutorials/build/my_robot_cell_description -- -j24 -l24
[0.089s] Invoking command in '/home/keerthibaalan/ROS2_Workspace/ur_tutorials/build/my_robot_cell_description': CMAKE_PREFIX_PATH=${CMAKE_PREFIX_PATH}:/home/keerthibaalan/ws_moveit/install/moveit_configs_utils:/opt/ros/humble /usr/bin/cmake --install /home/keerthibaalan/ROS2_Workspace/ur_tutorials/build/my_robot_cell_description
[0.096s] -- Install configuration: ""
[0.096s] -- Up-to-date: /home/keerthibaalan/ROS2_Workspace/ur_tutorials/install/my_robot_cell_description/share/my_robot_cell_description/launch
[0.096s] -- Up-to-date: /home/keerthibaalan/ROS2_Workspace/ur_tutorials/install/my_robot_cell_description/share/my_robot_cell_description/launch/view_robot.launch.py
[0.096s] -- Up-to-date: /home/keerthibaalan/ROS2_Workspace/ur_tutorials/install/my_robot_cell_description/share/my_robot_cell_description/meshes
[0.097s] -- Up-to-date: /home/keerthibaalan/ROS2_Workspace/ur_tutorials/install/my_robot_cell_description/share/my_robot_cell_description/meshes/171005_Motek_Monitor_L.dae
[0.097s] -- Up-to-date: /home/keerthibaalan/ROS2_Workspace/ur_tutorials/install/my_robot_cell_description/share/my_robot_cell_description/meshes/wall.dae
[0.097s] -- Up-to-date: /home/keerthibaalan/ROS2_Workspace/ur_tutorials/install/my_robot_cell_description/share/my_robot_cell_description/meshes/fzi_table.dae
[0.097s] -- Up-to-date: /home/keerthibaalan/ROS2_Workspace/ur_tutorials/install/my_robot_cell_description/share/my_robot_cell_description/meshes/fzi_skyline_v1.png
[0.097s] -- Up-to-date: /home/keerthibaalan/ROS2_Workspace/ur_tutorials/install/my_robot_cell_description/share/my_robot_cell_description/meshes/ur_background.jpg
[0.097s] -- Up-to-date: /home/keerthibaalan/ROS2_Workspace/ur_tutorials/install/my_robot_cell_description/share/my_robot_cell_description/meshes/notexture.png
[0.097s] -- Up-to-date: /home/keerthibaalan/ROS2_Workspace/ur_tutorials/install/my_robot_cell_description/share/my_robot_cell_description/rviz
[0.097s] -- Up-to-date: /home/keerthibaalan/ROS2_Workspace/ur_tutorials/install/my_robot_cell_description/share/my_robot_cell_description/rviz/urdf.rviz
[0.097s] -- Up-to-date: /home/keerthibaalan/ROS2_Workspace/ur_tutorials/install/my_robot_cell_description/share/my_robot_cell_description/urdf
[0.097s] -- Up-to-date: /home/keerthibaalan/ROS2_Workspace/ur_tutorials/install/my_robot_cell_description/share/my_robot_cell_description/urdf/my_robot_cell_macro.xacro
[0.097s] -- Up-to-date: /home/keerthibaalan/ROS2_Workspace/ur_tutorials/install/my_robot_cell_description/share/my_robot_cell_description/urdf/my_robot_cell.urdf.xacro
[0.097s] -- Up-to-date: /home/keerthibaalan/ROS2_Workspace/ur_tutorials/install/my_robot_cell_description/share/ament_index/resource_index/package_run_dependencies/my_robot_cell_description
[0.097s] -- Up-to-date: /home/keerthibaalan/ROS2_Workspace/ur_tutorials/install/my_robot_cell_description/share/ament_index/resource_index/parent_prefix_path/my_robot_cell_description
[0.097s] -- Up-to-date: /home/keerthibaalan/ROS2_Workspace/ur_tutorials/install/my_robot_cell_description/share/my_robot_cell_description/environment/ament_prefix_path.sh
[0.097s] -- Up-to-date: /home/keerthibaalan/ROS2_Workspace/ur_tutorials/install/my_robot_cell_description/share/my_robot_cell_description/environment/ament_prefix_path.dsv
[0.097s] -- Up-to-date: /home/keerthibaalan/ROS2_Workspace/ur_tutorials/install/my_robot_cell_description/share/my_robot_cell_description/environment/path.sh
[0.097s] -- Up-to-date: /home/keerthibaalan/ROS2_Workspace/ur_tutorials/install/my_robot_cell_description/share/my_robot_cell_description/environment/path.dsv
[0.097s] -- Up-to-date: /home/keerthibaalan/ROS2_Workspace/ur_tutorials/install/my_robot_cell_description/share/my_robot_cell_description/local_setup.bash
[0.097s] -- Up-to-date: /home/keerthibaalan/ROS2_Workspace/ur_tutorials/install/my_robot_cell_description/share/my_robot_cell_description/local_setup.sh
[0.097s] -- Up-to-date: /home/keerthibaalan/ROS2_Workspace/ur_tutorials/install/my_robot_cell_description/share/my_robot_cell_description/local_setup.zsh
[0.097s] -- Up-to-date: /home/keerthibaalan/ROS2_Workspace/ur_tutorials/install/my_robot_cell_description/share/my_robot_cell_description/local_setup.dsv
[0.097s] -- Up-to-date: /home/keerthibaalan/ROS2_Workspace/ur_tutorials/install/my_robot_cell_description/share/my_robot_cell_description/package.dsv
[0.097s] -- Up-to-date: /home/keerthibaalan/ROS2_Workspace/ur_tutorials/install/my_robot_cell_description/share/ament_index/resource_index/packages/my_robot_cell_description
[0.097s] -- Up-to-date: /home/keerthibaalan/ROS2_Workspace/ur_tutorials/install/my_robot_cell_description/share/my_robot_cell_description/cmake/my_robot_cell_descriptionConfig.cmake
[0.097s] -- Up-to-date: /home/keerthibaalan/ROS2_Workspace/ur_tutorials/install/my_robot_cell_description/share/my_robot_cell_description/cmake/my_robot_cell_descriptionConfig-version.cmake
[0.097s] -- Up-to-date: /home/keerthibaalan/ROS2_Workspace/ur_tutorials/install/my_robot_cell_description/share/my_robot_cell_description/package.xml
[0.098s] Invoked command in '/home/keerthibaalan/ROS2_Workspace/ur_tutorials/build/my_robot_cell_description' returned '0': CMAKE_PREFIX_PATH=${CMAKE_PREFIX_PATH}:/home/keerthibaalan/ws_moveit/install/moveit_configs_utils:/opt/ros/humble /usr/bin/cmake --install /home/keerthibaalan/ROS2_Workspace/ur_tutorials/build/my_robot_cell_description
