[0.100s] Invoking command in '/home/ros/ws_microros/build/asrs_arm': CMAKE_PREFIX_PATH=/opt/ros/humble /usr/bin/cmake /home/ros/ws_microros/src/asrs_arm -DCMAKE_INSTALL_PREFIX=/home/ros/ws_microros/install/asrs_arm
[0.246s] -- The C compiler identification is GNU 11.4.0
[0.340s] -- The CXX compiler identification is GNU 11.4.0
[0.349s] -- Detecting C compiler ABI info
[0.394s] -- Detecting C compiler ABI info - done
[0.398s] -- Check for working C compiler: /usr/bin/cc - skipped
[0.399s] -- Detecting C compile features
[0.400s] -- Detecting C compile features - done
[0.404s] -- Detecting CXX compiler ABI info
[0.452s] -- Detecting CXX compiler ABI info - done
[0.455s] -- Check for working CXX compiler: /usr/bin/c++ - skipped
[0.456s] -- Detecting CXX compile features
[0.456s] -- Detecting CXX compile features - done
[0.463s] -- Found ament_cmake: 1.3.6 (/opt/ros/humble/share/ament_cmake/cmake)
[0.559s] -- Found Python3: /usr/bin/python3.10 (found version "3.10.12") found components: Interpreter 
[0.623s] -- Found ament_lint_auto: 0.12.9 (/opt/ros/humble/share/ament_lint_auto/cmake)
[0.674s] -- Added test 'lint_cmake' to check CMake code style
[0.675s] -- Added test 'xmllint' to check XML markup files
[0.676s] -- Configuring done
[0.678s] -- Generating done
[0.679s] -- Build files have been written to: /home/ros/ws_microros/build/asrs_arm
[0.687s] Invoked command in '/home/ros/ws_microros/build/asrs_arm' returned '0': CMAKE_PREFIX_PATH=/opt/ros/humble /usr/bin/cmake /home/ros/ws_microros/src/asrs_arm -DCMAKE_INSTALL_PREFIX=/home/ros/ws_microros/install/asrs_arm
[0.688s] Invoking command in '/home/ros/ws_microros/build/asrs_arm': CMAKE_PREFIX_PATH=/opt/ros/humble /usr/bin/cmake --build /home/ros/ws_microros/build/asrs_arm -- -j16 -l16
[0.706s] Invoked command in '/home/ros/ws_microros/build/asrs_arm' returned '0': CMAKE_PREFIX_PATH=/opt/ros/humble /usr/bin/cmake --build /home/ros/ws_microros/build/asrs_arm -- -j16 -l16
[0.720s] Invoking command in '/home/ros/ws_microros/build/asrs_arm': CMAKE_PREFIX_PATH=/opt/ros/humble /usr/bin/cmake --install /home/ros/ws_microros/build/asrs_arm
[0.727s] -- Install configuration: ""
[0.727s] -- Installing: /home/ros/ws_microros/install/asrs_arm/share/ament_index/resource_index/package_run_dependencies/asrs_arm
[0.727s] -- Installing: /home/ros/ws_microros/install/asrs_arm/share/ament_index/resource_index/parent_prefix_path/asrs_arm
[0.727s] -- Installing: /home/ros/ws_microros/install/asrs_arm/share/asrs_arm/environment/ament_prefix_path.sh
[0.727s] -- Installing: /home/ros/ws_microros/install/asrs_arm/share/asrs_arm/environment/ament_prefix_path.dsv
[0.727s] -- Installing: /home/ros/ws_microros/install/asrs_arm/share/asrs_arm/environment/path.sh
[0.727s] -- Installing: /home/ros/ws_microros/install/asrs_arm/share/asrs_arm/environment/path.dsv
[0.727s] -- Installing: /home/ros/ws_microros/install/asrs_arm/share/asrs_arm/local_setup.bash
[0.728s] -- Installing: /home/ros/ws_microros/install/asrs_arm/share/asrs_arm/local_setup.sh
[0.728s] -- Installing: /home/ros/ws_microros/install/asrs_arm/share/asrs_arm/local_setup.zsh
[0.728s] -- Installing: /home/ros/ws_microros/install/asrs_arm/share/asrs_arm/local_setup.dsv
[0.728s] -- Installing: /home/ros/ws_microros/install/asrs_arm/share/asrs_arm/package.dsv
[0.728s] -- Installing: /home/ros/ws_microros/install/asrs_arm/share/ament_index/resource_index/packages/asrs_arm
[0.728s] -- Installing: /home/ros/ws_microros/install/asrs_arm/share/asrs_arm/cmake/asrs_armConfig.cmake
[0.728s] -- Installing: /home/ros/ws_microros/install/asrs_arm/share/asrs_arm/cmake/asrs_armConfig-version.cmake
[0.728s] -- Installing: /home/ros/ws_microros/install/asrs_arm/share/asrs_arm/package.xml
[0.807s] Invoked command in '/home/ros/ws_microros/build/asrs_arm' returned '0': CMAKE_PREFIX_PATH=/opt/ros/humble /usr/bin/cmake --install /home/ros/ws_microros/build/asrs_arm
