[0.019s] Invoking command in '/home/keerthibaalan/ROS2_Workspace/ws_microros/build/asrs_controller': CMAKE_PREFIX_PATH=${CMAKE_PREFIX_PATH}:/home/keerthibaalan/ws_moveit2/install/moveit_configs_utils:/home/keerthibaalan/ws_moveit2/install/launch_param_builder:/home/keerthibaalan/ws_moveit/install/moveit_configs_utils:/opt/ros/humble /usr/bin/cmake /home/keerthibaalan/ROS2_Workspace/ws_microros/src/asrs_controller -DCMAKE_INSTALL_PREFIX=/home/keerthibaalan/ROS2_Workspace/ws_microros/install/asrs_controller
[0.086s] -- The C compiler identification is GNU 11.4.0
[0.135s] -- The CXX compiler identification is GNU 11.4.0
[0.143s] -- Detecting C compiler ABI info
[0.230s] -- Detecting C compiler ABI info - done
[0.233s] -- Check for working C compiler: /usr/bin/cc - skipped
[0.234s] -- Detecting C compile features
[0.234s] -- Detecting C compile features - done
[0.235s] -- Detecting CXX compiler ABI info
[0.328s] -- Detecting CXX compiler ABI info - done
[0.332s] -- Check for working CXX compiler: /usr/bin/c++ - skipped
[0.332s] -- Detecting CXX compile features
[0.332s] -- Detecting CXX compile features - done
[0.348s] -- Found ament_cmake: 1.3.8 (/opt/ros/humble/share/ament_cmake/cmake)
[0.482s] -- Found Python3: /usr/bin/python3 (found version "3.10.12") found components: Interpreter 
[0.692s] -- Found ament_lint_auto: 0.12.10 (/opt/ros/humble/share/ament_lint_auto/cmake)
[0.817s] -- Added test 'flake8' to check Python code syntax and style conventions
[0.818s] -- Added test 'lint_cmake' to check CMake code style
[0.820s] -- Added test 'pep257' to check Python code against some of the docstring style conventions in PEP 257
[0.821s] -- Added test 'xmllint' to check XML markup files
[0.825s] -- Configuring done
[0.826s] -- Generating done
[0.827s] -- Build files have been written to: /home/keerthibaalan/ROS2_Workspace/ws_microros/build/asrs_controller
[0.830s] Invoked command in '/home/keerthibaalan/ROS2_Workspace/ws_microros/build/asrs_controller' returned '0': CMAKE_PREFIX_PATH=${CMAKE_PREFIX_PATH}:/home/keerthibaalan/ws_moveit2/install/moveit_configs_utils:/home/keerthibaalan/ws_moveit2/install/launch_param_builder:/home/keerthibaalan/ws_moveit/install/moveit_configs_utils:/opt/ros/humble /usr/bin/cmake /home/keerthibaalan/ROS2_Workspace/ws_microros/src/asrs_controller -DCMAKE_INSTALL_PREFIX=/home/keerthibaalan/ROS2_Workspace/ws_microros/install/asrs_controller
[0.831s] Invoking command in '/home/keerthibaalan/ROS2_Workspace/ws_microros/build/asrs_controller': CMAKE_PREFIX_PATH=${CMAKE_PREFIX_PATH}:/home/keerthibaalan/ws_moveit2/install/moveit_configs_utils:/home/keerthibaalan/ws_moveit2/install/launch_param_builder:/home/keerthibaalan/ws_moveit/install/moveit_configs_utils:/opt/ros/humble /usr/bin/cmake --build /home/keerthibaalan/ROS2_Workspace/ws_microros/build/asrs_controller -- -j24 -l24
[0.889s] Invoked command in '/home/keerthibaalan/ROS2_Workspace/ws_microros/build/asrs_controller' returned '0': CMAKE_PREFIX_PATH=${CMAKE_PREFIX_PATH}:/home/keerthibaalan/ws_moveit2/install/moveit_configs_utils:/home/keerthibaalan/ws_moveit2/install/launch_param_builder:/home/keerthibaalan/ws_moveit/install/moveit_configs_utils:/opt/ros/humble /usr/bin/cmake --build /home/keerthibaalan/ROS2_Workspace/ws_microros/build/asrs_controller -- -j24 -l24
[0.951s] Invoking command in '/home/keerthibaalan/ROS2_Workspace/ws_microros/build/asrs_controller': CMAKE_PREFIX_PATH=${CMAKE_PREFIX_PATH}:/home/keerthibaalan/ws_moveit2/install/moveit_configs_utils:/home/keerthibaalan/ws_moveit2/install/launch_param_builder:/home/keerthibaalan/ws_moveit/install/moveit_configs_utils:/opt/ros/humble /usr/bin/cmake --install /home/keerthibaalan/ROS2_Workspace/ws_microros/build/asrs_controller
[0.962s] -- Install configuration: ""
[0.962s] -- Installing: /home/keerthibaalan/ROS2_Workspace/ws_microros/install/asrs_controller/share/asrs_controller/config
[0.962s] -- Installing: /home/keerthibaalan/ROS2_Workspace/ws_microros/install/asrs_controller/share/asrs_controller/config/asrs_controller.yaml
[0.962s] -- Installing: /home/keerthibaalan/ROS2_Workspace/ws_microros/install/asrs_controller/share/asrs_controller/launch
[0.962s] -- Installing: /home/keerthibaalan/ROS2_Workspace/ws_microros/install/asrs_controller/share/asrs_controller/launch/controller.launch.py
[0.962s] -- Installing: /home/keerthibaalan/ROS2_Workspace/ws_microros/install/asrs_controller/share/ament_index/resource_index/package_run_dependencies/asrs_controller
[0.963s] -- Installing: /home/keerthibaalan/ROS2_Workspace/ws_microros/install/asrs_controller/share/ament_index/resource_index/parent_prefix_path/asrs_controller
[0.963s] -- Installing: /home/keerthibaalan/ROS2_Workspace/ws_microros/install/asrs_controller/share/asrs_controller/environment/ament_prefix_path.sh
[0.964s] -- Installing: /home/keerthibaalan/ROS2_Workspace/ws_microros/install/asrs_controller/share/asrs_controller/environment/ament_prefix_path.dsv
[0.964s] -- Installing: /home/keerthibaalan/ROS2_Workspace/ws_microros/install/asrs_controller/share/asrs_controller/environment/path.sh
[0.964s] -- Installing: /home/keerthibaalan/ROS2_Workspace/ws_microros/install/asrs_controller/share/asrs_controller/environment/path.dsv
[0.964s] -- Installing: /home/keerthibaalan/ROS2_Workspace/ws_microros/install/asrs_controller/share/asrs_controller/local_setup.bash
[0.964s] -- Installing: /home/keerthibaalan/ROS2_Workspace/ws_microros/install/asrs_controller/share/asrs_controller/local_setup.sh
[0.964s] -- Installing: /home/keerthibaalan/ROS2_Workspace/ws_microros/install/asrs_controller/share/asrs_controller/local_setup.zsh
[0.964s] -- Installing: /home/keerthibaalan/ROS2_Workspace/ws_microros/install/asrs_controller/share/asrs_controller/local_setup.dsv
[0.964s] -- Installing: /home/keerthibaalan/ROS2_Workspace/ws_microros/install/asrs_controller/share/asrs_controller/package.dsv
[0.964s] -- Installing: /home/keerthibaalan/ROS2_Workspace/ws_microros/install/asrs_controller/share/ament_index/resource_index/packages/asrs_controller
[0.964s] -- Installing: /home/keerthibaalan/ROS2_Workspace/ws_microros/install/asrs_controller/share/asrs_controller/cmake/asrs_controllerConfig.cmake
[0.964s] -- Installing: /home/keerthibaalan/ROS2_Workspace/ws_microros/install/asrs_controller/share/asrs_controller/cmake/asrs_controllerConfig-version.cmake
[0.964s] -- Installing: /home/keerthibaalan/ROS2_Workspace/ws_microros/install/asrs_controller/share/asrs_controller/package.xml
[0.974s] Invoked command in '/home/keerthibaalan/ROS2_Workspace/ws_microros/build/asrs_controller' returned '0': CMAKE_PREFIX_PATH=${CMAKE_PREFIX_PATH}:/home/keerthibaalan/ws_moveit2/install/moveit_configs_utils:/home/keerthibaalan/ws_moveit2/install/launch_param_builder:/home/keerthibaalan/ws_moveit/install/moveit_configs_utils:/opt/ros/humble /usr/bin/cmake --install /home/keerthibaalan/ROS2_Workspace/ws_microros/build/asrs_controller
