-- Install configuration: ""
-- Up-to-date: /home/keerthibaalan/ROS2_Workspace/ros2industrial_ws/install/myworkcell_support/share/myworkcell_support//launch
-- Up-to-date: /home/keerthibaalan/ROS2_Workspace/ros2industrial_ws/install/myworkcell_support/share/myworkcell_support//launch/workcell.launch.py
-- Up-to-date: /home/keerthibaalan/ROS2_Workspace/ros2industrial_ws/install/myworkcell_support/share/myworkcell_support//urdf
-- Installing: /home/keerthibaalan/ROS2_Workspace/ros2industrial_ws/install/myworkcell_support/share/myworkcell_support//urdf/workcell.urdf
-- Up-to-date: /home/keerthibaalan/ROS2_Workspace/ros2industrial_ws/install/myworkcell_support/share/ament_index/resource_index/package_run_dependencies/myworkcell_support
-- Up-to-date: /home/keerthibaalan/ROS2_Workspace/ros2industrial_ws/install/myworkcell_support/share/ament_index/resource_index/parent_prefix_path/myworkcell_support
-- Up-to-date: /home/keerthibaalan/ROS2_Workspace/ros2industrial_ws/install/myworkcell_support/share/myworkcell_support/environment/ament_prefix_path.sh
-- Up-to-date: /home/keerthibaalan/ROS2_Workspace/ros2industrial_ws/install/myworkcell_support/share/myworkcell_support/environment/ament_prefix_path.dsv
-- Up-to-date: /home/keerthibaalan/ROS2_Workspace/ros2industrial_ws/install/myworkcell_support/share/myworkcell_support/environment/path.sh
-- Up-to-date: /home/keerthibaalan/ROS2_Workspace/ros2industrial_ws/install/myworkcell_support/share/myworkcell_support/environment/path.dsv
-- Up-to-date: /home/keerthibaalan/ROS2_Workspace/ros2industrial_ws/install/myworkcell_support/share/myworkcell_support/local_setup.bash
-- Up-to-date: /home/keerthibaalan/ROS2_Workspace/ros2industrial_ws/install/myworkcell_support/share/myworkcell_support/local_setup.sh
-- Up-to-date: /home/keerthibaalan/ROS2_Workspace/ros2industrial_ws/install/myworkcell_support/share/myworkcell_support/local_setup.zsh
-- Up-to-date: /home/keerthibaalan/ROS2_Workspace/ros2industrial_ws/install/myworkcell_support/share/myworkcell_support/local_setup.dsv
-- Installing: /home/keerthibaalan/ROS2_Workspace/ros2industrial_ws/install/myworkcell_support/share/myworkcell_support/package.dsv
-- Up-to-date: /home/keerthibaalan/ROS2_Workspace/ros2industrial_ws/install/myworkcell_support/share/ament_index/resource_index/packages/myworkcell_support
-- Up-to-date: /home/keerthibaalan/ROS2_Workspace/ros2industrial_ws/install/myworkcell_support/share/myworkcell_support/cmake/myworkcell_supportConfig.cmake
-- Up-to-date: /home/keerthibaalan/ROS2_Workspace/ros2industrial_ws/install/myworkcell_support/share/myworkcell_support/cmake/myworkcell_supportConfig-version.cmake
-- Up-to-date: /home/keerthibaalan/ROS2_Workspace/ros2industrial_ws/install/myworkcell_support/share/myworkcell_support/package.xml
