-- Install configuration: ""
-- Up-to-date: /home/ros/ws_microros/install/asrs_controller/share/asrs_controller/config
-- Installing: /home/ros/ws_microros/install/asrs_controller/share/asrs_controller/config/asrs_controller.yaml
-- Up-to-date: /home/ros/ws_microros/install/asrs_controller/share/asrs_controller/launch
-- Up-to-date: /home/ros/ws_microros/install/asrs_controller/share/asrs_controller/launch/controller.launch.py
-- Up-to-date: /home/ros/ws_microros/install/asrs_controller/share/ament_index/resource_index/package_run_dependencies/asrs_controller
-- Up-to-date: /home/ros/ws_microros/install/asrs_controller/share/ament_index/resource_index/parent_prefix_path/asrs_controller
-- Up-to-date: /home/ros/ws_microros/install/asrs_controller/share/asrs_controller/environment/ament_prefix_path.sh
-- Up-to-date: /home/ros/ws_microros/install/asrs_controller/share/asrs_controller/environment/ament_prefix_path.dsv
-- Up-to-date: /home/ros/ws_microros/install/asrs_controller/share/asrs_controller/environment/path.sh
-- Up-to-date: /home/ros/ws_microros/install/asrs_controller/share/asrs_controller/environment/path.dsv
-- Up-to-date: /home/ros/ws_microros/install/asrs_controller/share/asrs_controller/local_setup.bash
-- Up-to-date: /home/ros/ws_microros/install/asrs_controller/share/asrs_controller/local_setup.sh
-- Up-to-date: /home/ros/ws_microros/install/asrs_controller/share/asrs_controller/local_setup.zsh
-- Up-to-date: /home/ros/ws_microros/install/asrs_controller/share/asrs_controller/local_setup.dsv
-- Installing: /home/ros/ws_microros/install/asrs_controller/share/asrs_controller/package.dsv
-- Up-to-date: /home/ros/ws_microros/install/asrs_controller/share/ament_index/resource_index/packages/asrs_controller
-- Up-to-date: /home/ros/ws_microros/install/asrs_controller/share/asrs_controller/cmake/asrs_controllerConfig.cmake
-- Up-to-date: /home/ros/ws_microros/install/asrs_controller/share/asrs_controller/cmake/asrs_controllerConfig-version.cmake
-- Up-to-date: /home/ros/ws_microros/install/asrs_controller/share/asrs_controller/package.xml
