[0.362s] DEBUG:colcon:Command line arguments: ['/usr/bin/colcon', 'build']
[0.362s] DEBUG:colcon:Parsed command line arguments: Namespace(log_base=None, log_level=None, verb_name='build', build_base='build', install_base='install', merge_install=False, symlink_install=False, test_result_base=None, continue_on_error=False, executor='parallel', parallel_workers=16, event_handlers=None, ignore_user_meta=False, metas=['./colcon.meta'], base_paths=['.'], packages_ignore=None, packages_ignore_regex=None, paths=None, packages_up_to=None, packages_up_to_regex=None, packages_above=None, packages_above_and_dependencies=None, packages_above_depth=None, packages_select_by_dep=None, packages_skip_by_dep=None, packages_skip_up_to=None, packages_select_build_failed=False, packages_skip_build_finished=False, packages_select_test_failures=False, packages_skip_test_passed=False, packages_select=None, packages_skip=None, packages_select_regex=None, packages_skip_regex=None, packages_start=None, packages_end=None, allow_overriding=[], cmake_args=None, cmake_target=None, cmake_target_skip_unavailable=False, cmake_clean_cache=False, cmake_clean_first=False, cmake_force_configure=False, ament_cmake_args=None, catkin_cmake_args=None, catkin_skip_building_tests=False, verb_parser=<colcon_defaults.argument_parser.defaults.DefaultArgumentsDecorator object at 0x7fca83237850>, verb_extension=<colcon_core.verb.build.BuildVerb object at 0x7fca836d3ac0>, main=<bound method BuildVerb.main of <colcon_core.verb.build.BuildVerb object at 0x7fca836d3ac0>>)
[0.381s] Level 1:colcon.colcon_core.package_discovery:discover_packages(colcon_meta) check parameters
[0.381s] Level 1:colcon.colcon_core.package_discovery:discover_packages(recursive) check parameters
[0.381s] Level 1:colcon.colcon_core.package_discovery:discover_packages(ignore) check parameters
[0.381s] Level 1:colcon.colcon_core.package_discovery:discover_packages(path) check parameters
[0.381s] Level 1:colcon.colcon_core.package_discovery:discover_packages(colcon_meta) discover
[0.381s] Level 1:colcon.colcon_core.package_discovery:discover_packages(recursive) discover
[0.381s] INFO:colcon.colcon_core.package_discovery:Crawling recursively for packages in '/home/ros/ws_microros'
[0.381s] Level 1:colcon.colcon_core.package_identification:_identify(.) by extensions ['ignore', 'ignore_ament_install']
[0.381s] Level 1:colcon.colcon_core.package_identification:_identify(.) by extension 'ignore'
[0.381s] Level 1:colcon.colcon_core.package_identification:_identify(.) by extension 'ignore_ament_install'
[0.381s] Level 1:colcon.colcon_core.package_identification:_identify(.) by extensions ['colcon_pkg']
[0.381s] Level 1:colcon.colcon_core.package_identification:_identify(.) by extension 'colcon_pkg'
[0.381s] Level 1:colcon.colcon_core.package_identification:_identify(.) by extensions ['colcon_meta']
[0.381s] Level 1:colcon.colcon_core.package_identification:_identify(.) by extension 'colcon_meta'
[0.381s] Level 1:colcon.colcon_core.package_identification:_identify(.) by extensions ['ros']
[0.381s] Level 1:colcon.colcon_core.package_identification:_identify(.) by extension 'ros'
[0.387s] Level 1:colcon.colcon_core.package_identification:_identify(.) by extensions ['cmake', 'python']
[0.387s] Level 1:colcon.colcon_core.package_identification:_identify(.) by extension 'cmake'
[0.387s] Level 1:colcon.colcon_core.package_identification:_identify(.) by extension 'python'
[0.387s] Level 1:colcon.colcon_core.package_identification:_identify(.) by extensions ['python_setup_py']
[0.387s] Level 1:colcon.colcon_core.package_identification:_identify(.) by extension 'python_setup_py'
[0.387s] Level 1:colcon.colcon_core.package_identification:_identify(build) by extensions ['ignore', 'ignore_ament_install']
[0.387s] Level 1:colcon.colcon_core.package_identification:_identify(build) by extension 'ignore'
[0.387s] Level 1:colcon.colcon_core.package_identification:_identify(build) ignored
[0.387s] Level 1:colcon.colcon_core.package_identification:_identify(install) by extensions ['ignore', 'ignore_ament_install']
[0.387s] Level 1:colcon.colcon_core.package_identification:_identify(install) by extension 'ignore'
[0.387s] Level 1:colcon.colcon_core.package_identification:_identify(install) ignored
[0.387s] Level 1:colcon.colcon_core.package_identification:_identify(log) by extensions ['ignore', 'ignore_ament_install']
[0.387s] Level 1:colcon.colcon_core.package_identification:_identify(log) by extension 'ignore'
[0.387s] Level 1:colcon.colcon_core.package_identification:_identify(log) ignored
[0.388s] Level 1:colcon.colcon_core.package_identification:_identify(src) by extensions ['ignore', 'ignore_ament_install']
[0.388s] Level 1:colcon.colcon_core.package_identification:_identify(src) by extension 'ignore'
[0.388s] Level 1:colcon.colcon_core.package_identification:_identify(src) by extension 'ignore_ament_install'
[0.388s] Level 1:colcon.colcon_core.package_identification:_identify(src) by extensions ['colcon_pkg']
[0.388s] Level 1:colcon.colcon_core.package_identification:_identify(src) by extension 'colcon_pkg'
[0.388s] Level 1:colcon.colcon_core.package_identification:_identify(src) by extensions ['colcon_meta']
[0.388s] Level 1:colcon.colcon_core.package_identification:_identify(src) by extension 'colcon_meta'
[0.388s] Level 1:colcon.colcon_core.package_identification:_identify(src) by extensions ['ros']
[0.388s] Level 1:colcon.colcon_core.package_identification:_identify(src) by extension 'ros'
[0.388s] Level 1:colcon.colcon_core.package_identification:_identify(src) by extensions ['cmake', 'python']
[0.388s] Level 1:colcon.colcon_core.package_identification:_identify(src) by extension 'cmake'
[0.388s] Level 1:colcon.colcon_core.package_identification:_identify(src) by extension 'python'
[0.388s] Level 1:colcon.colcon_core.package_identification:_identify(src) by extensions ['python_setup_py']
[0.388s] Level 1:colcon.colcon_core.package_identification:_identify(src) by extension 'python_setup_py'
[0.388s] Level 1:colcon.colcon_core.package_identification:_identify(src/asrs_arm) by extensions ['ignore', 'ignore_ament_install']
[0.388s] Level 1:colcon.colcon_core.package_identification:_identify(src/asrs_arm) by extension 'ignore'
[0.388s] Level 1:colcon.colcon_core.package_identification:_identify(src/asrs_arm) by extension 'ignore_ament_install'
[0.388s] Level 1:colcon.colcon_core.package_identification:_identify(src/asrs_arm) by extensions ['colcon_pkg']
[0.388s] Level 1:colcon.colcon_core.package_identification:_identify(src/asrs_arm) by extension 'colcon_pkg'
[0.388s] Level 1:colcon.colcon_core.package_identification:_identify(src/asrs_arm) by extensions ['colcon_meta']
[0.388s] Level 1:colcon.colcon_core.package_identification:_identify(src/asrs_arm) by extension 'colcon_meta'
[0.388s] Level 1:colcon.colcon_core.package_identification:_identify(src/asrs_arm) by extensions ['ros']
[0.388s] Level 1:colcon.colcon_core.package_identification:_identify(src/asrs_arm) by extension 'ros'
[0.389s] DEBUG:colcon.colcon_core.package_identification:Package 'src/asrs_arm' with type 'ros.ament_cmake' and name 'asrs_arm'
[0.389s] Level 1:colcon.colcon_core.package_identification:_identify(src/asrs_controller) by extensions ['ignore', 'ignore_ament_install']
[0.389s] Level 1:colcon.colcon_core.package_identification:_identify(src/asrs_controller) by extension 'ignore'
[0.389s] Level 1:colcon.colcon_core.package_identification:_identify(src/asrs_controller) by extension 'ignore_ament_install'
[0.389s] Level 1:colcon.colcon_core.package_identification:_identify(src/asrs_controller) by extensions ['colcon_pkg']
[0.389s] Level 1:colcon.colcon_core.package_identification:_identify(src/asrs_controller) by extension 'colcon_pkg'
[0.389s] Level 1:colcon.colcon_core.package_identification:_identify(src/asrs_controller) by extensions ['colcon_meta']
[0.389s] Level 1:colcon.colcon_core.package_identification:_identify(src/asrs_controller) by extension 'colcon_meta'
[0.389s] Level 1:colcon.colcon_core.package_identification:_identify(src/asrs_controller) by extensions ['ros']
[0.389s] Level 1:colcon.colcon_core.package_identification:_identify(src/asrs_controller) by extension 'ros'
[0.389s] DEBUG:colcon.colcon_core.package_identification:Package 'src/asrs_controller' with type 'ros.ament_cmake' and name 'asrs_controller'
[0.390s] Level 1:colcon.colcon_core.package_identification:_identify(src/asrs_description) by extensions ['ignore', 'ignore_ament_install']
[0.390s] Level 1:colcon.colcon_core.package_identification:_identify(src/asrs_description) by extension 'ignore'
[0.390s] Level 1:colcon.colcon_core.package_identification:_identify(src/asrs_description) by extension 'ignore_ament_install'
[0.390s] Level 1:colcon.colcon_core.package_identification:_identify(src/asrs_description) by extensions ['colcon_pkg']
[0.390s] Level 1:colcon.colcon_core.package_identification:_identify(src/asrs_description) by extension 'colcon_pkg'
[0.390s] Level 1:colcon.colcon_core.package_identification:_identify(src/asrs_description) by extensions ['colcon_meta']
[0.390s] Level 1:colcon.colcon_core.package_identification:_identify(src/asrs_description) by extension 'colcon_meta'
[0.390s] Level 1:colcon.colcon_core.package_identification:_identify(src/asrs_description) by extensions ['ros']
[0.390s] Level 1:colcon.colcon_core.package_identification:_identify(src/asrs_description) by extension 'ros'
[0.390s] DEBUG:colcon.colcon_core.package_identification:Package 'src/asrs_description' with type 'ros.ament_cmake' and name 'asrs_description'
[0.390s] Level 1:colcon.colcon_core.package_identification:_identify(src/asrs_gripper) by extensions ['ignore', 'ignore_ament_install']
[0.390s] Level 1:colcon.colcon_core.package_identification:_identify(src/asrs_gripper) by extension 'ignore'
[0.390s] Level 1:colcon.colcon_core.package_identification:_identify(src/asrs_gripper) by extension 'ignore_ament_install'
[0.390s] Level 1:colcon.colcon_core.package_identification:_identify(src/asrs_gripper) by extensions ['colcon_pkg']
[0.390s] Level 1:colcon.colcon_core.package_identification:_identify(src/asrs_gripper) by extension 'colcon_pkg'
[0.390s] Level 1:colcon.colcon_core.package_identification:_identify(src/asrs_gripper) by extensions ['colcon_meta']
[0.390s] Level 1:colcon.colcon_core.package_identification:_identify(src/asrs_gripper) by extension 'colcon_meta'
[0.390s] Level 1:colcon.colcon_core.package_identification:_identify(src/asrs_gripper) by extensions ['ros']
[0.390s] Level 1:colcon.colcon_core.package_identification:_identify(src/asrs_gripper) by extension 'ros'
[0.390s] DEBUG:colcon.colcon_core.package_identification:Package 'src/asrs_gripper' with type 'ros.ament_cmake' and name 'asrs_gripper'
[0.390s] Level 1:colcon.colcon_core.package_identification:_identify(src/asrs_moveit_config) by extensions ['ignore', 'ignore_ament_install']
[0.390s] Level 1:colcon.colcon_core.package_identification:_identify(src/asrs_moveit_config) by extension 'ignore'
[0.390s] Level 1:colcon.colcon_core.package_identification:_identify(src/asrs_moveit_config) by extension 'ignore_ament_install'
[0.390s] Level 1:colcon.colcon_core.package_identification:_identify(src/asrs_moveit_config) by extensions ['colcon_pkg']
[0.390s] Level 1:colcon.colcon_core.package_identification:_identify(src/asrs_moveit_config) by extension 'colcon_pkg'
[0.390s] Level 1:colcon.colcon_core.package_identification:_identify(src/asrs_moveit_config) by extensions ['colcon_meta']
[0.390s] Level 1:colcon.colcon_core.package_identification:_identify(src/asrs_moveit_config) by extension 'colcon_meta'
[0.390s] Level 1:colcon.colcon_core.package_identification:_identify(src/asrs_moveit_config) by extensions ['ros']
[0.390s] Level 1:colcon.colcon_core.package_identification:_identify(src/asrs_moveit_config) by extension 'ros'
[0.391s] DEBUG:colcon.colcon_core.package_identification:Package 'src/asrs_moveit_config' with type 'ros.ament_cmake' and name 'asrs_moveit_config'
[0.391s] Level 1:colcon.colcon_core.package_discovery:discover_packages(recursive) using defaults
[0.391s] Level 1:colcon.colcon_core.package_discovery:discover_packages(ignore) discover
[0.391s] Level 1:colcon.colcon_core.package_discovery:discover_packages(ignore) using defaults
[0.391s] Level 1:colcon.colcon_core.package_discovery:discover_packages(path) discover
[0.391s] Level 1:colcon.colcon_core.package_discovery:discover_packages(path) using defaults
[0.426s] Level 1:colcon.colcon_core.package_discovery:discover_packages(prefix_path) check parameters
[0.426s] Level 1:colcon.colcon_core.package_discovery:discover_packages(prefix_path) discover
[0.437s] DEBUG:colcon.colcon_installed_package_information.package_discovery:Found 354 installed packages in /opt/ros/humble
[0.438s] Level 1:colcon.colcon_core.package_discovery:discover_packages(prefix_path) using defaults
[0.477s] Level 5:colcon.colcon_core.verb:set package 'asrs_arm' build argument 'cmake_args' from command line to 'None'
[0.477s] Level 5:colcon.colcon_core.verb:set package 'asrs_arm' build argument 'cmake_target' from command line to 'None'
[0.477s] Level 5:colcon.colcon_core.verb:set package 'asrs_arm' build argument 'cmake_target_skip_unavailable' from command line to 'False'
[0.477s] Level 5:colcon.colcon_core.verb:set package 'asrs_arm' build argument 'cmake_clean_cache' from command line to 'False'
[0.478s] Level 5:colcon.colcon_core.verb:set package 'asrs_arm' build argument 'cmake_clean_first' from command line to 'False'
[0.478s] Level 5:colcon.colcon_core.verb:set package 'asrs_arm' build argument 'cmake_force_configure' from command line to 'False'
[0.478s] Level 5:colcon.colcon_core.verb:set package 'asrs_arm' build argument 'ament_cmake_args' from command line to 'None'
[0.478s] Level 5:colcon.colcon_core.verb:set package 'asrs_arm' build argument 'catkin_cmake_args' from command line to 'None'
[0.478s] Level 5:colcon.colcon_core.verb:set package 'asrs_arm' build argument 'catkin_skip_building_tests' from command line to 'False'
[0.478s] DEBUG:colcon.colcon_core.verb:Building package 'asrs_arm' with the following arguments: {'ament_cmake_args': None, 'build_base': '/home/ros/ws_microros/build/asrs_arm', 'catkin_cmake_args': None, 'catkin_skip_building_tests': False, 'cmake_args': None, 'cmake_clean_cache': False, 'cmake_clean_first': False, 'cmake_force_configure': False, 'cmake_target': None, 'cmake_target_skip_unavailable': False, 'install_base': '/home/ros/ws_microros/install/asrs_arm', 'merge_install': False, 'path': '/home/ros/ws_microros/src/asrs_arm', 'symlink_install': False, 'test_result_base': None}
[0.483s] Level 5:colcon.colcon_core.verb:set package 'asrs_controller' build argument 'cmake_args' from command line to 'None'
[0.483s] Level 5:colcon.colcon_core.verb:set package 'asrs_controller' build argument 'cmake_target' from command line to 'None'
[0.483s] Level 5:colcon.colcon_core.verb:set package 'asrs_controller' build argument 'cmake_target_skip_unavailable' from command line to 'False'
[0.483s] Level 5:colcon.colcon_core.verb:set package 'asrs_controller' build argument 'cmake_clean_cache' from command line to 'False'
[0.483s] Level 5:colcon.colcon_core.verb:set package 'asrs_controller' build argument 'cmake_clean_first' from command line to 'False'
[0.483s] Level 5:colcon.colcon_core.verb:set package 'asrs_controller' build argument 'cmake_force_configure' from command line to 'False'
[0.483s] Level 5:colcon.colcon_core.verb:set package 'asrs_controller' build argument 'ament_cmake_args' from command line to 'None'
[0.483s] Level 5:colcon.colcon_core.verb:set package 'asrs_controller' build argument 'catkin_cmake_args' from command line to 'None'
[0.483s] Level 5:colcon.colcon_core.verb:set package 'asrs_controller' build argument 'catkin_skip_building_tests' from command line to 'False'
[0.483s] DEBUG:colcon.colcon_core.verb:Building package 'asrs_controller' with the following arguments: {'ament_cmake_args': None, 'build_base': '/home/ros/ws_microros/build/asrs_controller', 'catkin_cmake_args': None, 'catkin_skip_building_tests': False, 'cmake_args': None, 'cmake_clean_cache': False, 'cmake_clean_first': False, 'cmake_force_configure': False, 'cmake_target': None, 'cmake_target_skip_unavailable': False, 'install_base': '/home/ros/ws_microros/install/asrs_controller', 'merge_install': False, 'path': '/home/ros/ws_microros/src/asrs_controller', 'symlink_install': False, 'test_result_base': None}
[0.488s] Level 5:colcon.colcon_core.verb:set package 'asrs_description' build argument 'cmake_args' from command line to 'None'
[0.488s] Level 5:colcon.colcon_core.verb:set package 'asrs_description' build argument 'cmake_target' from command line to 'None'
[0.488s] Level 5:colcon.colcon_core.verb:set package 'asrs_description' build argument 'cmake_target_skip_unavailable' from command line to 'False'
[0.488s] Level 5:colcon.colcon_core.verb:set package 'asrs_description' build argument 'cmake_clean_cache' from command line to 'False'
[0.488s] Level 5:colcon.colcon_core.verb:set package 'asrs_description' build argument 'cmake_clean_first' from command line to 'False'
[0.488s] Level 5:colcon.colcon_core.verb:set package 'asrs_description' build argument 'cmake_force_configure' from command line to 'False'
[0.488s] Level 5:colcon.colcon_core.verb:set package 'asrs_description' build argument 'ament_cmake_args' from command line to 'None'
[0.488s] Level 5:colcon.colcon_core.verb:set package 'asrs_description' build argument 'catkin_cmake_args' from command line to 'None'
[0.488s] Level 5:colcon.colcon_core.verb:set package 'asrs_description' build argument 'catkin_skip_building_tests' from command line to 'False'
[0.488s] DEBUG:colcon.colcon_core.verb:Building package 'asrs_description' with the following arguments: {'ament_cmake_args': None, 'build_base': '/home/ros/ws_microros/build/asrs_description', 'catkin_cmake_args': None, 'catkin_skip_building_tests': False, 'cmake_args': None, 'cmake_clean_cache': False, 'cmake_clean_first': False, 'cmake_force_configure': False, 'cmake_target': None, 'cmake_target_skip_unavailable': False, 'install_base': '/home/ros/ws_microros/install/asrs_description', 'merge_install': False, 'path': '/home/ros/ws_microros/src/asrs_description', 'symlink_install': False, 'test_result_base': None}
[0.493s] Level 5:colcon.colcon_core.verb:set package 'asrs_gripper' build argument 'cmake_args' from command line to 'None'
[0.493s] Level 5:colcon.colcon_core.verb:set package 'asrs_gripper' build argument 'cmake_target' from command line to 'None'
[0.493s] Level 5:colcon.colcon_core.verb:set package 'asrs_gripper' build argument 'cmake_target_skip_unavailable' from command line to 'False'
[0.493s] Level 5:colcon.colcon_core.verb:set package 'asrs_gripper' build argument 'cmake_clean_cache' from command line to 'False'
[0.493s] Level 5:colcon.colcon_core.verb:set package 'asrs_gripper' build argument 'cmake_clean_first' from command line to 'False'
[0.493s] Level 5:colcon.colcon_core.verb:set package 'asrs_gripper' build argument 'cmake_force_configure' from command line to 'False'
[0.493s] Level 5:colcon.colcon_core.verb:set package 'asrs_gripper' build argument 'ament_cmake_args' from command line to 'None'
[0.493s] Level 5:colcon.colcon_core.verb:set package 'asrs_gripper' build argument 'catkin_cmake_args' from command line to 'None'
[0.493s] Level 5:colcon.colcon_core.verb:set package 'asrs_gripper' build argument 'catkin_skip_building_tests' from command line to 'False'
[0.493s] DEBUG:colcon.colcon_core.verb:Building package 'asrs_gripper' with the following arguments: {'ament_cmake_args': None, 'build_base': '/home/ros/ws_microros/build/asrs_gripper', 'catkin_cmake_args': None, 'catkin_skip_building_tests': False, 'cmake_args': None, 'cmake_clean_cache': False, 'cmake_clean_first': False, 'cmake_force_configure': False, 'cmake_target': None, 'cmake_target_skip_unavailable': False, 'install_base': '/home/ros/ws_microros/install/asrs_gripper', 'merge_install': False, 'path': '/home/ros/ws_microros/src/asrs_gripper', 'symlink_install': False, 'test_result_base': None}
[0.499s] Level 5:colcon.colcon_core.verb:set package 'asrs_moveit_config' build argument 'cmake_args' from command line to 'None'
[0.499s] Level 5:colcon.colcon_core.verb:set package 'asrs_moveit_config' build argument 'cmake_target' from command line to 'None'
[0.499s] Level 5:colcon.colcon_core.verb:set package 'asrs_moveit_config' build argument 'cmake_target_skip_unavailable' from command line to 'False'
[0.499s] Level 5:colcon.colcon_core.verb:set package 'asrs_moveit_config' build argument 'cmake_clean_cache' from command line to 'False'
[0.499s] Level 5:colcon.colcon_core.verb:set package 'asrs_moveit_config' build argument 'cmake_clean_first' from command line to 'False'
[0.499s] Level 5:colcon.colcon_core.verb:set package 'asrs_moveit_config' build argument 'cmake_force_configure' from command line to 'False'
[0.499s] Level 5:colcon.colcon_core.verb:set package 'asrs_moveit_config' build argument 'ament_cmake_args' from command line to 'None'
[0.499s] Level 5:colcon.colcon_core.verb:set package 'asrs_moveit_config' build argument 'catkin_cmake_args' from command line to 'None'
[0.499s] Level 5:colcon.colcon_core.verb:set package 'asrs_moveit_config' build argument 'catkin_skip_building_tests' from command line to 'False'
[0.499s] DEBUG:colcon.colcon_core.verb:Building package 'asrs_moveit_config' with the following arguments: {'ament_cmake_args': None, 'build_base': '/home/ros/ws_microros/build/asrs_moveit_config', 'catkin_cmake_args': None, 'catkin_skip_building_tests': False, 'cmake_args': None, 'cmake_clean_cache': False, 'cmake_clean_first': False, 'cmake_force_configure': False, 'cmake_target': None, 'cmake_target_skip_unavailable': False, 'install_base': '/home/ros/ws_microros/install/asrs_moveit_config', 'merge_install': False, 'path': '/home/ros/ws_microros/src/asrs_moveit_config', 'symlink_install': False, 'test_result_base': None}
[0.504s] INFO:colcon.colcon_core.executor:Executing jobs using 'parallel' executor
[0.510s] DEBUG:colcon.colcon_parallel_executor.executor.parallel:run_until_complete
[0.510s] INFO:colcon.colcon_ros.task.ament_cmake.build:Building ROS package in '/home/ros/ws_microros/src/asrs_arm' with build type 'ament_cmake'
[0.510s] INFO:colcon.colcon_cmake.task.cmake.build:Building CMake package in '/home/ros/ws_microros/src/asrs_arm'
[0.516s] INFO:colcon.colcon_core.plugin_system:Skipping extension 'colcon_core.shell.bat': Not used on non-Windows systems
[0.516s] INFO:colcon.colcon_core.shell:Skip shell extension 'powershell' for command environment: Not usable outside of PowerShell
[0.516s] DEBUG:colcon.colcon_core.shell:Skip shell extension 'dsv' for command environment
[0.528s] INFO:colcon.colcon_ros.task.ament_cmake.build:Building ROS package in '/home/ros/ws_microros/src/asrs_controller' with build type 'ament_cmake'
[0.528s] INFO:colcon.colcon_cmake.task.cmake.build:Building CMake package in '/home/ros/ws_microros/src/asrs_controller'
[0.534s] INFO:colcon.colcon_core.shell:Skip shell extension 'powershell' for command environment: Not usable outside of PowerShell
[0.534s] DEBUG:colcon.colcon_core.shell:Skip shell extension 'dsv' for command environment
[0.546s] INFO:colcon.colcon_ros.task.ament_cmake.build:Building ROS package in '/home/ros/ws_microros/src/asrs_description' with build type 'ament_cmake'
[0.547s] INFO:colcon.colcon_cmake.task.cmake.build:Building CMake package in '/home/ros/ws_microros/src/asrs_description'
[0.553s] INFO:colcon.colcon_core.shell:Skip shell extension 'powershell' for command environment: Not usable outside of PowerShell
[0.553s] DEBUG:colcon.colcon_core.shell:Skip shell extension 'dsv' for command environment
[0.571s] INFO:colcon.colcon_ros.task.ament_cmake.build:Building ROS package in '/home/ros/ws_microros/src/asrs_gripper' with build type 'ament_cmake'
[0.571s] INFO:colcon.colcon_cmake.task.cmake.build:Building CMake package in '/home/ros/ws_microros/src/asrs_gripper'
[0.578s] INFO:colcon.colcon_core.shell:Skip shell extension 'powershell' for command environment: Not usable outside of PowerShell
[0.578s] DEBUG:colcon.colcon_core.shell:Skip shell extension 'dsv' for command environment
[0.590s] INFO:colcon.colcon_ros.task.ament_cmake.build:Building ROS package in '/home/ros/ws_microros/src/asrs_moveit_config' with build type 'ament_cmake'
[0.591s] INFO:colcon.colcon_cmake.task.cmake.build:Building CMake package in '/home/ros/ws_microros/src/asrs_moveit_config'
[0.598s] INFO:colcon.colcon_core.shell:Skip shell extension 'powershell' for command environment: Not usable outside of PowerShell
[0.598s] DEBUG:colcon.colcon_core.shell:Skip shell extension 'dsv' for command environment
[0.615s] DEBUG:colcon.colcon_core.event_handler.log_command:Invoking command in '/home/ros/ws_microros/build/asrs_arm': CMAKE_PREFIX_PATH=/opt/ros/humble /usr/bin/cmake --build /home/ros/ws_microros/build/asrs_arm -- -j16 -l16
[0.617s] DEBUG:colcon.colcon_core.event_handler.log_command:Invoking command in '/home/ros/ws_microros/build/asrs_controller': CMAKE_PREFIX_PATH=/opt/ros/humble /usr/bin/cmake --build /home/ros/ws_microros/build/asrs_controller -- -j16 -l16
[0.618s] DEBUG:colcon.colcon_core.event_handler.log_command:Invoking command in '/home/ros/ws_microros/build/asrs_description': CMAKE_PREFIX_PATH=/opt/ros/humble /usr/bin/cmake --build /home/ros/ws_microros/build/asrs_description -- -j16 -l16
[0.622s] DEBUG:colcon.colcon_core.event_handler.log_command:Invoking command in '/home/ros/ws_microros/build/asrs_gripper': CMAKE_PREFIX_PATH=/opt/ros/humble /usr/bin/cmake --build /home/ros/ws_microros/build/asrs_gripper -- -j16 -l16
[0.626s] DEBUG:colcon.colcon_core.event_handler.log_command:Invoking command in '/home/ros/ws_microros/build/asrs_moveit_config': CMAKE_PREFIX_PATH=/opt/ros/humble /usr/bin/cmake --build /home/ros/ws_microros/build/asrs_moveit_config -- -j16 -l16
[0.634s] DEBUG:colcon.colcon_core.event_handler.log_command:Invoked command in '/home/ros/ws_microros/build/asrs_arm' returned '0': CMAKE_PREFIX_PATH=/opt/ros/humble /usr/bin/cmake --build /home/ros/ws_microros/build/asrs_arm -- -j16 -l16
[0.636s] DEBUG:colcon.colcon_core.event_handler.log_command:Invoked command in '/home/ros/ws_microros/build/asrs_controller' returned '0': CMAKE_PREFIX_PATH=/opt/ros/humble /usr/bin/cmake --build /home/ros/ws_microros/build/asrs_controller -- -j16 -l16
[0.638s] DEBUG:colcon.colcon_core.event_handler.log_command:Invoked command in '/home/ros/ws_microros/build/asrs_gripper' returned '0': CMAKE_PREFIX_PATH=/opt/ros/humble /usr/bin/cmake --build /home/ros/ws_microros/build/asrs_gripper -- -j16 -l16
[0.644s] DEBUG:colcon.colcon_core.event_handler.log_command:Invoked command in '/home/ros/ws_microros/build/asrs_moveit_config' returned '0': CMAKE_PREFIX_PATH=/opt/ros/humble /usr/bin/cmake --build /home/ros/ws_microros/build/asrs_moveit_config -- -j16 -l16
[0.650s] DEBUG:colcon.colcon_core.event_handler.log_command:Invoking command in '/home/ros/ws_microros/build/asrs_arm': CMAKE_PREFIX_PATH=/opt/ros/humble /usr/bin/cmake --install /home/ros/ws_microros/build/asrs_arm
[0.653s] DEBUG:colcon.colcon_core.event_handler.log_command:Invoking command in '/home/ros/ws_microros/build/asrs_gripper': CMAKE_PREFIX_PATH=/opt/ros/humble /usr/bin/cmake --install /home/ros/ws_microros/build/asrs_gripper
[0.655s] DEBUG:colcon.colcon_core.event_handler.log_command:Invoking command in '/home/ros/ws_microros/build/asrs_controller': CMAKE_PREFIX_PATH=/opt/ros/humble /usr/bin/cmake --install /home/ros/ws_microros/build/asrs_controller
[0.660s] DEBUG:colcon.colcon_core.event_handler.log_command:Invoking command in '/home/ros/ws_microros/build/asrs_moveit_config': CMAKE_PREFIX_PATH=/opt/ros/humble /usr/bin/cmake --install /home/ros/ws_microros/build/asrs_moveit_config
[0.664s] Level 1:colcon.colcon_core.environment:create_environment_scripts_only(asrs_arm)
[0.667s] DEBUG:colcon.colcon_core.event_handler.log_command:Invoked command in '/home/ros/ws_microros/build/asrs_arm' returned '0': CMAKE_PREFIX_PATH=/opt/ros/humble /usr/bin/cmake --install /home/ros/ws_microros/build/asrs_arm
[0.674s] Level 1:colcon.colcon_core.environment:checking '/home/ros/ws_microros/install/asrs_arm' for CMake module files
[0.674s] Level 1:colcon.colcon_core.environment:checking '/home/ros/ws_microros/install/asrs_arm' for CMake config files
[0.674s] Level 1:colcon.colcon_core.shell:create_environment_hook('asrs_arm', 'cmake_prefix_path')
[0.680s] INFO:colcon.colcon_core.shell:Creating environment hook '/home/ros/ws_microros/install/asrs_arm/share/asrs_arm/hook/cmake_prefix_path.ps1'
[0.680s] INFO:colcon.colcon_core.shell:Creating environment descriptor '/home/ros/ws_microros/install/asrs_arm/share/asrs_arm/hook/cmake_prefix_path.dsv'
[0.680s] INFO:colcon.colcon_core.shell:Creating environment hook '/home/ros/ws_microros/install/asrs_arm/share/asrs_arm/hook/cmake_prefix_path.sh'
[0.680s] Level 1:colcon.colcon_core.environment:checking '/home/ros/ws_microros/install/asrs_arm/bin'
[0.680s] Level 1:colcon.colcon_core.environment:checking '/home/ros/ws_microros/install/asrs_arm/lib/pkgconfig/asrs_arm.pc'
[0.681s] Level 1:colcon.colcon_core.environment:checking '/home/ros/ws_microros/install/asrs_arm/lib/python3.10/site-packages'
[0.681s] Level 1:colcon.colcon_core.environment:checking '/home/ros/ws_microros/install/asrs_arm/bin'
[0.686s] INFO:colcon.colcon_core.shell:Creating package script '/home/ros/ws_microros/install/asrs_arm/share/asrs_arm/package.ps1'
[0.687s] INFO:colcon.colcon_core.shell:Creating package descriptor '/home/ros/ws_microros/install/asrs_arm/share/asrs_arm/package.dsv'
[0.687s] INFO:colcon.colcon_core.shell:Creating package script '/home/ros/ws_microros/install/asrs_arm/share/asrs_arm/package.sh'
[0.687s] INFO:colcon.colcon_core.shell:Creating package script '/home/ros/ws_microros/install/asrs_arm/share/asrs_arm/package.bash'
[0.687s] INFO:colcon.colcon_core.shell:Creating package script '/home/ros/ws_microros/install/asrs_arm/share/asrs_arm/package.zsh'
[0.688s] Level 1:colcon.colcon_core.environment:create_file_with_runtime_dependencies(/home/ros/ws_microros/install/asrs_arm/share/colcon-core/packages/asrs_arm)
[0.689s] Level 1:colcon.colcon_core.environment:create_environment_scripts_only(asrs_controller)
[0.690s] DEBUG:colcon.colcon_core.event_handler.log_command:Invoked command in '/home/ros/ws_microros/build/asrs_controller' returned '0': CMAKE_PREFIX_PATH=/opt/ros/humble /usr/bin/cmake --install /home/ros/ws_microros/build/asrs_controller
[0.696s] Level 1:colcon.colcon_core.environment:checking '/home/ros/ws_microros/install/asrs_controller' for CMake module files
[0.696s] Level 1:colcon.colcon_core.environment:checking '/home/ros/ws_microros/install/asrs_controller' for CMake config files
[0.696s] Level 1:colcon.colcon_core.shell:create_environment_hook('asrs_controller', 'cmake_prefix_path')
[0.702s] INFO:colcon.colcon_core.shell:Creating environment hook '/home/ros/ws_microros/install/asrs_controller/share/asrs_controller/hook/cmake_prefix_path.ps1'
[0.702s] INFO:colcon.colcon_core.shell:Creating environment descriptor '/home/ros/ws_microros/install/asrs_controller/share/asrs_controller/hook/cmake_prefix_path.dsv'
[0.703s] INFO:colcon.colcon_core.shell:Creating environment hook '/home/ros/ws_microros/install/asrs_controller/share/asrs_controller/hook/cmake_prefix_path.sh'
[0.703s] Level 1:colcon.colcon_core.environment:checking '/home/ros/ws_microros/install/asrs_controller/bin'
[0.703s] Level 1:colcon.colcon_core.environment:checking '/home/ros/ws_microros/install/asrs_controller/lib/pkgconfig/asrs_controller.pc'
[0.703s] Level 1:colcon.colcon_core.environment:checking '/home/ros/ws_microros/install/asrs_controller/lib/python3.10/site-packages'
[0.703s] Level 1:colcon.colcon_core.environment:checking '/home/ros/ws_microros/install/asrs_controller/bin'
[0.708s] INFO:colcon.colcon_core.shell:Creating package script '/home/ros/ws_microros/install/asrs_controller/share/asrs_controller/package.ps1'
[0.709s] INFO:colcon.colcon_core.shell:Creating package descriptor '/home/ros/ws_microros/install/asrs_controller/share/asrs_controller/package.dsv'
[0.709s] INFO:colcon.colcon_core.shell:Creating package script '/home/ros/ws_microros/install/asrs_controller/share/asrs_controller/package.sh'
[0.709s] INFO:colcon.colcon_core.shell:Creating package script '/home/ros/ws_microros/install/asrs_controller/share/asrs_controller/package.bash'
[0.709s] INFO:colcon.colcon_core.shell:Creating package script '/home/ros/ws_microros/install/asrs_controller/share/asrs_controller/package.zsh'
[0.709s] Level 1:colcon.colcon_core.environment:create_file_with_runtime_dependencies(/home/ros/ws_microros/install/asrs_controller/share/colcon-core/packages/asrs_controller)
[0.710s] Level 1:colcon.colcon_core.environment:create_environment_scripts_only(asrs_gripper)
[0.710s] DEBUG:colcon.colcon_core.event_handler.log_command:Invoked command in '/home/ros/ws_microros/build/asrs_gripper' returned '0': CMAKE_PREFIX_PATH=/opt/ros/humble /usr/bin/cmake --install /home/ros/ws_microros/build/asrs_gripper
[0.716s] Level 1:colcon.colcon_core.environment:checking '/home/ros/ws_microros/install/asrs_gripper' for CMake module files
[0.716s] Level 1:colcon.colcon_core.environment:checking '/home/ros/ws_microros/install/asrs_gripper' for CMake config files
[0.716s] Level 1:colcon.colcon_core.shell:create_environment_hook('asrs_gripper', 'cmake_prefix_path')
[0.722s] INFO:colcon.colcon_core.shell:Creating environment hook '/home/ros/ws_microros/install/asrs_gripper/share/asrs_gripper/hook/cmake_prefix_path.ps1'
[0.722s] INFO:colcon.colcon_core.shell:Creating environment descriptor '/home/ros/ws_microros/install/asrs_gripper/share/asrs_gripper/hook/cmake_prefix_path.dsv'
[0.722s] INFO:colcon.colcon_core.shell:Creating environment hook '/home/ros/ws_microros/install/asrs_gripper/share/asrs_gripper/hook/cmake_prefix_path.sh'
[0.722s] Level 1:colcon.colcon_core.environment:checking '/home/ros/ws_microros/install/asrs_gripper/bin'
[0.722s] Level 1:colcon.colcon_core.environment:checking '/home/ros/ws_microros/install/asrs_gripper/lib/pkgconfig/asrs_gripper.pc'
[0.722s] Level 1:colcon.colcon_core.environment:checking '/home/ros/ws_microros/install/asrs_gripper/lib/python3.10/site-packages'
[0.722s] Level 1:colcon.colcon_core.environment:checking '/home/ros/ws_microros/install/asrs_gripper/bin'
[0.728s] INFO:colcon.colcon_core.shell:Creating package script '/home/ros/ws_microros/install/asrs_gripper/share/asrs_gripper/package.ps1'
[0.728s] INFO:colcon.colcon_core.shell:Creating package descriptor '/home/ros/ws_microros/install/asrs_gripper/share/asrs_gripper/package.dsv'
[0.728s] INFO:colcon.colcon_core.shell:Creating package script '/home/ros/ws_microros/install/asrs_gripper/share/asrs_gripper/package.sh'
[0.728s] INFO:colcon.colcon_core.shell:Creating package script '/home/ros/ws_microros/install/asrs_gripper/share/asrs_gripper/package.bash'
[0.729s] INFO:colcon.colcon_core.shell:Creating package script '/home/ros/ws_microros/install/asrs_gripper/share/asrs_gripper/package.zsh'
[0.729s] Level 1:colcon.colcon_core.environment:create_file_with_runtime_dependencies(/home/ros/ws_microros/install/asrs_gripper/share/colcon-core/packages/asrs_gripper)
[0.730s] Level 1:colcon.colcon_core.environment:create_environment_scripts_only(asrs_moveit_config)
[0.730s] DEBUG:colcon.colcon_core.event_handler.log_command:Invoked command in '/home/ros/ws_microros/build/asrs_moveit_config' returned '0': CMAKE_PREFIX_PATH=/opt/ros/humble /usr/bin/cmake --install /home/ros/ws_microros/build/asrs_moveit_config
[0.738s] Level 1:colcon.colcon_core.environment:checking '/home/ros/ws_microros/install/asrs_moveit_config' for CMake module files
[0.739s] Level 1:colcon.colcon_core.environment:checking '/home/ros/ws_microros/install/asrs_moveit_config' for CMake config files
[0.739s] Level 1:colcon.colcon_core.shell:create_environment_hook('asrs_moveit_config', 'cmake_prefix_path')
[0.745s] INFO:colcon.colcon_core.shell:Creating environment hook '/home/ros/ws_microros/install/asrs_moveit_config/share/asrs_moveit_config/hook/cmake_prefix_path.ps1'
[0.746s] INFO:colcon.colcon_core.shell:Creating environment descriptor '/home/ros/ws_microros/install/asrs_moveit_config/share/asrs_moveit_config/hook/cmake_prefix_path.dsv'
[0.746s] INFO:colcon.colcon_core.shell:Creating environment hook '/home/ros/ws_microros/install/asrs_moveit_config/share/asrs_moveit_config/hook/cmake_prefix_path.sh'
[0.746s] Level 1:colcon.colcon_core.environment:checking '/home/ros/ws_microros/install/asrs_moveit_config/bin'
[0.746s] Level 1:colcon.colcon_core.environment:checking '/home/ros/ws_microros/install/asrs_moveit_config/lib/pkgconfig/asrs_moveit_config.pc'
[0.746s] Level 1:colcon.colcon_core.environment:checking '/home/ros/ws_microros/install/asrs_moveit_config/lib/python3.10/site-packages'
[0.746s] Level 1:colcon.colcon_core.environment:checking '/home/ros/ws_microros/install/asrs_moveit_config/bin'
[0.752s] INFO:colcon.colcon_core.shell:Creating package script '/home/ros/ws_microros/install/asrs_moveit_config/share/asrs_moveit_config/package.ps1'
[0.753s] INFO:colcon.colcon_core.shell:Creating package descriptor '/home/ros/ws_microros/install/asrs_moveit_config/share/asrs_moveit_config/package.dsv'
[0.753s] INFO:colcon.colcon_core.shell:Creating package script '/home/ros/ws_microros/install/asrs_moveit_config/share/asrs_moveit_config/package.sh'
[0.753s] INFO:colcon.colcon_core.shell:Creating package script '/home/ros/ws_microros/install/asrs_moveit_config/share/asrs_moveit_config/package.bash'
[0.753s] INFO:colcon.colcon_core.shell:Creating package script '/home/ros/ws_microros/install/asrs_moveit_config/share/asrs_moveit_config/package.zsh'
[0.753s] Level 1:colcon.colcon_core.environment:create_file_with_runtime_dependencies(/home/ros/ws_microros/install/asrs_moveit_config/share/colcon-core/packages/asrs_moveit_config)
[0.760s] Level 1:colcon.colcon_core.environment:create_environment_scripts_only(asrs_arm)
[0.766s] Level 1:colcon.colcon_core.environment:checking '/home/ros/ws_microros/install/asrs_arm' for CMake module files
[0.766s] Level 1:colcon.colcon_core.environment:checking '/home/ros/ws_microros/install/asrs_arm' for CMake config files
[0.766s] Level 1:colcon.colcon_core.shell:create_environment_hook('asrs_arm', 'cmake_prefix_path')
[0.772s] INFO:colcon.colcon_core.shell:Creating environment hook '/home/ros/ws_microros/install/asrs_arm/share/asrs_arm/hook/cmake_prefix_path.ps1'
[0.772s] INFO:colcon.colcon_core.shell:Creating environment descriptor '/home/ros/ws_microros/install/asrs_arm/share/asrs_arm/hook/cmake_prefix_path.dsv'
[0.772s] INFO:colcon.colcon_core.shell:Creating environment hook '/home/ros/ws_microros/install/asrs_arm/share/asrs_arm/hook/cmake_prefix_path.sh'
[0.772s] Level 1:colcon.colcon_core.environment:checking '/home/ros/ws_microros/install/asrs_arm/bin'
[0.772s] Level 1:colcon.colcon_core.environment:checking '/home/ros/ws_microros/install/asrs_arm/lib/pkgconfig/asrs_arm.pc'
[0.772s] Level 1:colcon.colcon_core.environment:checking '/home/ros/ws_microros/install/asrs_arm/lib/python3.10/site-packages'
[0.772s] Level 1:colcon.colcon_core.environment:checking '/home/ros/ws_microros/install/asrs_arm/bin'
[0.777s] INFO:colcon.colcon_core.shell:Creating package script '/home/ros/ws_microros/install/asrs_arm/share/asrs_arm/package.ps1'
[0.778s] INFO:colcon.colcon_core.shell:Creating package descriptor '/home/ros/ws_microros/install/asrs_arm/share/asrs_arm/package.dsv'
[0.778s] INFO:colcon.colcon_core.shell:Creating package script '/home/ros/ws_microros/install/asrs_arm/share/asrs_arm/package.sh'
[0.778s] INFO:colcon.colcon_core.shell:Creating package script '/home/ros/ws_microros/install/asrs_arm/share/asrs_arm/package.bash'
[0.778s] INFO:colcon.colcon_core.shell:Creating package script '/home/ros/ws_microros/install/asrs_arm/share/asrs_arm/package.zsh'
[0.778s] Level 1:colcon.colcon_core.environment:create_file_with_runtime_dependencies(/home/ros/ws_microros/install/asrs_arm/share/colcon-core/packages/asrs_arm)
[0.784s] Level 1:colcon.colcon_core.environment:create_environment_scripts_only(asrs_controller)
[0.790s] Level 1:colcon.colcon_core.environment:checking '/home/ros/ws_microros/install/asrs_controller' for CMake module files
[0.790s] Level 1:colcon.colcon_core.environment:checking '/home/ros/ws_microros/install/asrs_controller' for CMake config files
[0.790s] Level 1:colcon.colcon_core.shell:create_environment_hook('asrs_controller', 'cmake_prefix_path')
[0.796s] INFO:colcon.colcon_core.shell:Creating environment hook '/home/ros/ws_microros/install/asrs_controller/share/asrs_controller/hook/cmake_prefix_path.ps1'
[0.796s] INFO:colcon.colcon_core.shell:Creating environment descriptor '/home/ros/ws_microros/install/asrs_controller/share/asrs_controller/hook/cmake_prefix_path.dsv'
[0.796s] INFO:colcon.colcon_core.shell:Creating environment hook '/home/ros/ws_microros/install/asrs_controller/share/asrs_controller/hook/cmake_prefix_path.sh'
[0.796s] Level 1:colcon.colcon_core.environment:checking '/home/ros/ws_microros/install/asrs_controller/bin'
[0.796s] Level 1:colcon.colcon_core.environment:checking '/home/ros/ws_microros/install/asrs_controller/lib/pkgconfig/asrs_controller.pc'
[0.796s] Level 1:colcon.colcon_core.environment:checking '/home/ros/ws_microros/install/asrs_controller/lib/python3.10/site-packages'
[0.796s] Level 1:colcon.colcon_core.environment:checking '/home/ros/ws_microros/install/asrs_controller/bin'
[0.802s] INFO:colcon.colcon_core.shell:Creating package script '/home/ros/ws_microros/install/asrs_controller/share/asrs_controller/package.ps1'
[0.802s] INFO:colcon.colcon_core.shell:Creating package descriptor '/home/ros/ws_microros/install/asrs_controller/share/asrs_controller/package.dsv'
[0.802s] INFO:colcon.colcon_core.shell:Creating package script '/home/ros/ws_microros/install/asrs_controller/share/asrs_controller/package.sh'
[0.802s] INFO:colcon.colcon_core.shell:Creating package script '/home/ros/ws_microros/install/asrs_controller/share/asrs_controller/package.bash'
[0.803s] INFO:colcon.colcon_core.shell:Creating package script '/home/ros/ws_microros/install/asrs_controller/share/asrs_controller/package.zsh'
[0.803s] Level 1:colcon.colcon_core.environment:create_file_with_runtime_dependencies(/home/ros/ws_microros/install/asrs_controller/share/colcon-core/packages/asrs_controller)
[0.811s] Level 1:colcon.colcon_core.environment:create_environment_scripts_only(asrs_gripper)
[0.816s] Level 1:colcon.colcon_core.environment:checking '/home/ros/ws_microros/install/asrs_gripper' for CMake module files
[0.816s] Level 1:colcon.colcon_core.environment:checking '/home/ros/ws_microros/install/asrs_gripper' for CMake config files
[0.816s] Level 1:colcon.colcon_core.shell:create_environment_hook('asrs_gripper', 'cmake_prefix_path')
[0.822s] INFO:colcon.colcon_core.shell:Creating environment hook '/home/ros/ws_microros/install/asrs_gripper/share/asrs_gripper/hook/cmake_prefix_path.ps1'
[0.822s] INFO:colcon.colcon_core.shell:Creating environment descriptor '/home/ros/ws_microros/install/asrs_gripper/share/asrs_gripper/hook/cmake_prefix_path.dsv'
[0.822s] INFO:colcon.colcon_core.shell:Creating environment hook '/home/ros/ws_microros/install/asrs_gripper/share/asrs_gripper/hook/cmake_prefix_path.sh'
[0.822s] Level 1:colcon.colcon_core.environment:checking '/home/ros/ws_microros/install/asrs_gripper/bin'
[0.822s] Level 1:colcon.colcon_core.environment:checking '/home/ros/ws_microros/install/asrs_gripper/lib/pkgconfig/asrs_gripper.pc'
[0.822s] Level 1:colcon.colcon_core.environment:checking '/home/ros/ws_microros/install/asrs_gripper/lib/python3.10/site-packages'
[0.822s] Level 1:colcon.colcon_core.environment:checking '/home/ros/ws_microros/install/asrs_gripper/bin'
[0.828s] INFO:colcon.colcon_core.shell:Creating package script '/home/ros/ws_microros/install/asrs_gripper/share/asrs_gripper/package.ps1'
[0.828s] INFO:colcon.colcon_core.shell:Creating package descriptor '/home/ros/ws_microros/install/asrs_gripper/share/asrs_gripper/package.dsv'
[0.828s] INFO:colcon.colcon_core.shell:Creating package script '/home/ros/ws_microros/install/asrs_gripper/share/asrs_gripper/package.sh'
[0.828s] INFO:colcon.colcon_core.shell:Creating package script '/home/ros/ws_microros/install/asrs_gripper/share/asrs_gripper/package.bash'
[0.828s] INFO:colcon.colcon_core.shell:Creating package script '/home/ros/ws_microros/install/asrs_gripper/share/asrs_gripper/package.zsh'
[0.828s] Level 1:colcon.colcon_core.environment:create_file_with_runtime_dependencies(/home/ros/ws_microros/install/asrs_gripper/share/colcon-core/packages/asrs_gripper)
[0.832s] DEBUG:colcon.colcon_core.event_handler.log_command:Invoked command in '/home/ros/ws_microros/build/asrs_description' returned '0': CMAKE_PREFIX_PATH=/opt/ros/humble /usr/bin/cmake --build /home/ros/ws_microros/build/asrs_description -- -j16 -l16
[0.836s] Level 1:colcon.colcon_core.environment:create_environment_scripts_only(asrs_moveit_config)
[0.842s] Level 1:colcon.colcon_core.environment:checking '/home/ros/ws_microros/install/asrs_moveit_config' for CMake module files
[0.843s] Level 1:colcon.colcon_core.environment:checking '/home/ros/ws_microros/install/asrs_moveit_config' for CMake config files
[0.843s] Level 1:colcon.colcon_core.shell:create_environment_hook('asrs_moveit_config', 'cmake_prefix_path')
[0.848s] INFO:colcon.colcon_core.shell:Creating environment hook '/home/ros/ws_microros/install/asrs_moveit_config/share/asrs_moveit_config/hook/cmake_prefix_path.ps1'
[0.848s] INFO:colcon.colcon_core.shell:Creating environment descriptor '/home/ros/ws_microros/install/asrs_moveit_config/share/asrs_moveit_config/hook/cmake_prefix_path.dsv'
[0.848s] INFO:colcon.colcon_core.shell:Creating environment hook '/home/ros/ws_microros/install/asrs_moveit_config/share/asrs_moveit_config/hook/cmake_prefix_path.sh'
[0.848s] Level 1:colcon.colcon_core.environment:checking '/home/ros/ws_microros/install/asrs_moveit_config/bin'
[0.848s] Level 1:colcon.colcon_core.environment:checking '/home/ros/ws_microros/install/asrs_moveit_config/lib/pkgconfig/asrs_moveit_config.pc'
[0.849s] Level 1:colcon.colcon_core.environment:checking '/home/ros/ws_microros/install/asrs_moveit_config/lib/python3.10/site-packages'
[0.849s] Level 1:colcon.colcon_core.environment:checking '/home/ros/ws_microros/install/asrs_moveit_config/bin'
[0.854s] INFO:colcon.colcon_core.shell:Creating package script '/home/ros/ws_microros/install/asrs_moveit_config/share/asrs_moveit_config/package.ps1'
[0.855s] INFO:colcon.colcon_core.shell:Creating package descriptor '/home/ros/ws_microros/install/asrs_moveit_config/share/asrs_moveit_config/package.dsv'
[0.855s] INFO:colcon.colcon_core.shell:Creating package script '/home/ros/ws_microros/install/asrs_moveit_config/share/asrs_moveit_config/package.sh'
[0.855s] INFO:colcon.colcon_core.shell:Creating package script '/home/ros/ws_microros/install/asrs_moveit_config/share/asrs_moveit_config/package.bash'
[0.855s] INFO:colcon.colcon_core.shell:Creating package script '/home/ros/ws_microros/install/asrs_moveit_config/share/asrs_moveit_config/package.zsh'
[0.855s] Level 1:colcon.colcon_core.environment:create_file_with_runtime_dependencies(/home/ros/ws_microros/install/asrs_moveit_config/share/colcon-core/packages/asrs_moveit_config)
[0.857s] DEBUG:colcon.colcon_core.event_handler.log_command:Invoking command in '/home/ros/ws_microros/build/asrs_description': CMAKE_PREFIX_PATH=/opt/ros/humble /usr/bin/cmake --install /home/ros/ws_microros/build/asrs_description
[0.862s] Level 1:colcon.colcon_core.environment:create_environment_scripts_only(asrs_description)
[0.862s] DEBUG:colcon.colcon_core.event_handler.log_command:Invoked command in '/home/ros/ws_microros/build/asrs_description' returned '0': CMAKE_PREFIX_PATH=/opt/ros/humble /usr/bin/cmake --install /home/ros/ws_microros/build/asrs_description
[0.867s] Level 1:colcon.colcon_core.environment:checking '/home/ros/ws_microros/install/asrs_description' for CMake module files
[0.868s] Level 1:colcon.colcon_core.environment:checking '/home/ros/ws_microros/install/asrs_description' for CMake config files
[0.868s] Level 1:colcon.colcon_core.shell:create_environment_hook('asrs_description', 'cmake_prefix_path')
[0.874s] INFO:colcon.colcon_core.shell:Creating environment hook '/home/ros/ws_microros/install/asrs_description/share/asrs_description/hook/cmake_prefix_path.ps1'
[0.874s] INFO:colcon.colcon_core.shell:Creating environment descriptor '/home/ros/ws_microros/install/asrs_description/share/asrs_description/hook/cmake_prefix_path.dsv'
[0.874s] INFO:colcon.colcon_core.shell:Creating environment hook '/home/ros/ws_microros/install/asrs_description/share/asrs_description/hook/cmake_prefix_path.sh'
[0.874s] Level 1:colcon.colcon_core.environment:checking '/home/ros/ws_microros/install/asrs_description/bin'
[0.874s] Level 1:colcon.colcon_core.environment:checking '/home/ros/ws_microros/install/asrs_description/lib/pkgconfig/asrs_description.pc'
[0.874s] Level 1:colcon.colcon_core.environment:checking '/home/ros/ws_microros/install/asrs_description/lib/python3.10/site-packages'
[0.874s] Level 1:colcon.colcon_core.environment:checking '/home/ros/ws_microros/install/asrs_description/bin'
[0.880s] INFO:colcon.colcon_core.shell:Creating package script '/home/ros/ws_microros/install/asrs_description/share/asrs_description/package.ps1'
[0.880s] INFO:colcon.colcon_core.shell:Creating package descriptor '/home/ros/ws_microros/install/asrs_description/share/asrs_description/package.dsv'
[0.880s] INFO:colcon.colcon_core.shell:Creating package script '/home/ros/ws_microros/install/asrs_description/share/asrs_description/package.sh'
[0.880s] INFO:colcon.colcon_core.shell:Creating package script '/home/ros/ws_microros/install/asrs_description/share/asrs_description/package.bash'
[0.880s] INFO:colcon.colcon_core.shell:Creating package script '/home/ros/ws_microros/install/asrs_description/share/asrs_description/package.zsh'
[0.880s] Level 1:colcon.colcon_core.environment:create_file_with_runtime_dependencies(/home/ros/ws_microros/install/asrs_description/share/colcon-core/packages/asrs_description)
[0.897s] Level 1:colcon.colcon_core.environment:create_environment_scripts_only(asrs_description)
[0.903s] Level 1:colcon.colcon_core.environment:checking '/home/ros/ws_microros/install/asrs_description' for CMake module files
[0.903s] Level 1:colcon.colcon_core.environment:checking '/home/ros/ws_microros/install/asrs_description' for CMake config files
[0.903s] Level 1:colcon.colcon_core.shell:create_environment_hook('asrs_description', 'cmake_prefix_path')
[0.908s] INFO:colcon.colcon_core.shell:Creating environment hook '/home/ros/ws_microros/install/asrs_description/share/asrs_description/hook/cmake_prefix_path.ps1'
[0.909s] INFO:colcon.colcon_core.shell:Creating environment descriptor '/home/ros/ws_microros/install/asrs_description/share/asrs_description/hook/cmake_prefix_path.dsv'
[0.909s] INFO:colcon.colcon_core.shell:Creating environment hook '/home/ros/ws_microros/install/asrs_description/share/asrs_description/hook/cmake_prefix_path.sh'
[0.909s] Level 1:colcon.colcon_core.environment:checking '/home/ros/ws_microros/install/asrs_description/bin'
[0.909s] Level 1:colcon.colcon_core.environment:checking '/home/ros/ws_microros/install/asrs_description/lib/pkgconfig/asrs_description.pc'
[0.909s] Level 1:colcon.colcon_core.environment:checking '/home/ros/ws_microros/install/asrs_description/lib/python3.10/site-packages'
[0.909s] Level 1:colcon.colcon_core.environment:checking '/home/ros/ws_microros/install/asrs_description/bin'
[0.915s] INFO:colcon.colcon_core.shell:Creating package script '/home/ros/ws_microros/install/asrs_description/share/asrs_description/package.ps1'
[0.915s] INFO:colcon.colcon_core.shell:Creating package descriptor '/home/ros/ws_microros/install/asrs_description/share/asrs_description/package.dsv'
[0.915s] INFO:colcon.colcon_core.shell:Creating package script '/home/ros/ws_microros/install/asrs_description/share/asrs_description/package.sh'
[0.915s] INFO:colcon.colcon_core.shell:Creating package script '/home/ros/ws_microros/install/asrs_description/share/asrs_description/package.bash'
[0.915s] INFO:colcon.colcon_core.shell:Creating package script '/home/ros/ws_microros/install/asrs_description/share/asrs_description/package.zsh'
[0.915s] Level 1:colcon.colcon_core.environment:create_file_with_runtime_dependencies(/home/ros/ws_microros/install/asrs_description/share/colcon-core/packages/asrs_description)
[0.916s] DEBUG:colcon.colcon_parallel_executor.executor.parallel:closing loop
[0.916s] DEBUG:colcon.colcon_parallel_executor.executor.parallel:loop closed
[0.916s] DEBUG:colcon.colcon_parallel_executor.executor.parallel:run_until_complete finished with '0'
[0.916s] DEBUG:colcon.colcon_core.event_reactor:joining thread
[0.927s] INFO:colcon.colcon_core.plugin_system:Skipping extension 'colcon_notification.desktop_notification.terminal_notifier': Not used on non-Darwin systems
[0.927s] INFO:colcon.colcon_core.plugin_system:Skipping extension 'colcon_notification.desktop_notification.win32': Not used on non-Windows systems
[0.927s] INFO:colcon.colcon_notification.desktop_notification:Sending desktop notification using 'notify2'
[0.935s] DEBUG:colcon.colcon_core.event_reactor:joined thread
[0.941s] INFO:colcon.colcon_core.shell:Creating prefix script '/home/ros/ws_microros/install/local_setup.ps1'
[0.941s] INFO:colcon.colcon_core.shell:Creating prefix util module '/home/ros/ws_microros/install/_local_setup_util_ps1.py'
[0.941s] INFO:colcon.colcon_core.shell:Creating prefix chain script '/home/ros/ws_microros/install/setup.ps1'
[0.947s] INFO:colcon.colcon_core.shell:Creating prefix script '/home/ros/ws_microros/install/local_setup.sh'
[0.948s] INFO:colcon.colcon_core.shell:Creating prefix util module '/home/ros/ws_microros/install/_local_setup_util_sh.py'
[0.948s] INFO:colcon.colcon_core.shell:Creating prefix chain script '/home/ros/ws_microros/install/setup.sh'
[0.955s] INFO:colcon.colcon_core.shell:Creating prefix script '/home/ros/ws_microros/install/local_setup.bash'
[0.955s] INFO:colcon.colcon_core.shell:Creating prefix chain script '/home/ros/ws_microros/install/setup.bash'
[0.961s] INFO:colcon.colcon_core.shell:Creating prefix script '/home/ros/ws_microros/install/local_setup.zsh'
[0.961s] INFO:colcon.colcon_core.shell:Creating prefix chain script '/home/ros/ws_microros/install/setup.zsh'
