[0.018s] Invoking command in '/home/keerthibaalan/ROS2_Workspace/ws_microros/build/asrs_arm': CMAKE_PREFIX_PATH=${CMAKE_PREFIX_PATH}:/home/keerthibaalan/ws_moveit/install/moveit_configs_utils:/opt/ros/humble /usr/bin/cmake --build /home/keerthibaalan/ROS2_Workspace/ws_microros/build/asrs_arm -- -j24 -l24
[0.043s] -- Found ament_cmake: 1.3.9 (/opt/ros/humble/share/ament_cmake/cmake)
[0.114s] -- Found ament_lint_auto: 0.12.11 (/opt/ros/humble/share/ament_lint_auto/cmake)
[0.156s] -- Added test 'flake8' to check Python code syntax and style conventions
[0.156s] -- Added test 'lint_cmake' to check CMake code style
[0.156s] -- Added test 'pep257' to check Python code against some of the docstring style conventions in PEP 257
[0.157s] -- Added test 'xmllint' to check XML markup files
[0.157s] -- Configuring done
[0.160s] -- Generating done
[0.161s] -- Build files have been written to: /home/keerthibaalan/ROS2_Workspace/ws_microros/build/asrs_arm
[0.186s] Invoked command in '/home/keerthibaalan/ROS2_Workspace/ws_microros/build/asrs_arm' returned '0': CMAKE_PREFIX_PATH=${CMAKE_PREFIX_PATH}:/home/keerthibaalan/ws_moveit/install/moveit_configs_utils:/opt/ros/humble /usr/bin/cmake --build /home/keerthibaalan/ROS2_Workspace/ws_microros/build/asrs_arm -- -j24 -l24
[0.229s] Invoking command in '/home/keerthibaalan/ROS2_Workspace/ws_microros/build/asrs_arm': CMAKE_PREFIX_PATH=${CMAKE_PREFIX_PATH}:/home/keerthibaalan/ws_moveit/install/moveit_configs_utils:/opt/ros/humble /usr/bin/cmake --install /home/keerthibaalan/ROS2_Workspace/ws_microros/build/asrs_arm
[0.237s] -- Install configuration: ""
[0.237s] -- Up-to-date: /home/keerthibaalan/ROS2_Workspace/ws_microros/install/asrs_arm/share/asrs_arm/config
[0.237s] -- Up-to-date: /home/keerthibaalan/ROS2_Workspace/ws_microros/install/asrs_arm/share/asrs_arm/config/display.rviz
[0.237s] -- Up-to-date: /home/keerthibaalan/ROS2_Workspace/ws_microros/install/asrs_arm/share/asrs_arm/config/joint_names_asrs.yaml
[0.238s] -- Up-to-date: /home/keerthibaalan/ROS2_Workspace/ws_microros/install/asrs_arm/share/asrs_arm/launch
[0.238s] -- Up-to-date: /home/keerthibaalan/ROS2_Workspace/ws_microros/install/asrs_arm/share/asrs_arm/launch/rviz.launch.py
[0.238s] -- Up-to-date: /home/keerthibaalan/ROS2_Workspace/ws_microros/install/asrs_arm/share/asrs_arm/launch/gazebo.launch.py
[0.238s] -- Up-to-date: /home/keerthibaalan/ROS2_Workspace/ws_microros/install/asrs_arm/share/asrs_arm/meshes
[0.238s] -- Up-to-date: /home/keerthibaalan/ROS2_Workspace/ws_microros/install/asrs_arm/share/asrs_arm/meshes/link_4.STL
[0.238s] -- Up-to-date: /home/keerthibaalan/ROS2_Workspace/ws_microros/install/asrs_arm/share/asrs_arm/meshes/link_3.STL
[0.238s] -- Up-to-date: /home/keerthibaalan/ROS2_Workspace/ws_microros/install/asrs_arm/share/asrs_arm/meshes/link_1.STL
[0.238s] -- Up-to-date: /home/keerthibaalan/ROS2_Workspace/ws_microros/install/asrs_arm/share/asrs_arm/meshes/link_2.STL
[0.238s] -- Up-to-date: /home/keerthibaalan/ROS2_Workspace/ws_microros/install/asrs_arm/share/asrs_arm/urdf
[0.238s] -- Up-to-date: /home/keerthibaalan/ROS2_Workspace/ws_microros/install/asrs_arm/share/asrs_arm/urdf/asrs_arm.urdf.xacro
[0.239s] -- Up-to-date: /home/keerthibaalan/ROS2_Workspace/ws_microros/install/asrs_arm/share/asrs_arm/urdf/asrs.csv
[0.239s] -- Up-to-date: /home/keerthibaalan/ROS2_Workspace/ws_microros/install/asrs_arm/share/ament_index/resource_index/package_run_dependencies/asrs_arm
[0.239s] -- Installing: /home/keerthibaalan/ROS2_Workspace/ws_microros/install/asrs_arm/share/ament_index/resource_index/parent_prefix_path/asrs_arm
[0.239s] -- Installing: /home/keerthibaalan/ROS2_Workspace/ws_microros/install/asrs_arm/share/asrs_arm/environment/ament_prefix_path.sh
[0.239s] -- Installing: /home/keerthibaalan/ROS2_Workspace/ws_microros/install/asrs_arm/share/asrs_arm/environment/ament_prefix_path.dsv
[0.239s] -- Installing: /home/keerthibaalan/ROS2_Workspace/ws_microros/install/asrs_arm/share/asrs_arm/environment/path.sh
[0.239s] -- Installing: /home/keerthibaalan/ROS2_Workspace/ws_microros/install/asrs_arm/share/asrs_arm/environment/path.dsv
[0.239s] -- Up-to-date: /home/keerthibaalan/ROS2_Workspace/ws_microros/install/asrs_arm/share/asrs_arm/local_setup.bash
[0.239s] -- Up-to-date: /home/keerthibaalan/ROS2_Workspace/ws_microros/install/asrs_arm/share/asrs_arm/local_setup.sh
[0.239s] -- Up-to-date: /home/keerthibaalan/ROS2_Workspace/ws_microros/install/asrs_arm/share/asrs_arm/local_setup.zsh
[0.240s] -- Installing: /home/keerthibaalan/ROS2_Workspace/ws_microros/install/asrs_arm/share/asrs_arm/local_setup.dsv
[0.240s] -- Installing: /home/keerthibaalan/ROS2_Workspace/ws_microros/install/asrs_arm/share/asrs_arm/package.dsv
[0.240s] -- Up-to-date: /home/keerthibaalan/ROS2_Workspace/ws_microros/install/asrs_arm/share/ament_index/resource_index/packages/asrs_arm
[0.240s] -- Up-to-date: /home/keerthibaalan/ROS2_Workspace/ws_microros/install/asrs_arm/share/asrs_arm/cmake/asrs_armConfig.cmake
[0.240s] -- Up-to-date: /home/keerthibaalan/ROS2_Workspace/ws_microros/install/asrs_arm/share/asrs_arm/cmake/asrs_armConfig-version.cmake
[0.240s] -- Up-to-date: /home/keerthibaalan/ROS2_Workspace/ws_microros/install/asrs_arm/share/asrs_arm/package.xml
[0.253s] Invoked command in '/home/keerthibaalan/ROS2_Workspace/ws_microros/build/asrs_arm' returned '0': CMAKE_PREFIX_PATH=${CMAKE_PREFIX_PATH}:/home/keerthibaalan/ws_moveit/install/moveit_configs_utils:/opt/ros/humble /usr/bin/cmake --install /home/keerthibaalan/ROS2_Workspace/ws_microros/build/asrs_arm
