[0.071s] DEBUG:colcon:Command line arguments: ['/usr/bin/colcon', 'build']
[0.071s] DEBUG:colcon:Parsed command line arguments: Namespace(log_base=None, log_level=None, verb_name='build', build_base='build', install_base='install', merge_install=False, symlink_install=False, test_result_base=None, continue_on_error=False, executor='parallel', parallel_workers=24, event_handlers=None, ignore_user_meta=False, metas=['./colcon.meta'], base_paths=['.'], packages_ignore=None, packages_ignore_regex=None, paths=None, packages_up_to=None, packages_up_to_regex=None, packages_above=None, packages_above_and_dependencies=None, packages_above_depth=None, packages_select_by_dep=None, packages_skip_by_dep=None, packages_skip_up_to=None, packages_select_build_failed=False, packages_skip_build_finished=False, packages_select_test_failures=False, packages_skip_test_passed=False, packages_select=None, packages_skip=None, packages_select_regex=None, packages_skip_regex=None, packages_start=None, packages_end=None, allow_overriding=[], cmake_args=None, cmake_target=None, cmake_target_skip_unavailable=False, cmake_clean_cache=False, cmake_clean_first=False, cmake_force_configure=False, ament_cmake_args=None, catkin_cmake_args=None, catkin_skip_building_tests=False, mixin_files=None, mixin=None, verb_parser=<colcon_mixin.mixin.mixin_argument.MixinArgumentDecorator object at 0x7b3c2b333d00>, verb_extension=<colcon_core.verb.build.BuildVerb object at 0x7b3c2b333850>, main=<bound method BuildVerb.main of <colcon_core.verb.build.BuildVerb object at 0x7b3c2b333850>>, mixin_verb=('build',))
[0.168s] Level 1:colcon.colcon_core.package_discovery:discover_packages(colcon_meta) check parameters
[0.168s] Level 1:colcon.colcon_core.package_discovery:discover_packages(recursive) check parameters
[0.168s] Level 1:colcon.colcon_core.package_discovery:discover_packages(ignore) check parameters
[0.168s] Level 1:colcon.colcon_core.package_discovery:discover_packages(path) check parameters
[0.168s] Level 1:colcon.colcon_core.package_discovery:discover_packages(colcon_meta) discover
[0.168s] Level 1:colcon.colcon_core.package_discovery:discover_packages(recursive) discover
[0.168s] INFO:colcon.colcon_core.package_discovery:Crawling recursively for packages in '/home/keerthibaalan/ROS2_Workspace/ros2industrial_ws'
[0.168s] Level 1:colcon.colcon_core.package_identification:_identify(.) by extensions ['ignore', 'ignore_ament_install']
[0.168s] Level 1:colcon.colcon_core.package_identification:_identify(.) by extension 'ignore'
[0.168s] Level 1:colcon.colcon_core.package_identification:_identify(.) by extension 'ignore_ament_install'
[0.168s] Level 1:colcon.colcon_core.package_identification:_identify(.) by extensions ['colcon_pkg']
[0.168s] Level 1:colcon.colcon_core.package_identification:_identify(.) by extension 'colcon_pkg'
[0.168s] Level 1:colcon.colcon_core.package_identification:_identify(.) by extensions ['colcon_meta']
[0.168s] Level 1:colcon.colcon_core.package_identification:_identify(.) by extension 'colcon_meta'
[0.168s] Level 1:colcon.colcon_core.package_identification:_identify(.) by extensions ['ros']
[0.168s] Level 1:colcon.colcon_core.package_identification:_identify(.) by extension 'ros'
[0.178s] Level 1:colcon.colcon_core.package_identification:_identify(.) by extensions ['cmake', 'python']
[0.178s] Level 1:colcon.colcon_core.package_identification:_identify(.) by extension 'cmake'
[0.178s] Level 1:colcon.colcon_core.package_identification:_identify(.) by extension 'python'
[0.178s] Level 1:colcon.colcon_core.package_identification:_identify(.) by extensions ['python_setup_py']
[0.178s] Level 1:colcon.colcon_core.package_identification:_identify(.) by extension 'python_setup_py'
[0.178s] Level 1:colcon.colcon_core.package_identification:_identify(build) by extensions ['ignore', 'ignore_ament_install']
[0.178s] Level 1:colcon.colcon_core.package_identification:_identify(build) by extension 'ignore'
[0.178s] Level 1:colcon.colcon_core.package_identification:_identify(build) ignored
[0.178s] Level 1:colcon.colcon_core.package_identification:_identify(install) by extensions ['ignore', 'ignore_ament_install']
[0.178s] Level 1:colcon.colcon_core.package_identification:_identify(install) by extension 'ignore'
[0.178s] Level 1:colcon.colcon_core.package_identification:_identify(install) ignored
[0.178s] Level 1:colcon.colcon_core.package_identification:_identify(log) by extensions ['ignore', 'ignore_ament_install']
[0.178s] Level 1:colcon.colcon_core.package_identification:_identify(log) by extension 'ignore'
[0.178s] Level 1:colcon.colcon_core.package_identification:_identify(log) ignored
[0.178s] Level 1:colcon.colcon_core.package_identification:_identify(src) by extensions ['ignore', 'ignore_ament_install']
[0.178s] Level 1:colcon.colcon_core.package_identification:_identify(src) by extension 'ignore'
[0.178s] Level 1:colcon.colcon_core.package_identification:_identify(src) by extension 'ignore_ament_install'
[0.178s] Level 1:colcon.colcon_core.package_identification:_identify(src) by extensions ['colcon_pkg']
[0.178s] Level 1:colcon.colcon_core.package_identification:_identify(src) by extension 'colcon_pkg'
[0.178s] Level 1:colcon.colcon_core.package_identification:_identify(src) by extensions ['colcon_meta']
[0.178s] Level 1:colcon.colcon_core.package_identification:_identify(src) by extension 'colcon_meta'
[0.178s] Level 1:colcon.colcon_core.package_identification:_identify(src) by extensions ['ros']
[0.178s] Level 1:colcon.colcon_core.package_identification:_identify(src) by extension 'ros'
[0.178s] Level 1:colcon.colcon_core.package_identification:_identify(src) by extensions ['cmake', 'python']
[0.178s] Level 1:colcon.colcon_core.package_identification:_identify(src) by extension 'cmake'
[0.178s] Level 1:colcon.colcon_core.package_identification:_identify(src) by extension 'python'
[0.178s] Level 1:colcon.colcon_core.package_identification:_identify(src) by extensions ['python_setup_py']
[0.178s] Level 1:colcon.colcon_core.package_identification:_identify(src) by extension 'python_setup_py'
[0.178s] Level 1:colcon.colcon_core.package_identification:_identify(src/fake_ar_publisher) by extensions ['ignore', 'ignore_ament_install']
[0.179s] Level 1:colcon.colcon_core.package_identification:_identify(src/fake_ar_publisher) by extension 'ignore'
[0.179s] Level 1:colcon.colcon_core.package_identification:_identify(src/fake_ar_publisher) by extension 'ignore_ament_install'
[0.179s] Level 1:colcon.colcon_core.package_identification:_identify(src/fake_ar_publisher) by extensions ['colcon_pkg']
[0.179s] Level 1:colcon.colcon_core.package_identification:_identify(src/fake_ar_publisher) by extension 'colcon_pkg'
[0.179s] Level 1:colcon.colcon_core.package_identification:_identify(src/fake_ar_publisher) by extensions ['colcon_meta']
[0.179s] Level 1:colcon.colcon_core.package_identification:_identify(src/fake_ar_publisher) by extension 'colcon_meta'
[0.179s] Level 1:colcon.colcon_core.package_identification:_identify(src/fake_ar_publisher) by extensions ['ros']
[0.179s] Level 1:colcon.colcon_core.package_identification:_identify(src/fake_ar_publisher) by extension 'ros'
[0.181s] DEBUG:colcon.colcon_core.package_identification:Package 'src/fake_ar_publisher' with type 'ros.ament_cmake' and name 'fake_ar_publisher'
[0.181s] Level 1:colcon.colcon_core.package_identification:_identify(src/myworkcell_core) by extensions ['ignore', 'ignore_ament_install']
[0.181s] Level 1:colcon.colcon_core.package_identification:_identify(src/myworkcell_core) by extension 'ignore'
[0.181s] Level 1:colcon.colcon_core.package_identification:_identify(src/myworkcell_core) by extension 'ignore_ament_install'
[0.181s] Level 1:colcon.colcon_core.package_identification:_identify(src/myworkcell_core) by extensions ['colcon_pkg']
[0.181s] Level 1:colcon.colcon_core.package_identification:_identify(src/myworkcell_core) by extension 'colcon_pkg'
[0.181s] Level 1:colcon.colcon_core.package_identification:_identify(src/myworkcell_core) by extensions ['colcon_meta']
[0.181s] Level 1:colcon.colcon_core.package_identification:_identify(src/myworkcell_core) by extension 'colcon_meta'
[0.181s] Level 1:colcon.colcon_core.package_identification:_identify(src/myworkcell_core) by extensions ['ros']
[0.181s] Level 1:colcon.colcon_core.package_identification:_identify(src/myworkcell_core) by extension 'ros'
[0.181s] DEBUG:colcon.colcon_core.package_identification:Package 'src/myworkcell_core' with type 'ros.ament_cmake' and name 'myworkcell_core'
[0.181s] Level 1:colcon.colcon_core.package_identification:_identify(src/myworkcell_support) by extensions ['ignore', 'ignore_ament_install']
[0.181s] Level 1:colcon.colcon_core.package_identification:_identify(src/myworkcell_support) by extension 'ignore'
[0.182s] Level 1:colcon.colcon_core.package_identification:_identify(src/myworkcell_support) by extension 'ignore_ament_install'
[0.182s] Level 1:colcon.colcon_core.package_identification:_identify(src/myworkcell_support) by extensions ['colcon_pkg']
[0.182s] Level 1:colcon.colcon_core.package_identification:_identify(src/myworkcell_support) by extension 'colcon_pkg'
[0.182s] Level 1:colcon.colcon_core.package_identification:_identify(src/myworkcell_support) by extensions ['colcon_meta']
[0.182s] Level 1:colcon.colcon_core.package_identification:_identify(src/myworkcell_support) by extension 'colcon_meta'
[0.182s] Level 1:colcon.colcon_core.package_identification:_identify(src/myworkcell_support) by extensions ['ros']
[0.182s] Level 1:colcon.colcon_core.package_identification:_identify(src/myworkcell_support) by extension 'ros'
[0.182s] DEBUG:colcon.colcon_core.package_identification:Package 'src/myworkcell_support' with type 'ros.ament_cmake' and name 'myworkcell_support'
[0.182s] Level 1:colcon.colcon_core.package_discovery:discover_packages(recursive) using defaults
[0.182s] Level 1:colcon.colcon_core.package_discovery:discover_packages(ignore) discover
[0.182s] Level 1:colcon.colcon_core.package_discovery:discover_packages(ignore) using defaults
[0.182s] Level 1:colcon.colcon_core.package_discovery:discover_packages(path) discover
[0.182s] Level 1:colcon.colcon_core.package_discovery:discover_packages(path) using defaults
[0.192s] Level 1:colcon.colcon_core.package_discovery:discover_packages(prefix_path) check parameters
[0.192s] Level 1:colcon.colcon_core.package_discovery:discover_packages(prefix_path) discover
[0.195s] DEBUG:colcon.colcon_installed_package_information.package_discovery:Found 2 installed packages in /home/keerthibaalan/ROS2_Workspace/ros2industrial_ws/install
[0.196s] DEBUG:colcon.colcon_installed_package_information.package_discovery:Found 69 installed packages in /home/keerthibaalan/ws_moveit/install
[0.198s] DEBUG:colcon.colcon_installed_package_information.package_discovery:Found 376 installed packages in /opt/ros/humble
[0.199s] Level 1:colcon.colcon_core.package_discovery:discover_packages(prefix_path) using defaults
[0.254s] Level 5:colcon.colcon_core.verb:set package 'fake_ar_publisher' build argument 'cmake_args' from command line to 'None'
[0.255s] Level 5:colcon.colcon_core.verb:set package 'fake_ar_publisher' build argument 'cmake_target' from command line to 'None'
[0.255s] Level 5:colcon.colcon_core.verb:set package 'fake_ar_publisher' build argument 'cmake_target_skip_unavailable' from command line to 'False'
[0.255s] Level 5:colcon.colcon_core.verb:set package 'fake_ar_publisher' build argument 'cmake_clean_cache' from command line to 'False'
[0.255s] Level 5:colcon.colcon_core.verb:set package 'fake_ar_publisher' build argument 'cmake_clean_first' from command line to 'False'
[0.255s] Level 5:colcon.colcon_core.verb:set package 'fake_ar_publisher' build argument 'cmake_force_configure' from command line to 'False'
[0.255s] Level 5:colcon.colcon_core.verb:set package 'fake_ar_publisher' build argument 'ament_cmake_args' from command line to 'None'
[0.255s] Level 5:colcon.colcon_core.verb:set package 'fake_ar_publisher' build argument 'catkin_cmake_args' from command line to 'None'
[0.255s] Level 5:colcon.colcon_core.verb:set package 'fake_ar_publisher' build argument 'catkin_skip_building_tests' from command line to 'False'
[0.255s] DEBUG:colcon.colcon_core.verb:Building package 'fake_ar_publisher' with the following arguments: {'ament_cmake_args': None, 'build_base': '/home/keerthibaalan/ROS2_Workspace/ros2industrial_ws/build/fake_ar_publisher', 'catkin_cmake_args': None, 'catkin_skip_building_tests': False, 'cmake_args': None, 'cmake_clean_cache': False, 'cmake_clean_first': False, 'cmake_force_configure': False, 'cmake_target': None, 'cmake_target_skip_unavailable': False, 'install_base': '/home/keerthibaalan/ROS2_Workspace/ros2industrial_ws/install/fake_ar_publisher', 'merge_install': False, 'path': '/home/keerthibaalan/ROS2_Workspace/ros2industrial_ws/src/fake_ar_publisher', 'symlink_install': False, 'test_result_base': None}
[0.255s] Level 5:colcon.colcon_core.verb:set package 'myworkcell_core' build argument 'cmake_args' from command line to 'None'
[0.255s] Level 5:colcon.colcon_core.verb:set package 'myworkcell_core' build argument 'cmake_target' from command line to 'None'
[0.255s] Level 5:colcon.colcon_core.verb:set package 'myworkcell_core' build argument 'cmake_target_skip_unavailable' from command line to 'False'
[0.255s] Level 5:colcon.colcon_core.verb:set package 'myworkcell_core' build argument 'cmake_clean_cache' from command line to 'False'
[0.255s] Level 5:colcon.colcon_core.verb:set package 'myworkcell_core' build argument 'cmake_clean_first' from command line to 'False'
[0.255s] Level 5:colcon.colcon_core.verb:set package 'myworkcell_core' build argument 'cmake_force_configure' from command line to 'False'
[0.255s] Level 5:colcon.colcon_core.verb:set package 'myworkcell_core' build argument 'ament_cmake_args' from command line to 'None'
[0.255s] Level 5:colcon.colcon_core.verb:set package 'myworkcell_core' build argument 'catkin_cmake_args' from command line to 'None'
[0.255s] Level 5:colcon.colcon_core.verb:set package 'myworkcell_core' build argument 'catkin_skip_building_tests' from command line to 'False'
[0.255s] DEBUG:colcon.colcon_core.verb:Building package 'myworkcell_core' with the following arguments: {'ament_cmake_args': None, 'build_base': '/home/keerthibaalan/ROS2_Workspace/ros2industrial_ws/build/myworkcell_core', 'catkin_cmake_args': None, 'catkin_skip_building_tests': False, 'cmake_args': None, 'cmake_clean_cache': False, 'cmake_clean_first': False, 'cmake_force_configure': False, 'cmake_target': None, 'cmake_target_skip_unavailable': False, 'install_base': '/home/keerthibaalan/ROS2_Workspace/ros2industrial_ws/install/myworkcell_core', 'merge_install': False, 'path': '/home/keerthibaalan/ROS2_Workspace/ros2industrial_ws/src/myworkcell_core', 'symlink_install': False, 'test_result_base': None}
[0.255s] Level 5:colcon.colcon_core.verb:set package 'myworkcell_support' build argument 'cmake_args' from command line to 'None'
[0.255s] Level 5:colcon.colcon_core.verb:set package 'myworkcell_support' build argument 'cmake_target' from command line to 'None'
[0.255s] Level 5:colcon.colcon_core.verb:set package 'myworkcell_support' build argument 'cmake_target_skip_unavailable' from command line to 'False'
[0.255s] Level 5:colcon.colcon_core.verb:set package 'myworkcell_support' build argument 'cmake_clean_cache' from command line to 'False'
[0.255s] Level 5:colcon.colcon_core.verb:set package 'myworkcell_support' build argument 'cmake_clean_first' from command line to 'False'
[0.255s] Level 5:colcon.colcon_core.verb:set package 'myworkcell_support' build argument 'cmake_force_configure' from command line to 'False'
[0.255s] Level 5:colcon.colcon_core.verb:set package 'myworkcell_support' build argument 'ament_cmake_args' from command line to 'None'
[0.255s] Level 5:colcon.colcon_core.verb:set package 'myworkcell_support' build argument 'catkin_cmake_args' from command line to 'None'
[0.255s] Level 5:colcon.colcon_core.verb:set package 'myworkcell_support' build argument 'catkin_skip_building_tests' from command line to 'False'
[0.255s] DEBUG:colcon.colcon_core.verb:Building package 'myworkcell_support' with the following arguments: {'ament_cmake_args': None, 'build_base': '/home/keerthibaalan/ROS2_Workspace/ros2industrial_ws/build/myworkcell_support', 'catkin_cmake_args': None, 'catkin_skip_building_tests': False, 'cmake_args': None, 'cmake_clean_cache': False, 'cmake_clean_first': False, 'cmake_force_configure': False, 'cmake_target': None, 'cmake_target_skip_unavailable': False, 'install_base': '/home/keerthibaalan/ROS2_Workspace/ros2industrial_ws/install/myworkcell_support', 'merge_install': False, 'path': '/home/keerthibaalan/ROS2_Workspace/ros2industrial_ws/src/myworkcell_support', 'symlink_install': False, 'test_result_base': None}
[0.255s] INFO:colcon.colcon_core.executor:Executing jobs using 'parallel' executor
[0.256s] DEBUG:colcon.colcon_parallel_executor.executor.parallel:run_until_complete
[0.256s] INFO:colcon.colcon_ros.task.ament_cmake.build:Building ROS package in '/home/keerthibaalan/ROS2_Workspace/ros2industrial_ws/src/fake_ar_publisher' with build type 'ament_cmake'
[0.256s] INFO:colcon.colcon_cmake.task.cmake.build:Building CMake package in '/home/keerthibaalan/ROS2_Workspace/ros2industrial_ws/src/fake_ar_publisher'
[0.258s] INFO:colcon.colcon_core.plugin_system:Skipping extension 'colcon_core.shell.bat': Not used on non-Windows systems
[0.258s] INFO:colcon.colcon_core.shell:Skip shell extension 'powershell' for command environment: Not usable outside of PowerShell
[0.258s] DEBUG:colcon.colcon_core.shell:Skip shell extension 'dsv' for command environment
[0.270s] DEBUG:colcon.colcon_core.event_handler.log_command:Invoking command in '/home/keerthibaalan/ROS2_Workspace/ros2industrial_ws/build/fake_ar_publisher': CMAKE_PREFIX_PATH=${CMAKE_PREFIX_PATH}:/home/keerthibaalan/ws_moveit/install/moveit_configs_utils:/opt/ros/humble /usr/bin/cmake --build /home/keerthibaalan/ROS2_Workspace/ros2industrial_ws/build/fake_ar_publisher -- -j24 -l24
[0.536s] DEBUG:colcon.colcon_core.event_handler.log_command:Invoked command in '/home/keerthibaalan/ROS2_Workspace/ros2industrial_ws/build/fake_ar_publisher' returned '0': CMAKE_PREFIX_PATH=${CMAKE_PREFIX_PATH}:/home/keerthibaalan/ws_moveit/install/moveit_configs_utils:/opt/ros/humble /usr/bin/cmake --build /home/keerthibaalan/ROS2_Workspace/ros2industrial_ws/build/fake_ar_publisher -- -j24 -l24
[0.657s] DEBUG:colcon.colcon_core.event_handler.log_command:Invoking command in '/home/keerthibaalan/ROS2_Workspace/ros2industrial_ws/build/fake_ar_publisher': CMAKE_PREFIX_PATH=${CMAKE_PREFIX_PATH}:/home/keerthibaalan/ws_moveit/install/moveit_configs_utils:/opt/ros/humble /usr/bin/cmake --install /home/keerthibaalan/ROS2_Workspace/ros2industrial_ws/build/fake_ar_publisher
[0.703s] Level 1:colcon.colcon_core.environment:create_environment_scripts_only(fake_ar_publisher)
[0.704s] DEBUG:colcon.colcon_core.event_handler.log_command:Invoked command in '/home/keerthibaalan/ROS2_Workspace/ros2industrial_ws/build/fake_ar_publisher' returned '0': CMAKE_PREFIX_PATH=${CMAKE_PREFIX_PATH}:/home/keerthibaalan/ws_moveit/install/moveit_configs_utils:/opt/ros/humble /usr/bin/cmake --install /home/keerthibaalan/ROS2_Workspace/ros2industrial_ws/build/fake_ar_publisher
[0.706s] Level 1:colcon.colcon_core.environment:checking '/home/keerthibaalan/ROS2_Workspace/ros2industrial_ws/install/fake_ar_publisher' for CMake module files
[0.706s] Level 1:colcon.colcon_core.environment:checking '/home/keerthibaalan/ROS2_Workspace/ros2industrial_ws/install/fake_ar_publisher' for CMake config files
[0.707s] Level 1:colcon.colcon_core.shell:create_environment_hook('fake_ar_publisher', 'cmake_prefix_path')
[0.707s] INFO:colcon.colcon_core.shell:Creating environment hook '/home/keerthibaalan/ROS2_Workspace/ros2industrial_ws/install/fake_ar_publisher/share/fake_ar_publisher/hook/cmake_prefix_path.ps1'
[0.707s] INFO:colcon.colcon_core.shell:Creating environment descriptor '/home/keerthibaalan/ROS2_Workspace/ros2industrial_ws/install/fake_ar_publisher/share/fake_ar_publisher/hook/cmake_prefix_path.dsv'
[0.708s] INFO:colcon.colcon_core.shell:Creating environment hook '/home/keerthibaalan/ROS2_Workspace/ros2industrial_ws/install/fake_ar_publisher/share/fake_ar_publisher/hook/cmake_prefix_path.sh'
[0.708s] Level 1:colcon.colcon_core.environment:checking '/home/keerthibaalan/ROS2_Workspace/ros2industrial_ws/install/fake_ar_publisher/lib'
[0.708s] Level 1:colcon.colcon_core.shell:create_environment_hook('fake_ar_publisher', 'ld_library_path_lib')
[0.708s] INFO:colcon.colcon_core.shell:Creating environment hook '/home/keerthibaalan/ROS2_Workspace/ros2industrial_ws/install/fake_ar_publisher/share/fake_ar_publisher/hook/ld_library_path_lib.ps1'
[0.709s] INFO:colcon.colcon_core.shell:Creating environment descriptor '/home/keerthibaalan/ROS2_Workspace/ros2industrial_ws/install/fake_ar_publisher/share/fake_ar_publisher/hook/ld_library_path_lib.dsv'
[0.709s] INFO:colcon.colcon_core.shell:Creating environment hook '/home/keerthibaalan/ROS2_Workspace/ros2industrial_ws/install/fake_ar_publisher/share/fake_ar_publisher/hook/ld_library_path_lib.sh'
[0.709s] Level 1:colcon.colcon_core.environment:checking '/home/keerthibaalan/ROS2_Workspace/ros2industrial_ws/install/fake_ar_publisher/bin'
[0.709s] Level 1:colcon.colcon_core.environment:checking '/home/keerthibaalan/ROS2_Workspace/ros2industrial_ws/install/fake_ar_publisher/lib/pkgconfig/fake_ar_publisher.pc'
[0.709s] Level 1:colcon.colcon_core.environment:checking '/home/keerthibaalan/ROS2_Workspace/ros2industrial_ws/install/fake_ar_publisher/lib/python3.10/site-packages'
[0.709s] Level 1:colcon.colcon_core.environment:checking '/home/keerthibaalan/ROS2_Workspace/ros2industrial_ws/install/fake_ar_publisher/bin'
[0.709s] INFO:colcon.colcon_core.shell:Creating package script '/home/keerthibaalan/ROS2_Workspace/ros2industrial_ws/install/fake_ar_publisher/share/fake_ar_publisher/package.ps1'
[0.710s] INFO:colcon.colcon_core.shell:Creating package descriptor '/home/keerthibaalan/ROS2_Workspace/ros2industrial_ws/install/fake_ar_publisher/share/fake_ar_publisher/package.dsv'
[0.710s] INFO:colcon.colcon_core.shell:Creating package script '/home/keerthibaalan/ROS2_Workspace/ros2industrial_ws/install/fake_ar_publisher/share/fake_ar_publisher/package.sh'
[0.711s] INFO:colcon.colcon_core.shell:Creating package script '/home/keerthibaalan/ROS2_Workspace/ros2industrial_ws/install/fake_ar_publisher/share/fake_ar_publisher/package.bash'
[0.711s] INFO:colcon.colcon_core.shell:Creating package script '/home/keerthibaalan/ROS2_Workspace/ros2industrial_ws/install/fake_ar_publisher/share/fake_ar_publisher/package.zsh'
[0.712s] Level 1:colcon.colcon_core.environment:create_file_with_runtime_dependencies(/home/keerthibaalan/ROS2_Workspace/ros2industrial_ws/install/fake_ar_publisher/share/colcon-core/packages/fake_ar_publisher)
[0.829s] Level 1:colcon.colcon_core.environment:create_environment_scripts_only(fake_ar_publisher)
[0.829s] Level 1:colcon.colcon_core.environment:checking '/home/keerthibaalan/ROS2_Workspace/ros2industrial_ws/install/fake_ar_publisher' for CMake module files
[0.830s] Level 1:colcon.colcon_core.environment:checking '/home/keerthibaalan/ROS2_Workspace/ros2industrial_ws/install/fake_ar_publisher' for CMake config files
[0.830s] Level 1:colcon.colcon_core.shell:create_environment_hook('fake_ar_publisher', 'cmake_prefix_path')
[0.830s] INFO:colcon.colcon_core.shell:Creating environment hook '/home/keerthibaalan/ROS2_Workspace/ros2industrial_ws/install/fake_ar_publisher/share/fake_ar_publisher/hook/cmake_prefix_path.ps1'
[0.830s] INFO:colcon.colcon_core.shell:Creating environment descriptor '/home/keerthibaalan/ROS2_Workspace/ros2industrial_ws/install/fake_ar_publisher/share/fake_ar_publisher/hook/cmake_prefix_path.dsv'
[0.830s] INFO:colcon.colcon_core.shell:Creating environment hook '/home/keerthibaalan/ROS2_Workspace/ros2industrial_ws/install/fake_ar_publisher/share/fake_ar_publisher/hook/cmake_prefix_path.sh'
[0.831s] Level 1:colcon.colcon_core.environment:checking '/home/keerthibaalan/ROS2_Workspace/ros2industrial_ws/install/fake_ar_publisher/lib'
[0.831s] Level 1:colcon.colcon_core.shell:create_environment_hook('fake_ar_publisher', 'ld_library_path_lib')
[0.831s] INFO:colcon.colcon_core.shell:Creating environment hook '/home/keerthibaalan/ROS2_Workspace/ros2industrial_ws/install/fake_ar_publisher/share/fake_ar_publisher/hook/ld_library_path_lib.ps1'
[0.831s] INFO:colcon.colcon_core.shell:Creating environment descriptor '/home/keerthibaalan/ROS2_Workspace/ros2industrial_ws/install/fake_ar_publisher/share/fake_ar_publisher/hook/ld_library_path_lib.dsv'
[0.831s] INFO:colcon.colcon_core.shell:Creating environment hook '/home/keerthibaalan/ROS2_Workspace/ros2industrial_ws/install/fake_ar_publisher/share/fake_ar_publisher/hook/ld_library_path_lib.sh'
[0.831s] Level 1:colcon.colcon_core.environment:checking '/home/keerthibaalan/ROS2_Workspace/ros2industrial_ws/install/fake_ar_publisher/bin'
[0.831s] Level 1:colcon.colcon_core.environment:checking '/home/keerthibaalan/ROS2_Workspace/ros2industrial_ws/install/fake_ar_publisher/lib/pkgconfig/fake_ar_publisher.pc'
[0.831s] Level 1:colcon.colcon_core.environment:checking '/home/keerthibaalan/ROS2_Workspace/ros2industrial_ws/install/fake_ar_publisher/lib/python3.10/site-packages'
[0.832s] Level 1:colcon.colcon_core.environment:checking '/home/keerthibaalan/ROS2_Workspace/ros2industrial_ws/install/fake_ar_publisher/bin'
[0.832s] INFO:colcon.colcon_core.shell:Creating package script '/home/keerthibaalan/ROS2_Workspace/ros2industrial_ws/install/fake_ar_publisher/share/fake_ar_publisher/package.ps1'
[0.832s] INFO:colcon.colcon_core.shell:Creating package descriptor '/home/keerthibaalan/ROS2_Workspace/ros2industrial_ws/install/fake_ar_publisher/share/fake_ar_publisher/package.dsv'
[0.832s] INFO:colcon.colcon_core.shell:Creating package script '/home/keerthibaalan/ROS2_Workspace/ros2industrial_ws/install/fake_ar_publisher/share/fake_ar_publisher/package.sh'
[0.832s] INFO:colcon.colcon_core.shell:Creating package script '/home/keerthibaalan/ROS2_Workspace/ros2industrial_ws/install/fake_ar_publisher/share/fake_ar_publisher/package.bash'
[0.833s] INFO:colcon.colcon_core.shell:Creating package script '/home/keerthibaalan/ROS2_Workspace/ros2industrial_ws/install/fake_ar_publisher/share/fake_ar_publisher/package.zsh'
[0.833s] Level 1:colcon.colcon_core.environment:create_file_with_runtime_dependencies(/home/keerthibaalan/ROS2_Workspace/ros2industrial_ws/install/fake_ar_publisher/share/colcon-core/packages/fake_ar_publisher)
[0.833s] INFO:colcon.colcon_ros.task.ament_cmake.build:Building ROS package in '/home/keerthibaalan/ROS2_Workspace/ros2industrial_ws/src/myworkcell_core' with build type 'ament_cmake'
[0.833s] INFO:colcon.colcon_cmake.task.cmake.build:Building CMake package in '/home/keerthibaalan/ROS2_Workspace/ros2industrial_ws/src/myworkcell_core'
[0.833s] INFO:colcon.colcon_core.shell:Skip shell extension 'powershell' for command environment: Not usable outside of PowerShell
[0.833s] DEBUG:colcon.colcon_core.shell:Skip shell extension 'dsv' for command environment
[0.847s] DEBUG:colcon.colcon_core.event_handler.log_command:Invoking command in '/home/keerthibaalan/ROS2_Workspace/ros2industrial_ws/build/myworkcell_core': CMAKE_PREFIX_PATH=/home/keerthibaalan/ROS2_Workspace/ros2industrial_ws/install/fake_ar_publisher:/home/keerthibaalan/ROS2_Workspace/ros2industrial_ws/install/myworkcell_core:/home/keerthibaalan/ws_moveit/install/robotiq_hardware_tests:/home/keerthibaalan/ws_moveit/install/robotiq_driver:/home/keerthibaalan/ws_moveit/install/serial:/home/keerthibaalan/ws_moveit/install/moveit2_tutorials:/home/keerthibaalan/ws_moveit/install/moveit_visual_tools:/home/keerthibaalan/ws_moveit/install/rviz_visual_tools:/home/keerthibaalan/ws_moveit/install/moveit_task_constructor_visualization:/home/keerthibaalan/ws_moveit/install/moveit_task_constructor_demo:/home/keerthibaalan/ws_moveit/install/moveit_task_constructor_capabilities:/home/keerthibaalan/ws_moveit/install/moveit_task_constructor_core:/home/keerthibaalan/ws_moveit/install/rviz_marker_tools:/home/keerthibaalan/ws_moveit/install/kortex_bringup:/home/keerthibaalan/ws_moveit/install/kinova_gen3_7dof_robotiq_2f_85_moveit_config:/home/keerthibaalan/ws_moveit/install/kinova_gen3_6dof_robotiq_2f_85_moveit_config:/home/keerthibaalan/ws_moveit/install/kortex_description:/home/keerthibaalan/ws_moveit/install/robotiq_description:/home/keerthibaalan/ws_moveit/install/robotiq_controllers:/home/keerthibaalan/ws_moveit/install/pilz_industrial_motion_planner_testutils:/home/keerthibaalan/ws_moveit/install/moveit_runtime:/home/keerthibaalan/ws_moveit/install/moveit:/home/keerthibaalan/ws_moveit/install/moveit_planners:/home/keerthibaalan/ws_moveit/install/pilz_industrial_motion_planner:/home/keerthibaalan/ws_moveit/install/pick_ik:/home/keerthibaalan/ws_moveit/install/moveit_task_constructor_msgs:/home/keerthibaalan/ws_moveit/install/moveit_ros_control_interface:/home/keerthibaalan/ws_moveit/install/moveit_plugins:/home/keerthibaalan/ws_moveit/install/moveit_simple_controller_manager:/home/keerthibaalan/ws_moveit/install/moveit_setup_assistant:/home/keerthibaalan/ws_moveit/install/moveit_setup_srdf_plugins:/home/keerthibaalan/ws_moveit/install/moveit_setup_core_plugins:/home/keerthibaalan/ws_moveit/install/moveit_setup_controllers:/home/keerthibaalan/ws_moveit/install/moveit_setup_app_plugins:/home/keerthibaalan/ws_moveit/install/moveit_setup_framework:/home/keerthibaalan/ws_moveit/install/moveit_servo:/home/keerthibaalan/ws_moveit/install/moveit_ros:/home/keerthibaalan/ws_moveit/install/moveit_ros_visualization:/home/keerthibaalan/ws_moveit/install/moveit_py:/home/keerthibaalan/ws_moveit/install/moveit_hybrid_planning:/home/keerthibaalan/ws_moveit/install/moveit_ros_planning_interface:/home/keerthibaalan/ws_moveit/install/moveit_ros_benchmarks:/home/keerthibaalan/ws_moveit/install/moveit_ros_warehouse:/home/keerthibaalan/ws_moveit/install/moveit_ros_robot_interaction:/home/keerthibaalan/ws_moveit/install/moveit_ros_perception:/home/keerthibaalan/ws_moveit/install/moveit_resources_prbt_pg70_support:/home/keerthibaalan/ws_moveit/install/moveit_resources_prbt_moveit_config:/home/keerthibaalan/ws_moveit/install/moveit_ros_move_group:/home/keerthibaalan/ws_moveit/install/moveit_planners_ompl:/home/keerthibaalan/ws_moveit/install/moveit_kinematics:/home/keerthibaalan/ws_moveit/install/moveit_ros_planning:/home/keerthibaalan/ws_moveit/install/moveit_ros_occupancy_map_monitor:/home/keerthibaalan/ws_moveit/install/moveit_resources_prbt_support:/home/keerthibaalan/ws_moveit/install/moveit_resources_prbt_ikfast_manipulator_plugin:/home/keerthibaalan/ws_moveit/install/moveit_resources:/home/keerthibaalan/ws_moveit/install/moveit_resources_pr2_description:/home/keerthibaalan/ws_moveit/install/moveit_resources_panda_moveit_config:/home/keerthibaalan/ws_moveit/install/dual_arm_panda_moveit_config:/home/keerthibaalan/ws_moveit/install/moveit_resources_panda_description:/home/keerthibaalan/ws_moveit/install/moveit_resources_fanuc_moveit_config:/home/keerthibaalan/ws_moveit/install/moveit_resources_fanuc_description:/home/keerthibaalan/ws_moveit/install/moveit_planners_stomp:/home/keerthibaalan/ws_moveit/install/moveit_planners_chomp:/home/keerthibaalan/ws_moveit/install/chomp_motion_planner:/home/keerthibaalan/ws_moveit/install/moveit_core:/home/keerthibaalan/ws_moveit/install/moveit_msgs:/home/keerthibaalan/ws_moveit/install/moveit_common:/home/keerthibaalan/ws_moveit/install/kortex_driver:/home/keerthibaalan/ws_moveit/install/kortex_api:/home/keerthibaalan/ws_moveit/install/moveit_configs_utils:/opt/ros/humble LD_LIBRARY_PATH=/home/keerthibaalan/ROS2_Workspace/ros2industrial_ws/install/fake_ar_publisher/lib:/home/keerthibaalan/ROS2_Workspace/ros2industrial_ws/install/myworkcell_core/lib:/home/keerthibaalan/ws_moveit/install/robotiq_driver/lib:/home/keerthibaalan/ws_moveit/install/serial/lib:/home/keerthibaalan/ws_moveit/install/moveit_visual_tools/lib:/home/keerthibaalan/ws_moveit/install/rviz_visual_tools/lib:/home/keerthibaalan/ws_moveit/install/moveit_task_constructor_visualization/lib:/home/keerthibaalan/ws_moveit/install/moveit_task_constructor_demo/lib:/home/keerthibaalan/ws_moveit/install/moveit_task_constructor_capabilities/lib:/home/keerthibaalan/ws_moveit/install/moveit_task_constructor_core/lib:/home/keerthibaalan/ws_moveit/install/rviz_marker_tools/lib:/home/keerthibaalan/ws_moveit/install/robotiq_controllers/lib:/home/keerthibaalan/ws_moveit/install/pilz_industrial_motion_planner_testutils/lib:/home/keerthibaalan/ws_moveit/install/pilz_industrial_motion_planner/lib:/home/keerthibaalan/ws_moveit/install/pick_ik/lib:/home/keerthibaalan/ws_moveit/install/moveit_task_constructor_msgs/lib:/home/keerthibaalan/ws_moveit/install/moveit_ros_control_interface/lib:/home/keerthibaalan/ws_moveit/install/moveit_simple_controller_manager/lib:/home/keerthibaalan/ws_moveit/install/moveit_setup_assistant/lib:/home/keerthibaalan/ws_moveit/install/moveit_setup_srdf_plugins/lib:/home/keerthibaalan/ws_moveit/install/moveit_setup_core_plugins/lib:/home/keerthibaalan/ws_moveit/install/moveit_setup_controllers/lib:/home/keerthibaalan/ws_moveit/install/moveit_setup_app_plugins/lib:/home/keerthibaalan/ws_moveit/install/moveit_setup_framework/lib:/home/keerthibaalan/ws_moveit/install/moveit_servo/lib:/home/keerthibaalan/ws_moveit/install/moveit_ros_visualization/lib:/home/keerthibaalan/ws_moveit/install/moveit_py/lib:/home/keerthibaalan/ws_moveit/install/moveit_hybrid_planning/lib:/home/keerthibaalan/ws_moveit/install/moveit_ros_planning_interface/lib:/home/keerthibaalan/ws_moveit/install/moveit_ros_benchmarks/lib:/home/keerthibaalan/ws_moveit/install/moveit_ros_warehouse/lib:/home/keerthibaalan/ws_moveit/install/moveit_ros_robot_interaction/lib:/home/keerthibaalan/ws_moveit/install/moveit_ros_perception/lib:/home/keerthibaalan/ws_moveit/install/moveit_ros_move_group/lib:/home/keerthibaalan/ws_moveit/install/moveit_planners_ompl/lib:/home/keerthibaalan/ws_moveit/install/moveit_kinematics/lib:/home/keerthibaalan/ws_moveit/install/moveit_ros_planning/lib:/home/keerthibaalan/ws_moveit/install/moveit_ros_occupancy_map_monitor/lib:/home/keerthibaalan/ws_moveit/install/moveit_resources_prbt_ikfast_manipulator_plugin/lib:/home/keerthibaalan/ws_moveit/install/moveit_planners_stomp/lib:/home/keerthibaalan/ws_moveit/install/moveit_planners_chomp/lib:/home/keerthibaalan/ws_moveit/install/chomp_motion_planner/lib:/home/keerthibaalan/ws_moveit/install/moveit_core/lib:/home/keerthibaalan/ws_moveit/install/moveit_msgs/lib:/home/keerthibaalan/ws_moveit/install/kortex_driver/lib:/opt/ros/humble/opt/rviz_ogre_vendor/lib:/opt/ros/humble/lib/x86_64-linux-gnu:/opt/ros/humble/lib /usr/bin/cmake --build /home/keerthibaalan/ROS2_Workspace/ros2industrial_ws/build/myworkcell_core -- -j24 -l24
[5.700s] DEBUG:colcon.colcon_core.event_handler.log_command:Invoked command in '/home/keerthibaalan/ROS2_Workspace/ros2industrial_ws/build/myworkcell_core' returned '0': CMAKE_PREFIX_PATH=/home/keerthibaalan/ROS2_Workspace/ros2industrial_ws/install/fake_ar_publisher:/home/keerthibaalan/ROS2_Workspace/ros2industrial_ws/install/myworkcell_core:/home/keerthibaalan/ws_moveit/install/robotiq_hardware_tests:/home/keerthibaalan/ws_moveit/install/robotiq_driver:/home/keerthibaalan/ws_moveit/install/serial:/home/keerthibaalan/ws_moveit/install/moveit2_tutorials:/home/keerthibaalan/ws_moveit/install/moveit_visual_tools:/home/keerthibaalan/ws_moveit/install/rviz_visual_tools:/home/keerthibaalan/ws_moveit/install/moveit_task_constructor_visualization:/home/keerthibaalan/ws_moveit/install/moveit_task_constructor_demo:/home/keerthibaalan/ws_moveit/install/moveit_task_constructor_capabilities:/home/keerthibaalan/ws_moveit/install/moveit_task_constructor_core:/home/keerthibaalan/ws_moveit/install/rviz_marker_tools:/home/keerthibaalan/ws_moveit/install/kortex_bringup:/home/keerthibaalan/ws_moveit/install/kinova_gen3_7dof_robotiq_2f_85_moveit_config:/home/keerthibaalan/ws_moveit/install/kinova_gen3_6dof_robotiq_2f_85_moveit_config:/home/keerthibaalan/ws_moveit/install/kortex_description:/home/keerthibaalan/ws_moveit/install/robotiq_description:/home/keerthibaalan/ws_moveit/install/robotiq_controllers:/home/keerthibaalan/ws_moveit/install/pilz_industrial_motion_planner_testutils:/home/keerthibaalan/ws_moveit/install/moveit_runtime:/home/keerthibaalan/ws_moveit/install/moveit:/home/keerthibaalan/ws_moveit/install/moveit_planners:/home/keerthibaalan/ws_moveit/install/pilz_industrial_motion_planner:/home/keerthibaalan/ws_moveit/install/pick_ik:/home/keerthibaalan/ws_moveit/install/moveit_task_constructor_msgs:/home/keerthibaalan/ws_moveit/install/moveit_ros_control_interface:/home/keerthibaalan/ws_moveit/install/moveit_plugins:/home/keerthibaalan/ws_moveit/install/moveit_simple_controller_manager:/home/keerthibaalan/ws_moveit/install/moveit_setup_assistant:/home/keerthibaalan/ws_moveit/install/moveit_setup_srdf_plugins:/home/keerthibaalan/ws_moveit/install/moveit_setup_core_plugins:/home/keerthibaalan/ws_moveit/install/moveit_setup_controllers:/home/keerthibaalan/ws_moveit/install/moveit_setup_app_plugins:/home/keerthibaalan/ws_moveit/install/moveit_setup_framework:/home/keerthibaalan/ws_moveit/install/moveit_servo:/home/keerthibaalan/ws_moveit/install/moveit_ros:/home/keerthibaalan/ws_moveit/install/moveit_ros_visualization:/home/keerthibaalan/ws_moveit/install/moveit_py:/home/keerthibaalan/ws_moveit/install/moveit_hybrid_planning:/home/keerthibaalan/ws_moveit/install/moveit_ros_planning_interface:/home/keerthibaalan/ws_moveit/install/moveit_ros_benchmarks:/home/keerthibaalan/ws_moveit/install/moveit_ros_warehouse:/home/keerthibaalan/ws_moveit/install/moveit_ros_robot_interaction:/home/keerthibaalan/ws_moveit/install/moveit_ros_perception:/home/keerthibaalan/ws_moveit/install/moveit_resources_prbt_pg70_support:/home/keerthibaalan/ws_moveit/install/moveit_resources_prbt_moveit_config:/home/keerthibaalan/ws_moveit/install/moveit_ros_move_group:/home/keerthibaalan/ws_moveit/install/moveit_planners_ompl:/home/keerthibaalan/ws_moveit/install/moveit_kinematics:/home/keerthibaalan/ws_moveit/install/moveit_ros_planning:/home/keerthibaalan/ws_moveit/install/moveit_ros_occupancy_map_monitor:/home/keerthibaalan/ws_moveit/install/moveit_resources_prbt_support:/home/keerthibaalan/ws_moveit/install/moveit_resources_prbt_ikfast_manipulator_plugin:/home/keerthibaalan/ws_moveit/install/moveit_resources:/home/keerthibaalan/ws_moveit/install/moveit_resources_pr2_description:/home/keerthibaalan/ws_moveit/install/moveit_resources_panda_moveit_config:/home/keerthibaalan/ws_moveit/install/dual_arm_panda_moveit_config:/home/keerthibaalan/ws_moveit/install/moveit_resources_panda_description:/home/keerthibaalan/ws_moveit/install/moveit_resources_fanuc_moveit_config:/home/keerthibaalan/ws_moveit/install/moveit_resources_fanuc_description:/home/keerthibaalan/ws_moveit/install/moveit_planners_stomp:/home/keerthibaalan/ws_moveit/install/moveit_planners_chomp:/home/keerthibaalan/ws_moveit/install/chomp_motion_planner:/home/keerthibaalan/ws_moveit/install/moveit_core:/home/keerthibaalan/ws_moveit/install/moveit_msgs:/home/keerthibaalan/ws_moveit/install/moveit_common:/home/keerthibaalan/ws_moveit/install/kortex_driver:/home/keerthibaalan/ws_moveit/install/kortex_api:/home/keerthibaalan/ws_moveit/install/moveit_configs_utils:/opt/ros/humble LD_LIBRARY_PATH=/home/keerthibaalan/ROS2_Workspace/ros2industrial_ws/install/fake_ar_publisher/lib:/home/keerthibaalan/ROS2_Workspace/ros2industrial_ws/install/myworkcell_core/lib:/home/keerthibaalan/ws_moveit/install/robotiq_driver/lib:/home/keerthibaalan/ws_moveit/install/serial/lib:/home/keerthibaalan/ws_moveit/install/moveit_visual_tools/lib:/home/keerthibaalan/ws_moveit/install/rviz_visual_tools/lib:/home/keerthibaalan/ws_moveit/install/moveit_task_constructor_visualization/lib:/home/keerthibaalan/ws_moveit/install/moveit_task_constructor_demo/lib:/home/keerthibaalan/ws_moveit/install/moveit_task_constructor_capabilities/lib:/home/keerthibaalan/ws_moveit/install/moveit_task_constructor_core/lib:/home/keerthibaalan/ws_moveit/install/rviz_marker_tools/lib:/home/keerthibaalan/ws_moveit/install/robotiq_controllers/lib:/home/keerthibaalan/ws_moveit/install/pilz_industrial_motion_planner_testutils/lib:/home/keerthibaalan/ws_moveit/install/pilz_industrial_motion_planner/lib:/home/keerthibaalan/ws_moveit/install/pick_ik/lib:/home/keerthibaalan/ws_moveit/install/moveit_task_constructor_msgs/lib:/home/keerthibaalan/ws_moveit/install/moveit_ros_control_interface/lib:/home/keerthibaalan/ws_moveit/install/moveit_simple_controller_manager/lib:/home/keerthibaalan/ws_moveit/install/moveit_setup_assistant/lib:/home/keerthibaalan/ws_moveit/install/moveit_setup_srdf_plugins/lib:/home/keerthibaalan/ws_moveit/install/moveit_setup_core_plugins/lib:/home/keerthibaalan/ws_moveit/install/moveit_setup_controllers/lib:/home/keerthibaalan/ws_moveit/install/moveit_setup_app_plugins/lib:/home/keerthibaalan/ws_moveit/install/moveit_setup_framework/lib:/home/keerthibaalan/ws_moveit/install/moveit_servo/lib:/home/keerthibaalan/ws_moveit/install/moveit_ros_visualization/lib:/home/keerthibaalan/ws_moveit/install/moveit_py/lib:/home/keerthibaalan/ws_moveit/install/moveit_hybrid_planning/lib:/home/keerthibaalan/ws_moveit/install/moveit_ros_planning_interface/lib:/home/keerthibaalan/ws_moveit/install/moveit_ros_benchmarks/lib:/home/keerthibaalan/ws_moveit/install/moveit_ros_warehouse/lib:/home/keerthibaalan/ws_moveit/install/moveit_ros_robot_interaction/lib:/home/keerthibaalan/ws_moveit/install/moveit_ros_perception/lib:/home/keerthibaalan/ws_moveit/install/moveit_ros_move_group/lib:/home/keerthibaalan/ws_moveit/install/moveit_planners_ompl/lib:/home/keerthibaalan/ws_moveit/install/moveit_kinematics/lib:/home/keerthibaalan/ws_moveit/install/moveit_ros_planning/lib:/home/keerthibaalan/ws_moveit/install/moveit_ros_occupancy_map_monitor/lib:/home/keerthibaalan/ws_moveit/install/moveit_resources_prbt_ikfast_manipulator_plugin/lib:/home/keerthibaalan/ws_moveit/install/moveit_planners_stomp/lib:/home/keerthibaalan/ws_moveit/install/moveit_planners_chomp/lib:/home/keerthibaalan/ws_moveit/install/chomp_motion_planner/lib:/home/keerthibaalan/ws_moveit/install/moveit_core/lib:/home/keerthibaalan/ws_moveit/install/moveit_msgs/lib:/home/keerthibaalan/ws_moveit/install/kortex_driver/lib:/opt/ros/humble/opt/rviz_ogre_vendor/lib:/opt/ros/humble/lib/x86_64-linux-gnu:/opt/ros/humble/lib /usr/bin/cmake --build /home/keerthibaalan/ROS2_Workspace/ros2industrial_ws/build/myworkcell_core -- -j24 -l24
[5.815s] DEBUG:colcon.colcon_core.event_handler.log_command:Invoking command in '/home/keerthibaalan/ROS2_Workspace/ros2industrial_ws/build/myworkcell_core': CMAKE_PREFIX_PATH=/home/keerthibaalan/ROS2_Workspace/ros2industrial_ws/install/fake_ar_publisher:/home/keerthibaalan/ROS2_Workspace/ros2industrial_ws/install/myworkcell_core:/home/keerthibaalan/ws_moveit/install/robotiq_hardware_tests:/home/keerthibaalan/ws_moveit/install/robotiq_driver:/home/keerthibaalan/ws_moveit/install/serial:/home/keerthibaalan/ws_moveit/install/moveit2_tutorials:/home/keerthibaalan/ws_moveit/install/moveit_visual_tools:/home/keerthibaalan/ws_moveit/install/rviz_visual_tools:/home/keerthibaalan/ws_moveit/install/moveit_task_constructor_visualization:/home/keerthibaalan/ws_moveit/install/moveit_task_constructor_demo:/home/keerthibaalan/ws_moveit/install/moveit_task_constructor_capabilities:/home/keerthibaalan/ws_moveit/install/moveit_task_constructor_core:/home/keerthibaalan/ws_moveit/install/rviz_marker_tools:/home/keerthibaalan/ws_moveit/install/kortex_bringup:/home/keerthibaalan/ws_moveit/install/kinova_gen3_7dof_robotiq_2f_85_moveit_config:/home/keerthibaalan/ws_moveit/install/kinova_gen3_6dof_robotiq_2f_85_moveit_config:/home/keerthibaalan/ws_moveit/install/kortex_description:/home/keerthibaalan/ws_moveit/install/robotiq_description:/home/keerthibaalan/ws_moveit/install/robotiq_controllers:/home/keerthibaalan/ws_moveit/install/pilz_industrial_motion_planner_testutils:/home/keerthibaalan/ws_moveit/install/moveit_runtime:/home/keerthibaalan/ws_moveit/install/moveit:/home/keerthibaalan/ws_moveit/install/moveit_planners:/home/keerthibaalan/ws_moveit/install/pilz_industrial_motion_planner:/home/keerthibaalan/ws_moveit/install/pick_ik:/home/keerthibaalan/ws_moveit/install/moveit_task_constructor_msgs:/home/keerthibaalan/ws_moveit/install/moveit_ros_control_interface:/home/keerthibaalan/ws_moveit/install/moveit_plugins:/home/keerthibaalan/ws_moveit/install/moveit_simple_controller_manager:/home/keerthibaalan/ws_moveit/install/moveit_setup_assistant:/home/keerthibaalan/ws_moveit/install/moveit_setup_srdf_plugins:/home/keerthibaalan/ws_moveit/install/moveit_setup_core_plugins:/home/keerthibaalan/ws_moveit/install/moveit_setup_controllers:/home/keerthibaalan/ws_moveit/install/moveit_setup_app_plugins:/home/keerthibaalan/ws_moveit/install/moveit_setup_framework:/home/keerthibaalan/ws_moveit/install/moveit_servo:/home/keerthibaalan/ws_moveit/install/moveit_ros:/home/keerthibaalan/ws_moveit/install/moveit_ros_visualization:/home/keerthibaalan/ws_moveit/install/moveit_py:/home/keerthibaalan/ws_moveit/install/moveit_hybrid_planning:/home/keerthibaalan/ws_moveit/install/moveit_ros_planning_interface:/home/keerthibaalan/ws_moveit/install/moveit_ros_benchmarks:/home/keerthibaalan/ws_moveit/install/moveit_ros_warehouse:/home/keerthibaalan/ws_moveit/install/moveit_ros_robot_interaction:/home/keerthibaalan/ws_moveit/install/moveit_ros_perception:/home/keerthibaalan/ws_moveit/install/moveit_resources_prbt_pg70_support:/home/keerthibaalan/ws_moveit/install/moveit_resources_prbt_moveit_config:/home/keerthibaalan/ws_moveit/install/moveit_ros_move_group:/home/keerthibaalan/ws_moveit/install/moveit_planners_ompl:/home/keerthibaalan/ws_moveit/install/moveit_kinematics:/home/keerthibaalan/ws_moveit/install/moveit_ros_planning:/home/keerthibaalan/ws_moveit/install/moveit_ros_occupancy_map_monitor:/home/keerthibaalan/ws_moveit/install/moveit_resources_prbt_support:/home/keerthibaalan/ws_moveit/install/moveit_resources_prbt_ikfast_manipulator_plugin:/home/keerthibaalan/ws_moveit/install/moveit_resources:/home/keerthibaalan/ws_moveit/install/moveit_resources_pr2_description:/home/keerthibaalan/ws_moveit/install/moveit_resources_panda_moveit_config:/home/keerthibaalan/ws_moveit/install/dual_arm_panda_moveit_config:/home/keerthibaalan/ws_moveit/install/moveit_resources_panda_description:/home/keerthibaalan/ws_moveit/install/moveit_resources_fanuc_moveit_config:/home/keerthibaalan/ws_moveit/install/moveit_resources_fanuc_description:/home/keerthibaalan/ws_moveit/install/moveit_planners_stomp:/home/keerthibaalan/ws_moveit/install/moveit_planners_chomp:/home/keerthibaalan/ws_moveit/install/chomp_motion_planner:/home/keerthibaalan/ws_moveit/install/moveit_core:/home/keerthibaalan/ws_moveit/install/moveit_msgs:/home/keerthibaalan/ws_moveit/install/moveit_common:/home/keerthibaalan/ws_moveit/install/kortex_driver:/home/keerthibaalan/ws_moveit/install/kortex_api:/home/keerthibaalan/ws_moveit/install/moveit_configs_utils:/opt/ros/humble LD_LIBRARY_PATH=/home/keerthibaalan/ROS2_Workspace/ros2industrial_ws/install/fake_ar_publisher/lib:/home/keerthibaalan/ROS2_Workspace/ros2industrial_ws/install/myworkcell_core/lib:/home/keerthibaalan/ws_moveit/install/robotiq_driver/lib:/home/keerthibaalan/ws_moveit/install/serial/lib:/home/keerthibaalan/ws_moveit/install/moveit_visual_tools/lib:/home/keerthibaalan/ws_moveit/install/rviz_visual_tools/lib:/home/keerthibaalan/ws_moveit/install/moveit_task_constructor_visualization/lib:/home/keerthibaalan/ws_moveit/install/moveit_task_constructor_demo/lib:/home/keerthibaalan/ws_moveit/install/moveit_task_constructor_capabilities/lib:/home/keerthibaalan/ws_moveit/install/moveit_task_constructor_core/lib:/home/keerthibaalan/ws_moveit/install/rviz_marker_tools/lib:/home/keerthibaalan/ws_moveit/install/robotiq_controllers/lib:/home/keerthibaalan/ws_moveit/install/pilz_industrial_motion_planner_testutils/lib:/home/keerthibaalan/ws_moveit/install/pilz_industrial_motion_planner/lib:/home/keerthibaalan/ws_moveit/install/pick_ik/lib:/home/keerthibaalan/ws_moveit/install/moveit_task_constructor_msgs/lib:/home/keerthibaalan/ws_moveit/install/moveit_ros_control_interface/lib:/home/keerthibaalan/ws_moveit/install/moveit_simple_controller_manager/lib:/home/keerthibaalan/ws_moveit/install/moveit_setup_assistant/lib:/home/keerthibaalan/ws_moveit/install/moveit_setup_srdf_plugins/lib:/home/keerthibaalan/ws_moveit/install/moveit_setup_core_plugins/lib:/home/keerthibaalan/ws_moveit/install/moveit_setup_controllers/lib:/home/keerthibaalan/ws_moveit/install/moveit_setup_app_plugins/lib:/home/keerthibaalan/ws_moveit/install/moveit_setup_framework/lib:/home/keerthibaalan/ws_moveit/install/moveit_servo/lib:/home/keerthibaalan/ws_moveit/install/moveit_ros_visualization/lib:/home/keerthibaalan/ws_moveit/install/moveit_py/lib:/home/keerthibaalan/ws_moveit/install/moveit_hybrid_planning/lib:/home/keerthibaalan/ws_moveit/install/moveit_ros_planning_interface/lib:/home/keerthibaalan/ws_moveit/install/moveit_ros_benchmarks/lib:/home/keerthibaalan/ws_moveit/install/moveit_ros_warehouse/lib:/home/keerthibaalan/ws_moveit/install/moveit_ros_robot_interaction/lib:/home/keerthibaalan/ws_moveit/install/moveit_ros_perception/lib:/home/keerthibaalan/ws_moveit/install/moveit_ros_move_group/lib:/home/keerthibaalan/ws_moveit/install/moveit_planners_ompl/lib:/home/keerthibaalan/ws_moveit/install/moveit_kinematics/lib:/home/keerthibaalan/ws_moveit/install/moveit_ros_planning/lib:/home/keerthibaalan/ws_moveit/install/moveit_ros_occupancy_map_monitor/lib:/home/keerthibaalan/ws_moveit/install/moveit_resources_prbt_ikfast_manipulator_plugin/lib:/home/keerthibaalan/ws_moveit/install/moveit_planners_stomp/lib:/home/keerthibaalan/ws_moveit/install/moveit_planners_chomp/lib:/home/keerthibaalan/ws_moveit/install/chomp_motion_planner/lib:/home/keerthibaalan/ws_moveit/install/moveit_core/lib:/home/keerthibaalan/ws_moveit/install/moveit_msgs/lib:/home/keerthibaalan/ws_moveit/install/kortex_driver/lib:/opt/ros/humble/opt/rviz_ogre_vendor/lib:/opt/ros/humble/lib/x86_64-linux-gnu:/opt/ros/humble/lib /usr/bin/cmake --install /home/keerthibaalan/ROS2_Workspace/ros2industrial_ws/build/myworkcell_core
[5.864s] Level 1:colcon.colcon_core.environment:create_environment_scripts_only(myworkcell_core)
[5.864s] Level 1:colcon.colcon_core.environment:checking '/home/keerthibaalan/ROS2_Workspace/ros2industrial_ws/install/myworkcell_core' for CMake module files
[5.864s] DEBUG:colcon.colcon_core.event_handler.log_command:Invoked command in '/home/keerthibaalan/ROS2_Workspace/ros2industrial_ws/build/myworkcell_core' returned '0': CMAKE_PREFIX_PATH=/home/keerthibaalan/ROS2_Workspace/ros2industrial_ws/install/fake_ar_publisher:/home/keerthibaalan/ROS2_Workspace/ros2industrial_ws/install/myworkcell_core:/home/keerthibaalan/ws_moveit/install/robotiq_hardware_tests:/home/keerthibaalan/ws_moveit/install/robotiq_driver:/home/keerthibaalan/ws_moveit/install/serial:/home/keerthibaalan/ws_moveit/install/moveit2_tutorials:/home/keerthibaalan/ws_moveit/install/moveit_visual_tools:/home/keerthibaalan/ws_moveit/install/rviz_visual_tools:/home/keerthibaalan/ws_moveit/install/moveit_task_constructor_visualization:/home/keerthibaalan/ws_moveit/install/moveit_task_constructor_demo:/home/keerthibaalan/ws_moveit/install/moveit_task_constructor_capabilities:/home/keerthibaalan/ws_moveit/install/moveit_task_constructor_core:/home/keerthibaalan/ws_moveit/install/rviz_marker_tools:/home/keerthibaalan/ws_moveit/install/kortex_bringup:/home/keerthibaalan/ws_moveit/install/kinova_gen3_7dof_robotiq_2f_85_moveit_config:/home/keerthibaalan/ws_moveit/install/kinova_gen3_6dof_robotiq_2f_85_moveit_config:/home/keerthibaalan/ws_moveit/install/kortex_description:/home/keerthibaalan/ws_moveit/install/robotiq_description:/home/keerthibaalan/ws_moveit/install/robotiq_controllers:/home/keerthibaalan/ws_moveit/install/pilz_industrial_motion_planner_testutils:/home/keerthibaalan/ws_moveit/install/moveit_runtime:/home/keerthibaalan/ws_moveit/install/moveit:/home/keerthibaalan/ws_moveit/install/moveit_planners:/home/keerthibaalan/ws_moveit/install/pilz_industrial_motion_planner:/home/keerthibaalan/ws_moveit/install/pick_ik:/home/keerthibaalan/ws_moveit/install/moveit_task_constructor_msgs:/home/keerthibaalan/ws_moveit/install/moveit_ros_control_interface:/home/keerthibaalan/ws_moveit/install/moveit_plugins:/home/keerthibaalan/ws_moveit/install/moveit_simple_controller_manager:/home/keerthibaalan/ws_moveit/install/moveit_setup_assistant:/home/keerthibaalan/ws_moveit/install/moveit_setup_srdf_plugins:/home/keerthibaalan/ws_moveit/install/moveit_setup_core_plugins:/home/keerthibaalan/ws_moveit/install/moveit_setup_controllers:/home/keerthibaalan/ws_moveit/install/moveit_setup_app_plugins:/home/keerthibaalan/ws_moveit/install/moveit_setup_framework:/home/keerthibaalan/ws_moveit/install/moveit_servo:/home/keerthibaalan/ws_moveit/install/moveit_ros:/home/keerthibaalan/ws_moveit/install/moveit_ros_visualization:/home/keerthibaalan/ws_moveit/install/moveit_py:/home/keerthibaalan/ws_moveit/install/moveit_hybrid_planning:/home/keerthibaalan/ws_moveit/install/moveit_ros_planning_interface:/home/keerthibaalan/ws_moveit/install/moveit_ros_benchmarks:/home/keerthibaalan/ws_moveit/install/moveit_ros_warehouse:/home/keerthibaalan/ws_moveit/install/moveit_ros_robot_interaction:/home/keerthibaalan/ws_moveit/install/moveit_ros_perception:/home/keerthibaalan/ws_moveit/install/moveit_resources_prbt_pg70_support:/home/keerthibaalan/ws_moveit/install/moveit_resources_prbt_moveit_config:/home/keerthibaalan/ws_moveit/install/moveit_ros_move_group:/home/keerthibaalan/ws_moveit/install/moveit_planners_ompl:/home/keerthibaalan/ws_moveit/install/moveit_kinematics:/home/keerthibaalan/ws_moveit/install/moveit_ros_planning:/home/keerthibaalan/ws_moveit/install/moveit_ros_occupancy_map_monitor:/home/keerthibaalan/ws_moveit/install/moveit_resources_prbt_support:/home/keerthibaalan/ws_moveit/install/moveit_resources_prbt_ikfast_manipulator_plugin:/home/keerthibaalan/ws_moveit/install/moveit_resources:/home/keerthibaalan/ws_moveit/install/moveit_resources_pr2_description:/home/keerthibaalan/ws_moveit/install/moveit_resources_panda_moveit_config:/home/keerthibaalan/ws_moveit/install/dual_arm_panda_moveit_config:/home/keerthibaalan/ws_moveit/install/moveit_resources_panda_description:/home/keerthibaalan/ws_moveit/install/moveit_resources_fanuc_moveit_config:/home/keerthibaalan/ws_moveit/install/moveit_resources_fanuc_description:/home/keerthibaalan/ws_moveit/install/moveit_planners_stomp:/home/keerthibaalan/ws_moveit/install/moveit_planners_chomp:/home/keerthibaalan/ws_moveit/install/chomp_motion_planner:/home/keerthibaalan/ws_moveit/install/moveit_core:/home/keerthibaalan/ws_moveit/install/moveit_msgs:/home/keerthibaalan/ws_moveit/install/moveit_common:/home/keerthibaalan/ws_moveit/install/kortex_driver:/home/keerthibaalan/ws_moveit/install/kortex_api:/home/keerthibaalan/ws_moveit/install/moveit_configs_utils:/opt/ros/humble LD_LIBRARY_PATH=/home/keerthibaalan/ROS2_Workspace/ros2industrial_ws/install/fake_ar_publisher/lib:/home/keerthibaalan/ROS2_Workspace/ros2industrial_ws/install/myworkcell_core/lib:/home/keerthibaalan/ws_moveit/install/robotiq_driver/lib:/home/keerthibaalan/ws_moveit/install/serial/lib:/home/keerthibaalan/ws_moveit/install/moveit_visual_tools/lib:/home/keerthibaalan/ws_moveit/install/rviz_visual_tools/lib:/home/keerthibaalan/ws_moveit/install/moveit_task_constructor_visualization/lib:/home/keerthibaalan/ws_moveit/install/moveit_task_constructor_demo/lib:/home/keerthibaalan/ws_moveit/install/moveit_task_constructor_capabilities/lib:/home/keerthibaalan/ws_moveit/install/moveit_task_constructor_core/lib:/home/keerthibaalan/ws_moveit/install/rviz_marker_tools/lib:/home/keerthibaalan/ws_moveit/install/robotiq_controllers/lib:/home/keerthibaalan/ws_moveit/install/pilz_industrial_motion_planner_testutils/lib:/home/keerthibaalan/ws_moveit/install/pilz_industrial_motion_planner/lib:/home/keerthibaalan/ws_moveit/install/pick_ik/lib:/home/keerthibaalan/ws_moveit/install/moveit_task_constructor_msgs/lib:/home/keerthibaalan/ws_moveit/install/moveit_ros_control_interface/lib:/home/keerthibaalan/ws_moveit/install/moveit_simple_controller_manager/lib:/home/keerthibaalan/ws_moveit/install/moveit_setup_assistant/lib:/home/keerthibaalan/ws_moveit/install/moveit_setup_srdf_plugins/lib:/home/keerthibaalan/ws_moveit/install/moveit_setup_core_plugins/lib:/home/keerthibaalan/ws_moveit/install/moveit_setup_controllers/lib:/home/keerthibaalan/ws_moveit/install/moveit_setup_app_plugins/lib:/home/keerthibaalan/ws_moveit/install/moveit_setup_framework/lib:/home/keerthibaalan/ws_moveit/install/moveit_servo/lib:/home/keerthibaalan/ws_moveit/install/moveit_ros_visualization/lib:/home/keerthibaalan/ws_moveit/install/moveit_py/lib:/home/keerthibaalan/ws_moveit/install/moveit_hybrid_planning/lib:/home/keerthibaalan/ws_moveit/install/moveit_ros_planning_interface/lib:/home/keerthibaalan/ws_moveit/install/moveit_ros_benchmarks/lib:/home/keerthibaalan/ws_moveit/install/moveit_ros_warehouse/lib:/home/keerthibaalan/ws_moveit/install/moveit_ros_robot_interaction/lib:/home/keerthibaalan/ws_moveit/install/moveit_ros_perception/lib:/home/keerthibaalan/ws_moveit/install/moveit_ros_move_group/lib:/home/keerthibaalan/ws_moveit/install/moveit_planners_ompl/lib:/home/keerthibaalan/ws_moveit/install/moveit_kinematics/lib:/home/keerthibaalan/ws_moveit/install/moveit_ros_planning/lib:/home/keerthibaalan/ws_moveit/install/moveit_ros_occupancy_map_monitor/lib:/home/keerthibaalan/ws_moveit/install/moveit_resources_prbt_ikfast_manipulator_plugin/lib:/home/keerthibaalan/ws_moveit/install/moveit_planners_stomp/lib:/home/keerthibaalan/ws_moveit/install/moveit_planners_chomp/lib:/home/keerthibaalan/ws_moveit/install/chomp_motion_planner/lib:/home/keerthibaalan/ws_moveit/install/moveit_core/lib:/home/keerthibaalan/ws_moveit/install/moveit_msgs/lib:/home/keerthibaalan/ws_moveit/install/kortex_driver/lib:/opt/ros/humble/opt/rviz_ogre_vendor/lib:/opt/ros/humble/lib/x86_64-linux-gnu:/opt/ros/humble/lib /usr/bin/cmake --install /home/keerthibaalan/ROS2_Workspace/ros2industrial_ws/build/myworkcell_core
[5.865s] Level 1:colcon.colcon_core.environment:checking '/home/keerthibaalan/ROS2_Workspace/ros2industrial_ws/install/myworkcell_core' for CMake config files
[5.865s] Level 1:colcon.colcon_core.shell:create_environment_hook('myworkcell_core', 'cmake_prefix_path')
[5.865s] INFO:colcon.colcon_core.shell:Creating environment hook '/home/keerthibaalan/ROS2_Workspace/ros2industrial_ws/install/myworkcell_core/share/myworkcell_core/hook/cmake_prefix_path.ps1'
[5.865s] INFO:colcon.colcon_core.shell:Creating environment descriptor '/home/keerthibaalan/ROS2_Workspace/ros2industrial_ws/install/myworkcell_core/share/myworkcell_core/hook/cmake_prefix_path.dsv'
[5.866s] INFO:colcon.colcon_core.shell:Creating environment hook '/home/keerthibaalan/ROS2_Workspace/ros2industrial_ws/install/myworkcell_core/share/myworkcell_core/hook/cmake_prefix_path.sh'
[5.866s] Level 1:colcon.colcon_core.environment:checking '/home/keerthibaalan/ROS2_Workspace/ros2industrial_ws/install/myworkcell_core/lib'
[5.866s] Level 1:colcon.colcon_core.shell:create_environment_hook('myworkcell_core', 'ld_library_path_lib')
[5.866s] INFO:colcon.colcon_core.shell:Creating environment hook '/home/keerthibaalan/ROS2_Workspace/ros2industrial_ws/install/myworkcell_core/share/myworkcell_core/hook/ld_library_path_lib.ps1'
[5.866s] INFO:colcon.colcon_core.shell:Creating environment descriptor '/home/keerthibaalan/ROS2_Workspace/ros2industrial_ws/install/myworkcell_core/share/myworkcell_core/hook/ld_library_path_lib.dsv'
[5.866s] INFO:colcon.colcon_core.shell:Creating environment hook '/home/keerthibaalan/ROS2_Workspace/ros2industrial_ws/install/myworkcell_core/share/myworkcell_core/hook/ld_library_path_lib.sh'
[5.867s] Level 1:colcon.colcon_core.environment:checking '/home/keerthibaalan/ROS2_Workspace/ros2industrial_ws/install/myworkcell_core/bin'
[5.867s] Level 1:colcon.colcon_core.environment:checking '/home/keerthibaalan/ROS2_Workspace/ros2industrial_ws/install/myworkcell_core/lib/pkgconfig/myworkcell_core.pc'
[5.867s] Level 1:colcon.colcon_core.environment:checking '/home/keerthibaalan/ROS2_Workspace/ros2industrial_ws/install/myworkcell_core/lib/python3.10/site-packages'
[5.867s] Level 1:colcon.colcon_core.environment:checking '/home/keerthibaalan/ROS2_Workspace/ros2industrial_ws/install/myworkcell_core/bin'
[5.867s] INFO:colcon.colcon_core.shell:Creating package script '/home/keerthibaalan/ROS2_Workspace/ros2industrial_ws/install/myworkcell_core/share/myworkcell_core/package.ps1'
[5.867s] INFO:colcon.colcon_core.shell:Creating package descriptor '/home/keerthibaalan/ROS2_Workspace/ros2industrial_ws/install/myworkcell_core/share/myworkcell_core/package.dsv'
[5.867s] INFO:colcon.colcon_core.shell:Creating package script '/home/keerthibaalan/ROS2_Workspace/ros2industrial_ws/install/myworkcell_core/share/myworkcell_core/package.sh'
[5.868s] INFO:colcon.colcon_core.shell:Creating package script '/home/keerthibaalan/ROS2_Workspace/ros2industrial_ws/install/myworkcell_core/share/myworkcell_core/package.bash'
[5.868s] INFO:colcon.colcon_core.shell:Creating package script '/home/keerthibaalan/ROS2_Workspace/ros2industrial_ws/install/myworkcell_core/share/myworkcell_core/package.zsh'
[5.868s] Level 1:colcon.colcon_core.environment:create_file_with_runtime_dependencies(/home/keerthibaalan/ROS2_Workspace/ros2industrial_ws/install/myworkcell_core/share/colcon-core/packages/myworkcell_core)
[5.981s] Level 1:colcon.colcon_core.environment:create_environment_scripts_only(myworkcell_core)
[5.982s] Level 1:colcon.colcon_core.environment:checking '/home/keerthibaalan/ROS2_Workspace/ros2industrial_ws/install/myworkcell_core' for CMake module files
[5.982s] Level 1:colcon.colcon_core.environment:checking '/home/keerthibaalan/ROS2_Workspace/ros2industrial_ws/install/myworkcell_core' for CMake config files
[5.982s] Level 1:colcon.colcon_core.shell:create_environment_hook('myworkcell_core', 'cmake_prefix_path')
[5.982s] INFO:colcon.colcon_core.shell:Creating environment hook '/home/keerthibaalan/ROS2_Workspace/ros2industrial_ws/install/myworkcell_core/share/myworkcell_core/hook/cmake_prefix_path.ps1'
[5.982s] INFO:colcon.colcon_core.shell:Creating environment descriptor '/home/keerthibaalan/ROS2_Workspace/ros2industrial_ws/install/myworkcell_core/share/myworkcell_core/hook/cmake_prefix_path.dsv'
[5.983s] INFO:colcon.colcon_core.shell:Creating environment hook '/home/keerthibaalan/ROS2_Workspace/ros2industrial_ws/install/myworkcell_core/share/myworkcell_core/hook/cmake_prefix_path.sh'
[5.983s] Level 1:colcon.colcon_core.environment:checking '/home/keerthibaalan/ROS2_Workspace/ros2industrial_ws/install/myworkcell_core/lib'
[5.983s] Level 1:colcon.colcon_core.shell:create_environment_hook('myworkcell_core', 'ld_library_path_lib')
[5.983s] INFO:colcon.colcon_core.shell:Creating environment hook '/home/keerthibaalan/ROS2_Workspace/ros2industrial_ws/install/myworkcell_core/share/myworkcell_core/hook/ld_library_path_lib.ps1'
[5.983s] INFO:colcon.colcon_core.shell:Creating environment descriptor '/home/keerthibaalan/ROS2_Workspace/ros2industrial_ws/install/myworkcell_core/share/myworkcell_core/hook/ld_library_path_lib.dsv'
[5.983s] INFO:colcon.colcon_core.shell:Creating environment hook '/home/keerthibaalan/ROS2_Workspace/ros2industrial_ws/install/myworkcell_core/share/myworkcell_core/hook/ld_library_path_lib.sh'
[5.983s] Level 1:colcon.colcon_core.environment:checking '/home/keerthibaalan/ROS2_Workspace/ros2industrial_ws/install/myworkcell_core/bin'
[5.983s] Level 1:colcon.colcon_core.environment:checking '/home/keerthibaalan/ROS2_Workspace/ros2industrial_ws/install/myworkcell_core/lib/pkgconfig/myworkcell_core.pc'
[5.984s] Level 1:colcon.colcon_core.environment:checking '/home/keerthibaalan/ROS2_Workspace/ros2industrial_ws/install/myworkcell_core/lib/python3.10/site-packages'
[5.984s] Level 1:colcon.colcon_core.environment:checking '/home/keerthibaalan/ROS2_Workspace/ros2industrial_ws/install/myworkcell_core/bin'
[5.984s] INFO:colcon.colcon_core.shell:Creating package script '/home/keerthibaalan/ROS2_Workspace/ros2industrial_ws/install/myworkcell_core/share/myworkcell_core/package.ps1'
[5.984s] INFO:colcon.colcon_core.shell:Creating package descriptor '/home/keerthibaalan/ROS2_Workspace/ros2industrial_ws/install/myworkcell_core/share/myworkcell_core/package.dsv'
[5.984s] INFO:colcon.colcon_core.shell:Creating package script '/home/keerthibaalan/ROS2_Workspace/ros2industrial_ws/install/myworkcell_core/share/myworkcell_core/package.sh'
[5.984s] INFO:colcon.colcon_core.shell:Creating package script '/home/keerthibaalan/ROS2_Workspace/ros2industrial_ws/install/myworkcell_core/share/myworkcell_core/package.bash'
[5.985s] INFO:colcon.colcon_core.shell:Creating package script '/home/keerthibaalan/ROS2_Workspace/ros2industrial_ws/install/myworkcell_core/share/myworkcell_core/package.zsh'
[5.985s] Level 1:colcon.colcon_core.environment:create_file_with_runtime_dependencies(/home/keerthibaalan/ROS2_Workspace/ros2industrial_ws/install/myworkcell_core/share/colcon-core/packages/myworkcell_core)
[5.985s] INFO:colcon.colcon_ros.task.ament_cmake.build:Building ROS package in '/home/keerthibaalan/ROS2_Workspace/ros2industrial_ws/src/myworkcell_support' with build type 'ament_cmake'
[5.985s] INFO:colcon.colcon_cmake.task.cmake.build:Building CMake package in '/home/keerthibaalan/ROS2_Workspace/ros2industrial_ws/src/myworkcell_support'
[5.985s] INFO:colcon.colcon_core.shell:Skip shell extension 'powershell' for command environment: Not usable outside of PowerShell
[5.985s] DEBUG:colcon.colcon_core.shell:Skip shell extension 'dsv' for command environment
[6.001s] DEBUG:colcon.colcon_core.event_handler.log_command:Invoking command in '/home/keerthibaalan/ROS2_Workspace/ros2industrial_ws/build/myworkcell_support': CMAKE_PREFIX_PATH=${CMAKE_PREFIX_PATH}:/home/keerthibaalan/ws_moveit/install/moveit_configs_utils:/opt/ros/humble /usr/bin/cmake /home/keerthibaalan/ROS2_Workspace/ros2industrial_ws/src/myworkcell_support -DCMAKE_INSTALL_PREFIX=/home/keerthibaalan/ROS2_Workspace/ros2industrial_ws/install/myworkcell_support
[6.952s] DEBUG:colcon.colcon_core.event_handler.log_command:Invoked command in '/home/keerthibaalan/ROS2_Workspace/ros2industrial_ws/build/myworkcell_support' returned '0': CMAKE_PREFIX_PATH=${CMAKE_PREFIX_PATH}:/home/keerthibaalan/ws_moveit/install/moveit_configs_utils:/opt/ros/humble /usr/bin/cmake /home/keerthibaalan/ROS2_Workspace/ros2industrial_ws/src/myworkcell_support -DCMAKE_INSTALL_PREFIX=/home/keerthibaalan/ROS2_Workspace/ros2industrial_ws/install/myworkcell_support
[6.952s] DEBUG:colcon.colcon_core.event_handler.log_command:Invoking command in '/home/keerthibaalan/ROS2_Workspace/ros2industrial_ws/build/myworkcell_support': CMAKE_PREFIX_PATH=${CMAKE_PREFIX_PATH}:/home/keerthibaalan/ws_moveit/install/moveit_configs_utils:/opt/ros/humble /usr/bin/cmake --build /home/keerthibaalan/ROS2_Workspace/ros2industrial_ws/build/myworkcell_support -- -j24 -l24
[6.994s] DEBUG:colcon.colcon_core.event_handler.log_command:Invoked command in '/home/keerthibaalan/ROS2_Workspace/ros2industrial_ws/build/myworkcell_support' returned '0': CMAKE_PREFIX_PATH=${CMAKE_PREFIX_PATH}:/home/keerthibaalan/ws_moveit/install/moveit_configs_utils:/opt/ros/humble /usr/bin/cmake --build /home/keerthibaalan/ROS2_Workspace/ros2industrial_ws/build/myworkcell_support -- -j24 -l24
[7.028s] DEBUG:colcon.colcon_core.event_handler.log_command:Invoking command in '/home/keerthibaalan/ROS2_Workspace/ros2industrial_ws/build/myworkcell_support': CMAKE_PREFIX_PATH=${CMAKE_PREFIX_PATH}:/home/keerthibaalan/ws_moveit/install/moveit_configs_utils:/opt/ros/humble /usr/bin/cmake --install /home/keerthibaalan/ROS2_Workspace/ros2industrial_ws/build/myworkcell_support
[7.038s] Level 1:colcon.colcon_core.environment:create_environment_scripts_only(myworkcell_support)
[7.039s] DEBUG:colcon.colcon_core.event_handler.log_command:Invoked command in '/home/keerthibaalan/ROS2_Workspace/ros2industrial_ws/build/myworkcell_support' returned '0': CMAKE_PREFIX_PATH=${CMAKE_PREFIX_PATH}:/home/keerthibaalan/ws_moveit/install/moveit_configs_utils:/opt/ros/humble /usr/bin/cmake --install /home/keerthibaalan/ROS2_Workspace/ros2industrial_ws/build/myworkcell_support
[7.039s] Level 1:colcon.colcon_core.environment:checking '/home/keerthibaalan/ROS2_Workspace/ros2industrial_ws/install/myworkcell_support' for CMake module files
[7.039s] Level 1:colcon.colcon_core.environment:checking '/home/keerthibaalan/ROS2_Workspace/ros2industrial_ws/install/myworkcell_support' for CMake config files
[7.039s] Level 1:colcon.colcon_core.shell:create_environment_hook('myworkcell_support', 'cmake_prefix_path')
[7.040s] INFO:colcon.colcon_core.shell:Creating environment hook '/home/keerthibaalan/ROS2_Workspace/ros2industrial_ws/install/myworkcell_support/share/myworkcell_support/hook/cmake_prefix_path.ps1'
[7.040s] INFO:colcon.colcon_core.shell:Creating environment descriptor '/home/keerthibaalan/ROS2_Workspace/ros2industrial_ws/install/myworkcell_support/share/myworkcell_support/hook/cmake_prefix_path.dsv'
[7.040s] INFO:colcon.colcon_core.shell:Creating environment hook '/home/keerthibaalan/ROS2_Workspace/ros2industrial_ws/install/myworkcell_support/share/myworkcell_support/hook/cmake_prefix_path.sh'
[7.040s] Level 1:colcon.colcon_core.environment:checking '/home/keerthibaalan/ROS2_Workspace/ros2industrial_ws/install/myworkcell_support/bin'
[7.040s] Level 1:colcon.colcon_core.environment:checking '/home/keerthibaalan/ROS2_Workspace/ros2industrial_ws/install/myworkcell_support/lib/pkgconfig/myworkcell_support.pc'
[7.041s] Level 1:colcon.colcon_core.environment:checking '/home/keerthibaalan/ROS2_Workspace/ros2industrial_ws/install/myworkcell_support/lib/python3.10/site-packages'
[7.041s] Level 1:colcon.colcon_core.environment:checking '/home/keerthibaalan/ROS2_Workspace/ros2industrial_ws/install/myworkcell_support/bin'
[7.041s] INFO:colcon.colcon_core.shell:Creating package script '/home/keerthibaalan/ROS2_Workspace/ros2industrial_ws/install/myworkcell_support/share/myworkcell_support/package.ps1'
[7.041s] INFO:colcon.colcon_core.shell:Creating package descriptor '/home/keerthibaalan/ROS2_Workspace/ros2industrial_ws/install/myworkcell_support/share/myworkcell_support/package.dsv'
[7.041s] INFO:colcon.colcon_core.shell:Creating package script '/home/keerthibaalan/ROS2_Workspace/ros2industrial_ws/install/myworkcell_support/share/myworkcell_support/package.sh'
[7.042s] INFO:colcon.colcon_core.shell:Creating package script '/home/keerthibaalan/ROS2_Workspace/ros2industrial_ws/install/myworkcell_support/share/myworkcell_support/package.bash'
[7.042s] INFO:colcon.colcon_core.shell:Creating package script '/home/keerthibaalan/ROS2_Workspace/ros2industrial_ws/install/myworkcell_support/share/myworkcell_support/package.zsh'
[7.042s] Level 1:colcon.colcon_core.environment:create_file_with_runtime_dependencies(/home/keerthibaalan/ROS2_Workspace/ros2industrial_ws/install/myworkcell_support/share/colcon-core/packages/myworkcell_support)
[7.073s] Level 1:colcon.colcon_core.environment:create_environment_scripts_only(myworkcell_support)
[7.073s] Level 1:colcon.colcon_core.environment:checking '/home/keerthibaalan/ROS2_Workspace/ros2industrial_ws/install/myworkcell_support' for CMake module files
[7.074s] Level 1:colcon.colcon_core.environment:checking '/home/keerthibaalan/ROS2_Workspace/ros2industrial_ws/install/myworkcell_support' for CMake config files
[7.074s] Level 1:colcon.colcon_core.shell:create_environment_hook('myworkcell_support', 'cmake_prefix_path')
[7.074s] INFO:colcon.colcon_core.shell:Creating environment hook '/home/keerthibaalan/ROS2_Workspace/ros2industrial_ws/install/myworkcell_support/share/myworkcell_support/hook/cmake_prefix_path.ps1'
[7.074s] INFO:colcon.colcon_core.shell:Creating environment descriptor '/home/keerthibaalan/ROS2_Workspace/ros2industrial_ws/install/myworkcell_support/share/myworkcell_support/hook/cmake_prefix_path.dsv'
[7.074s] INFO:colcon.colcon_core.shell:Creating environment hook '/home/keerthibaalan/ROS2_Workspace/ros2industrial_ws/install/myworkcell_support/share/myworkcell_support/hook/cmake_prefix_path.sh'
[7.074s] Level 1:colcon.colcon_core.environment:checking '/home/keerthibaalan/ROS2_Workspace/ros2industrial_ws/install/myworkcell_support/bin'
[7.075s] Level 1:colcon.colcon_core.environment:checking '/home/keerthibaalan/ROS2_Workspace/ros2industrial_ws/install/myworkcell_support/lib/pkgconfig/myworkcell_support.pc'
[7.075s] Level 1:colcon.colcon_core.environment:checking '/home/keerthibaalan/ROS2_Workspace/ros2industrial_ws/install/myworkcell_support/lib/python3.10/site-packages'
[7.075s] Level 1:colcon.colcon_core.environment:checking '/home/keerthibaalan/ROS2_Workspace/ros2industrial_ws/install/myworkcell_support/bin'
[7.075s] INFO:colcon.colcon_core.shell:Creating package script '/home/keerthibaalan/ROS2_Workspace/ros2industrial_ws/install/myworkcell_support/share/myworkcell_support/package.ps1'
[7.075s] INFO:colcon.colcon_core.shell:Creating package descriptor '/home/keerthibaalan/ROS2_Workspace/ros2industrial_ws/install/myworkcell_support/share/myworkcell_support/package.dsv'
[7.075s] INFO:colcon.colcon_core.shell:Creating package script '/home/keerthibaalan/ROS2_Workspace/ros2industrial_ws/install/myworkcell_support/share/myworkcell_support/package.sh'
[7.075s] INFO:colcon.colcon_core.shell:Creating package script '/home/keerthibaalan/ROS2_Workspace/ros2industrial_ws/install/myworkcell_support/share/myworkcell_support/package.bash'
[7.076s] INFO:colcon.colcon_core.shell:Creating package script '/home/keerthibaalan/ROS2_Workspace/ros2industrial_ws/install/myworkcell_support/share/myworkcell_support/package.zsh'
[7.076s] Level 1:colcon.colcon_core.environment:create_file_with_runtime_dependencies(/home/keerthibaalan/ROS2_Workspace/ros2industrial_ws/install/myworkcell_support/share/colcon-core/packages/myworkcell_support)
[7.076s] DEBUG:colcon.colcon_parallel_executor.executor.parallel:closing loop
[7.076s] DEBUG:colcon.colcon_parallel_executor.executor.parallel:loop closed
[7.076s] DEBUG:colcon.colcon_parallel_executor.executor.parallel:run_until_complete finished with '0'
[7.076s] DEBUG:colcon.colcon_core.event_reactor:joining thread
[7.081s] INFO:colcon.colcon_core.plugin_system:Skipping extension 'colcon_notification.desktop_notification.terminal_notifier': Not used on non-Darwin systems
[7.081s] INFO:colcon.colcon_core.plugin_system:Skipping extension 'colcon_notification.desktop_notification.win32': Not used on non-Windows systems
[7.081s] INFO:colcon.colcon_notification.desktop_notification:Sending desktop notification using 'notify2'
[7.092s] DEBUG:colcon.colcon_core.event_reactor:joined thread
[7.092s] INFO:colcon.colcon_core.shell:Creating prefix script '/home/keerthibaalan/ROS2_Workspace/ros2industrial_ws/install/local_setup.ps1'
[7.093s] INFO:colcon.colcon_core.shell:Creating prefix util module '/home/keerthibaalan/ROS2_Workspace/ros2industrial_ws/install/_local_setup_util_ps1.py'
[7.094s] INFO:colcon.colcon_core.shell:Creating prefix chain script '/home/keerthibaalan/ROS2_Workspace/ros2industrial_ws/install/setup.ps1'
[7.096s] INFO:colcon.colcon_core.shell:Creating prefix script '/home/keerthibaalan/ROS2_Workspace/ros2industrial_ws/install/local_setup.sh'
[7.096s] INFO:colcon.colcon_core.shell:Creating prefix util module '/home/keerthibaalan/ROS2_Workspace/ros2industrial_ws/install/_local_setup_util_sh.py'
[7.097s] INFO:colcon.colcon_core.shell:Creating prefix chain script '/home/keerthibaalan/ROS2_Workspace/ros2industrial_ws/install/setup.sh'
[7.099s] INFO:colcon.colcon_core.shell:Creating prefix script '/home/keerthibaalan/ROS2_Workspace/ros2industrial_ws/install/local_setup.bash'
[7.099s] INFO:colcon.colcon_core.shell:Creating prefix chain script '/home/keerthibaalan/ROS2_Workspace/ros2industrial_ws/install/setup.bash'
[7.101s] INFO:colcon.colcon_core.shell:Creating prefix script '/home/keerthibaalan/ROS2_Workspace/ros2industrial_ws/install/local_setup.zsh'
[7.102s] INFO:colcon.colcon_core.shell:Creating prefix chain script '/home/keerthibaalan/ROS2_Workspace/ros2industrial_ws/install/setup.zsh'
