[0.060s] Invoking command in '/home/ros/ws_microros/build/asrs_moveit': /usr/bin/cmake /home/ros/ws_microros/src/asrs_moveit -DCMAKE_INSTALL_PREFIX=/home/ros/ws_microros/install/asrs_moveit
[0.164s] -- The C compiler identification is GNU 11.4.0
[0.249s] -- The CXX compiler identification is GNU 11.4.0
[0.259s] -- Detecting C compiler ABI info
[0.297s] -- Detecting C compiler ABI info - done
[0.300s] -- Check for working C compiler: /usr/bin/cc - skipped
[0.301s] -- Detecting C compile features
[0.302s] -- Detecting C compile features - done
[0.306s] -- Detecting CXX compiler ABI info
[0.349s] -- Detecting CXX compiler ABI info - done
[0.354s] -- Check for working CXX compiler: /usr/bin/c++ - skipped
[0.354s] -- Detecting CXX compile features
[0.354s] -- Detecting CXX compile features - done
[0.357s] -- Found ament_cmake: 1.3.6 (/opt/ros/humble/share/ament_cmake/cmake)
[0.445s] -- Found Python3: /usr/bin/python3.10 (found version "3.10.12") found components: Interpreter 
[0.527s] Error parsing '/home/ros/ws_microros/src/asrs_moveit/package.xml':
[0.548s] Traceback (most recent call last):
[0.548s]   File "/opt/ros/humble/share/ament_cmake_core/cmake/core/package_xml_2_cmake.py", line 150, in <module>
[0.548s]     main()
[0.548s]   File "/opt/ros/humble/share/ament_cmake_core/cmake/core/package_xml_2_cmake.py", line 53, in main
[0.548s]     raise e
[0.548s]   File "/opt/ros/humble/share/ament_cmake_core/cmake/core/package_xml_2_cmake.py", line 49, in main
[0.548s]     package = parse_package_string(
[0.548s]   File "/usr/lib/python3/dist-packages/catkin_pkg/package.py", line 788, in parse_package_string
[0.550s]     pkg.validate(warnings=warnings)
[0.550s]   File "/usr/lib/python3/dist-packages/catkin_pkg/package.py", line 330, in validate
[0.550s]     raise InvalidPackage('\n'.join(errors), self.filename)
[0.550s] catkin_pkg.package.InvalidPackage: Error(s) in package '/home/ros/ws_microros/src/asrs_moveit/package.xml':
[0.550s] Invalid email "" for person ""
[0.550s] Maintainers must have an email address
[0.550s] Invalid email "" for person ""
[0.557s] [31mCMake Error at /opt/ros/humble/share/ament_cmake_core/cmake/core/ament_package_xml.cmake:95 (message):
[0.557s]   execute_process(/usr/bin/python3.10
[0.557s]   /opt/ros/humble/share/ament_cmake_core/cmake/core/package_xml_2_cmake.py
[0.557s]   /home/ros/ws_microros/src/asrs_moveit/package.xml
[0.557s]   /home/ros/ws_microros/build/asrs_moveit/ament_cmake_core/package.cmake)
[0.557s]   returned error code 1
[0.557s] Call Stack (most recent call first):
[0.558s]   /opt/ros/humble/share/ament_cmake_core/cmake/core/ament_package_xml.cmake:49 (_ament_package_xml)
[0.558s]   /opt/ros/humble/share/ament_cmake_core/cmake/core/ament_package.cmake:63 (ament_package_xml)
[0.558s]   CMakeLists.txt:6 (ament_package)
[0.558s] 
[0.558s] [0m
[0.558s] -- Configuring incomplete, errors occurred!
[0.558s] See also "/home/ros/ws_microros/build/asrs_moveit/CMakeFiles/CMakeOutput.log".
[0.560s] Invoked command in '/home/ros/ws_microros/build/asrs_moveit' returned '1': /usr/bin/cmake /home/ros/ws_microros/src/asrs_moveit -DCMAKE_INSTALL_PREFIX=/home/ros/ws_microros/install/asrs_moveit
