[0.071s] Invoking command in '/home/ros/ws_microros/build/asrs_gripper': CMAKE_PREFIX_PATH=/opt/ros/humble /usr/bin/cmake --build /home/ros/ws_microros/build/asrs_gripper -- -j10 -l10
[0.244s] -- Found ament_cmake: 1.3.7 (/opt/ros/humble/share/ament_cmake/cmake)
[1.017s] -- Found ament_lint_auto: 0.12.10 (/opt/ros/humble/share/ament_lint_auto/cmake)
[1.222s] -- Added test 'flake8' to check Python code syntax and style conventions
[1.234s] -- Added test 'lint_cmake' to check CMake code style
[1.234s] -- Added test 'pep257' to check Python code against some of the docstring style conventions in PEP 257
[1.266s] -- Added test 'xmllint' to check XML markup files
[1.272s] -- Configuring done
[1.334s] -- Generating done
[1.362s] -- Build files have been written to: /home/ros/ws_microros/build/asrs_gripper
[1.419s] Invoked command in '/home/ros/ws_microros/build/asrs_gripper' returned '0': CMAKE_PREFIX_PATH=/opt/ros/humble /usr/bin/cmake --build /home/ros/ws_microros/build/asrs_gripper -- -j10 -l10
[1.512s] Invoking command in '/home/ros/ws_microros/build/asrs_gripper': CMAKE_PREFIX_PATH=/opt/ros/humble /usr/bin/cmake --install /home/ros/ws_microros/build/asrs_gripper
[1.546s] -- Install configuration: ""
[1.546s] -- Up-to-date: /home/ros/ws_microros/install/asrs_gripper/share/asrs_gripper/config
[1.547s] -- Up-to-date: /home/ros/ws_microros/install/asrs_gripper/share/asrs_gripper/config/joint_names_gripper.yaml
[1.547s] -- Up-to-date: /home/ros/ws_microros/install/asrs_gripper/share/asrs_gripper/config/display.rviz
[1.547s] -- Up-to-date: /home/ros/ws_microros/install/asrs_gripper/share/asrs_gripper/launch
[1.549s] -- Up-to-date: /home/ros/ws_microros/install/asrs_gripper/share/asrs_gripper/launch/.vscode
[1.549s] -- Up-to-date: /home/ros/ws_microros/install/asrs_gripper/share/asrs_gripper/launch/.vscode/c_cpp_properties.json
[1.549s] -- Up-to-date: /home/ros/ws_microros/install/asrs_gripper/share/asrs_gripper/launch/.vscode/settings.json
[1.549s] -- Up-to-date: /home/ros/ws_microros/install/asrs_gripper/share/asrs_gripper/launch/gazebo.launch.py
[1.551s] -- Up-to-date: /home/ros/ws_microros/install/asrs_gripper/share/asrs_gripper/launch/rviz.launch.py
[1.551s] -- Up-to-date: /home/ros/ws_microros/install/asrs_gripper/share/asrs_gripper/meshes
[1.551s] -- Up-to-date: /home/ros/ws_microros/install/asrs_gripper/share/asrs_gripper/meshes/driven.STL
[1.551s] -- Up-to-date: /home/ros/ws_microros/install/asrs_gripper/share/asrs_gripper/meshes/left_finger.STL
[1.551s] -- Up-to-date: /home/ros/ws_microros/install/asrs_gripper/share/asrs_gripper/meshes/base.STL
[1.552s] -- Up-to-date: /home/ros/ws_microros/install/asrs_gripper/share/asrs_gripper/meshes/left_knuckle.STL
[1.552s] -- Up-to-date: /home/ros/ws_microros/install/asrs_gripper/share/asrs_gripper/meshes/driver.STL
[1.552s] -- Up-to-date: /home/ros/ws_microros/install/asrs_gripper/share/asrs_gripper/meshes/right_finger.STL
[1.552s] -- Up-to-date: /home/ros/ws_microros/install/asrs_gripper/share/asrs_gripper/meshes/right_knuckle.STL
[1.553s] -- Up-to-date: /home/ros/ws_microros/install/asrs_gripper/share/asrs_gripper/urdf
[1.554s] -- Up-to-date: /home/ros/ws_microros/install/asrs_gripper/share/asrs_gripper/urdf/gripper.csv
[1.554s] -- Up-to-date: /home/ros/ws_microros/install/asrs_gripper/share/asrs_gripper/urdf/gripper_transmissions.xacro
[1.555s] -- Up-to-date: /home/ros/ws_microros/install/asrs_gripper/share/asrs_gripper/urdf/asrs_gripper.urdf.xacro
[1.555s] -- Up-to-date: /home/ros/ws_microros/install/asrs_gripper/share/ament_index/resource_index/package_run_dependencies/asrs_gripper
[1.555s] -- Up-to-date: /home/ros/ws_microros/install/asrs_gripper/share/ament_index/resource_index/parent_prefix_path/asrs_gripper
[1.558s] -- Installing: /home/ros/ws_microros/install/asrs_gripper/share/asrs_gripper/environment/ament_prefix_path.sh
[1.558s] -- Installing: /home/ros/ws_microros/install/asrs_gripper/share/asrs_gripper/environment/ament_prefix_path.dsv
[1.559s] -- Installing: /home/ros/ws_microros/install/asrs_gripper/share/asrs_gripper/environment/path.sh
[1.559s] -- Installing: /home/ros/ws_microros/install/asrs_gripper/share/asrs_gripper/environment/path.dsv
[1.572s] -- Up-to-date: /home/ros/ws_microros/install/asrs_gripper/share/asrs_gripper/local_setup.bash
[1.572s] -- Up-to-date: /home/ros/ws_microros/install/asrs_gripper/share/asrs_gripper/local_setup.sh
[1.572s] -- Up-to-date: /home/ros/ws_microros/install/asrs_gripper/share/asrs_gripper/local_setup.zsh
[1.572s] -- Installing: /home/ros/ws_microros/install/asrs_gripper/share/asrs_gripper/local_setup.dsv
[1.572s] -- Installing: /home/ros/ws_microros/install/asrs_gripper/share/asrs_gripper/package.dsv
[1.572s] -- Up-to-date: /home/ros/ws_microros/install/asrs_gripper/share/ament_index/resource_index/packages/asrs_gripper
[1.572s] -- Up-to-date: /home/ros/ws_microros/install/asrs_gripper/share/asrs_gripper/cmake/asrs_gripperConfig.cmake
[1.572s] -- Up-to-date: /home/ros/ws_microros/install/asrs_gripper/share/asrs_gripper/cmake/asrs_gripperConfig-version.cmake
[1.572s] -- Up-to-date: /home/ros/ws_microros/install/asrs_gripper/share/asrs_gripper/package.xml
[1.575s] Invoked command in '/home/ros/ws_microros/build/asrs_gripper' returned '0': CMAKE_PREFIX_PATH=/opt/ros/humble /usr/bin/cmake --install /home/ros/ws_microros/build/asrs_gripper
