[0.045s] Invoking command in '/home/ros/ws_microros/build/asrs_moveit_config': CMAKE_PREFIX_PATH=${CMAKE_PREFIX_PATH}:/opt/ros/humble /usr/bin/cmake --build /home/ros/ws_microros/build/asrs_moveit_config -- -j16 -l16
[0.063s] -- Found ament_cmake: 1.3.6 (/opt/ros/humble/share/ament_cmake/cmake)
[0.169s] -- Found ament_lint_auto: 0.12.9 (/opt/ros/humble/share/ament_lint_auto/cmake)
[0.215s] -- Added test 'flake8' to check Python code syntax and style conventions
[0.215s] -- Added test 'lint_cmake' to check CMake code style
[0.216s] -- Added test 'pep257' to check Python code against some of the docstring style conventions in PEP 257
[0.217s] -- Added test 'xmllint' to check XML markup files
[0.218s] -- Configuring done
[0.224s] -- Generating done
[0.224s] -- Build files have been written to: /home/ros/ws_microros/build/asrs_moveit_config
[0.289s] Invoked command in '/home/ros/ws_microros/build/asrs_moveit_config' returned '0': CMAKE_PREFIX_PATH=${CMAKE_PREFIX_PATH}:/opt/ros/humble /usr/bin/cmake --build /home/ros/ws_microros/build/asrs_moveit_config -- -j16 -l16
[0.300s] Invoking command in '/home/ros/ws_microros/build/asrs_moveit_config': CMAKE_PREFIX_PATH=${CMAKE_PREFIX_PATH}:/opt/ros/humble /usr/bin/cmake --install /home/ros/ws_microros/build/asrs_moveit_config
[0.304s] -- Install configuration: ""
[0.304s] -- Installing: /home/ros/ws_microros/install/asrs_moveit_config/share/asrs_moveit_config/launch
[0.304s] -- Installing: /home/ros/ws_microros/install/asrs_moveit_config/share/asrs_moveit_config/launch/moveit.launch.py
[0.304s] -- Installing: /home/ros/ws_microros/install/asrs_moveit_config/share/asrs_moveit_config/config
[0.304s] -- Installing: /home/ros/ws_microros/install/asrs_moveit_config/share/asrs_moveit_config/config/pliz_cartesian_limits.yaml
[0.304s] -- Installing: /home/ros/ws_microros/install/asrs_moveit_config/share/asrs_moveit_config/config/joint_limits.yaml
[0.304s] -- Installing: /home/ros/ws_microros/install/asrs_moveit_config/share/asrs_moveit_config/config/asrs.srdf
[0.304s] -- Installing: /home/ros/ws_microros/install/asrs_moveit_config/share/asrs_moveit_config/config/initial_position.yaml
[0.304s] -- Installing: /home/ros/ws_microros/install/asrs_moveit_config/share/asrs_moveit_config/config/kinematic.yaml
[0.304s] -- Installing: /home/ros/ws_microros/install/asrs_moveit_config/share/asrs_moveit_config/config/moveit_controllers.yaml
[0.305s] -- Installing: /home/ros/ws_microros/install/asrs_moveit_config/share/ament_index/resource_index/package_run_dependencies/asrs_moveit_config
[0.305s] -- Installing: /home/ros/ws_microros/install/asrs_moveit_config/share/ament_index/resource_index/parent_prefix_path/asrs_moveit_config
[0.305s] -- Up-to-date: /home/ros/ws_microros/install/asrs_moveit_config/share/asrs_moveit_config/environment/ament_prefix_path.sh
[0.305s] -- Installing: /home/ros/ws_microros/install/asrs_moveit_config/share/asrs_moveit_config/environment/ament_prefix_path.dsv
[0.305s] -- Up-to-date: /home/ros/ws_microros/install/asrs_moveit_config/share/asrs_moveit_config/environment/path.sh
[0.305s] -- Installing: /home/ros/ws_microros/install/asrs_moveit_config/share/asrs_moveit_config/environment/path.dsv
[0.305s] -- Up-to-date: /home/ros/ws_microros/install/asrs_moveit_config/share/asrs_moveit_config/local_setup.bash
[0.305s] -- Up-to-date: /home/ros/ws_microros/install/asrs_moveit_config/share/asrs_moveit_config/local_setup.sh
[0.305s] -- Up-to-date: /home/ros/ws_microros/install/asrs_moveit_config/share/asrs_moveit_config/local_setup.zsh
[0.305s] -- Installing: /home/ros/ws_microros/install/asrs_moveit_config/share/asrs_moveit_config/local_setup.dsv
[0.305s] -- Installing: /home/ros/ws_microros/install/asrs_moveit_config/share/asrs_moveit_config/package.dsv
[0.305s] -- Up-to-date: /home/ros/ws_microros/install/asrs_moveit_config/share/ament_index/resource_index/packages/asrs_moveit_config
[0.305s] -- Up-to-date: /home/ros/ws_microros/install/asrs_moveit_config/share/asrs_moveit_config/cmake/asrs_moveit_configConfig.cmake
[0.305s] -- Up-to-date: /home/ros/ws_microros/install/asrs_moveit_config/share/asrs_moveit_config/cmake/asrs_moveit_configConfig-version.cmake
[0.305s] -- Installing: /home/ros/ws_microros/install/asrs_moveit_config/share/asrs_moveit_config/package.xml
[0.306s] Invoked command in '/home/ros/ws_microros/build/asrs_moveit_config' returned '0': CMAKE_PREFIX_PATH=${CMAKE_PREFIX_PATH}:/opt/ros/humble /usr/bin/cmake --install /home/ros/ws_microros/build/asrs_moveit_config
