[0.961s] DEBUG:colcon:Command line arguments: ['/usr/bin/colcon', 'build']
[0.961s] DEBUG:colcon:Parsed command line arguments: Namespace(log_base=None, log_level=None, verb_name='build', build_base='build', install_base='install', merge_install=False, symlink_install=False, test_result_base=None, continue_on_error=False, executor='parallel', parallel_workers=12, event_handlers=None, ignore_user_meta=False, metas=['./colcon.meta'], base_paths=['.'], packages_ignore=None, packages_ignore_regex=None, paths=None, packages_up_to=None, packages_up_to_regex=None, packages_above=None, packages_above_and_dependencies=None, packages_above_depth=None, packages_select_by_dep=None, packages_skip_by_dep=None, packages_skip_up_to=None, packages_select_build_failed=False, packages_skip_build_finished=False, packages_select_test_failures=False, packages_skip_test_passed=False, packages_select=None, packages_skip=None, packages_select_regex=None, packages_skip_regex=None, packages_start=None, packages_end=None, allow_overriding=[], cmake_args=None, cmake_target=None, cmake_target_skip_unavailable=False, cmake_clean_cache=False, cmake_clean_first=False, cmake_force_configure=False, ament_cmake_args=None, catkin_cmake_args=None, catkin_skip_building_tests=False, mixin_files=None, mixin=None, verb_parser=<colcon_mixin.mixin.mixin_argument.MixinArgumentDecorator object at 0x7fafd822c640>, verb_extension=<colcon_core.verb.build.BuildVerb object at 0x7fafd828fd00>, main=<bound method BuildVerb.main of <colcon_core.verb.build.BuildVerb object at 0x7fafd828fd00>>, mixin_verb=('build',))
[1.042s] Level 1:colcon.colcon_core.package_discovery:discover_packages(colcon_meta) check parameters
[1.042s] Level 1:colcon.colcon_core.package_discovery:discover_packages(recursive) check parameters
[1.042s] Level 1:colcon.colcon_core.package_discovery:discover_packages(ignore) check parameters
[1.042s] Level 1:colcon.colcon_core.package_discovery:discover_packages(path) check parameters
[1.042s] Level 1:colcon.colcon_core.package_discovery:discover_packages(colcon_meta) discover
[1.042s] Level 1:colcon.colcon_core.package_discovery:discover_packages(recursive) discover
[1.043s] INFO:colcon.colcon_core.package_discovery:Crawling recursively for packages in '/home/ros/ws_microros'
[1.043s] Level 1:colcon.colcon_core.package_identification:_identify(.) by extensions ['ignore', 'ignore_ament_install']
[1.043s] Level 1:colcon.colcon_core.package_identification:_identify(.) by extension 'ignore'
[1.043s] Level 1:colcon.colcon_core.package_identification:_identify(.) by extension 'ignore_ament_install'
[1.043s] Level 1:colcon.colcon_core.package_identification:_identify(.) by extensions ['colcon_pkg']
[1.043s] Level 1:colcon.colcon_core.package_identification:_identify(.) by extension 'colcon_pkg'
[1.043s] Level 1:colcon.colcon_core.package_identification:_identify(.) by extensions ['colcon_meta']
[1.043s] Level 1:colcon.colcon_core.package_identification:_identify(.) by extension 'colcon_meta'
[1.043s] Level 1:colcon.colcon_core.package_identification:_identify(.) by extensions ['ros']
[1.043s] Level 1:colcon.colcon_core.package_identification:_identify(.) by extension 'ros'
[1.052s] Level 1:colcon.colcon_core.package_identification:_identify(.) by extensions ['cmake', 'python']
[1.052s] Level 1:colcon.colcon_core.package_identification:_identify(.) by extension 'cmake'
[1.052s] Level 1:colcon.colcon_core.package_identification:_identify(.) by extension 'python'
[1.052s] Level 1:colcon.colcon_core.package_identification:_identify(.) by extensions ['python_setup_py']
[1.052s] Level 1:colcon.colcon_core.package_identification:_identify(.) by extension 'python_setup_py'
[1.052s] Level 1:colcon.colcon_core.package_identification:_identify(build) by extensions ['ignore', 'ignore_ament_install']
[1.052s] Level 1:colcon.colcon_core.package_identification:_identify(build) by extension 'ignore'
[1.052s] Level 1:colcon.colcon_core.package_identification:_identify(build) ignored
[1.052s] Level 1:colcon.colcon_core.package_identification:_identify(install) by extensions ['ignore', 'ignore_ament_install']
[1.052s] Level 1:colcon.colcon_core.package_identification:_identify(install) by extension 'ignore'
[1.052s] Level 1:colcon.colcon_core.package_identification:_identify(install) ignored
[1.052s] Level 1:colcon.colcon_core.package_identification:_identify(log) by extensions ['ignore', 'ignore_ament_install']
[1.052s] Level 1:colcon.colcon_core.package_identification:_identify(log) by extension 'ignore'
[1.052s] Level 1:colcon.colcon_core.package_identification:_identify(log) ignored
[1.053s] Level 1:colcon.colcon_core.package_identification:_identify(src) by extensions ['ignore', 'ignore_ament_install']
[1.053s] Level 1:colcon.colcon_core.package_identification:_identify(src) by extension 'ignore'
[1.053s] Level 1:colcon.colcon_core.package_identification:_identify(src) by extension 'ignore_ament_install'
[1.053s] Level 1:colcon.colcon_core.package_identification:_identify(src) by extensions ['colcon_pkg']
[1.053s] Level 1:colcon.colcon_core.package_identification:_identify(src) by extension 'colcon_pkg'
[1.053s] Level 1:colcon.colcon_core.package_identification:_identify(src) by extensions ['colcon_meta']
[1.053s] Level 1:colcon.colcon_core.package_identification:_identify(src) by extension 'colcon_meta'
[1.053s] Level 1:colcon.colcon_core.package_identification:_identify(src) by extensions ['ros']
[1.053s] Level 1:colcon.colcon_core.package_identification:_identify(src) by extension 'ros'
[1.053s] Level 1:colcon.colcon_core.package_identification:_identify(src) by extensions ['cmake', 'python']
[1.053s] Level 1:colcon.colcon_core.package_identification:_identify(src) by extension 'cmake'
[1.053s] Level 1:colcon.colcon_core.package_identification:_identify(src) by extension 'python'
[1.053s] Level 1:colcon.colcon_core.package_identification:_identify(src) by extensions ['python_setup_py']
[1.053s] Level 1:colcon.colcon_core.package_identification:_identify(src) by extension 'python_setup_py'
[1.053s] Level 1:colcon.colcon_core.package_identification:_identify(src/asrs_arm) by extensions ['ignore', 'ignore_ament_install']
[1.053s] Level 1:colcon.colcon_core.package_identification:_identify(src/asrs_arm) by extension 'ignore'
[1.053s] Level 1:colcon.colcon_core.package_identification:_identify(src/asrs_arm) by extension 'ignore_ament_install'
[1.053s] Level 1:colcon.colcon_core.package_identification:_identify(src/asrs_arm) by extensions ['colcon_pkg']
[1.053s] Level 1:colcon.colcon_core.package_identification:_identify(src/asrs_arm) by extension 'colcon_pkg'
[1.053s] Level 1:colcon.colcon_core.package_identification:_identify(src/asrs_arm) by extensions ['colcon_meta']
[1.053s] Level 1:colcon.colcon_core.package_identification:_identify(src/asrs_arm) by extension 'colcon_meta'
[1.053s] Level 1:colcon.colcon_core.package_identification:_identify(src/asrs_arm) by extensions ['ros']
[1.053s] Level 1:colcon.colcon_core.package_identification:_identify(src/asrs_arm) by extension 'ros'
[1.056s] DEBUG:colcon.colcon_core.package_identification:Package 'src/asrs_arm' with type 'ros.ament_cmake' and name 'asrs_arm'
[1.056s] Level 1:colcon.colcon_core.package_identification:_identify(src/asrs_controller) by extensions ['ignore', 'ignore_ament_install']
[1.056s] Level 1:colcon.colcon_core.package_identification:_identify(src/asrs_controller) by extension 'ignore'
[1.056s] Level 1:colcon.colcon_core.package_identification:_identify(src/asrs_controller) by extension 'ignore_ament_install'
[1.056s] Level 1:colcon.colcon_core.package_identification:_identify(src/asrs_controller) by extensions ['colcon_pkg']
[1.056s] Level 1:colcon.colcon_core.package_identification:_identify(src/asrs_controller) by extension 'colcon_pkg'
[1.056s] Level 1:colcon.colcon_core.package_identification:_identify(src/asrs_controller) by extensions ['colcon_meta']
[1.056s] Level 1:colcon.colcon_core.package_identification:_identify(src/asrs_controller) by extension 'colcon_meta'
[1.056s] Level 1:colcon.colcon_core.package_identification:_identify(src/asrs_controller) by extensions ['ros']
[1.056s] Level 1:colcon.colcon_core.package_identification:_identify(src/asrs_controller) by extension 'ros'
[1.057s] DEBUG:colcon.colcon_core.package_identification:Package 'src/asrs_controller' with type 'ros.ament_cmake' and name 'asrs_controller'
[1.057s] Level 1:colcon.colcon_core.package_identification:_identify(src/asrs_description) by extensions ['ignore', 'ignore_ament_install']
[1.057s] Level 1:colcon.colcon_core.package_identification:_identify(src/asrs_description) by extension 'ignore'
[1.057s] Level 1:colcon.colcon_core.package_identification:_identify(src/asrs_description) by extension 'ignore_ament_install'
[1.057s] Level 1:colcon.colcon_core.package_identification:_identify(src/asrs_description) by extensions ['colcon_pkg']
[1.057s] Level 1:colcon.colcon_core.package_identification:_identify(src/asrs_description) by extension 'colcon_pkg'
[1.057s] Level 1:colcon.colcon_core.package_identification:_identify(src/asrs_description) by extensions ['colcon_meta']
[1.057s] Level 1:colcon.colcon_core.package_identification:_identify(src/asrs_description) by extension 'colcon_meta'
[1.057s] Level 1:colcon.colcon_core.package_identification:_identify(src/asrs_description) by extensions ['ros']
[1.057s] Level 1:colcon.colcon_core.package_identification:_identify(src/asrs_description) by extension 'ros'
[1.057s] DEBUG:colcon.colcon_core.package_identification:Package 'src/asrs_description' with type 'ros.ament_cmake' and name 'asrs_description'
[1.057s] Level 1:colcon.colcon_core.package_identification:_identify(src/asrs_gripper) by extensions ['ignore', 'ignore_ament_install']
[1.057s] Level 1:colcon.colcon_core.package_identification:_identify(src/asrs_gripper) by extension 'ignore'
[1.058s] Level 1:colcon.colcon_core.package_identification:_identify(src/asrs_gripper) by extension 'ignore_ament_install'
[1.058s] Level 1:colcon.colcon_core.package_identification:_identify(src/asrs_gripper) by extensions ['colcon_pkg']
[1.058s] Level 1:colcon.colcon_core.package_identification:_identify(src/asrs_gripper) by extension 'colcon_pkg'
[1.058s] Level 1:colcon.colcon_core.package_identification:_identify(src/asrs_gripper) by extensions ['colcon_meta']
[1.058s] Level 1:colcon.colcon_core.package_identification:_identify(src/asrs_gripper) by extension 'colcon_meta'
[1.058s] Level 1:colcon.colcon_core.package_identification:_identify(src/asrs_gripper) by extensions ['ros']
[1.058s] Level 1:colcon.colcon_core.package_identification:_identify(src/asrs_gripper) by extension 'ros'
[1.058s] DEBUG:colcon.colcon_core.package_identification:Package 'src/asrs_gripper' with type 'ros.ament_cmake' and name 'asrs_gripper'
[1.058s] Level 1:colcon.colcon_core.package_identification:_identify(src/asrs_moveit_config) by extensions ['ignore', 'ignore_ament_install']
[1.058s] Level 1:colcon.colcon_core.package_identification:_identify(src/asrs_moveit_config) by extension 'ignore'
[1.058s] Level 1:colcon.colcon_core.package_identification:_identify(src/asrs_moveit_config) by extension 'ignore_ament_install'
[1.058s] Level 1:colcon.colcon_core.package_identification:_identify(src/asrs_moveit_config) by extensions ['colcon_pkg']
[1.058s] Level 1:colcon.colcon_core.package_identification:_identify(src/asrs_moveit_config) by extension 'colcon_pkg'
[1.059s] Level 1:colcon.colcon_core.package_identification:_identify(src/asrs_moveit_config) by extensions ['colcon_meta']
[1.059s] Level 1:colcon.colcon_core.package_identification:_identify(src/asrs_moveit_config) by extension 'colcon_meta'
[1.059s] Level 1:colcon.colcon_core.package_identification:_identify(src/asrs_moveit_config) by extensions ['ros']
[1.059s] Level 1:colcon.colcon_core.package_identification:_identify(src/asrs_moveit_config) by extension 'ros'
[1.059s] DEBUG:colcon.colcon_core.package_identification:Package 'src/asrs_moveit_config' with type 'ros.ament_cmake' and name 'asrs_moveit_config'
[1.059s] Level 1:colcon.colcon_core.package_discovery:discover_packages(recursive) using defaults
[1.059s] Level 1:colcon.colcon_core.package_discovery:discover_packages(ignore) discover
[1.059s] Level 1:colcon.colcon_core.package_discovery:discover_packages(ignore) using defaults
[1.059s] Level 1:colcon.colcon_core.package_discovery:discover_packages(path) discover
[1.059s] Level 1:colcon.colcon_core.package_discovery:discover_packages(path) using defaults
[1.123s] Level 1:colcon.colcon_core.package_discovery:discover_packages(prefix_path) check parameters
[1.123s] Level 1:colcon.colcon_core.package_discovery:discover_packages(prefix_path) discover
[1.142s] DEBUG:colcon.colcon_installed_package_information.package_discovery:Found 4 installed packages in /home/ros/ws_microros/install
[1.149s] DEBUG:colcon.colcon_installed_package_information.package_discovery:Found 367 installed packages in /opt/ros/humble
[1.150s] Level 1:colcon.colcon_core.package_discovery:discover_packages(prefix_path) using defaults
[1.210s] Level 5:colcon.colcon_core.verb:set package 'asrs_arm' build argument 'cmake_args' from command line to 'None'
[1.210s] Level 5:colcon.colcon_core.verb:set package 'asrs_arm' build argument 'cmake_target' from command line to 'None'
[1.210s] Level 5:colcon.colcon_core.verb:set package 'asrs_arm' build argument 'cmake_target_skip_unavailable' from command line to 'False'
[1.210s] Level 5:colcon.colcon_core.verb:set package 'asrs_arm' build argument 'cmake_clean_cache' from command line to 'False'
[1.210s] Level 5:colcon.colcon_core.verb:set package 'asrs_arm' build argument 'cmake_clean_first' from command line to 'False'
[1.210s] Level 5:colcon.colcon_core.verb:set package 'asrs_arm' build argument 'cmake_force_configure' from command line to 'False'
[1.210s] Level 5:colcon.colcon_core.verb:set package 'asrs_arm' build argument 'ament_cmake_args' from command line to 'None'
[1.210s] Level 5:colcon.colcon_core.verb:set package 'asrs_arm' build argument 'catkin_cmake_args' from command line to 'None'
[1.210s] Level 5:colcon.colcon_core.verb:set package 'asrs_arm' build argument 'catkin_skip_building_tests' from command line to 'False'
[1.210s] DEBUG:colcon.colcon_core.verb:Building package 'asrs_arm' with the following arguments: {'ament_cmake_args': None, 'build_base': '/home/ros/ws_microros/build/asrs_arm', 'catkin_cmake_args': None, 'catkin_skip_building_tests': False, 'cmake_args': None, 'cmake_clean_cache': False, 'cmake_clean_first': False, 'cmake_force_configure': False, 'cmake_target': None, 'cmake_target_skip_unavailable': False, 'install_base': '/home/ros/ws_microros/install/asrs_arm', 'merge_install': False, 'path': '/home/ros/ws_microros/src/asrs_arm', 'symlink_install': False, 'test_result_base': None}
[1.217s] Level 5:colcon.colcon_core.verb:set package 'asrs_controller' build argument 'cmake_args' from command line to 'None'
[1.217s] Level 5:colcon.colcon_core.verb:set package 'asrs_controller' build argument 'cmake_target' from command line to 'None'
[1.217s] Level 5:colcon.colcon_core.verb:set package 'asrs_controller' build argument 'cmake_target_skip_unavailable' from command line to 'False'
[1.217s] Level 5:colcon.colcon_core.verb:set package 'asrs_controller' build argument 'cmake_clean_cache' from command line to 'False'
[1.217s] Level 5:colcon.colcon_core.verb:set package 'asrs_controller' build argument 'cmake_clean_first' from command line to 'False'
[1.217s] Level 5:colcon.colcon_core.verb:set package 'asrs_controller' build argument 'cmake_force_configure' from command line to 'False'
[1.217s] Level 5:colcon.colcon_core.verb:set package 'asrs_controller' build argument 'ament_cmake_args' from command line to 'None'
[1.217s] Level 5:colcon.colcon_core.verb:set package 'asrs_controller' build argument 'catkin_cmake_args' from command line to 'None'
[1.217s] Level 5:colcon.colcon_core.verb:set package 'asrs_controller' build argument 'catkin_skip_building_tests' from command line to 'False'
[1.217s] DEBUG:colcon.colcon_core.verb:Building package 'asrs_controller' with the following arguments: {'ament_cmake_args': None, 'build_base': '/home/ros/ws_microros/build/asrs_controller', 'catkin_cmake_args': None, 'catkin_skip_building_tests': False, 'cmake_args': None, 'cmake_clean_cache': False, 'cmake_clean_first': False, 'cmake_force_configure': False, 'cmake_target': None, 'cmake_target_skip_unavailable': False, 'install_base': '/home/ros/ws_microros/install/asrs_controller', 'merge_install': False, 'path': '/home/ros/ws_microros/src/asrs_controller', 'symlink_install': False, 'test_result_base': None}
[1.224s] Level 5:colcon.colcon_core.verb:set package 'asrs_description' build argument 'cmake_args' from command line to 'None'
[1.224s] Level 5:colcon.colcon_core.verb:set package 'asrs_description' build argument 'cmake_target' from command line to 'None'
[1.224s] Level 5:colcon.colcon_core.verb:set package 'asrs_description' build argument 'cmake_target_skip_unavailable' from command line to 'False'
[1.224s] Level 5:colcon.colcon_core.verb:set package 'asrs_description' build argument 'cmake_clean_cache' from command line to 'False'
[1.224s] Level 5:colcon.colcon_core.verb:set package 'asrs_description' build argument 'cmake_clean_first' from command line to 'False'
[1.224s] Level 5:colcon.colcon_core.verb:set package 'asrs_description' build argument 'cmake_force_configure' from command line to 'False'
[1.224s] Level 5:colcon.colcon_core.verb:set package 'asrs_description' build argument 'ament_cmake_args' from command line to 'None'
[1.224s] Level 5:colcon.colcon_core.verb:set package 'asrs_description' build argument 'catkin_cmake_args' from command line to 'None'
[1.224s] Level 5:colcon.colcon_core.verb:set package 'asrs_description' build argument 'catkin_skip_building_tests' from command line to 'False'
[1.224s] DEBUG:colcon.colcon_core.verb:Building package 'asrs_description' with the following arguments: {'ament_cmake_args': None, 'build_base': '/home/ros/ws_microros/build/asrs_description', 'catkin_cmake_args': None, 'catkin_skip_building_tests': False, 'cmake_args': None, 'cmake_clean_cache': False, 'cmake_clean_first': False, 'cmake_force_configure': False, 'cmake_target': None, 'cmake_target_skip_unavailable': False, 'install_base': '/home/ros/ws_microros/install/asrs_description', 'merge_install': False, 'path': '/home/ros/ws_microros/src/asrs_description', 'symlink_install': False, 'test_result_base': None}
[1.231s] Level 5:colcon.colcon_core.verb:set package 'asrs_gripper' build argument 'cmake_args' from command line to 'None'
[1.231s] Level 5:colcon.colcon_core.verb:set package 'asrs_gripper' build argument 'cmake_target' from command line to 'None'
[1.231s] Level 5:colcon.colcon_core.verb:set package 'asrs_gripper' build argument 'cmake_target_skip_unavailable' from command line to 'False'
[1.232s] Level 5:colcon.colcon_core.verb:set package 'asrs_gripper' build argument 'cmake_clean_cache' from command line to 'False'
[1.232s] Level 5:colcon.colcon_core.verb:set package 'asrs_gripper' build argument 'cmake_clean_first' from command line to 'False'
[1.232s] Level 5:colcon.colcon_core.verb:set package 'asrs_gripper' build argument 'cmake_force_configure' from command line to 'False'
[1.232s] Level 5:colcon.colcon_core.verb:set package 'asrs_gripper' build argument 'ament_cmake_args' from command line to 'None'
[1.232s] Level 5:colcon.colcon_core.verb:set package 'asrs_gripper' build argument 'catkin_cmake_args' from command line to 'None'
[1.232s] Level 5:colcon.colcon_core.verb:set package 'asrs_gripper' build argument 'catkin_skip_building_tests' from command line to 'False'
[1.232s] DEBUG:colcon.colcon_core.verb:Building package 'asrs_gripper' with the following arguments: {'ament_cmake_args': None, 'build_base': '/home/ros/ws_microros/build/asrs_gripper', 'catkin_cmake_args': None, 'catkin_skip_building_tests': False, 'cmake_args': None, 'cmake_clean_cache': False, 'cmake_clean_first': False, 'cmake_force_configure': False, 'cmake_target': None, 'cmake_target_skip_unavailable': False, 'install_base': '/home/ros/ws_microros/install/asrs_gripper', 'merge_install': False, 'path': '/home/ros/ws_microros/src/asrs_gripper', 'symlink_install': False, 'test_result_base': None}
[1.239s] Level 5:colcon.colcon_core.verb:set package 'asrs_moveit_config' build argument 'cmake_args' from command line to 'None'
[1.239s] Level 5:colcon.colcon_core.verb:set package 'asrs_moveit_config' build argument 'cmake_target' from command line to 'None'
[1.239s] Level 5:colcon.colcon_core.verb:set package 'asrs_moveit_config' build argument 'cmake_target_skip_unavailable' from command line to 'False'
[1.239s] Level 5:colcon.colcon_core.verb:set package 'asrs_moveit_config' build argument 'cmake_clean_cache' from command line to 'False'
[1.239s] Level 5:colcon.colcon_core.verb:set package 'asrs_moveit_config' build argument 'cmake_clean_first' from command line to 'False'
[1.239s] Level 5:colcon.colcon_core.verb:set package 'asrs_moveit_config' build argument 'cmake_force_configure' from command line to 'False'
[1.239s] Level 5:colcon.colcon_core.verb:set package 'asrs_moveit_config' build argument 'ament_cmake_args' from command line to 'None'
[1.239s] Level 5:colcon.colcon_core.verb:set package 'asrs_moveit_config' build argument 'catkin_cmake_args' from command line to 'None'
[1.239s] Level 5:colcon.colcon_core.verb:set package 'asrs_moveit_config' build argument 'catkin_skip_building_tests' from command line to 'False'
[1.239s] DEBUG:colcon.colcon_core.verb:Building package 'asrs_moveit_config' with the following arguments: {'ament_cmake_args': None, 'build_base': '/home/ros/ws_microros/build/asrs_moveit_config', 'catkin_cmake_args': None, 'catkin_skip_building_tests': False, 'cmake_args': None, 'cmake_clean_cache': False, 'cmake_clean_first': False, 'cmake_force_configure': False, 'cmake_target': None, 'cmake_target_skip_unavailable': False, 'install_base': '/home/ros/ws_microros/install/asrs_moveit_config', 'merge_install': False, 'path': '/home/ros/ws_microros/src/asrs_moveit_config', 'symlink_install': False, 'test_result_base': None}
[1.246s] INFO:colcon.colcon_core.executor:Executing jobs using 'parallel' executor
[1.254s] DEBUG:colcon.colcon_parallel_executor.executor.parallel:run_until_complete
[1.254s] INFO:colcon.colcon_ros.task.ament_cmake.build:Building ROS package in '/home/ros/ws_microros/src/asrs_description' with build type 'ament_cmake'
[1.254s] INFO:colcon.colcon_cmake.task.cmake.build:Building CMake package in '/home/ros/ws_microros/src/asrs_description'
[1.274s] INFO:colcon.colcon_core.plugin_system:Skipping extension 'colcon_core.shell.bat': Not used on non-Windows systems
[1.274s] INFO:colcon.colcon_core.shell:Skip shell extension 'powershell' for command environment: Not usable outside of PowerShell
[1.274s] DEBUG:colcon.colcon_core.shell:Skip shell extension 'dsv' for command environment
[1.302s] INFO:colcon.colcon_ros.task.ament_cmake.build:Building ROS package in '/home/ros/ws_microros/src/asrs_arm' with build type 'ament_cmake'
[1.302s] INFO:colcon.colcon_cmake.task.cmake.build:Building CMake package in '/home/ros/ws_microros/src/asrs_arm'
[1.312s] INFO:colcon.colcon_core.shell:Skip shell extension 'powershell' for command environment: Not usable outside of PowerShell
[1.312s] DEBUG:colcon.colcon_core.shell:Skip shell extension 'dsv' for command environment
[1.338s] INFO:colcon.colcon_ros.task.ament_cmake.build:Building ROS package in '/home/ros/ws_microros/src/asrs_controller' with build type 'ament_cmake'
[1.338s] INFO:colcon.colcon_cmake.task.cmake.build:Building CMake package in '/home/ros/ws_microros/src/asrs_controller'
[1.350s] INFO:colcon.colcon_core.shell:Skip shell extension 'powershell' for command environment: Not usable outside of PowerShell
[1.350s] DEBUG:colcon.colcon_core.shell:Skip shell extension 'dsv' for command environment
[1.380s] INFO:colcon.colcon_ros.task.ament_cmake.build:Building ROS package in '/home/ros/ws_microros/src/asrs_gripper' with build type 'ament_cmake'
[1.380s] INFO:colcon.colcon_cmake.task.cmake.build:Building CMake package in '/home/ros/ws_microros/src/asrs_gripper'
[1.390s] INFO:colcon.colcon_core.shell:Skip shell extension 'powershell' for command environment: Not usable outside of PowerShell
[1.390s] DEBUG:colcon.colcon_core.shell:Skip shell extension 'dsv' for command environment
[1.421s] DEBUG:colcon.colcon_core.event_handler.log_command:Invoking command in '/home/ros/ws_microros/build/asrs_description': CMAKE_PREFIX_PATH=${CMAKE_PREFIX_PATH}:/opt/ros/humble /usr/bin/cmake --build /home/ros/ws_microros/build/asrs_description -- -j12 -l12
[1.427s] DEBUG:colcon.colcon_core.event_handler.log_command:Invoking command in '/home/ros/ws_microros/build/asrs_arm': CMAKE_PREFIX_PATH=${CMAKE_PREFIX_PATH}:/opt/ros/humble /usr/bin/cmake --build /home/ros/ws_microros/build/asrs_arm -- -j12 -l12
[1.439s] DEBUG:colcon.colcon_core.event_handler.log_command:Invoking command in '/home/ros/ws_microros/build/asrs_controller': CMAKE_PREFIX_PATH=${CMAKE_PREFIX_PATH}:/opt/ros/humble /usr/bin/cmake --build /home/ros/ws_microros/build/asrs_controller -- -j12 -l12
[1.452s] DEBUG:colcon.colcon_core.event_handler.log_command:Invoking command in '/home/ros/ws_microros/build/asrs_gripper': CMAKE_PREFIX_PATH=${CMAKE_PREFIX_PATH}:/opt/ros/humble /usr/bin/cmake --build /home/ros/ws_microros/build/asrs_gripper -- -j12 -l12
[1.635s] DEBUG:colcon.colcon_core.event_handler.log_command:Invoked command in '/home/ros/ws_microros/build/asrs_arm' returned '0': CMAKE_PREFIX_PATH=${CMAKE_PREFIX_PATH}:/opt/ros/humble /usr/bin/cmake --build /home/ros/ws_microros/build/asrs_arm -- -j12 -l12
[1.641s] DEBUG:colcon.colcon_core.event_handler.log_command:Invoked command in '/home/ros/ws_microros/build/asrs_controller' returned '0': CMAKE_PREFIX_PATH=${CMAKE_PREFIX_PATH}:/opt/ros/humble /usr/bin/cmake --build /home/ros/ws_microros/build/asrs_controller -- -j12 -l12
[1.642s] DEBUG:colcon.colcon_core.event_handler.log_command:Invoked command in '/home/ros/ws_microros/build/asrs_gripper' returned '0': CMAKE_PREFIX_PATH=${CMAKE_PREFIX_PATH}:/opt/ros/humble /usr/bin/cmake --build /home/ros/ws_microros/build/asrs_gripper -- -j12 -l12
[1.643s] DEBUG:colcon.colcon_core.event_handler.log_command:Invoked command in '/home/ros/ws_microros/build/asrs_description' returned '0': CMAKE_PREFIX_PATH=${CMAKE_PREFIX_PATH}:/opt/ros/humble /usr/bin/cmake --build /home/ros/ws_microros/build/asrs_description -- -j12 -l12
[1.803s] DEBUG:colcon.colcon_core.event_handler.log_command:Invoking command in '/home/ros/ws_microros/build/asrs_arm': CMAKE_PREFIX_PATH=${CMAKE_PREFIX_PATH}:/opt/ros/humble /usr/bin/cmake --install /home/ros/ws_microros/build/asrs_arm
[1.816s] DEBUG:colcon.colcon_core.event_handler.log_command:Invoking command in '/home/ros/ws_microros/build/asrs_description': CMAKE_PREFIX_PATH=${CMAKE_PREFIX_PATH}:/opt/ros/humble /usr/bin/cmake --install /home/ros/ws_microros/build/asrs_description
[1.856s] DEBUG:colcon.colcon_core.event_handler.log_command:Invoking command in '/home/ros/ws_microros/build/asrs_gripper': CMAKE_PREFIX_PATH=${CMAKE_PREFIX_PATH}:/opt/ros/humble /usr/bin/cmake --install /home/ros/ws_microros/build/asrs_gripper
[1.871s] DEBUG:colcon.colcon_core.event_handler.log_command:Invoking command in '/home/ros/ws_microros/build/asrs_controller': CMAKE_PREFIX_PATH=${CMAKE_PREFIX_PATH}:/opt/ros/humble /usr/bin/cmake --install /home/ros/ws_microros/build/asrs_controller
[1.991s] Level 1:colcon.colcon_core.environment:create_environment_scripts_only(asrs_description)
[2.014s] DEBUG:colcon.colcon_core.event_handler.log_command:Invoked command in '/home/ros/ws_microros/build/asrs_description' returned '0': CMAKE_PREFIX_PATH=${CMAKE_PREFIX_PATH}:/opt/ros/humble /usr/bin/cmake --install /home/ros/ws_microros/build/asrs_description
[2.030s] Level 1:colcon.colcon_core.environment:checking '/home/ros/ws_microros/install/asrs_description' for CMake module files
[2.030s] Level 1:colcon.colcon_core.environment:checking '/home/ros/ws_microros/install/asrs_description' for CMake config files
[2.030s] Level 1:colcon.colcon_core.shell:create_environment_hook('asrs_description', 'cmake_prefix_path')
[2.039s] INFO:colcon.colcon_core.shell:Creating environment hook '/home/ros/ws_microros/install/asrs_description/share/asrs_description/hook/cmake_prefix_path.ps1'
[2.040s] INFO:colcon.colcon_core.shell:Creating environment descriptor '/home/ros/ws_microros/install/asrs_description/share/asrs_description/hook/cmake_prefix_path.dsv'
[2.041s] INFO:colcon.colcon_core.shell:Creating environment hook '/home/ros/ws_microros/install/asrs_description/share/asrs_description/hook/cmake_prefix_path.sh'
[2.042s] Level 1:colcon.colcon_core.environment:checking '/home/ros/ws_microros/install/asrs_description/bin'
[2.042s] Level 1:colcon.colcon_core.environment:checking '/home/ros/ws_microros/install/asrs_description/lib/pkgconfig/asrs_description.pc'
[2.042s] Level 1:colcon.colcon_core.environment:checking '/home/ros/ws_microros/install/asrs_description/lib/python3.10/site-packages'
[2.042s] Level 1:colcon.colcon_core.environment:checking '/home/ros/ws_microros/install/asrs_description/bin'
[2.049s] INFO:colcon.colcon_core.shell:Creating package script '/home/ros/ws_microros/install/asrs_description/share/asrs_description/package.ps1'
[2.053s] INFO:colcon.colcon_core.shell:Creating package descriptor '/home/ros/ws_microros/install/asrs_description/share/asrs_description/package.dsv'
[2.054s] INFO:colcon.colcon_core.shell:Creating package script '/home/ros/ws_microros/install/asrs_description/share/asrs_description/package.sh'
[2.054s] INFO:colcon.colcon_core.shell:Creating package script '/home/ros/ws_microros/install/asrs_description/share/asrs_description/package.bash'
[2.056s] INFO:colcon.colcon_core.shell:Creating package script '/home/ros/ws_microros/install/asrs_description/share/asrs_description/package.zsh'
[2.057s] Level 1:colcon.colcon_core.environment:create_file_with_runtime_dependencies(/home/ros/ws_microros/install/asrs_description/share/colcon-core/packages/asrs_description)
[2.061s] Level 1:colcon.colcon_core.environment:create_environment_scripts_only(asrs_controller)
[2.062s] DEBUG:colcon.colcon_core.event_handler.log_command:Invoked command in '/home/ros/ws_microros/build/asrs_controller' returned '0': CMAKE_PREFIX_PATH=${CMAKE_PREFIX_PATH}:/opt/ros/humble /usr/bin/cmake --install /home/ros/ws_microros/build/asrs_controller
[2.069s] Level 1:colcon.colcon_core.environment:checking '/home/ros/ws_microros/install/asrs_controller' for CMake module files
[2.069s] Level 1:colcon.colcon_core.environment:checking '/home/ros/ws_microros/install/asrs_controller' for CMake config files
[2.069s] Level 1:colcon.colcon_core.shell:create_environment_hook('asrs_controller', 'cmake_prefix_path')
[2.076s] INFO:colcon.colcon_core.shell:Creating environment hook '/home/ros/ws_microros/install/asrs_controller/share/asrs_controller/hook/cmake_prefix_path.ps1'
[2.077s] INFO:colcon.colcon_core.shell:Creating environment descriptor '/home/ros/ws_microros/install/asrs_controller/share/asrs_controller/hook/cmake_prefix_path.dsv'
[2.077s] INFO:colcon.colcon_core.shell:Creating environment hook '/home/ros/ws_microros/install/asrs_controller/share/asrs_controller/hook/cmake_prefix_path.sh'
[2.078s] Level 1:colcon.colcon_core.environment:checking '/home/ros/ws_microros/install/asrs_controller/bin'
[2.078s] Level 1:colcon.colcon_core.environment:checking '/home/ros/ws_microros/install/asrs_controller/lib/pkgconfig/asrs_controller.pc'
[2.078s] Level 1:colcon.colcon_core.environment:checking '/home/ros/ws_microros/install/asrs_controller/lib/python3.10/site-packages'
[2.078s] Level 1:colcon.colcon_core.environment:checking '/home/ros/ws_microros/install/asrs_controller/bin'
[2.087s] INFO:colcon.colcon_core.shell:Creating package script '/home/ros/ws_microros/install/asrs_controller/share/asrs_controller/package.ps1'
[2.087s] INFO:colcon.colcon_core.shell:Creating package descriptor '/home/ros/ws_microros/install/asrs_controller/share/asrs_controller/package.dsv'
[2.090s] INFO:colcon.colcon_core.shell:Creating package script '/home/ros/ws_microros/install/asrs_controller/share/asrs_controller/package.sh'
[2.090s] INFO:colcon.colcon_core.shell:Creating package script '/home/ros/ws_microros/install/asrs_controller/share/asrs_controller/package.bash'
[2.090s] INFO:colcon.colcon_core.shell:Creating package script '/home/ros/ws_microros/install/asrs_controller/share/asrs_controller/package.zsh'
[2.091s] Level 1:colcon.colcon_core.environment:create_file_with_runtime_dependencies(/home/ros/ws_microros/install/asrs_controller/share/colcon-core/packages/asrs_controller)
[2.092s] Level 1:colcon.colcon_core.environment:create_environment_scripts_only(asrs_gripper)
[2.093s] DEBUG:colcon.colcon_core.event_handler.log_command:Invoked command in '/home/ros/ws_microros/build/asrs_gripper' returned '0': CMAKE_PREFIX_PATH=${CMAKE_PREFIX_PATH}:/opt/ros/humble /usr/bin/cmake --install /home/ros/ws_microros/build/asrs_gripper
[2.102s] Level 1:colcon.colcon_core.environment:checking '/home/ros/ws_microros/install/asrs_gripper' for CMake module files
[2.102s] Level 1:colcon.colcon_core.environment:checking '/home/ros/ws_microros/install/asrs_gripper' for CMake config files
[2.102s] Level 1:colcon.colcon_core.shell:create_environment_hook('asrs_gripper', 'cmake_prefix_path')
[2.118s] INFO:colcon.colcon_core.shell:Creating environment hook '/home/ros/ws_microros/install/asrs_gripper/share/asrs_gripper/hook/cmake_prefix_path.ps1'
[2.119s] INFO:colcon.colcon_core.shell:Creating environment descriptor '/home/ros/ws_microros/install/asrs_gripper/share/asrs_gripper/hook/cmake_prefix_path.dsv'
[2.119s] INFO:colcon.colcon_core.shell:Creating environment hook '/home/ros/ws_microros/install/asrs_gripper/share/asrs_gripper/hook/cmake_prefix_path.sh'
[2.120s] Level 1:colcon.colcon_core.environment:checking '/home/ros/ws_microros/install/asrs_gripper/bin'
[2.120s] Level 1:colcon.colcon_core.environment:checking '/home/ros/ws_microros/install/asrs_gripper/lib/pkgconfig/asrs_gripper.pc'
[2.120s] Level 1:colcon.colcon_core.environment:checking '/home/ros/ws_microros/install/asrs_gripper/lib/python3.10/site-packages'
[2.120s] Level 1:colcon.colcon_core.environment:checking '/home/ros/ws_microros/install/asrs_gripper/bin'
[2.133s] INFO:colcon.colcon_core.shell:Creating package script '/home/ros/ws_microros/install/asrs_gripper/share/asrs_gripper/package.ps1'
[2.133s] INFO:colcon.colcon_core.shell:Creating package descriptor '/home/ros/ws_microros/install/asrs_gripper/share/asrs_gripper/package.dsv'
[2.134s] INFO:colcon.colcon_core.shell:Creating package script '/home/ros/ws_microros/install/asrs_gripper/share/asrs_gripper/package.sh'
[2.134s] INFO:colcon.colcon_core.shell:Creating package script '/home/ros/ws_microros/install/asrs_gripper/share/asrs_gripper/package.bash'
[2.135s] INFO:colcon.colcon_core.shell:Creating package script '/home/ros/ws_microros/install/asrs_gripper/share/asrs_gripper/package.zsh'
[2.138s] Level 1:colcon.colcon_core.environment:create_file_with_runtime_dependencies(/home/ros/ws_microros/install/asrs_gripper/share/colcon-core/packages/asrs_gripper)
[2.140s] Level 1:colcon.colcon_core.environment:create_environment_scripts_only(asrs_arm)
[2.140s] DEBUG:colcon.colcon_core.event_handler.log_command:Invoked command in '/home/ros/ws_microros/build/asrs_arm' returned '0': CMAKE_PREFIX_PATH=${CMAKE_PREFIX_PATH}:/opt/ros/humble /usr/bin/cmake --install /home/ros/ws_microros/build/asrs_arm
[2.151s] Level 1:colcon.colcon_core.environment:checking '/home/ros/ws_microros/install/asrs_arm' for CMake module files
[2.151s] Level 1:colcon.colcon_core.environment:checking '/home/ros/ws_microros/install/asrs_arm' for CMake config files
[2.151s] Level 1:colcon.colcon_core.shell:create_environment_hook('asrs_arm', 'cmake_prefix_path')
[2.159s] INFO:colcon.colcon_core.shell:Creating environment hook '/home/ros/ws_microros/install/asrs_arm/share/asrs_arm/hook/cmake_prefix_path.ps1'
[2.159s] INFO:colcon.colcon_core.shell:Creating environment descriptor '/home/ros/ws_microros/install/asrs_arm/share/asrs_arm/hook/cmake_prefix_path.dsv'
[2.160s] INFO:colcon.colcon_core.shell:Creating environment hook '/home/ros/ws_microros/install/asrs_arm/share/asrs_arm/hook/cmake_prefix_path.sh'
[2.161s] Level 1:colcon.colcon_core.environment:checking '/home/ros/ws_microros/install/asrs_arm/bin'
[2.161s] Level 1:colcon.colcon_core.environment:checking '/home/ros/ws_microros/install/asrs_arm/lib/pkgconfig/asrs_arm.pc'
[2.161s] Level 1:colcon.colcon_core.environment:checking '/home/ros/ws_microros/install/asrs_arm/lib/python3.10/site-packages'
[2.161s] Level 1:colcon.colcon_core.environment:checking '/home/ros/ws_microros/install/asrs_arm/bin'
[2.175s] INFO:colcon.colcon_core.shell:Creating package script '/home/ros/ws_microros/install/asrs_arm/share/asrs_arm/package.ps1'
[2.175s] INFO:colcon.colcon_core.shell:Creating package descriptor '/home/ros/ws_microros/install/asrs_arm/share/asrs_arm/package.dsv'
[2.176s] INFO:colcon.colcon_core.shell:Creating package script '/home/ros/ws_microros/install/asrs_arm/share/asrs_arm/package.sh'
[2.178s] INFO:colcon.colcon_core.shell:Creating package script '/home/ros/ws_microros/install/asrs_arm/share/asrs_arm/package.bash'
[2.178s] INFO:colcon.colcon_core.shell:Creating package script '/home/ros/ws_microros/install/asrs_arm/share/asrs_arm/package.zsh'
[2.179s] Level 1:colcon.colcon_core.environment:create_file_with_runtime_dependencies(/home/ros/ws_microros/install/asrs_arm/share/colcon-core/packages/asrs_arm)
[2.190s] Level 1:colcon.colcon_core.environment:create_environment_scripts_only(asrs_description)
[2.198s] Level 1:colcon.colcon_core.environment:checking '/home/ros/ws_microros/install/asrs_description' for CMake module files
[2.198s] Level 1:colcon.colcon_core.environment:checking '/home/ros/ws_microros/install/asrs_description' for CMake config files
[2.198s] Level 1:colcon.colcon_core.shell:create_environment_hook('asrs_description', 'cmake_prefix_path')
[2.206s] INFO:colcon.colcon_core.shell:Creating environment hook '/home/ros/ws_microros/install/asrs_description/share/asrs_description/hook/cmake_prefix_path.ps1'
[2.206s] INFO:colcon.colcon_core.shell:Creating environment descriptor '/home/ros/ws_microros/install/asrs_description/share/asrs_description/hook/cmake_prefix_path.dsv'
[2.207s] INFO:colcon.colcon_core.shell:Creating environment hook '/home/ros/ws_microros/install/asrs_description/share/asrs_description/hook/cmake_prefix_path.sh'
[2.207s] Level 1:colcon.colcon_core.environment:checking '/home/ros/ws_microros/install/asrs_description/bin'
[2.207s] Level 1:colcon.colcon_core.environment:checking '/home/ros/ws_microros/install/asrs_description/lib/pkgconfig/asrs_description.pc'
[2.208s] Level 1:colcon.colcon_core.environment:checking '/home/ros/ws_microros/install/asrs_description/lib/python3.10/site-packages'
[2.208s] Level 1:colcon.colcon_core.environment:checking '/home/ros/ws_microros/install/asrs_description/bin'
[2.219s] INFO:colcon.colcon_core.shell:Creating package script '/home/ros/ws_microros/install/asrs_description/share/asrs_description/package.ps1'
[2.220s] INFO:colcon.colcon_core.shell:Creating package descriptor '/home/ros/ws_microros/install/asrs_description/share/asrs_description/package.dsv'
[2.220s] INFO:colcon.colcon_core.shell:Creating package script '/home/ros/ws_microros/install/asrs_description/share/asrs_description/package.sh'
[2.220s] INFO:colcon.colcon_core.shell:Creating package script '/home/ros/ws_microros/install/asrs_description/share/asrs_description/package.bash'
[2.223s] INFO:colcon.colcon_core.shell:Creating package script '/home/ros/ws_microros/install/asrs_description/share/asrs_description/package.zsh'
[2.231s] Level 1:colcon.colcon_core.environment:create_file_with_runtime_dependencies(/home/ros/ws_microros/install/asrs_description/share/colcon-core/packages/asrs_description)
[2.254s] Level 1:colcon.colcon_core.environment:create_environment_scripts_only(asrs_controller)
[2.264s] Level 1:colcon.colcon_core.environment:checking '/home/ros/ws_microros/install/asrs_controller' for CMake module files
[2.265s] Level 1:colcon.colcon_core.environment:checking '/home/ros/ws_microros/install/asrs_controller' for CMake config files
[2.265s] Level 1:colcon.colcon_core.shell:create_environment_hook('asrs_controller', 'cmake_prefix_path')
[2.272s] INFO:colcon.colcon_core.shell:Creating environment hook '/home/ros/ws_microros/install/asrs_controller/share/asrs_controller/hook/cmake_prefix_path.ps1'
[2.274s] INFO:colcon.colcon_core.shell:Creating environment descriptor '/home/ros/ws_microros/install/asrs_controller/share/asrs_controller/hook/cmake_prefix_path.dsv'
[2.274s] INFO:colcon.colcon_core.shell:Creating environment hook '/home/ros/ws_microros/install/asrs_controller/share/asrs_controller/hook/cmake_prefix_path.sh'
[2.275s] Level 1:colcon.colcon_core.environment:checking '/home/ros/ws_microros/install/asrs_controller/bin'
[2.275s] Level 1:colcon.colcon_core.environment:checking '/home/ros/ws_microros/install/asrs_controller/lib/pkgconfig/asrs_controller.pc'
[2.275s] Level 1:colcon.colcon_core.environment:checking '/home/ros/ws_microros/install/asrs_controller/lib/python3.10/site-packages'
[2.276s] Level 1:colcon.colcon_core.environment:checking '/home/ros/ws_microros/install/asrs_controller/bin'
[2.285s] INFO:colcon.colcon_core.shell:Creating package script '/home/ros/ws_microros/install/asrs_controller/share/asrs_controller/package.ps1'
[2.285s] INFO:colcon.colcon_core.shell:Creating package descriptor '/home/ros/ws_microros/install/asrs_controller/share/asrs_controller/package.dsv'
[2.286s] INFO:colcon.colcon_core.shell:Creating package script '/home/ros/ws_microros/install/asrs_controller/share/asrs_controller/package.sh'
[2.286s] INFO:colcon.colcon_core.shell:Creating package script '/home/ros/ws_microros/install/asrs_controller/share/asrs_controller/package.bash'
[2.286s] INFO:colcon.colcon_core.shell:Creating package script '/home/ros/ws_microros/install/asrs_controller/share/asrs_controller/package.zsh'
[2.287s] Level 1:colcon.colcon_core.environment:create_file_with_runtime_dependencies(/home/ros/ws_microros/install/asrs_controller/share/colcon-core/packages/asrs_controller)
[2.300s] Level 1:colcon.colcon_core.environment:create_environment_scripts_only(asrs_gripper)
[2.307s] Level 1:colcon.colcon_core.environment:checking '/home/ros/ws_microros/install/asrs_gripper' for CMake module files
[2.307s] Level 1:colcon.colcon_core.environment:checking '/home/ros/ws_microros/install/asrs_gripper' for CMake config files
[2.308s] Level 1:colcon.colcon_core.shell:create_environment_hook('asrs_gripper', 'cmake_prefix_path')
[2.314s] INFO:colcon.colcon_core.shell:Creating environment hook '/home/ros/ws_microros/install/asrs_gripper/share/asrs_gripper/hook/cmake_prefix_path.ps1'
[2.315s] INFO:colcon.colcon_core.shell:Creating environment descriptor '/home/ros/ws_microros/install/asrs_gripper/share/asrs_gripper/hook/cmake_prefix_path.dsv'
[2.315s] INFO:colcon.colcon_core.shell:Creating environment hook '/home/ros/ws_microros/install/asrs_gripper/share/asrs_gripper/hook/cmake_prefix_path.sh'
[2.316s] Level 1:colcon.colcon_core.environment:checking '/home/ros/ws_microros/install/asrs_gripper/bin'
[2.317s] Level 1:colcon.colcon_core.environment:checking '/home/ros/ws_microros/install/asrs_gripper/lib/pkgconfig/asrs_gripper.pc'
[2.317s] Level 1:colcon.colcon_core.environment:checking '/home/ros/ws_microros/install/asrs_gripper/lib/python3.10/site-packages'
[2.317s] Level 1:colcon.colcon_core.environment:checking '/home/ros/ws_microros/install/asrs_gripper/bin'
[2.324s] INFO:colcon.colcon_core.shell:Creating package script '/home/ros/ws_microros/install/asrs_gripper/share/asrs_gripper/package.ps1'
[2.326s] INFO:colcon.colcon_core.shell:Creating package descriptor '/home/ros/ws_microros/install/asrs_gripper/share/asrs_gripper/package.dsv'
[2.331s] INFO:colcon.colcon_core.shell:Creating package script '/home/ros/ws_microros/install/asrs_gripper/share/asrs_gripper/package.sh'
[2.331s] INFO:colcon.colcon_core.shell:Creating package script '/home/ros/ws_microros/install/asrs_gripper/share/asrs_gripper/package.bash'
[2.332s] INFO:colcon.colcon_core.shell:Creating package script '/home/ros/ws_microros/install/asrs_gripper/share/asrs_gripper/package.zsh'
[2.333s] Level 1:colcon.colcon_core.environment:create_file_with_runtime_dependencies(/home/ros/ws_microros/install/asrs_gripper/share/colcon-core/packages/asrs_gripper)
[2.333s] INFO:colcon.colcon_ros.task.ament_cmake.build:Building ROS package in '/home/ros/ws_microros/src/asrs_moveit_config' with build type 'ament_cmake'
[2.333s] INFO:colcon.colcon_cmake.task.cmake.build:Building CMake package in '/home/ros/ws_microros/src/asrs_moveit_config'
[2.341s] INFO:colcon.colcon_core.shell:Skip shell extension 'powershell' for command environment: Not usable outside of PowerShell
[2.342s] DEBUG:colcon.colcon_core.shell:Skip shell extension 'dsv' for command environment
[2.380s] Level 1:colcon.colcon_core.environment:create_environment_scripts_only(asrs_arm)
[2.389s] Level 1:colcon.colcon_core.environment:checking '/home/ros/ws_microros/install/asrs_arm' for CMake module files
[2.389s] Level 1:colcon.colcon_core.environment:checking '/home/ros/ws_microros/install/asrs_arm' for CMake config files
[2.390s] Level 1:colcon.colcon_core.shell:create_environment_hook('asrs_arm', 'cmake_prefix_path')
[2.398s] INFO:colcon.colcon_core.shell:Creating environment hook '/home/ros/ws_microros/install/asrs_arm/share/asrs_arm/hook/cmake_prefix_path.ps1'
[2.399s] INFO:colcon.colcon_core.shell:Creating environment descriptor '/home/ros/ws_microros/install/asrs_arm/share/asrs_arm/hook/cmake_prefix_path.dsv'
[2.400s] INFO:colcon.colcon_core.shell:Creating environment hook '/home/ros/ws_microros/install/asrs_arm/share/asrs_arm/hook/cmake_prefix_path.sh'
[2.401s] Level 1:colcon.colcon_core.environment:checking '/home/ros/ws_microros/install/asrs_arm/bin'
[2.401s] Level 1:colcon.colcon_core.environment:checking '/home/ros/ws_microros/install/asrs_arm/lib/pkgconfig/asrs_arm.pc'
[2.401s] Level 1:colcon.colcon_core.environment:checking '/home/ros/ws_microros/install/asrs_arm/lib/python3.10/site-packages'
[2.401s] Level 1:colcon.colcon_core.environment:checking '/home/ros/ws_microros/install/asrs_arm/bin'
[2.411s] INFO:colcon.colcon_core.shell:Creating package script '/home/ros/ws_microros/install/asrs_arm/share/asrs_arm/package.ps1'
[2.411s] INFO:colcon.colcon_core.shell:Creating package descriptor '/home/ros/ws_microros/install/asrs_arm/share/asrs_arm/package.dsv'
[2.412s] INFO:colcon.colcon_core.shell:Creating package script '/home/ros/ws_microros/install/asrs_arm/share/asrs_arm/package.sh'
[2.412s] INFO:colcon.colcon_core.shell:Creating package script '/home/ros/ws_microros/install/asrs_arm/share/asrs_arm/package.bash'
[2.413s] INFO:colcon.colcon_core.shell:Creating package script '/home/ros/ws_microros/install/asrs_arm/share/asrs_arm/package.zsh'
[2.413s] Level 1:colcon.colcon_core.environment:create_file_with_runtime_dependencies(/home/ros/ws_microros/install/asrs_arm/share/colcon-core/packages/asrs_arm)
[2.418s] DEBUG:colcon.colcon_core.event_handler.log_command:Invoking command in '/home/ros/ws_microros/build/asrs_moveit_config': CMAKE_PREFIX_PATH=/home/ros/ws_microros/install/asrs_description:/home/ros/ws_microros/install/asrs_gripper:/home/ros/ws_microros/install/asrs_controller:/home/ros/ws_microros/install/asrs_arm:/opt/ros/humble /usr/bin/cmake --build /home/ros/ws_microros/build/asrs_moveit_config -- -j12 -l12
[2.682s] DEBUG:colcon.colcon_core.event_handler.log_command:Invoked command in '/home/ros/ws_microros/build/asrs_moveit_config' returned '0': CMAKE_PREFIX_PATH=/home/ros/ws_microros/install/asrs_description:/home/ros/ws_microros/install/asrs_gripper:/home/ros/ws_microros/install/asrs_controller:/home/ros/ws_microros/install/asrs_arm:/opt/ros/humble /usr/bin/cmake --build /home/ros/ws_microros/build/asrs_moveit_config -- -j12 -l12
[2.716s] DEBUG:colcon.colcon_core.event_handler.log_command:Invoking command in '/home/ros/ws_microros/build/asrs_moveit_config': CMAKE_PREFIX_PATH=/home/ros/ws_microros/install/asrs_description:/home/ros/ws_microros/install/asrs_gripper:/home/ros/ws_microros/install/asrs_controller:/home/ros/ws_microros/install/asrs_arm:/opt/ros/humble /usr/bin/cmake --install /home/ros/ws_microros/build/asrs_moveit_config
[2.738s] Level 1:colcon.colcon_core.environment:create_environment_scripts_only(asrs_moveit_config)
[2.739s] DEBUG:colcon.colcon_core.event_handler.log_command:Invoked command in '/home/ros/ws_microros/build/asrs_moveit_config' returned '0': CMAKE_PREFIX_PATH=/home/ros/ws_microros/install/asrs_description:/home/ros/ws_microros/install/asrs_gripper:/home/ros/ws_microros/install/asrs_controller:/home/ros/ws_microros/install/asrs_arm:/opt/ros/humble /usr/bin/cmake --install /home/ros/ws_microros/build/asrs_moveit_config
[2.750s] Level 1:colcon.colcon_core.environment:checking '/home/ros/ws_microros/install/asrs_moveit_config' for CMake module files
[2.750s] Level 1:colcon.colcon_core.environment:checking '/home/ros/ws_microros/install/asrs_moveit_config' for CMake config files
[2.750s] Level 1:colcon.colcon_core.shell:create_environment_hook('asrs_moveit_config', 'cmake_prefix_path')
[2.759s] INFO:colcon.colcon_core.shell:Creating environment hook '/home/ros/ws_microros/install/asrs_moveit_config/share/asrs_moveit_config/hook/cmake_prefix_path.ps1'
[2.759s] INFO:colcon.colcon_core.shell:Creating environment descriptor '/home/ros/ws_microros/install/asrs_moveit_config/share/asrs_moveit_config/hook/cmake_prefix_path.dsv'
[2.759s] INFO:colcon.colcon_core.shell:Creating environment hook '/home/ros/ws_microros/install/asrs_moveit_config/share/asrs_moveit_config/hook/cmake_prefix_path.sh'
[2.759s] Level 1:colcon.colcon_core.environment:checking '/home/ros/ws_microros/install/asrs_moveit_config/bin'
[2.760s] Level 1:colcon.colcon_core.environment:checking '/home/ros/ws_microros/install/asrs_moveit_config/lib/pkgconfig/asrs_moveit_config.pc'
[2.761s] Level 1:colcon.colcon_core.environment:checking '/home/ros/ws_microros/install/asrs_moveit_config/lib/python3.10/site-packages'
[2.761s] Level 1:colcon.colcon_core.environment:checking '/home/ros/ws_microros/install/asrs_moveit_config/bin'
[2.769s] INFO:colcon.colcon_core.shell:Creating package script '/home/ros/ws_microros/install/asrs_moveit_config/share/asrs_moveit_config/package.ps1'
[2.769s] INFO:colcon.colcon_core.shell:Creating package descriptor '/home/ros/ws_microros/install/asrs_moveit_config/share/asrs_moveit_config/package.dsv'
[2.770s] INFO:colcon.colcon_core.shell:Creating package script '/home/ros/ws_microros/install/asrs_moveit_config/share/asrs_moveit_config/package.sh'
[2.770s] INFO:colcon.colcon_core.shell:Creating package script '/home/ros/ws_microros/install/asrs_moveit_config/share/asrs_moveit_config/package.bash'
[2.771s] INFO:colcon.colcon_core.shell:Creating package script '/home/ros/ws_microros/install/asrs_moveit_config/share/asrs_moveit_config/package.zsh'
[2.771s] Level 1:colcon.colcon_core.environment:create_file_with_runtime_dependencies(/home/ros/ws_microros/install/asrs_moveit_config/share/colcon-core/packages/asrs_moveit_config)
[2.811s] Level 1:colcon.colcon_core.environment:create_environment_scripts_only(asrs_moveit_config)
[2.818s] Level 1:colcon.colcon_core.environment:checking '/home/ros/ws_microros/install/asrs_moveit_config' for CMake module files
[2.819s] Level 1:colcon.colcon_core.environment:checking '/home/ros/ws_microros/install/asrs_moveit_config' for CMake config files
[2.819s] Level 1:colcon.colcon_core.shell:create_environment_hook('asrs_moveit_config', 'cmake_prefix_path')
[2.828s] INFO:colcon.colcon_core.shell:Creating environment hook '/home/ros/ws_microros/install/asrs_moveit_config/share/asrs_moveit_config/hook/cmake_prefix_path.ps1'
[2.828s] INFO:colcon.colcon_core.shell:Creating environment descriptor '/home/ros/ws_microros/install/asrs_moveit_config/share/asrs_moveit_config/hook/cmake_prefix_path.dsv'
[2.829s] INFO:colcon.colcon_core.shell:Creating environment hook '/home/ros/ws_microros/install/asrs_moveit_config/share/asrs_moveit_config/hook/cmake_prefix_path.sh'
[2.829s] Level 1:colcon.colcon_core.environment:checking '/home/ros/ws_microros/install/asrs_moveit_config/bin'
[2.829s] Level 1:colcon.colcon_core.environment:checking '/home/ros/ws_microros/install/asrs_moveit_config/lib/pkgconfig/asrs_moveit_config.pc'
[2.829s] Level 1:colcon.colcon_core.environment:checking '/home/ros/ws_microros/install/asrs_moveit_config/lib/python3.10/site-packages'
[2.829s] Level 1:colcon.colcon_core.environment:checking '/home/ros/ws_microros/install/asrs_moveit_config/bin'
[2.838s] INFO:colcon.colcon_core.shell:Creating package script '/home/ros/ws_microros/install/asrs_moveit_config/share/asrs_moveit_config/package.ps1'
[2.838s] INFO:colcon.colcon_core.shell:Creating package descriptor '/home/ros/ws_microros/install/asrs_moveit_config/share/asrs_moveit_config/package.dsv'
[2.839s] INFO:colcon.colcon_core.shell:Creating package script '/home/ros/ws_microros/install/asrs_moveit_config/share/asrs_moveit_config/package.sh'
[2.839s] INFO:colcon.colcon_core.shell:Creating package script '/home/ros/ws_microros/install/asrs_moveit_config/share/asrs_moveit_config/package.bash'
[2.840s] INFO:colcon.colcon_core.shell:Creating package script '/home/ros/ws_microros/install/asrs_moveit_config/share/asrs_moveit_config/package.zsh'
[2.842s] Level 1:colcon.colcon_core.environment:create_file_with_runtime_dependencies(/home/ros/ws_microros/install/asrs_moveit_config/share/colcon-core/packages/asrs_moveit_config)
[2.851s] DEBUG:colcon.colcon_parallel_executor.executor.parallel:closing loop
[2.855s] DEBUG:colcon.colcon_parallel_executor.executor.parallel:loop closed
[2.861s] DEBUG:colcon.colcon_parallel_executor.executor.parallel:run_until_complete finished with '0'
[2.862s] DEBUG:colcon.colcon_core.event_reactor:joining thread
[2.956s] INFO:colcon.colcon_core.plugin_system:Skipping extension 'colcon_notification.desktop_notification.terminal_notifier': Not used on non-Darwin systems
[2.956s] INFO:colcon.colcon_core.plugin_system:Skipping extension 'colcon_notification.desktop_notification.win32': Not used on non-Windows systems
[2.956s] INFO:colcon.colcon_notification.desktop_notification:Sending desktop notification using 'notify2'
[2.982s] DEBUG:colcon.colcon_core.event_reactor:joined thread
[2.993s] INFO:colcon.colcon_core.shell:Creating prefix script '/home/ros/ws_microros/install/local_setup.ps1'
[2.994s] INFO:colcon.colcon_core.shell:Creating prefix util module '/home/ros/ws_microros/install/_local_setup_util_ps1.py'
[2.996s] INFO:colcon.colcon_core.shell:Creating prefix chain script '/home/ros/ws_microros/install/setup.ps1'
[3.006s] INFO:colcon.colcon_core.shell:Creating prefix script '/home/ros/ws_microros/install/local_setup.sh'
[3.007s] INFO:colcon.colcon_core.shell:Creating prefix util module '/home/ros/ws_microros/install/_local_setup_util_sh.py'
[3.008s] INFO:colcon.colcon_core.shell:Creating prefix chain script '/home/ros/ws_microros/install/setup.sh'
[3.018s] INFO:colcon.colcon_core.shell:Creating prefix script '/home/ros/ws_microros/install/local_setup.bash'
[3.019s] INFO:colcon.colcon_core.shell:Creating prefix chain script '/home/ros/ws_microros/install/setup.bash'
[3.029s] INFO:colcon.colcon_core.shell:Creating prefix script '/home/ros/ws_microros/install/local_setup.zsh'
[3.030s] INFO:colcon.colcon_core.shell:Creating prefix chain script '/home/ros/ws_microros/install/setup.zsh'
