-- Found ament_cmake: 1.3.9 (/opt/ros/humble/share/ament_cmake/cmake)
-- Found ament_lint_auto: 0.12.11 (/opt/ros/humble/share/ament_lint_auto/cmake)
-- Added test 'flake8' to check Python code syntax and style conventions
-- Added test 'lint_cmake' to check CMake code style
-- Added test 'pep257' to check Python code against some of the docstring style conventions in PEP 257
-- Added test 'xmllint' to check XML markup files
-- Configuring done
-- Generating done
-- Build files have been written to: /home/keerthibaalan/ROS2_Workspace/ws_microros/build/asrs_description
-- Install configuration: ""
-- Up-to-date: /home/keerthibaalan/ROS2_Workspace/ws_microros/install/asrs_description/share/asrs_description/config
-- Up-to-date: /home/keerthibaalan/ROS2_Workspace/ws_microros/install/asrs_description/share/asrs_description/config/display.rviz
-- Up-to-date: /home/keerthibaalan/ROS2_Workspace/ws_microros/install/asrs_description/share/asrs_description/launch
-- Up-to-date: /home/keerthibaalan/ROS2_Workspace/ws_microros/install/asrs_description/share/asrs_description/launch/rviz.launch.py
-- Up-to-date: /home/keerthibaalan/ROS2_Workspace/ws_microros/install/asrs_description/share/asrs_description/launch/gazebo.launch.py
-- Up-to-date: /home/keerthibaalan/ROS2_Workspace/ws_microros/install/asrs_description/share/asrs_description/urdf
-- Up-to-date: /home/keerthibaalan/ROS2_Workspace/ws_microros/install/asrs_description/share/asrs_description/urdf/asrs_robot.urdf.xacro
-- Up-to-date: /home/keerthibaalan/ROS2_Workspace/ws_microros/install/asrs_description/share/asrs_description/urdf/asrs_gazebo.xacro
-- Up-to-date: /home/keerthibaalan/ROS2_Workspace/ws_microros/install/asrs_description/share/asrs_description/urdf/asrs_ros2_control.xacro
-- Up-to-date: /home/keerthibaalan/ROS2_Workspace/ws_microros/install/asrs_description/share/ament_index/resource_index/package_run_dependencies/asrs_description
-- Installing: /home/keerthibaalan/ROS2_Workspace/ws_microros/install/asrs_description/share/ament_index/resource_index/parent_prefix_path/asrs_description
-- Installing: /home/keerthibaalan/ROS2_Workspace/ws_microros/install/asrs_description/share/asrs_description/environment/ament_prefix_path.sh
-- Installing: /home/keerthibaalan/ROS2_Workspace/ws_microros/install/asrs_description/share/asrs_description/environment/ament_prefix_path.dsv
-- Installing: /home/keerthibaalan/ROS2_Workspace/ws_microros/install/asrs_description/share/asrs_description/environment/path.sh
-- Installing: /home/keerthibaalan/ROS2_Workspace/ws_microros/install/asrs_description/share/asrs_description/environment/path.dsv
-- Up-to-date: /home/keerthibaalan/ROS2_Workspace/ws_microros/install/asrs_description/share/asrs_description/local_setup.bash
-- Up-to-date: /home/keerthibaalan/ROS2_Workspace/ws_microros/install/asrs_description/share/asrs_description/local_setup.sh
-- Up-to-date: /home/keerthibaalan/ROS2_Workspace/ws_microros/install/asrs_description/share/asrs_description/local_setup.zsh
-- Installing: /home/keerthibaalan/ROS2_Workspace/ws_microros/install/asrs_description/share/asrs_description/local_setup.dsv
-- Installing: /home/keerthibaalan/ROS2_Workspace/ws_microros/install/asrs_description/share/asrs_description/package.dsv
-- Up-to-date: /home/keerthibaalan/ROS2_Workspace/ws_microros/install/asrs_description/share/ament_index/resource_index/packages/asrs_description
-- Up-to-date: /home/keerthibaalan/ROS2_Workspace/ws_microros/install/asrs_description/share/asrs_description/cmake/asrs_descriptionConfig.cmake
-- Up-to-date: /home/keerthibaalan/ROS2_Workspace/ws_microros/install/asrs_description/share/asrs_description/cmake/asrs_descriptionConfig-version.cmake
-- Up-to-date: /home/keerthibaalan/ROS2_Workspace/ws_microros/install/asrs_description/share/asrs_description/package.xml
