[0.022s] Invoking command in '/home/keerthibaalan/ROS2_Workspace/ws_microros/build/asrs_description': CMAKE_PREFIX_PATH=${CMAKE_PREFIX_PATH}:/home/keerthibaalan/ws_moveit/install/moveit_configs_utils:/opt/ros/humble /usr/bin/cmake --build /home/keerthibaalan/ROS2_Workspace/ws_microros/build/asrs_description -- -j24 -l24
[0.047s] -- Found ament_cmake: 1.3.9 (/opt/ros/humble/share/ament_cmake/cmake)
[0.119s] -- Found ament_lint_auto: 0.12.11 (/opt/ros/humble/share/ament_lint_auto/cmake)
[0.162s] -- Added test 'flake8' to check Python code syntax and style conventions
[0.162s] -- Added test 'lint_cmake' to check CMake code style
[0.162s] -- Added test 'pep257' to check Python code against some of the docstring style conventions in PEP 257
[0.163s] -- Added test 'xmllint' to check XML markup files
[0.163s] -- Configuring done
[0.166s] -- Generating done
[0.167s] -- Build files have been written to: /home/keerthibaalan/ROS2_Workspace/ws_microros/build/asrs_description
[0.192s] Invoked command in '/home/keerthibaalan/ROS2_Workspace/ws_microros/build/asrs_description' returned '0': CMAKE_PREFIX_PATH=${CMAKE_PREFIX_PATH}:/home/keerthibaalan/ws_moveit/install/moveit_configs_utils:/opt/ros/humble /usr/bin/cmake --build /home/keerthibaalan/ROS2_Workspace/ws_microros/build/asrs_description -- -j24 -l24
[0.234s] Invoking command in '/home/keerthibaalan/ROS2_Workspace/ws_microros/build/asrs_description': CMAKE_PREFIX_PATH=${CMAKE_PREFIX_PATH}:/home/keerthibaalan/ws_moveit/install/moveit_configs_utils:/opt/ros/humble /usr/bin/cmake --install /home/keerthibaalan/ROS2_Workspace/ws_microros/build/asrs_description
[0.242s] -- Install configuration: ""
[0.243s] -- Up-to-date: /home/keerthibaalan/ROS2_Workspace/ws_microros/install/asrs_description/share/asrs_description/config
[0.243s] -- Up-to-date: /home/keerthibaalan/ROS2_Workspace/ws_microros/install/asrs_description/share/asrs_description/config/display.rviz
[0.243s] -- Up-to-date: /home/keerthibaalan/ROS2_Workspace/ws_microros/install/asrs_description/share/asrs_description/launch
[0.243s] -- Up-to-date: /home/keerthibaalan/ROS2_Workspace/ws_microros/install/asrs_description/share/asrs_description/launch/rviz.launch.py
[0.244s] -- Up-to-date: /home/keerthibaalan/ROS2_Workspace/ws_microros/install/asrs_description/share/asrs_description/launch/gazebo.launch.py
[0.244s] -- Up-to-date: /home/keerthibaalan/ROS2_Workspace/ws_microros/install/asrs_description/share/asrs_description/urdf
[0.244s] -- Up-to-date: /home/keerthibaalan/ROS2_Workspace/ws_microros/install/asrs_description/share/asrs_description/urdf/asrs_robot.urdf.xacro
[0.244s] -- Up-to-date: /home/keerthibaalan/ROS2_Workspace/ws_microros/install/asrs_description/share/asrs_description/urdf/asrs_gazebo.xacro
[0.244s] -- Up-to-date: /home/keerthibaalan/ROS2_Workspace/ws_microros/install/asrs_description/share/asrs_description/urdf/asrs_ros2_control.xacro
[0.244s] -- Up-to-date: /home/keerthibaalan/ROS2_Workspace/ws_microros/install/asrs_description/share/ament_index/resource_index/package_run_dependencies/asrs_description
[0.244s] -- Installing: /home/keerthibaalan/ROS2_Workspace/ws_microros/install/asrs_description/share/ament_index/resource_index/parent_prefix_path/asrs_description
[0.244s] -- Installing: /home/keerthibaalan/ROS2_Workspace/ws_microros/install/asrs_description/share/asrs_description/environment/ament_prefix_path.sh
[0.244s] -- Installing: /home/keerthibaalan/ROS2_Workspace/ws_microros/install/asrs_description/share/asrs_description/environment/ament_prefix_path.dsv
[0.245s] -- Installing: /home/keerthibaalan/ROS2_Workspace/ws_microros/install/asrs_description/share/asrs_description/environment/path.sh
[0.245s] -- Installing: /home/keerthibaalan/ROS2_Workspace/ws_microros/install/asrs_description/share/asrs_description/environment/path.dsv
[0.245s] -- Up-to-date: /home/keerthibaalan/ROS2_Workspace/ws_microros/install/asrs_description/share/asrs_description/local_setup.bash
[0.245s] -- Up-to-date: /home/keerthibaalan/ROS2_Workspace/ws_microros/install/asrs_description/share/asrs_description/local_setup.sh
[0.245s] -- Up-to-date: /home/keerthibaalan/ROS2_Workspace/ws_microros/install/asrs_description/share/asrs_description/local_setup.zsh
[0.245s] -- Installing: /home/keerthibaalan/ROS2_Workspace/ws_microros/install/asrs_description/share/asrs_description/local_setup.dsv
[0.245s] -- Installing: /home/keerthibaalan/ROS2_Workspace/ws_microros/install/asrs_description/share/asrs_description/package.dsv
[0.245s] -- Up-to-date: /home/keerthibaalan/ROS2_Workspace/ws_microros/install/asrs_description/share/ament_index/resource_index/packages/asrs_description
[0.245s] -- Up-to-date: /home/keerthibaalan/ROS2_Workspace/ws_microros/install/asrs_description/share/asrs_description/cmake/asrs_descriptionConfig.cmake
[0.245s] -- Up-to-date: /home/keerthibaalan/ROS2_Workspace/ws_microros/install/asrs_description/share/asrs_description/cmake/asrs_descriptionConfig-version.cmake
[0.246s] -- Up-to-date: /home/keerthibaalan/ROS2_Workspace/ws_microros/install/asrs_description/share/asrs_description/package.xml
[0.256s] Invoked command in '/home/keerthibaalan/ROS2_Workspace/ws_microros/build/asrs_description' returned '0': CMAKE_PREFIX_PATH=${CMAKE_PREFIX_PATH}:/home/keerthibaalan/ws_moveit/install/moveit_configs_utils:/opt/ros/humble /usr/bin/cmake --install /home/keerthibaalan/ROS2_Workspace/ws_microros/build/asrs_description
