[0.130s] Invoking command in '/home/ros/ws_microros/build/asrs_arm': CMAKE_PREFIX_PATH=${CMAKE_PREFIX_PATH}:/opt/ros/humble /usr/bin/cmake --build /home/ros/ws_microros/build/asrs_arm -- -j16 -l16
[0.147s] Invoked command in '/home/ros/ws_microros/build/asrs_arm' returned '0': CMAKE_PREFIX_PATH=${CMAKE_PREFIX_PATH}:/opt/ros/humble /usr/bin/cmake --build /home/ros/ws_microros/build/asrs_arm -- -j16 -l16
[0.161s] Invoking command in '/home/ros/ws_microros/build/asrs_arm': CMAKE_PREFIX_PATH=${CMAKE_PREFIX_PATH}:/opt/ros/humble /usr/bin/cmake --install /home/ros/ws_microros/build/asrs_arm
[0.167s] -- Install configuration: ""
[0.167s] -- Up-to-date: /home/ros/ws_microros/install/asrs_arm/share/asrs_arm/launch
[0.167s] -- Up-to-date: /home/ros/ws_microros/install/asrs_arm/share/asrs_arm/launch/gazebo.launch
[0.167s] -- Up-to-date: /home/ros/ws_microros/install/asrs_arm/share/asrs_arm/launch/python_display.launch.py
[0.167s] -- Up-to-date: /home/ros/ws_microros/install/asrs_arm/share/asrs_arm/launch/display.launch
[0.167s] -- Up-to-date: /home/ros/ws_microros/install/asrs_arm/share/asrs_arm/meshes
[0.167s] -- Up-to-date: /home/ros/ws_microros/install/asrs_arm/share/asrs_arm/meshes/link_3.STL
[0.167s] -- Up-to-date: /home/ros/ws_microros/install/asrs_arm/share/asrs_arm/meshes/link_1.STL
[0.167s] -- Up-to-date: /home/ros/ws_microros/install/asrs_arm/share/asrs_arm/meshes/link_4.STL
[0.167s] -- Up-to-date: /home/ros/ws_microros/install/asrs_arm/share/asrs_arm/meshes/link_2.STL
[0.167s] -- Up-to-date: /home/ros/ws_microros/install/asrs_arm/share/asrs_arm/urdf
[0.168s] -- Up-to-date: /home/ros/ws_microros/install/asrs_arm/share/asrs_arm/urdf/asrs.csv
[0.168s] -- Installing: /home/ros/ws_microros/install/asrs_arm/share/asrs_arm/urdf/asrs_arm.urdf.xacro
[0.168s] -- Up-to-date: /home/ros/ws_microros/install/asrs_arm/share/ament_index/resource_index/package_run_dependencies/asrs_arm
[0.168s] -- Up-to-date: /home/ros/ws_microros/install/asrs_arm/share/ament_index/resource_index/parent_prefix_path/asrs_arm
[0.168s] -- Up-to-date: /home/ros/ws_microros/install/asrs_arm/share/asrs_arm/environment/ament_prefix_path.sh
[0.169s] -- Up-to-date: /home/ros/ws_microros/install/asrs_arm/share/asrs_arm/environment/ament_prefix_path.dsv
[0.169s] -- Up-to-date: /home/ros/ws_microros/install/asrs_arm/share/asrs_arm/environment/path.sh
[0.169s] -- Up-to-date: /home/ros/ws_microros/install/asrs_arm/share/asrs_arm/environment/path.dsv
[0.169s] -- Up-to-date: /home/ros/ws_microros/install/asrs_arm/share/asrs_arm/local_setup.bash
[0.169s] -- Up-to-date: /home/ros/ws_microros/install/asrs_arm/share/asrs_arm/local_setup.sh
[0.169s] -- Up-to-date: /home/ros/ws_microros/install/asrs_arm/share/asrs_arm/local_setup.zsh
[0.169s] -- Up-to-date: /home/ros/ws_microros/install/asrs_arm/share/asrs_arm/local_setup.dsv
[0.170s] -- Installing: /home/ros/ws_microros/install/asrs_arm/share/asrs_arm/package.dsv
[0.170s] -- Up-to-date: /home/ros/ws_microros/install/asrs_arm/share/ament_index/resource_index/packages/asrs_arm
[0.170s] -- Up-to-date: /home/ros/ws_microros/install/asrs_arm/share/asrs_arm/cmake/asrs_armConfig.cmake
[0.170s] -- Up-to-date: /home/ros/ws_microros/install/asrs_arm/share/asrs_arm/cmake/asrs_armConfig-version.cmake
[0.170s] -- Up-to-date: /home/ros/ws_microros/install/asrs_arm/share/asrs_arm/package.xml
[0.175s] Invoked command in '/home/ros/ws_microros/build/asrs_arm' returned '0': CMAKE_PREFIX_PATH=${CMAKE_PREFIX_PATH}:/opt/ros/humble /usr/bin/cmake --install /home/ros/ws_microros/build/asrs_arm
