[0.012s] Invoking command in '/home/keerthibaalan/ROS2_Workspace/ros2industrial_ws/build/fake_ar_publisher': CMAKE_PREFIX_PATH=${CMAKE_PREFIX_PATH}:/home/keerthibaalan/ws_moveit/install/moveit_configs_utils:/opt/ros/humble /usr/bin/cmake --build /home/keerthibaalan/ROS2_Workspace/ros2industrial_ws/build/fake_ar_publisher -- -j24 -l24
[0.069s] [  9%] Built target fake_ar_publisher__rosidl_generator_c
[0.070s] [ 12%] Built target fake_ar_publisher__cpp
[0.079s] [ 12%] Built target ament_cmake_python_copy_fake_ar_publisher
[0.095s] [ 21%] Built target fake_ar_publisher__rosidl_typesupport_c
[0.095s] [ 39%] Built target fake_ar_publisher__rosidl_typesupport_introspection_c
[0.095s] [ 39%] Built target fake_ar_publisher__rosidl_typesupport_fastrtps_cpp
[0.095s] [ 48%] Built target fake_ar_publisher__rosidl_typesupport_cpp
[0.096s] [ 57%] Built target fake_ar_publisher__rosidl_typesupport_fastrtps_c
[0.097s] [ 66%] Built target fake_ar_publisher__rosidl_typesupport_introspection_cpp
[0.121s] [ 66%] Built target fake_ar_publisher
[0.149s] [ 69%] Built target fake_ar_publisher__py
[0.150s] [ 75%] Built target fake_ar_publisher_node
[0.173s] [ 81%] Built target fake_ar_publisher__rosidl_generator_py
[0.199s] [ 87%] Built target fake_ar_publisher__rosidl_typesupport_fastrtps_c__pyext
[0.200s] [ 93%] Built target fake_ar_publisher__rosidl_typesupport_c__pyext
[0.201s] [100%] Built target fake_ar_publisher__rosidl_typesupport_introspection_c__pyext
[0.225s] running egg_info
[0.225s] writing fake_ar_publisher.egg-info/PKG-INFO
[0.225s] writing dependency_links to fake_ar_publisher.egg-info/dependency_links.txt
[0.225s] writing top-level names to fake_ar_publisher.egg-info/top_level.txt
[0.226s] reading manifest file 'fake_ar_publisher.egg-info/SOURCES.txt'
[0.227s] writing manifest file 'fake_ar_publisher.egg-info/SOURCES.txt'
[0.245s] [100%] Built target ament_cmake_python_build_fake_ar_publisher_egg
[0.256s] Invoked command in '/home/keerthibaalan/ROS2_Workspace/ros2industrial_ws/build/fake_ar_publisher' returned '0': CMAKE_PREFIX_PATH=${CMAKE_PREFIX_PATH}:/home/keerthibaalan/ws_moveit/install/moveit_configs_utils:/opt/ros/humble /usr/bin/cmake --build /home/keerthibaalan/ROS2_Workspace/ros2industrial_ws/build/fake_ar_publisher -- -j24 -l24
[0.376s] Invoking command in '/home/keerthibaalan/ROS2_Workspace/ros2industrial_ws/build/fake_ar_publisher': CMAKE_PREFIX_PATH=${CMAKE_PREFIX_PATH}:/home/keerthibaalan/ws_moveit/install/moveit_configs_utils:/opt/ros/humble /usr/bin/cmake --install /home/keerthibaalan/ROS2_Workspace/ros2industrial_ws/build/fake_ar_publisher
[0.386s] -- Install configuration: ""
[0.386s] -- Up-to-date: /home/keerthibaalan/ROS2_Workspace/ros2industrial_ws/install/fake_ar_publisher/share/ament_index/resource_index/rosidl_interfaces/fake_ar_publisher
[0.386s] -- Up-to-date: /home/keerthibaalan/ROS2_Workspace/ros2industrial_ws/install/fake_ar_publisher/include/fake_ar_publisher/fake_ar_publisher
[0.386s] -- Up-to-date: /home/keerthibaalan/ROS2_Workspace/ros2industrial_ws/install/fake_ar_publisher/include/fake_ar_publisher/fake_ar_publisher/msg
[0.386s] -- Up-to-date: /home/keerthibaalan/ROS2_Workspace/ros2industrial_ws/install/fake_ar_publisher/include/fake_ar_publisher/fake_ar_publisher/msg/ar_marker.h
[0.386s] -- Up-to-date: /home/keerthibaalan/ROS2_Workspace/ros2industrial_ws/install/fake_ar_publisher/include/fake_ar_publisher/fake_ar_publisher/msg/rosidl_generator_c__visibility_control.h
[0.386s] -- Up-to-date: /home/keerthibaalan/ROS2_Workspace/ros2industrial_ws/install/fake_ar_publisher/include/fake_ar_publisher/fake_ar_publisher/msg/detail
[0.386s] -- Up-to-date: /home/keerthibaalan/ROS2_Workspace/ros2industrial_ws/install/fake_ar_publisher/include/fake_ar_publisher/fake_ar_publisher/msg/detail/ar_marker__struct.h
[0.386s] -- Up-to-date: /home/keerthibaalan/ROS2_Workspace/ros2industrial_ws/install/fake_ar_publisher/include/fake_ar_publisher/fake_ar_publisher/msg/detail/ar_marker__type_support.h
[0.386s] -- Up-to-date: /home/keerthibaalan/ROS2_Workspace/ros2industrial_ws/install/fake_ar_publisher/include/fake_ar_publisher/fake_ar_publisher/msg/detail/ar_marker__functions.h
[0.386s] -- Up-to-date: /home/keerthibaalan/ROS2_Workspace/ros2industrial_ws/install/fake_ar_publisher/include/fake_ar_publisher/fake_ar_publisher/msg/detail/ar_marker__functions.c
[0.386s] -- Up-to-date: /home/keerthibaalan/ROS2_Workspace/ros2industrial_ws/install/fake_ar_publisher/share/fake_ar_publisher/environment/library_path.sh
[0.386s] -- Up-to-date: /home/keerthibaalan/ROS2_Workspace/ros2industrial_ws/install/fake_ar_publisher/share/fake_ar_publisher/environment/library_path.dsv
[0.386s] -- Up-to-date: /home/keerthibaalan/ROS2_Workspace/ros2industrial_ws/install/fake_ar_publisher/lib/libfake_ar_publisher__rosidl_generator_c.so
[0.386s] -- Up-to-date: /home/keerthibaalan/ROS2_Workspace/ros2industrial_ws/install/fake_ar_publisher/include/fake_ar_publisher/fake_ar_publisher
[0.387s] -- Up-to-date: /home/keerthibaalan/ROS2_Workspace/ros2industrial_ws/install/fake_ar_publisher/include/fake_ar_publisher/fake_ar_publisher/msg
[0.387s] -- Up-to-date: /home/keerthibaalan/ROS2_Workspace/ros2industrial_ws/install/fake_ar_publisher/include/fake_ar_publisher/fake_ar_publisher/msg/rosidl_typesupport_fastrtps_c__visibility_control.h
[0.387s] -- Up-to-date: /home/keerthibaalan/ROS2_Workspace/ros2industrial_ws/install/fake_ar_publisher/include/fake_ar_publisher/fake_ar_publisher/msg/detail
[0.387s] -- Up-to-date: /home/keerthibaalan/ROS2_Workspace/ros2industrial_ws/install/fake_ar_publisher/include/fake_ar_publisher/fake_ar_publisher/msg/detail/ar_marker__rosidl_typesupport_fastrtps_c.h
[0.387s] -- Up-to-date: /home/keerthibaalan/ROS2_Workspace/ros2industrial_ws/install/fake_ar_publisher/lib/libfake_ar_publisher__rosidl_typesupport_fastrtps_c.so
[0.387s] -- Up-to-date: /home/keerthibaalan/ROS2_Workspace/ros2industrial_ws/install/fake_ar_publisher/include/fake_ar_publisher/fake_ar_publisher
[0.387s] -- Up-to-date: /home/keerthibaalan/ROS2_Workspace/ros2industrial_ws/install/fake_ar_publisher/include/fake_ar_publisher/fake_ar_publisher/msg
[0.387s] -- Up-to-date: /home/keerthibaalan/ROS2_Workspace/ros2industrial_ws/install/fake_ar_publisher/include/fake_ar_publisher/fake_ar_publisher/msg/ar_marker.hpp
[0.387s] -- Up-to-date: /home/keerthibaalan/ROS2_Workspace/ros2industrial_ws/install/fake_ar_publisher/include/fake_ar_publisher/fake_ar_publisher/msg/detail
[0.387s] -- Up-to-date: /home/keerthibaalan/ROS2_Workspace/ros2industrial_ws/install/fake_ar_publisher/include/fake_ar_publisher/fake_ar_publisher/msg/detail/ar_marker__traits.hpp
[0.387s] -- Up-to-date: /home/keerthibaalan/ROS2_Workspace/ros2industrial_ws/install/fake_ar_publisher/include/fake_ar_publisher/fake_ar_publisher/msg/detail/ar_marker__builder.hpp
[0.387s] -- Up-to-date: /home/keerthibaalan/ROS2_Workspace/ros2industrial_ws/install/fake_ar_publisher/include/fake_ar_publisher/fake_ar_publisher/msg/detail/ar_marker__struct.hpp
[0.387s] -- Up-to-date: /home/keerthibaalan/ROS2_Workspace/ros2industrial_ws/install/fake_ar_publisher/include/fake_ar_publisher/fake_ar_publisher
[0.387s] -- Up-to-date: /home/keerthibaalan/ROS2_Workspace/ros2industrial_ws/install/fake_ar_publisher/include/fake_ar_publisher/fake_ar_publisher/msg
[0.387s] -- Up-to-date: /home/keerthibaalan/ROS2_Workspace/ros2industrial_ws/install/fake_ar_publisher/include/fake_ar_publisher/fake_ar_publisher/msg/rosidl_typesupport_fastrtps_cpp__visibility_control.h
[0.387s] -- Up-to-date: /home/keerthibaalan/ROS2_Workspace/ros2industrial_ws/install/fake_ar_publisher/include/fake_ar_publisher/fake_ar_publisher/msg/detail
[0.387s] -- Up-to-date: /home/keerthibaalan/ROS2_Workspace/ros2industrial_ws/install/fake_ar_publisher/include/fake_ar_publisher/fake_ar_publisher/msg/detail/ar_marker__rosidl_typesupport_fastrtps_cpp.hpp
[0.387s] -- Up-to-date: /home/keerthibaalan/ROS2_Workspace/ros2industrial_ws/install/fake_ar_publisher/include/fake_ar_publisher/fake_ar_publisher/msg/detail/dds_fastrtps
[0.387s] -- Up-to-date: /home/keerthibaalan/ROS2_Workspace/ros2industrial_ws/install/fake_ar_publisher/lib/libfake_ar_publisher__rosidl_typesupport_fastrtps_cpp.so
[0.387s] -- Up-to-date: /home/keerthibaalan/ROS2_Workspace/ros2industrial_ws/install/fake_ar_publisher/include/fake_ar_publisher/fake_ar_publisher
[0.387s] -- Up-to-date: /home/keerthibaalan/ROS2_Workspace/ros2industrial_ws/install/fake_ar_publisher/include/fake_ar_publisher/fake_ar_publisher/msg
[0.387s] -- Up-to-date: /home/keerthibaalan/ROS2_Workspace/ros2industrial_ws/install/fake_ar_publisher/include/fake_ar_publisher/fake_ar_publisher/msg/rosidl_typesupport_introspection_c__visibility_control.h
[0.387s] -- Up-to-date: /home/keerthibaalan/ROS2_Workspace/ros2industrial_ws/install/fake_ar_publisher/include/fake_ar_publisher/fake_ar_publisher/msg/detail
[0.387s] -- Up-to-date: /home/keerthibaalan/ROS2_Workspace/ros2industrial_ws/install/fake_ar_publisher/include/fake_ar_publisher/fake_ar_publisher/msg/detail/ar_marker__rosidl_typesupport_introspection_c.h
[0.388s] -- Up-to-date: /home/keerthibaalan/ROS2_Workspace/ros2industrial_ws/install/fake_ar_publisher/include/fake_ar_publisher/fake_ar_publisher/msg/detail/ar_marker__type_support.c
[0.388s] -- Up-to-date: /home/keerthibaalan/ROS2_Workspace/ros2industrial_ws/install/fake_ar_publisher/lib/libfake_ar_publisher__rosidl_typesupport_introspection_c.so
[0.388s] -- Up-to-date: /home/keerthibaalan/ROS2_Workspace/ros2industrial_ws/install/fake_ar_publisher/lib/libfake_ar_publisher__rosidl_typesupport_c.so
[0.388s] -- Up-to-date: /home/keerthibaalan/ROS2_Workspace/ros2industrial_ws/install/fake_ar_publisher/include/fake_ar_publisher/fake_ar_publisher
[0.388s] -- Up-to-date: /home/keerthibaalan/ROS2_Workspace/ros2industrial_ws/install/fake_ar_publisher/include/fake_ar_publisher/fake_ar_publisher/msg
[0.388s] -- Up-to-date: /home/keerthibaalan/ROS2_Workspace/ros2industrial_ws/install/fake_ar_publisher/include/fake_ar_publisher/fake_ar_publisher/msg/detail
[0.388s] -- Up-to-date: /home/keerthibaalan/ROS2_Workspace/ros2industrial_ws/install/fake_ar_publisher/include/fake_ar_publisher/fake_ar_publisher/msg/detail/ar_marker__type_support.cpp
[0.388s] -- Up-to-date: /home/keerthibaalan/ROS2_Workspace/ros2industrial_ws/install/fake_ar_publisher/include/fake_ar_publisher/fake_ar_publisher/msg/detail/ar_marker__rosidl_typesupport_introspection_cpp.hpp
[0.388s] -- Up-to-date: /home/keerthibaalan/ROS2_Workspace/ros2industrial_ws/install/fake_ar_publisher/lib/libfake_ar_publisher__rosidl_typesupport_introspection_cpp.so
[0.388s] -- Up-to-date: /home/keerthibaalan/ROS2_Workspace/ros2industrial_ws/install/fake_ar_publisher/lib/libfake_ar_publisher__rosidl_typesupport_cpp.so
[0.388s] -- Up-to-date: /home/keerthibaalan/ROS2_Workspace/ros2industrial_ws/install/fake_ar_publisher/share/fake_ar_publisher/environment/pythonpath.sh
[0.388s] -- Up-to-date: /home/keerthibaalan/ROS2_Workspace/ros2industrial_ws/install/fake_ar_publisher/share/fake_ar_publisher/environment/pythonpath.dsv
[0.388s] -- Up-to-date: /home/keerthibaalan/ROS2_Workspace/ros2industrial_ws/install/fake_ar_publisher/local/lib/python3.10/dist-packages/fake_ar_publisher-0.0.0-py3.10.egg-info
[0.388s] -- Installing: /home/keerthibaalan/ROS2_Workspace/ros2industrial_ws/install/fake_ar_publisher/local/lib/python3.10/dist-packages/fake_ar_publisher-0.0.0-py3.10.egg-info/SOURCES.txt
[0.388s] -- Installing: /home/keerthibaalan/ROS2_Workspace/ros2industrial_ws/install/fake_ar_publisher/local/lib/python3.10/dist-packages/fake_ar_publisher-0.0.0-py3.10.egg-info/PKG-INFO
[0.388s] -- Installing: /home/keerthibaalan/ROS2_Workspace/ros2industrial_ws/install/fake_ar_publisher/local/lib/python3.10/dist-packages/fake_ar_publisher-0.0.0-py3.10.egg-info/top_level.txt
[0.388s] -- Installing: /home/keerthibaalan/ROS2_Workspace/ros2industrial_ws/install/fake_ar_publisher/local/lib/python3.10/dist-packages/fake_ar_publisher-0.0.0-py3.10.egg-info/dependency_links.txt
[0.388s] -- Up-to-date: /home/keerthibaalan/ROS2_Workspace/ros2industrial_ws/install/fake_ar_publisher/local/lib/python3.10/dist-packages/fake_ar_publisher
[0.388s] -- Up-to-date: /home/keerthibaalan/ROS2_Workspace/ros2industrial_ws/install/fake_ar_publisher/local/lib/python3.10/dist-packages/fake_ar_publisher/libfake_ar_publisher__rosidl_generator_py.so
[0.388s] -- Up-to-date: /home/keerthibaalan/ROS2_Workspace/ros2industrial_ws/install/fake_ar_publisher/local/lib/python3.10/dist-packages/fake_ar_publisher/_fake_ar_publisher_s.ep.rosidl_typesupport_c.c
[0.389s] -- Up-to-date: /home/keerthibaalan/ROS2_Workspace/ros2industrial_ws/install/fake_ar_publisher/local/lib/python3.10/dist-packages/fake_ar_publisher/fake_ar_publisher_s__rosidl_typesupport_fastrtps_c.cpython-310-x86_64-linux-gnu.so
[0.389s] -- Up-to-date: /home/keerthibaalan/ROS2_Workspace/ros2industrial_ws/install/fake_ar_publisher/local/lib/python3.10/dist-packages/fake_ar_publisher/msg
[0.389s] -- Up-to-date: /home/keerthibaalan/ROS2_Workspace/ros2industrial_ws/install/fake_ar_publisher/local/lib/python3.10/dist-packages/fake_ar_publisher/msg/_ar_marker.py
[0.389s] -- Up-to-date: /home/keerthibaalan/ROS2_Workspace/ros2industrial_ws/install/fake_ar_publisher/local/lib/python3.10/dist-packages/fake_ar_publisher/msg/_ar_marker_s.c
[0.389s] -- Up-to-date: /home/keerthibaalan/ROS2_Workspace/ros2industrial_ws/install/fake_ar_publisher/local/lib/python3.10/dist-packages/fake_ar_publisher/msg/__init__.py
[0.389s] -- Up-to-date: /home/keerthibaalan/ROS2_Workspace/ros2industrial_ws/install/fake_ar_publisher/local/lib/python3.10/dist-packages/fake_ar_publisher/fake_ar_publisher_s__rosidl_typesupport_c.cpython-310-x86_64-linux-gnu.so
[0.389s] -- Up-to-date: /home/keerthibaalan/ROS2_Workspace/ros2industrial_ws/install/fake_ar_publisher/local/lib/python3.10/dist-packages/fake_ar_publisher/__init__.py
[0.389s] -- Up-to-date: /home/keerthibaalan/ROS2_Workspace/ros2industrial_ws/install/fake_ar_publisher/local/lib/python3.10/dist-packages/fake_ar_publisher/_fake_ar_publisher_s.ep.rosidl_typesupport_fastrtps_c.c
[0.389s] -- Up-to-date: /home/keerthibaalan/ROS2_Workspace/ros2industrial_ws/install/fake_ar_publisher/local/lib/python3.10/dist-packages/fake_ar_publisher/_fake_ar_publisher_s.ep.rosidl_typesupport_introspection_c.c
[0.389s] -- Up-to-date: /home/keerthibaalan/ROS2_Workspace/ros2industrial_ws/install/fake_ar_publisher/local/lib/python3.10/dist-packages/fake_ar_publisher/fake_ar_publisher_s__rosidl_typesupport_introspection_c.cpython-310-x86_64-linux-gnu.so
[0.407s] Listing '/home/keerthibaalan/ROS2_Workspace/ros2industrial_ws/install/fake_ar_publisher/local/lib/python3.10/dist-packages/fake_ar_publisher'...
[0.407s] Listing '/home/keerthibaalan/ROS2_Workspace/ros2industrial_ws/install/fake_ar_publisher/local/lib/python3.10/dist-packages/fake_ar_publisher/msg'...
[0.410s] -- Up-to-date: /home/keerthibaalan/ROS2_Workspace/ros2industrial_ws/install/fake_ar_publisher/local/lib/python3.10/dist-packages/fake_ar_publisher/fake_ar_publisher_s__rosidl_typesupport_fastrtps_c.cpython-310-x86_64-linux-gnu.so
[0.410s] -- Up-to-date: /home/keerthibaalan/ROS2_Workspace/ros2industrial_ws/install/fake_ar_publisher/local/lib/python3.10/dist-packages/fake_ar_publisher/fake_ar_publisher_s__rosidl_typesupport_introspection_c.cpython-310-x86_64-linux-gnu.so
[0.410s] -- Up-to-date: /home/keerthibaalan/ROS2_Workspace/ros2industrial_ws/install/fake_ar_publisher/local/lib/python3.10/dist-packages/fake_ar_publisher/fake_ar_publisher_s__rosidl_typesupport_c.cpython-310-x86_64-linux-gnu.so
[0.410s] -- Up-to-date: /home/keerthibaalan/ROS2_Workspace/ros2industrial_ws/install/fake_ar_publisher/lib/libfake_ar_publisher__rosidl_generator_py.so
[0.410s] -- Up-to-date: /home/keerthibaalan/ROS2_Workspace/ros2industrial_ws/install/fake_ar_publisher/share/fake_ar_publisher/msg/ARMarker.idl
[0.410s] -- Up-to-date: /home/keerthibaalan/ROS2_Workspace/ros2industrial_ws/install/fake_ar_publisher/share/fake_ar_publisher/msg/ARMarker.msg
[0.410s] -- Up-to-date: /home/keerthibaalan/ROS2_Workspace/ros2industrial_ws/install/fake_ar_publisher/lib/fake_ar_publisher/fake_ar_publisher_node
[0.410s] -- Up-to-date: /home/keerthibaalan/ROS2_Workspace/ros2industrial_ws/install/fake_ar_publisher/share/ament_index/resource_index/package_run_dependencies/fake_ar_publisher
[0.410s] -- Up-to-date: /home/keerthibaalan/ROS2_Workspace/ros2industrial_ws/install/fake_ar_publisher/share/ament_index/resource_index/parent_prefix_path/fake_ar_publisher
[0.411s] -- Up-to-date: /home/keerthibaalan/ROS2_Workspace/ros2industrial_ws/install/fake_ar_publisher/share/fake_ar_publisher/environment/ament_prefix_path.sh
[0.411s] -- Up-to-date: /home/keerthibaalan/ROS2_Workspace/ros2industrial_ws/install/fake_ar_publisher/share/fake_ar_publisher/environment/ament_prefix_path.dsv
[0.411s] -- Up-to-date: /home/keerthibaalan/ROS2_Workspace/ros2industrial_ws/install/fake_ar_publisher/share/fake_ar_publisher/environment/path.sh
[0.411s] -- Up-to-date: /home/keerthibaalan/ROS2_Workspace/ros2industrial_ws/install/fake_ar_publisher/share/fake_ar_publisher/environment/path.dsv
[0.411s] -- Up-to-date: /home/keerthibaalan/ROS2_Workspace/ros2industrial_ws/install/fake_ar_publisher/share/fake_ar_publisher/local_setup.bash
[0.411s] -- Up-to-date: /home/keerthibaalan/ROS2_Workspace/ros2industrial_ws/install/fake_ar_publisher/share/fake_ar_publisher/local_setup.sh
[0.411s] -- Up-to-date: /home/keerthibaalan/ROS2_Workspace/ros2industrial_ws/install/fake_ar_publisher/share/fake_ar_publisher/local_setup.zsh
[0.411s] -- Up-to-date: /home/keerthibaalan/ROS2_Workspace/ros2industrial_ws/install/fake_ar_publisher/share/fake_ar_publisher/local_setup.dsv
[0.411s] -- Installing: /home/keerthibaalan/ROS2_Workspace/ros2industrial_ws/install/fake_ar_publisher/share/fake_ar_publisher/package.dsv
[0.411s] -- Up-to-date: /home/keerthibaalan/ROS2_Workspace/ros2industrial_ws/install/fake_ar_publisher/share/ament_index/resource_index/packages/fake_ar_publisher
[0.411s] -- Up-to-date: /home/keerthibaalan/ROS2_Workspace/ros2industrial_ws/install/fake_ar_publisher/share/fake_ar_publisher/cmake/export_fake_ar_publisher__rosidl_generator_cExport.cmake
[0.411s] -- Up-to-date: /home/keerthibaalan/ROS2_Workspace/ros2industrial_ws/install/fake_ar_publisher/share/fake_ar_publisher/cmake/export_fake_ar_publisher__rosidl_generator_cExport-noconfig.cmake
[0.411s] -- Up-to-date: /home/keerthibaalan/ROS2_Workspace/ros2industrial_ws/install/fake_ar_publisher/share/fake_ar_publisher/cmake/export_fake_ar_publisher__rosidl_typesupport_fastrtps_cExport.cmake
[0.411s] -- Up-to-date: /home/keerthibaalan/ROS2_Workspace/ros2industrial_ws/install/fake_ar_publisher/share/fake_ar_publisher/cmake/export_fake_ar_publisher__rosidl_typesupport_fastrtps_cExport-noconfig.cmake
[0.411s] -- Up-to-date: /home/keerthibaalan/ROS2_Workspace/ros2industrial_ws/install/fake_ar_publisher/share/fake_ar_publisher/cmake/export_fake_ar_publisher__rosidl_generator_cppExport.cmake
[0.411s] -- Up-to-date: /home/keerthibaalan/ROS2_Workspace/ros2industrial_ws/install/fake_ar_publisher/share/fake_ar_publisher/cmake/export_fake_ar_publisher__rosidl_typesupport_fastrtps_cppExport.cmake
[0.411s] -- Up-to-date: /home/keerthibaalan/ROS2_Workspace/ros2industrial_ws/install/fake_ar_publisher/share/fake_ar_publisher/cmake/export_fake_ar_publisher__rosidl_typesupport_fastrtps_cppExport-noconfig.cmake
[0.411s] -- Up-to-date: /home/keerthibaalan/ROS2_Workspace/ros2industrial_ws/install/fake_ar_publisher/share/fake_ar_publisher/cmake/fake_ar_publisher__rosidl_typesupport_introspection_cExport.cmake
[0.411s] -- Up-to-date: /home/keerthibaalan/ROS2_Workspace/ros2industrial_ws/install/fake_ar_publisher/share/fake_ar_publisher/cmake/fake_ar_publisher__rosidl_typesupport_introspection_cExport-noconfig.cmake
[0.411s] -- Up-to-date: /home/keerthibaalan/ROS2_Workspace/ros2industrial_ws/install/fake_ar_publisher/share/fake_ar_publisher/cmake/fake_ar_publisher__rosidl_typesupport_cExport.cmake
[0.412s] -- Up-to-date: /home/keerthibaalan/ROS2_Workspace/ros2industrial_ws/install/fake_ar_publisher/share/fake_ar_publisher/cmake/fake_ar_publisher__rosidl_typesupport_cExport-noconfig.cmake
[0.412s] -- Up-to-date: /home/keerthibaalan/ROS2_Workspace/ros2industrial_ws/install/fake_ar_publisher/share/fake_ar_publisher/cmake/fake_ar_publisher__rosidl_typesupport_introspection_cppExport.cmake
[0.412s] -- Up-to-date: /home/keerthibaalan/ROS2_Workspace/ros2industrial_ws/install/fake_ar_publisher/share/fake_ar_publisher/cmake/fake_ar_publisher__rosidl_typesupport_introspection_cppExport-noconfig.cmake
[0.412s] -- Up-to-date: /home/keerthibaalan/ROS2_Workspace/ros2industrial_ws/install/fake_ar_publisher/share/fake_ar_publisher/cmake/fake_ar_publisher__rosidl_typesupport_cppExport.cmake
[0.412s] -- Up-to-date: /home/keerthibaalan/ROS2_Workspace/ros2industrial_ws/install/fake_ar_publisher/share/fake_ar_publisher/cmake/fake_ar_publisher__rosidl_typesupport_cppExport-noconfig.cmake
[0.412s] -- Up-to-date: /home/keerthibaalan/ROS2_Workspace/ros2industrial_ws/install/fake_ar_publisher/share/fake_ar_publisher/cmake/export_fake_ar_publisher__rosidl_generator_pyExport.cmake
[0.412s] -- Up-to-date: /home/keerthibaalan/ROS2_Workspace/ros2industrial_ws/install/fake_ar_publisher/share/fake_ar_publisher/cmake/export_fake_ar_publisher__rosidl_generator_pyExport-noconfig.cmake
[0.412s] -- Up-to-date: /home/keerthibaalan/ROS2_Workspace/ros2industrial_ws/install/fake_ar_publisher/share/fake_ar_publisher/cmake/rosidl_cmake-extras.cmake
[0.412s] -- Up-to-date: /home/keerthibaalan/ROS2_Workspace/ros2industrial_ws/install/fake_ar_publisher/share/fake_ar_publisher/cmake/ament_cmake_export_dependencies-extras.cmake
[0.412s] -- Up-to-date: /home/keerthibaalan/ROS2_Workspace/ros2industrial_ws/install/fake_ar_publisher/share/fake_ar_publisher/cmake/ament_cmake_export_include_directories-extras.cmake
[0.412s] -- Up-to-date: /home/keerthibaalan/ROS2_Workspace/ros2industrial_ws/install/fake_ar_publisher/share/fake_ar_publisher/cmake/ament_cmake_export_libraries-extras.cmake
[0.412s] -- Up-to-date: /home/keerthibaalan/ROS2_Workspace/ros2industrial_ws/install/fake_ar_publisher/share/fake_ar_publisher/cmake/ament_cmake_export_targets-extras.cmake
[0.412s] -- Up-to-date: /home/keerthibaalan/ROS2_Workspace/ros2industrial_ws/install/fake_ar_publisher/share/fake_ar_publisher/cmake/rosidl_cmake_export_typesupport_targets-extras.cmake
[0.412s] -- Up-to-date: /home/keerthibaalan/ROS2_Workspace/ros2industrial_ws/install/fake_ar_publisher/share/fake_ar_publisher/cmake/rosidl_cmake_export_typesupport_libraries-extras.cmake
[0.412s] -- Up-to-date: /home/keerthibaalan/ROS2_Workspace/ros2industrial_ws/install/fake_ar_publisher/share/fake_ar_publisher/cmake/fake_ar_publisherConfig.cmake
[0.412s] -- Up-to-date: /home/keerthibaalan/ROS2_Workspace/ros2industrial_ws/install/fake_ar_publisher/share/fake_ar_publisher/cmake/fake_ar_publisherConfig-version.cmake
[0.412s] -- Up-to-date: /home/keerthibaalan/ROS2_Workspace/ros2industrial_ws/install/fake_ar_publisher/share/fake_ar_publisher/package.xml
[0.413s] Invoked command in '/home/keerthibaalan/ROS2_Workspace/ros2industrial_ws/build/fake_ar_publisher' returned '0': CMAKE_PREFIX_PATH=${CMAKE_PREFIX_PATH}:/home/keerthibaalan/ws_moveit/install/moveit_configs_utils:/opt/ros/humble /usr/bin/cmake --install /home/keerthibaalan/ROS2_Workspace/ros2industrial_ws/build/fake_ar_publisher
