[0.027s] Invoking command in '/home/keerthibaalan/ROS2_Workspace/arduinobot_ws/build/arduinobot_bringup': CMAKE_PREFIX_PATH=${CMAKE_PREFIX_PATH}:/home/keerthibaalan/ws_moveit/install/moveit_configs_utils:/opt/ros/humble /usr/bin/cmake --build /home/keerthibaalan/ROS2_Workspace/arduinobot_ws/build/arduinobot_bringup -- -j24 -l24
[0.052s] -- Found ament_cmake: 1.3.9 (/opt/ros/humble/share/ament_cmake/cmake)
[0.161s] -- Configuring done
[0.164s] -- Generating done
[0.165s] -- Build files have been written to: /home/keerthibaalan/ROS2_Workspace/arduinobot_ws/build/arduinobot_bringup
[0.187s] Invoked command in '/home/keerthibaalan/ROS2_Workspace/arduinobot_ws/build/arduinobot_bringup' returned '0': CMAKE_PREFIX_PATH=${CMAKE_PREFIX_PATH}:/home/keerthibaalan/ws_moveit/install/moveit_configs_utils:/opt/ros/humble /usr/bin/cmake --build /home/keerthibaalan/ROS2_Workspace/arduinobot_ws/build/arduinobot_bringup -- -j24 -l24
[0.226s] Invoking command in '/home/keerthibaalan/ROS2_Workspace/arduinobot_ws/build/arduinobot_bringup': CMAKE_PREFIX_PATH=${CMAKE_PREFIX_PATH}:/home/keerthibaalan/ws_moveit/install/moveit_configs_utils:/opt/ros/humble /usr/bin/cmake --install /home/keerthibaalan/ROS2_Workspace/arduinobot_ws/build/arduinobot_bringup
[0.234s] -- Install configuration: ""
[0.234s] -- Up-to-date: /home/keerthibaalan/ROS2_Workspace/arduinobot_ws/install/arduinobot_bringup/share/arduinobot_bringup/launch
[0.234s] -- Up-to-date: /home/keerthibaalan/ROS2_Workspace/arduinobot_ws/install/arduinobot_bringup/share/arduinobot_bringup/launch/real_robot.launch.py
[0.234s] -- Up-to-date: /home/keerthibaalan/ROS2_Workspace/arduinobot_ws/install/arduinobot_bringup/share/arduinobot_bringup/launch/simulated_robot.launch.py
[0.235s] -- Up-to-date: /home/keerthibaalan/ROS2_Workspace/arduinobot_ws/install/arduinobot_bringup/share/ament_index/resource_index/package_run_dependencies/arduinobot_bringup
[0.235s] -- Installing: /home/keerthibaalan/ROS2_Workspace/arduinobot_ws/install/arduinobot_bringup/share/ament_index/resource_index/parent_prefix_path/arduinobot_bringup
[0.235s] -- Installing: /home/keerthibaalan/ROS2_Workspace/arduinobot_ws/install/arduinobot_bringup/share/arduinobot_bringup/environment/ament_prefix_path.sh
[0.235s] -- Installing: /home/keerthibaalan/ROS2_Workspace/arduinobot_ws/install/arduinobot_bringup/share/arduinobot_bringup/environment/ament_prefix_path.dsv
[0.235s] -- Installing: /home/keerthibaalan/ROS2_Workspace/arduinobot_ws/install/arduinobot_bringup/share/arduinobot_bringup/environment/path.sh
[0.235s] -- Installing: /home/keerthibaalan/ROS2_Workspace/arduinobot_ws/install/arduinobot_bringup/share/arduinobot_bringup/environment/path.dsv
[0.235s] -- Up-to-date: /home/keerthibaalan/ROS2_Workspace/arduinobot_ws/install/arduinobot_bringup/share/arduinobot_bringup/local_setup.bash
[0.235s] -- Up-to-date: /home/keerthibaalan/ROS2_Workspace/arduinobot_ws/install/arduinobot_bringup/share/arduinobot_bringup/local_setup.sh
[0.235s] -- Up-to-date: /home/keerthibaalan/ROS2_Workspace/arduinobot_ws/install/arduinobot_bringup/share/arduinobot_bringup/local_setup.zsh
[0.235s] -- Installing: /home/keerthibaalan/ROS2_Workspace/arduinobot_ws/install/arduinobot_bringup/share/arduinobot_bringup/local_setup.dsv
[0.235s] -- Installing: /home/keerthibaalan/ROS2_Workspace/arduinobot_ws/install/arduinobot_bringup/share/arduinobot_bringup/package.dsv
[0.236s] -- Up-to-date: /home/keerthibaalan/ROS2_Workspace/arduinobot_ws/install/arduinobot_bringup/share/ament_index/resource_index/packages/arduinobot_bringup
[0.236s] -- Up-to-date: /home/keerthibaalan/ROS2_Workspace/arduinobot_ws/install/arduinobot_bringup/share/arduinobot_bringup/cmake/arduinobot_bringupConfig.cmake
[0.236s] -- Up-to-date: /home/keerthibaalan/ROS2_Workspace/arduinobot_ws/install/arduinobot_bringup/share/arduinobot_bringup/cmake/arduinobot_bringupConfig-version.cmake
[0.236s] -- Up-to-date: /home/keerthibaalan/ROS2_Workspace/arduinobot_ws/install/arduinobot_bringup/share/arduinobot_bringup/package.xml
[0.237s] Invoked command in '/home/keerthibaalan/ROS2_Workspace/arduinobot_ws/build/arduinobot_bringup' returned '0': CMAKE_PREFIX_PATH=${CMAKE_PREFIX_PATH}:/home/keerthibaalan/ws_moveit/install/moveit_configs_utils:/opt/ros/humble /usr/bin/cmake --install /home/keerthibaalan/ROS2_Workspace/arduinobot_ws/build/arduinobot_bringup
