-- Install configuration: ""
-- Up-to-date: /home/ros/ws_microros/install/asrs_arm/share/asrs_arm/launch
-- Up-to-date: /home/ros/ws_microros/install/asrs_arm/share/asrs_arm/launch/gazebo.launch
-- Installing: /home/ros/ws_microros/install/asrs_arm/share/asrs_arm/launch/python_display.launch.py
-- Up-to-date: /home/ros/ws_microros/install/asrs_arm/share/asrs_arm/launch/display.launch
-- Up-to-date: /home/ros/ws_microros/install/asrs_arm/share/asrs_arm/meshes
-- Up-to-date: /home/ros/ws_microros/install/asrs_arm/share/asrs_arm/meshes/link_3.STL
-- Up-to-date: /home/ros/ws_microros/install/asrs_arm/share/asrs_arm/meshes/link_1.STL
-- Up-to-date: /home/ros/ws_microros/install/asrs_arm/share/asrs_arm/meshes/link_4.STL
-- Up-to-date: /home/ros/ws_microros/install/asrs_arm/share/asrs_arm/meshes/link_2.STL
-- Up-to-date: /home/ros/ws_microros/install/asrs_arm/share/asrs_arm/urdf
-- Up-to-date: /home/ros/ws_microros/install/asrs_arm/share/asrs_arm/urdf/asrs.csv
-- Up-to-date: /home/ros/ws_microros/install/asrs_arm/share/asrs_arm/urdf/asrs_arm.urdf.xacro
-- Up-to-date: /home/ros/ws_microros/install/asrs_arm/share/ament_index/resource_index/package_run_dependencies/asrs_arm
-- Up-to-date: /home/ros/ws_microros/install/asrs_arm/share/ament_index/resource_index/parent_prefix_path/asrs_arm
-- Up-to-date: /home/ros/ws_microros/install/asrs_arm/share/asrs_arm/environment/ament_prefix_path.sh
-- Up-to-date: /home/ros/ws_microros/install/asrs_arm/share/asrs_arm/environment/ament_prefix_path.dsv
-- Up-to-date: /home/ros/ws_microros/install/asrs_arm/share/asrs_arm/environment/path.sh
-- Up-to-date: /home/ros/ws_microros/install/asrs_arm/share/asrs_arm/environment/path.dsv
-- Up-to-date: /home/ros/ws_microros/install/asrs_arm/share/asrs_arm/local_setup.bash
-- Up-to-date: /home/ros/ws_microros/install/asrs_arm/share/asrs_arm/local_setup.sh
-- Up-to-date: /home/ros/ws_microros/install/asrs_arm/share/asrs_arm/local_setup.zsh
-- Up-to-date: /home/ros/ws_microros/install/asrs_arm/share/asrs_arm/local_setup.dsv
-- Up-to-date: /home/ros/ws_microros/install/asrs_arm/share/asrs_arm/package.dsv
-- Up-to-date: /home/ros/ws_microros/install/asrs_arm/share/ament_index/resource_index/packages/asrs_arm
-- Up-to-date: /home/ros/ws_microros/install/asrs_arm/share/asrs_arm/cmake/asrs_armConfig.cmake
-- Up-to-date: /home/ros/ws_microros/install/asrs_arm/share/asrs_arm/cmake/asrs_armConfig-version.cmake
-- Up-to-date: /home/ros/ws_microros/install/asrs_arm/share/asrs_arm/package.xml
