[0.164s] Invoking command in '/home/ros/ws_microros/build/asrs_description': CMAKE_PREFIX_PATH=${CMAKE_PREFIX_PATH}:/opt/ros/humble /usr/bin/cmake --build /home/ros/ws_microros/build/asrs_description -- -j12 -l12
[0.386s] Invoked command in '/home/ros/ws_microros/build/asrs_description' returned '0': CMAKE_PREFIX_PATH=${CMAKE_PREFIX_PATH}:/opt/ros/humble /usr/bin/cmake --build /home/ros/ws_microros/build/asrs_description -- -j12 -l12
[0.559s] Invoking command in '/home/ros/ws_microros/build/asrs_description': CMAKE_PREFIX_PATH=${CMAKE_PREFIX_PATH}:/opt/ros/humble /usr/bin/cmake --install /home/ros/ws_microros/build/asrs_description
[0.733s] -- Install configuration: ""
[0.734s] -- Up-to-date: /home/ros/ws_microros/install/asrs_description/share/asrs_description/config
[0.734s] -- Up-to-date: /home/ros/ws_microros/install/asrs_description/share/asrs_description/config/display.rviz
[0.734s] -- Up-to-date: /home/ros/ws_microros/install/asrs_description/share/asrs_description/launch
[0.734s] -- Up-to-date: /home/ros/ws_microros/install/asrs_description/share/asrs_description/launch/gazebo.launch.py
[0.735s] -- Up-to-date: /home/ros/ws_microros/install/asrs_description/share/asrs_description/launch/rviz.launch.py
[0.735s] -- Up-to-date: /home/ros/ws_microros/install/asrs_description/share/asrs_description/urdf
[0.735s] -- Up-to-date: /home/ros/ws_microros/install/asrs_description/share/asrs_description/urdf/asrs_robot.urdf.xacro
[0.735s] -- Up-to-date: /home/ros/ws_microros/install/asrs_description/share/asrs_description/urdf/asrs_gazebo.xacro
[0.735s] -- Up-to-date: /home/ros/ws_microros/install/asrs_description/share/asrs_description/urdf/asrs_ros2_control.xacro
[0.735s] -- Up-to-date: /home/ros/ws_microros/install/asrs_description/share/ament_index/resource_index/package_run_dependencies/asrs_description
[0.735s] -- Up-to-date: /home/ros/ws_microros/install/asrs_description/share/ament_index/resource_index/parent_prefix_path/asrs_description
[0.735s] -- Up-to-date: /home/ros/ws_microros/install/asrs_description/share/asrs_description/environment/ament_prefix_path.sh
[0.741s] -- Up-to-date: /home/ros/ws_microros/install/asrs_description/share/asrs_description/environment/ament_prefix_path.dsv
[0.741s] -- Up-to-date: /home/ros/ws_microros/install/asrs_description/share/asrs_description/environment/path.sh
[0.741s] -- Up-to-date: /home/ros/ws_microros/install/asrs_description/share/asrs_description/environment/path.dsv
[0.741s] -- Up-to-date: /home/ros/ws_microros/install/asrs_description/share/asrs_description/local_setup.bash
[0.741s] -- Up-to-date: /home/ros/ws_microros/install/asrs_description/share/asrs_description/local_setup.sh
[0.741s] -- Up-to-date: /home/ros/ws_microros/install/asrs_description/share/asrs_description/local_setup.zsh
[0.741s] -- Up-to-date: /home/ros/ws_microros/install/asrs_description/share/asrs_description/local_setup.dsv
[0.741s] -- Up-to-date: /home/ros/ws_microros/install/asrs_description/share/asrs_description/package.dsv
[0.742s] -- Up-to-date: /home/ros/ws_microros/install/asrs_description/share/ament_index/resource_index/packages/asrs_description
[0.742s] -- Up-to-date: /home/ros/ws_microros/install/asrs_description/share/asrs_description/cmake/asrs_descriptionConfig.cmake
[0.742s] -- Up-to-date: /home/ros/ws_microros/install/asrs_description/share/asrs_description/cmake/asrs_descriptionConfig-version.cmake
[0.743s] -- Up-to-date: /home/ros/ws_microros/install/asrs_description/share/asrs_description/package.xml
[0.757s] Invoked command in '/home/ros/ws_microros/build/asrs_description' returned '0': CMAKE_PREFIX_PATH=${CMAKE_PREFIX_PATH}:/opt/ros/humble /usr/bin/cmake --install /home/ros/ws_microros/build/asrs_description
