[0.024s] Invoking command in '/home/keerthibaalan/ROS2_Workspace/ws_microros/build/asrs_arm': CMAKE_PREFIX_PATH=${CMAKE_PREFIX_PATH}:/home/keerthibaalan/ws_moveit2/install/moveit_configs_utils:/home/keerthibaalan/ws_moveit2/install/launch_param_builder:/home/keerthibaalan/ws_moveit/install/moveit_configs_utils:/opt/ros/humble /usr/bin/cmake /home/keerthibaalan/ROS2_Workspace/ws_microros/src/asrs_arm -DCMAKE_INSTALL_PREFIX=/home/keerthibaalan/ROS2_Workspace/ws_microros/install/asrs_arm
[0.093s] -- The C compiler identification is GNU 11.4.0
[0.141s] -- The CXX compiler identification is GNU 11.4.0
[0.150s] -- Detecting C compiler ABI info
[0.236s] -- Detecting C compiler ABI info - done
[0.240s] -- Check for working C compiler: /usr/bin/cc - skipped
[0.240s] -- Detecting C compile features
[0.240s] -- Detecting C compile features - done
[0.242s] -- Detecting CXX compiler ABI info
[0.334s] -- Detecting CXX compiler ABI info - done
[0.338s] -- Check for working CXX compiler: /usr/bin/c++ - skipped
[0.338s] -- Detecting CXX compile features
[0.338s] -- Detecting CXX compile features - done
[0.354s] -- Found ament_cmake: 1.3.8 (/opt/ros/humble/share/ament_cmake/cmake)
[0.494s] -- Found Python3: /usr/bin/python3 (found version "3.10.12") found components: Interpreter 
[0.699s] -- Found ament_lint_auto: 0.12.10 (/opt/ros/humble/share/ament_lint_auto/cmake)
[0.824s] -- Added test 'flake8' to check Python code syntax and style conventions
[0.825s] -- Added test 'lint_cmake' to check CMake code style
[0.827s] -- Added test 'pep257' to check Python code against some of the docstring style conventions in PEP 257
[0.829s] -- Added test 'xmllint' to check XML markup files
[0.832s] -- Configuring done
[0.834s] -- Generating done
[0.835s] -- Build files have been written to: /home/keerthibaalan/ROS2_Workspace/ws_microros/build/asrs_arm
[0.840s] Invoked command in '/home/keerthibaalan/ROS2_Workspace/ws_microros/build/asrs_arm' returned '0': CMAKE_PREFIX_PATH=${CMAKE_PREFIX_PATH}:/home/keerthibaalan/ws_moveit2/install/moveit_configs_utils:/home/keerthibaalan/ws_moveit2/install/launch_param_builder:/home/keerthibaalan/ws_moveit/install/moveit_configs_utils:/opt/ros/humble /usr/bin/cmake /home/keerthibaalan/ROS2_Workspace/ws_microros/src/asrs_arm -DCMAKE_INSTALL_PREFIX=/home/keerthibaalan/ROS2_Workspace/ws_microros/install/asrs_arm
[0.841s] Invoking command in '/home/keerthibaalan/ROS2_Workspace/ws_microros/build/asrs_arm': CMAKE_PREFIX_PATH=${CMAKE_PREFIX_PATH}:/home/keerthibaalan/ws_moveit2/install/moveit_configs_utils:/home/keerthibaalan/ws_moveit2/install/launch_param_builder:/home/keerthibaalan/ws_moveit/install/moveit_configs_utils:/opt/ros/humble /usr/bin/cmake --build /home/keerthibaalan/ROS2_Workspace/ws_microros/build/asrs_arm -- -j24 -l24
[0.896s] Invoked command in '/home/keerthibaalan/ROS2_Workspace/ws_microros/build/asrs_arm' returned '0': CMAKE_PREFIX_PATH=${CMAKE_PREFIX_PATH}:/home/keerthibaalan/ws_moveit2/install/moveit_configs_utils:/home/keerthibaalan/ws_moveit2/install/launch_param_builder:/home/keerthibaalan/ws_moveit/install/moveit_configs_utils:/opt/ros/humble /usr/bin/cmake --build /home/keerthibaalan/ROS2_Workspace/ws_microros/build/asrs_arm -- -j24 -l24
[0.956s] Invoking command in '/home/keerthibaalan/ROS2_Workspace/ws_microros/build/asrs_arm': CMAKE_PREFIX_PATH=${CMAKE_PREFIX_PATH}:/home/keerthibaalan/ws_moveit2/install/moveit_configs_utils:/home/keerthibaalan/ws_moveit2/install/launch_param_builder:/home/keerthibaalan/ws_moveit/install/moveit_configs_utils:/opt/ros/humble /usr/bin/cmake --install /home/keerthibaalan/ROS2_Workspace/ws_microros/build/asrs_arm
[0.970s] -- Install configuration: ""
[0.970s] -- Installing: /home/keerthibaalan/ROS2_Workspace/ws_microros/install/asrs_arm/share/asrs_arm/config
[0.970s] -- Installing: /home/keerthibaalan/ROS2_Workspace/ws_microros/install/asrs_arm/share/asrs_arm/config/display.rviz
[0.970s] -- Installing: /home/keerthibaalan/ROS2_Workspace/ws_microros/install/asrs_arm/share/asrs_arm/config/joint_names_asrs.yaml
[0.970s] -- Installing: /home/keerthibaalan/ROS2_Workspace/ws_microros/install/asrs_arm/share/asrs_arm/launch
[0.970s] -- Installing: /home/keerthibaalan/ROS2_Workspace/ws_microros/install/asrs_arm/share/asrs_arm/launch/rviz.launch.py
[0.970s] -- Installing: /home/keerthibaalan/ROS2_Workspace/ws_microros/install/asrs_arm/share/asrs_arm/launch/gazebo.launch.py
[0.971s] -- Installing: /home/keerthibaalan/ROS2_Workspace/ws_microros/install/asrs_arm/share/asrs_arm/meshes
[0.971s] -- Installing: /home/keerthibaalan/ROS2_Workspace/ws_microros/install/asrs_arm/share/asrs_arm/meshes/link_4.STL
[0.971s] -- Installing: /home/keerthibaalan/ROS2_Workspace/ws_microros/install/asrs_arm/share/asrs_arm/meshes/link_3.STL
[0.972s] -- Installing: /home/keerthibaalan/ROS2_Workspace/ws_microros/install/asrs_arm/share/asrs_arm/meshes/link_1.STL
[0.973s] -- Installing: /home/keerthibaalan/ROS2_Workspace/ws_microros/install/asrs_arm/share/asrs_arm/meshes/link_2.STL
[0.978s] -- Installing: /home/keerthibaalan/ROS2_Workspace/ws_microros/install/asrs_arm/share/asrs_arm/urdf
[0.978s] -- Installing: /home/keerthibaalan/ROS2_Workspace/ws_microros/install/asrs_arm/share/asrs_arm/urdf/asrs_arm.urdf.xacro
[0.978s] -- Installing: /home/keerthibaalan/ROS2_Workspace/ws_microros/install/asrs_arm/share/asrs_arm/urdf/asrs.csv
[0.978s] -- Installing: /home/keerthibaalan/ROS2_Workspace/ws_microros/install/asrs_arm/share/ament_index/resource_index/package_run_dependencies/asrs_arm
[0.978s] -- Installing: /home/keerthibaalan/ROS2_Workspace/ws_microros/install/asrs_arm/share/ament_index/resource_index/parent_prefix_path/asrs_arm
[0.978s] -- Installing: /home/keerthibaalan/ROS2_Workspace/ws_microros/install/asrs_arm/share/asrs_arm/environment/ament_prefix_path.sh
[0.978s] -- Installing: /home/keerthibaalan/ROS2_Workspace/ws_microros/install/asrs_arm/share/asrs_arm/environment/ament_prefix_path.dsv
[0.978s] -- Installing: /home/keerthibaalan/ROS2_Workspace/ws_microros/install/asrs_arm/share/asrs_arm/environment/path.sh
[0.978s] -- Installing: /home/keerthibaalan/ROS2_Workspace/ws_microros/install/asrs_arm/share/asrs_arm/environment/path.dsv
[0.978s] -- Installing: /home/keerthibaalan/ROS2_Workspace/ws_microros/install/asrs_arm/share/asrs_arm/local_setup.bash
[0.979s] -- Installing: /home/keerthibaalan/ROS2_Workspace/ws_microros/install/asrs_arm/share/asrs_arm/local_setup.sh
[0.979s] -- Installing: /home/keerthibaalan/ROS2_Workspace/ws_microros/install/asrs_arm/share/asrs_arm/local_setup.zsh
[0.979s] -- Installing: /home/keerthibaalan/ROS2_Workspace/ws_microros/install/asrs_arm/share/asrs_arm/local_setup.dsv
[0.979s] -- Installing: /home/keerthibaalan/ROS2_Workspace/ws_microros/install/asrs_arm/share/asrs_arm/package.dsv
[0.979s] -- Installing: /home/keerthibaalan/ROS2_Workspace/ws_microros/install/asrs_arm/share/ament_index/resource_index/packages/asrs_arm
[0.979s] -- Installing: /home/keerthibaalan/ROS2_Workspace/ws_microros/install/asrs_arm/share/asrs_arm/cmake/asrs_armConfig.cmake
[0.979s] -- Installing: /home/keerthibaalan/ROS2_Workspace/ws_microros/install/asrs_arm/share/asrs_arm/cmake/asrs_armConfig-version.cmake
[0.979s] -- Installing: /home/keerthibaalan/ROS2_Workspace/ws_microros/install/asrs_arm/share/asrs_arm/package.xml
[0.983s] Invoked command in '/home/keerthibaalan/ROS2_Workspace/ws_microros/build/asrs_arm' returned '0': CMAKE_PREFIX_PATH=${CMAKE_PREFIX_PATH}:/home/keerthibaalan/ws_moveit2/install/moveit_configs_utils:/home/keerthibaalan/ws_moveit2/install/launch_param_builder:/home/keerthibaalan/ws_moveit/install/moveit_configs_utils:/opt/ros/humble /usr/bin/cmake --install /home/keerthibaalan/ROS2_Workspace/ws_microros/build/asrs_arm
