[0.085s] Invoking command in '/home/ros/ws_microros/build/asrs_controller': CMAKE_PREFIX_PATH=/opt/ros/humble /usr/bin/cmake /home/ros/ws_microros/src/asrs_controller -DCMAKE_INSTALL_PREFIX=/home/ros/ws_microros/install/asrs_controller
[0.223s] -- The C compiler identification is GNU 11.4.0
[0.318s] -- The CXX compiler identification is GNU 11.4.0
[0.327s] -- Detecting C compiler ABI info
[0.372s] -- Detecting C compiler ABI info - done
[0.376s] -- Check for working C compiler: /usr/bin/cc - skipped
[0.378s] -- Detecting C compile features
[0.379s] -- Detecting C compile features - done
[0.383s] -- Detecting CXX compiler ABI info
[0.430s] -- Detecting CXX compiler ABI info - done
[0.434s] -- Check for working CXX compiler: /usr/bin/c++ - skipped
[0.435s] -- Detecting CXX compile features
[0.435s] -- Detecting CXX compile features - done
[0.441s] -- Found ament_cmake: 1.3.6 (/opt/ros/humble/share/ament_cmake/cmake)
[0.538s] -- Found Python3: /usr/bin/python3.10 (found version "3.10.12") found components: Interpreter 
[0.602s] -- Found ament_lint_auto: 0.12.9 (/opt/ros/humble/share/ament_lint_auto/cmake)
[0.653s] -- Added test 'lint_cmake' to check CMake code style
[0.654s] -- Added test 'xmllint' to check XML markup files
[0.655s] -- Configuring done
[0.656s] -- Generating done
[0.657s] -- Build files have been written to: /home/ros/ws_microros/build/asrs_controller
[0.663s] Invoked command in '/home/ros/ws_microros/build/asrs_controller' returned '0': CMAKE_PREFIX_PATH=/opt/ros/humble /usr/bin/cmake /home/ros/ws_microros/src/asrs_controller -DCMAKE_INSTALL_PREFIX=/home/ros/ws_microros/install/asrs_controller
[0.664s] Invoking command in '/home/ros/ws_microros/build/asrs_controller': CMAKE_PREFIX_PATH=/opt/ros/humble /usr/bin/cmake --build /home/ros/ws_microros/build/asrs_controller -- -j16 -l16
[0.682s] Invoked command in '/home/ros/ws_microros/build/asrs_controller' returned '0': CMAKE_PREFIX_PATH=/opt/ros/humble /usr/bin/cmake --build /home/ros/ws_microros/build/asrs_controller -- -j16 -l16
[0.701s] Invoking command in '/home/ros/ws_microros/build/asrs_controller': CMAKE_PREFIX_PATH=/opt/ros/humble /usr/bin/cmake --install /home/ros/ws_microros/build/asrs_controller
[0.705s] -- Install configuration: ""
[0.707s] -- Installing: /home/ros/ws_microros/install/asrs_controller/share/ament_index/resource_index/package_run_dependencies/asrs_controller
[0.707s] -- Installing: /home/ros/ws_microros/install/asrs_controller/share/ament_index/resource_index/parent_prefix_path/asrs_controller
[0.707s] -- Installing: /home/ros/ws_microros/install/asrs_controller/share/asrs_controller/environment/ament_prefix_path.sh
[0.707s] -- Installing: /home/ros/ws_microros/install/asrs_controller/share/asrs_controller/environment/ament_prefix_path.dsv
[0.707s] -- Installing: /home/ros/ws_microros/install/asrs_controller/share/asrs_controller/environment/path.sh
[0.707s] -- Installing: /home/ros/ws_microros/install/asrs_controller/share/asrs_controller/environment/path.dsv
[0.707s] -- Installing: /home/ros/ws_microros/install/asrs_controller/share/asrs_controller/local_setup.bash
[0.707s] -- Installing: /home/ros/ws_microros/install/asrs_controller/share/asrs_controller/local_setup.sh
[0.707s] -- Installing: /home/ros/ws_microros/install/asrs_controller/share/asrs_controller/local_setup.zsh
[0.707s] -- Installing: /home/ros/ws_microros/install/asrs_controller/share/asrs_controller/local_setup.dsv
[0.707s] -- Installing: /home/ros/ws_microros/install/asrs_controller/share/asrs_controller/package.dsv
[0.707s] -- Installing: /home/ros/ws_microros/install/asrs_controller/share/ament_index/resource_index/packages/asrs_controller
[0.707s] -- Installing: /home/ros/ws_microros/install/asrs_controller/share/asrs_controller/cmake/asrs_controllerConfig.cmake
[0.707s] -- Installing: /home/ros/ws_microros/install/asrs_controller/share/asrs_controller/cmake/asrs_controllerConfig-version.cmake
[0.707s] -- Installing: /home/ros/ws_microros/install/asrs_controller/share/asrs_controller/package.xml
[0.804s] Invoked command in '/home/ros/ws_microros/build/asrs_controller' returned '0': CMAKE_PREFIX_PATH=/opt/ros/humble /usr/bin/cmake --install /home/ros/ws_microros/build/asrs_controller
