[0.058s] Invoking command in '/home/ros/ws_microros/build/asrs_gripper': CMAKE_PREFIX_PATH=${CMAKE_PREFIX_PATH}:/opt/ros/humble /usr/bin/cmake --build /home/ros/ws_microros/build/asrs_gripper -- -j16 -l16
[0.074s] Invoked command in '/home/ros/ws_microros/build/asrs_gripper' returned '0': CMAKE_PREFIX_PATH=${CMAKE_PREFIX_PATH}:/opt/ros/humble /usr/bin/cmake --build /home/ros/ws_microros/build/asrs_gripper -- -j16 -l16
[0.088s] Invoking command in '/home/ros/ws_microros/build/asrs_gripper': CMAKE_PREFIX_PATH=${CMAKE_PREFIX_PATH}:/opt/ros/humble /usr/bin/cmake --install /home/ros/ws_microros/build/asrs_gripper
[0.099s] -- Install configuration: ""
[0.099s] -- Up-to-date: /home/ros/ws_microros/install/asrs_gripper/share/ament_index/resource_index/package_run_dependencies/asrs_gripper
[0.099s] -- Up-to-date: /home/ros/ws_microros/install/asrs_gripper/share/ament_index/resource_index/parent_prefix_path/asrs_gripper
[0.099s] -- Up-to-date: /home/ros/ws_microros/install/asrs_gripper/share/asrs_gripper/environment/ament_prefix_path.sh
[0.099s] -- Up-to-date: /home/ros/ws_microros/install/asrs_gripper/share/asrs_gripper/environment/ament_prefix_path.dsv
[0.099s] -- Up-to-date: /home/ros/ws_microros/install/asrs_gripper/share/asrs_gripper/environment/path.sh
[0.099s] -- Up-to-date: /home/ros/ws_microros/install/asrs_gripper/share/asrs_gripper/environment/path.dsv
[0.100s] -- Up-to-date: /home/ros/ws_microros/install/asrs_gripper/share/asrs_gripper/local_setup.bash
[0.100s] -- Up-to-date: /home/ros/ws_microros/install/asrs_gripper/share/asrs_gripper/local_setup.sh
[0.100s] -- Up-to-date: /home/ros/ws_microros/install/asrs_gripper/share/asrs_gripper/local_setup.zsh
[0.100s] -- Up-to-date: /home/ros/ws_microros/install/asrs_gripper/share/asrs_gripper/local_setup.dsv
[0.100s] -- Installing: /home/ros/ws_microros/install/asrs_gripper/share/asrs_gripper/package.dsv
[0.100s] -- Up-to-date: /home/ros/ws_microros/install/asrs_gripper/share/ament_index/resource_index/packages/asrs_gripper
[0.100s] -- Up-to-date: /home/ros/ws_microros/install/asrs_gripper/share/asrs_gripper/cmake/asrs_gripperConfig.cmake
[0.100s] -- Up-to-date: /home/ros/ws_microros/install/asrs_gripper/share/asrs_gripper/cmake/asrs_gripperConfig-version.cmake
[0.100s] -- Up-to-date: /home/ros/ws_microros/install/asrs_gripper/share/asrs_gripper/package.xml
[0.145s] Invoked command in '/home/ros/ws_microros/build/asrs_gripper' returned '0': CMAKE_PREFIX_PATH=${CMAKE_PREFIX_PATH}:/opt/ros/humble /usr/bin/cmake --install /home/ros/ws_microros/build/asrs_gripper
