-- Found ament_cmake: 1.3.9 (/opt/ros/humble/share/ament_cmake/cmake)
-- Found rclcpp: 16.0.9 (/opt/ros/humble/share/rclcpp/cmake)
-- Found rosidl_generator_c: 3.1.5 (/opt/ros/humble/share/rosidl_generator_c/cmake)
-- Found rosidl_adapter: 3.1.5 (/opt/ros/humble/share/rosidl_adapter/cmake)
-- Found rosidl_generator_cpp: 3.1.5 (/opt/ros/humble/share/rosidl_generator_cpp/cmake)
-- Using all available rosidl_typesupport_c: rosidl_typesupport_fastrtps_c;rosidl_typesupport_introspection_c
-- Using all available rosidl_typesupport_cpp: rosidl_typesupport_fastrtps_cpp;rosidl_typesupport_introspection_cpp
-- Found rmw_implementation_cmake: 6.1.2 (/opt/ros/humble/share/rmw_implementation_cmake/cmake)
-- Found rmw_cyclonedds_cpp: 1.3.4 (/opt/ros/humble/share/rmw_cyclonedds_cpp/cmake)
-- Using RMW implementation 'rmw_cyclonedds_cpp' as default
-- Found fake_ar_publisher: 0.0.0 (/home/keerthibaalan/ROS2_Workspace/ros2industrial_ws/install/fake_ar_publisher/share/fake_ar_publisher/cmake)
-- Found rosidl_default_generators: 1.2.0 (/opt/ros/humble/share/rosidl_default_generators/cmake)
-- Found ament_cmake_ros: 0.10.0 (/opt/ros/humble/share/ament_cmake_ros/cmake)
-- Using all available rosidl_typesupport_c: rosidl_typesupport_fastrtps_c;rosidl_typesupport_introspection_c
-- Using all available rosidl_typesupport_cpp: rosidl_typesupport_fastrtps_cpp;rosidl_typesupport_introspection_cpp
-- Found PythonInterp: /usr/bin/python3 (found suitable version "3.10.12", minimum required is "3.6") 
-- Found python_cmake_module: 0.10.0 (/opt/ros/humble/share/python_cmake_module/cmake)
-- Found PythonLibs: /usr/lib/x86_64-linux-gnu/libpython3.10.so (found suitable version "3.10.12", minimum required is "3.5") 
-- Using PYTHON_EXECUTABLE: /usr/bin/python3
-- Using PYTHON_INCLUDE_DIRS: /usr/include/python3.10
-- Using PYTHON_LIBRARIES: /usr/lib/x86_64-linux-gnu/libpython3.10.so
-- Found PythonExtra: .so  
-- Found ament_lint_auto: 0.12.11 (/opt/ros/humble/share/ament_lint_auto/cmake)
-- Added test 'cppcheck' to perform static code analysis on C / C++ code
-- Configured cppcheck include dirs: 
-- Configured cppcheck exclude dirs and/or files: 
-- Added test 'lint_cmake' to check CMake code style
-- Added test 'uncrustify' to check C / C++ code style
-- Configured uncrustify additional arguments: 
-- Added test 'xmllint' to check XML markup files
-- Configuring done
-- Generating done
-- Build files have been written to: /home/keerthibaalan/ROS2_Workspace/ros2industrial_ws/build/myworkcell_core
[  3%] [34m[1mGenerating C code for ROS interfaces[0m
[  6%] [34m[1mGenerating C++ code for ROS interfaces[0m
[  6%] Built target ament_cmake_python_copy_myworkcell_core
[  6%] Built target myworkcell_core__cpp
running egg_info
creating myworkcell_core.egg-info
writing myworkcell_core.egg-info/PKG-INFO
writing dependency_links to myworkcell_core.egg-info/dependency_links.txt
writing top-level names to myworkcell_core.egg-info/top_level.txt
writing manifest file 'myworkcell_core.egg-info/SOURCES.txt'
reading manifest file 'myworkcell_core.egg-info/SOURCES.txt'
writing manifest file 'myworkcell_core.egg-info/SOURCES.txt'
[  9%] [32mBuilding C object CMakeFiles/myworkcell_core__rosidl_generator_c.dir/rosidl_generator_c/myworkcell_core/srv/detail/localize_part__functions.c.o[0m
[ 15%] [34m[1mGenerating C++ type support for eProsima Fast-RTPS[0m
[ 15%] [34m[1mGenerating C++ type support dispatch for ROS interfaces[0m
[ 18%] [34m[1mGenerating C++ introspection for ROS interfaces[0m
[ 18%] Built target ament_cmake_python_build_myworkcell_core_egg
[ 21%] [32m[1mLinking C shared library libmyworkcell_core__rosidl_generator_c.so[0m
[ 21%] Built target myworkcell_core__rosidl_generator_c
[ 27%] [34m[1mGenerating C type support dispatch for ROS interfaces[0m
[ 27%] [34m[1mGenerating C type support for eProsima Fast-RTPS[0m
[ 30%] [34m[1mGenerating C introspection for ROS interfaces[0m
[ 33%] [32mBuilding CXX object CMakeFiles/myworkcell_core__rosidl_typesupport_cpp.dir/rosidl_typesupport_cpp/myworkcell_core/srv/localize_part__type_support.cpp.o[0m
[ 36%] [32mBuilding CXX object CMakeFiles/myworkcell_core__rosidl_typesupport_fastrtps_cpp.dir/rosidl_typesupport_fastrtps_cpp/myworkcell_core/srv/detail/dds_fastrtps/localize_part__type_support.cpp.o[0m
[ 39%] [32mBuilding CXX object CMakeFiles/myworkcell_core__rosidl_typesupport_introspection_cpp.dir/rosidl_typesupport_introspection_cpp/myworkcell_core/srv/detail/localize_part__type_support.cpp.o[0m
[ 42%] [32mBuilding CXX object CMakeFiles/myworkcell_core__rosidl_typesupport_c.dir/rosidl_typesupport_c/myworkcell_core/srv/localize_part__type_support.cpp.o[0m
[ 48%] [32mBuilding C object CMakeFiles/myworkcell_core__rosidl_typesupport_introspection_c.dir/rosidl_typesupport_introspection_c/myworkcell_core/srv/detail/localize_part__type_support.c.o[0m
[ 48%] [32mBuilding CXX object CMakeFiles/myworkcell_core__rosidl_typesupport_fastrtps_c.dir/rosidl_typesupport_fastrtps_c/myworkcell_core/srv/detail/localize_part__type_support_c.cpp.o[0m
[ 51%] [32m[1mLinking CXX shared library libmyworkcell_core__rosidl_typesupport_c.so[0m
[ 54%] [32m[1mLinking CXX shared library libmyworkcell_core__rosidl_typesupport_cpp.so[0m
[ 57%] [32m[1mLinking C shared library libmyworkcell_core__rosidl_typesupport_introspection_c.so[0m
[ 57%] Built target myworkcell_core__rosidl_typesupport_c
[ 57%] Built target myworkcell_core__rosidl_typesupport_introspection_c
[ 57%] Built target myworkcell_core__rosidl_typesupport_cpp
[35m[1mConsolidate compiler generated dependencies of target vision_node[0m
[ 60%] [32m[1mLinking CXX shared library libmyworkcell_core__rosidl_typesupport_introspection_cpp.so[0m
[ 63%] [32m[1mLinking CXX shared library libmyworkcell_core__rosidl_typesupport_fastrtps_cpp.so[0m
[ 66%] [32mBuilding CXX object CMakeFiles/vision_node.dir/src/vision_node.cpp.o[0m
[ 66%] Built target myworkcell_core__rosidl_typesupport_introspection_cpp
[ 66%] Built target myworkcell_core__rosidl_typesupport_fastrtps_cpp
[ 69%] [32m[1mLinking CXX shared library libmyworkcell_core__rosidl_typesupport_fastrtps_c.so[0m
[ 69%] Built target myworkcell_core__rosidl_typesupport_fastrtps_c
[ 69%] Built target myworkcell_core
[ 72%] [34m[1mGenerating Python code for ROS interfaces[0m
[ 72%] Built target myworkcell_core__py
[ 75%] [32mBuilding C object CMakeFiles/myworkcell_core__rosidl_generator_py.dir/rosidl_generator_py/myworkcell_core/srv/_localize_part_s.c.o[0m
[ 78%] [32m[1mLinking C shared library rosidl_generator_py/myworkcell_core/libmyworkcell_core__rosidl_generator_py.so[0m
[ 78%] Built target myworkcell_core__rosidl_generator_py
[ 81%] [32mBuilding C object CMakeFiles/myworkcell_core__rosidl_typesupport_introspection_c__pyext.dir/rosidl_generator_py/myworkcell_core/_myworkcell_core_s.ep.rosidl_typesupport_introspection_c.c.o[0m
[ 84%] [32mBuilding C object CMakeFiles/myworkcell_core__rosidl_typesupport_fastrtps_c__pyext.dir/rosidl_generator_py/myworkcell_core/_myworkcell_core_s.ep.rosidl_typesupport_fastrtps_c.c.o[0m
[ 87%] [32mBuilding C object CMakeFiles/myworkcell_core__rosidl_typesupport_c__pyext.dir/rosidl_generator_py/myworkcell_core/_myworkcell_core_s.ep.rosidl_typesupport_c.c.o[0m
[ 93%] [32m[1mLinking C shared library rosidl_generator_py/myworkcell_core/myworkcell_core_s__rosidl_typesupport_introspection_c.cpython-310-x86_64-linux-gnu.so[0m
[ 93%] [32m[1mLinking C shared library rosidl_generator_py/myworkcell_core/myworkcell_core_s__rosidl_typesupport_c.cpython-310-x86_64-linux-gnu.so[0m
[ 96%] [32m[1mLinking C shared library rosidl_generator_py/myworkcell_core/myworkcell_core_s__rosidl_typesupport_fastrtps_c.cpython-310-x86_64-linux-gnu.so[0m
[ 96%] Built target myworkcell_core__rosidl_typesupport_introspection_c__pyext
[ 96%] Built target myworkcell_core__rosidl_typesupport_c__pyext
[ 96%] Built target myworkcell_core__rosidl_typesupport_fastrtps_c__pyext
[100%] [32m[1mLinking CXX executable vision_node[0m
[100%] Built target vision_node
-- Install configuration: ""
-- Installing: /home/keerthibaalan/ROS2_Workspace/ros2industrial_ws/install/myworkcell_core/lib/myworkcell_core/vision_node
-- Set runtime path of "/home/keerthibaalan/ROS2_Workspace/ros2industrial_ws/install/myworkcell_core/lib/myworkcell_core/vision_node" to ""
-- Installing: /home/keerthibaalan/ROS2_Workspace/ros2industrial_ws/install/myworkcell_core/share/ament_index/resource_index/rosidl_interfaces/myworkcell_core
-- Installing: /home/keerthibaalan/ROS2_Workspace/ros2industrial_ws/install/myworkcell_core/include/myworkcell_core/myworkcell_core
-- Installing: /home/keerthibaalan/ROS2_Workspace/ros2industrial_ws/install/myworkcell_core/include/myworkcell_core/myworkcell_core/msg
-- Installing: /home/keerthibaalan/ROS2_Workspace/ros2industrial_ws/install/myworkcell_core/include/myworkcell_core/myworkcell_core/msg/rosidl_generator_c__visibility_control.h
-- Installing: /home/keerthibaalan/ROS2_Workspace/ros2industrial_ws/install/myworkcell_core/include/myworkcell_core/myworkcell_core/srv
-- Installing: /home/keerthibaalan/ROS2_Workspace/ros2industrial_ws/install/myworkcell_core/include/myworkcell_core/myworkcell_core/srv/localize_part.h
-- Installing: /home/keerthibaalan/ROS2_Workspace/ros2industrial_ws/install/myworkcell_core/include/myworkcell_core/myworkcell_core/srv/detail
-- Installing: /home/keerthibaalan/ROS2_Workspace/ros2industrial_ws/install/myworkcell_core/include/myworkcell_core/myworkcell_core/srv/detail/localize_part__functions.c
-- Installing: /home/keerthibaalan/ROS2_Workspace/ros2industrial_ws/install/myworkcell_core/include/myworkcell_core/myworkcell_core/srv/detail/localize_part__functions.h
-- Installing: /home/keerthibaalan/ROS2_Workspace/ros2industrial_ws/install/myworkcell_core/include/myworkcell_core/myworkcell_core/srv/detail/localize_part__struct.h
-- Installing: /home/keerthibaalan/ROS2_Workspace/ros2industrial_ws/install/myworkcell_core/include/myworkcell_core/myworkcell_core/srv/detail/localize_part__type_support.h
-- Installing: /home/keerthibaalan/ROS2_Workspace/ros2industrial_ws/install/myworkcell_core/share/myworkcell_core/environment/library_path.sh
-- Installing: /home/keerthibaalan/ROS2_Workspace/ros2industrial_ws/install/myworkcell_core/share/myworkcell_core/environment/library_path.dsv
-- Installing: /home/keerthibaalan/ROS2_Workspace/ros2industrial_ws/install/myworkcell_core/lib/libmyworkcell_core__rosidl_generator_c.so
-- Set runtime path of "/home/keerthibaalan/ROS2_Workspace/ros2industrial_ws/install/myworkcell_core/lib/libmyworkcell_core__rosidl_generator_c.so" to ""
-- Up-to-date: /home/keerthibaalan/ROS2_Workspace/ros2industrial_ws/install/myworkcell_core/include/myworkcell_core/myworkcell_core
-- Up-to-date: /home/keerthibaalan/ROS2_Workspace/ros2industrial_ws/install/myworkcell_core/include/myworkcell_core/myworkcell_core/msg
-- Installing: /home/keerthibaalan/ROS2_Workspace/ros2industrial_ws/install/myworkcell_core/include/myworkcell_core/myworkcell_core/msg/rosidl_typesupport_fastrtps_c__visibility_control.h
-- Up-to-date: /home/keerthibaalan/ROS2_Workspace/ros2industrial_ws/install/myworkcell_core/include/myworkcell_core/myworkcell_core/srv
-- Up-to-date: /home/keerthibaalan/ROS2_Workspace/ros2industrial_ws/install/myworkcell_core/include/myworkcell_core/myworkcell_core/srv/detail
-- Installing: /home/keerthibaalan/ROS2_Workspace/ros2industrial_ws/install/myworkcell_core/include/myworkcell_core/myworkcell_core/srv/detail/localize_part__rosidl_typesupport_fastrtps_c.h
-- Installing: /home/keerthibaalan/ROS2_Workspace/ros2industrial_ws/install/myworkcell_core/lib/libmyworkcell_core__rosidl_typesupport_fastrtps_c.so
-- Set runtime path of "/home/keerthibaalan/ROS2_Workspace/ros2industrial_ws/install/myworkcell_core/lib/libmyworkcell_core__rosidl_typesupport_fastrtps_c.so" to ""
-- Up-to-date: /home/keerthibaalan/ROS2_Workspace/ros2industrial_ws/install/myworkcell_core/include/myworkcell_core/myworkcell_core
-- Up-to-date: /home/keerthibaalan/ROS2_Workspace/ros2industrial_ws/install/myworkcell_core/include/myworkcell_core/myworkcell_core/srv
-- Installing: /home/keerthibaalan/ROS2_Workspace/ros2industrial_ws/install/myworkcell_core/include/myworkcell_core/myworkcell_core/srv/localize_part.hpp
-- Up-to-date: /home/keerthibaalan/ROS2_Workspace/ros2industrial_ws/install/myworkcell_core/include/myworkcell_core/myworkcell_core/srv/detail
-- Installing: /home/keerthibaalan/ROS2_Workspace/ros2industrial_ws/install/myworkcell_core/include/myworkcell_core/myworkcell_core/srv/detail/localize_part__traits.hpp
-- Installing: /home/keerthibaalan/ROS2_Workspace/ros2industrial_ws/install/myworkcell_core/include/myworkcell_core/myworkcell_core/srv/detail/localize_part__struct.hpp
-- Installing: /home/keerthibaalan/ROS2_Workspace/ros2industrial_ws/install/myworkcell_core/include/myworkcell_core/myworkcell_core/srv/detail/localize_part__builder.hpp
-- Up-to-date: /home/keerthibaalan/ROS2_Workspace/ros2industrial_ws/install/myworkcell_core/include/myworkcell_core/myworkcell_core
-- Up-to-date: /home/keerthibaalan/ROS2_Workspace/ros2industrial_ws/install/myworkcell_core/include/myworkcell_core/myworkcell_core/msg
-- Installing: /home/keerthibaalan/ROS2_Workspace/ros2industrial_ws/install/myworkcell_core/include/myworkcell_core/myworkcell_core/msg/rosidl_typesupport_fastrtps_cpp__visibility_control.h
-- Up-to-date: /home/keerthibaalan/ROS2_Workspace/ros2industrial_ws/install/myworkcell_core/include/myworkcell_core/myworkcell_core/srv
-- Up-to-date: /home/keerthibaalan/ROS2_Workspace/ros2industrial_ws/install/myworkcell_core/include/myworkcell_core/myworkcell_core/srv/detail
-- Installing: /home/keerthibaalan/ROS2_Workspace/ros2industrial_ws/install/myworkcell_core/include/myworkcell_core/myworkcell_core/srv/detail/localize_part__rosidl_typesupport_fastrtps_cpp.hpp
-- Installing: /home/keerthibaalan/ROS2_Workspace/ros2industrial_ws/install/myworkcell_core/include/myworkcell_core/myworkcell_core/srv/detail/dds_fastrtps
-- Installing: /home/keerthibaalan/ROS2_Workspace/ros2industrial_ws/install/myworkcell_core/lib/libmyworkcell_core__rosidl_typesupport_fastrtps_cpp.so
-- Set runtime path of "/home/keerthibaalan/ROS2_Workspace/ros2industrial_ws/install/myworkcell_core/lib/libmyworkcell_core__rosidl_typesupport_fastrtps_cpp.so" to ""
-- Up-to-date: /home/keerthibaalan/ROS2_Workspace/ros2industrial_ws/install/myworkcell_core/include/myworkcell_core/myworkcell_core
-- Up-to-date: /home/keerthibaalan/ROS2_Workspace/ros2industrial_ws/install/myworkcell_core/include/myworkcell_core/myworkcell_core/msg
-- Installing: /home/keerthibaalan/ROS2_Workspace/ros2industrial_ws/install/myworkcell_core/include/myworkcell_core/myworkcell_core/msg/rosidl_typesupport_introspection_c__visibility_control.h
-- Up-to-date: /home/keerthibaalan/ROS2_Workspace/ros2industrial_ws/install/myworkcell_core/include/myworkcell_core/myworkcell_core/srv
-- Up-to-date: /home/keerthibaalan/ROS2_Workspace/ros2industrial_ws/install/myworkcell_core/include/myworkcell_core/myworkcell_core/srv/detail
-- Installing: /home/keerthibaalan/ROS2_Workspace/ros2industrial_ws/install/myworkcell_core/include/myworkcell_core/myworkcell_core/srv/detail/localize_part__rosidl_typesupport_introspection_c.h
-- Installing: /home/keerthibaalan/ROS2_Workspace/ros2industrial_ws/install/myworkcell_core/include/myworkcell_core/myworkcell_core/srv/detail/localize_part__type_support.c
-- Installing: /home/keerthibaalan/ROS2_Workspace/ros2industrial_ws/install/myworkcell_core/lib/libmyworkcell_core__rosidl_typesupport_introspection_c.so
-- Set runtime path of "/home/keerthibaalan/ROS2_Workspace/ros2industrial_ws/install/myworkcell_core/lib/libmyworkcell_core__rosidl_typesupport_introspection_c.so" to ""
-- Installing: /home/keerthibaalan/ROS2_Workspace/ros2industrial_ws/install/myworkcell_core/lib/libmyworkcell_core__rosidl_typesupport_c.so
-- Set runtime path of "/home/keerthibaalan/ROS2_Workspace/ros2industrial_ws/install/myworkcell_core/lib/libmyworkcell_core__rosidl_typesupport_c.so" to ""
-- Up-to-date: /home/keerthibaalan/ROS2_Workspace/ros2industrial_ws/install/myworkcell_core/include/myworkcell_core/myworkcell_core
-- Up-to-date: /home/keerthibaalan/ROS2_Workspace/ros2industrial_ws/install/myworkcell_core/include/myworkcell_core/myworkcell_core/srv
-- Up-to-date: /home/keerthibaalan/ROS2_Workspace/ros2industrial_ws/install/myworkcell_core/include/myworkcell_core/myworkcell_core/srv/detail
-- Installing: /home/keerthibaalan/ROS2_Workspace/ros2industrial_ws/install/myworkcell_core/include/myworkcell_core/myworkcell_core/srv/detail/localize_part__type_support.cpp
-- Installing: /home/keerthibaalan/ROS2_Workspace/ros2industrial_ws/install/myworkcell_core/include/myworkcell_core/myworkcell_core/srv/detail/localize_part__rosidl_typesupport_introspection_cpp.hpp
-- Installing: /home/keerthibaalan/ROS2_Workspace/ros2industrial_ws/install/myworkcell_core/lib/libmyworkcell_core__rosidl_typesupport_introspection_cpp.so
-- Set runtime path of "/home/keerthibaalan/ROS2_Workspace/ros2industrial_ws/install/myworkcell_core/lib/libmyworkcell_core__rosidl_typesupport_introspection_cpp.so" to ""
-- Installing: /home/keerthibaalan/ROS2_Workspace/ros2industrial_ws/install/myworkcell_core/lib/libmyworkcell_core__rosidl_typesupport_cpp.so
-- Set runtime path of "/home/keerthibaalan/ROS2_Workspace/ros2industrial_ws/install/myworkcell_core/lib/libmyworkcell_core__rosidl_typesupport_cpp.so" to ""
-- Installing: /home/keerthibaalan/ROS2_Workspace/ros2industrial_ws/install/myworkcell_core/share/myworkcell_core/environment/pythonpath.sh
-- Installing: /home/keerthibaalan/ROS2_Workspace/ros2industrial_ws/install/myworkcell_core/share/myworkcell_core/environment/pythonpath.dsv
-- Installing: /home/keerthibaalan/ROS2_Workspace/ros2industrial_ws/install/myworkcell_core/local/lib/python3.10/dist-packages/myworkcell_core-0.0.0-py3.10.egg-info
-- Installing: /home/keerthibaalan/ROS2_Workspace/ros2industrial_ws/install/myworkcell_core/local/lib/python3.10/dist-packages/myworkcell_core-0.0.0-py3.10.egg-info/SOURCES.txt
-- Installing: /home/keerthibaalan/ROS2_Workspace/ros2industrial_ws/install/myworkcell_core/local/lib/python3.10/dist-packages/myworkcell_core-0.0.0-py3.10.egg-info/PKG-INFO
-- Installing: /home/keerthibaalan/ROS2_Workspace/ros2industrial_ws/install/myworkcell_core/local/lib/python3.10/dist-packages/myworkcell_core-0.0.0-py3.10.egg-info/top_level.txt
-- Installing: /home/keerthibaalan/ROS2_Workspace/ros2industrial_ws/install/myworkcell_core/local/lib/python3.10/dist-packages/myworkcell_core-0.0.0-py3.10.egg-info/dependency_links.txt
-- Installing: /home/keerthibaalan/ROS2_Workspace/ros2industrial_ws/install/myworkcell_core/local/lib/python3.10/dist-packages/myworkcell_core
-- Installing: /home/keerthibaalan/ROS2_Workspace/ros2industrial_ws/install/myworkcell_core/local/lib/python3.10/dist-packages/myworkcell_core/myworkcell_core_s__rosidl_typesupport_c.cpython-310-x86_64-linux-gnu.so
-- Installing: /home/keerthibaalan/ROS2_Workspace/ros2industrial_ws/install/myworkcell_core/local/lib/python3.10/dist-packages/myworkcell_core/myworkcell_core_s__rosidl_typesupport_fastrtps_c.cpython-310-x86_64-linux-gnu.so
-- Installing: /home/keerthibaalan/ROS2_Workspace/ros2industrial_ws/install/myworkcell_core/local/lib/python3.10/dist-packages/myworkcell_core/_myworkcell_core_s.ep.rosidl_typesupport_introspection_c.c
-- Installing: /home/keerthibaalan/ROS2_Workspace/ros2industrial_ws/install/myworkcell_core/local/lib/python3.10/dist-packages/myworkcell_core/_myworkcell_core_s.ep.rosidl_typesupport_fastrtps_c.c
-- Installing: /home/keerthibaalan/ROS2_Workspace/ros2industrial_ws/install/myworkcell_core/local/lib/python3.10/dist-packages/myworkcell_core/_myworkcell_core_s.ep.rosidl_typesupport_c.c
-- Installing: /home/keerthibaalan/ROS2_Workspace/ros2industrial_ws/install/myworkcell_core/local/lib/python3.10/dist-packages/myworkcell_core/myworkcell_core_s__rosidl_typesupport_introspection_c.cpython-310-x86_64-linux-gnu.so
-- Installing: /home/keerthibaalan/ROS2_Workspace/ros2industrial_ws/install/myworkcell_core/local/lib/python3.10/dist-packages/myworkcell_core/libmyworkcell_core__rosidl_generator_py.so
-- Installing: /home/keerthibaalan/ROS2_Workspace/ros2industrial_ws/install/myworkcell_core/local/lib/python3.10/dist-packages/myworkcell_core/__init__.py
-- Installing: /home/keerthibaalan/ROS2_Workspace/ros2industrial_ws/install/myworkcell_core/local/lib/python3.10/dist-packages/myworkcell_core/srv
-- Installing: /home/keerthibaalan/ROS2_Workspace/ros2industrial_ws/install/myworkcell_core/local/lib/python3.10/dist-packages/myworkcell_core/srv/_localize_part.py
-- Installing: /home/keerthibaalan/ROS2_Workspace/ros2industrial_ws/install/myworkcell_core/local/lib/python3.10/dist-packages/myworkcell_core/srv/__init__.py
-- Installing: /home/keerthibaalan/ROS2_Workspace/ros2industrial_ws/install/myworkcell_core/local/lib/python3.10/dist-packages/myworkcell_core/srv/_localize_part_s.c
Listing '/home/keerthibaalan/ROS2_Workspace/ros2industrial_ws/install/myworkcell_core/local/lib/python3.10/dist-packages/myworkcell_core'...
Compiling '/home/keerthibaalan/ROS2_Workspace/ros2industrial_ws/install/myworkcell_core/local/lib/python3.10/dist-packages/myworkcell_core/__init__.py'...
Listing '/home/keerthibaalan/ROS2_Workspace/ros2industrial_ws/install/myworkcell_core/local/lib/python3.10/dist-packages/myworkcell_core/srv'...
Compiling '/home/keerthibaalan/ROS2_Workspace/ros2industrial_ws/install/myworkcell_core/local/lib/python3.10/dist-packages/myworkcell_core/srv/__init__.py'...
Compiling '/home/keerthibaalan/ROS2_Workspace/ros2industrial_ws/install/myworkcell_core/local/lib/python3.10/dist-packages/myworkcell_core/srv/_localize_part.py'...
-- Installing: /home/keerthibaalan/ROS2_Workspace/ros2industrial_ws/install/myworkcell_core/local/lib/python3.10/dist-packages/myworkcell_core/myworkcell_core_s__rosidl_typesupport_fastrtps_c.cpython-310-x86_64-linux-gnu.so
-- Set runtime path of "/home/keerthibaalan/ROS2_Workspace/ros2industrial_ws/install/myworkcell_core/local/lib/python3.10/dist-packages/myworkcell_core/myworkcell_core_s__rosidl_typesupport_fastrtps_c.cpython-310-x86_64-linux-gnu.so" to ""
-- Installing: /home/keerthibaalan/ROS2_Workspace/ros2industrial_ws/install/myworkcell_core/local/lib/python3.10/dist-packages/myworkcell_core/myworkcell_core_s__rosidl_typesupport_introspection_c.cpython-310-x86_64-linux-gnu.so
-- Set runtime path of "/home/keerthibaalan/ROS2_Workspace/ros2industrial_ws/install/myworkcell_core/local/lib/python3.10/dist-packages/myworkcell_core/myworkcell_core_s__rosidl_typesupport_introspection_c.cpython-310-x86_64-linux-gnu.so" to ""
-- Installing: /home/keerthibaalan/ROS2_Workspace/ros2industrial_ws/install/myworkcell_core/local/lib/python3.10/dist-packages/myworkcell_core/myworkcell_core_s__rosidl_typesupport_c.cpython-310-x86_64-linux-gnu.so
-- Set runtime path of "/home/keerthibaalan/ROS2_Workspace/ros2industrial_ws/install/myworkcell_core/local/lib/python3.10/dist-packages/myworkcell_core/myworkcell_core_s__rosidl_typesupport_c.cpython-310-x86_64-linux-gnu.so" to ""
-- Installing: /home/keerthibaalan/ROS2_Workspace/ros2industrial_ws/install/myworkcell_core/lib/libmyworkcell_core__rosidl_generator_py.so
-- Set runtime path of "/home/keerthibaalan/ROS2_Workspace/ros2industrial_ws/install/myworkcell_core/lib/libmyworkcell_core__rosidl_generator_py.so" to ""
-- Installing: /home/keerthibaalan/ROS2_Workspace/ros2industrial_ws/install/myworkcell_core/share/myworkcell_core/srv/LocalizePart.idl
-- Installing: /home/keerthibaalan/ROS2_Workspace/ros2industrial_ws/install/myworkcell_core/share/myworkcell_core/srv/LocalizePart.srv
-- Installing: /home/keerthibaalan/ROS2_Workspace/ros2industrial_ws/install/myworkcell_core/share/myworkcell_core/srv/LocalizePart_Request.msg
-- Installing: /home/keerthibaalan/ROS2_Workspace/ros2industrial_ws/install/myworkcell_core/share/myworkcell_core/srv/LocalizePart_Response.msg
-- Installing: /home/keerthibaalan/ROS2_Workspace/ros2industrial_ws/install/myworkcell_core/share/ament_index/resource_index/package_run_dependencies/myworkcell_core
-- Installing: /home/keerthibaalan/ROS2_Workspace/ros2industrial_ws/install/myworkcell_core/share/ament_index/resource_index/parent_prefix_path/myworkcell_core
-- Up-to-date: /home/keerthibaalan/ROS2_Workspace/ros2industrial_ws/install/myworkcell_core/share/myworkcell_core/environment/ament_prefix_path.sh
-- Installing: /home/keerthibaalan/ROS2_Workspace/ros2industrial_ws/install/myworkcell_core/share/myworkcell_core/environment/ament_prefix_path.dsv
-- Up-to-date: /home/keerthibaalan/ROS2_Workspace/ros2industrial_ws/install/myworkcell_core/share/myworkcell_core/environment/path.sh
-- Installing: /home/keerthibaalan/ROS2_Workspace/ros2industrial_ws/install/myworkcell_core/share/myworkcell_core/environment/path.dsv
-- Up-to-date: /home/keerthibaalan/ROS2_Workspace/ros2industrial_ws/install/myworkcell_core/share/myworkcell_core/local_setup.bash
-- Installing: /home/keerthibaalan/ROS2_Workspace/ros2industrial_ws/install/myworkcell_core/share/myworkcell_core/local_setup.sh
-- Up-to-date: /home/keerthibaalan/ROS2_Workspace/ros2industrial_ws/install/myworkcell_core/share/myworkcell_core/local_setup.zsh
-- Installing: /home/keerthibaalan/ROS2_Workspace/ros2industrial_ws/install/myworkcell_core/share/myworkcell_core/local_setup.dsv
-- Installing: /home/keerthibaalan/ROS2_Workspace/ros2industrial_ws/install/myworkcell_core/share/myworkcell_core/package.dsv
-- Up-to-date: /home/keerthibaalan/ROS2_Workspace/ros2industrial_ws/install/myworkcell_core/share/ament_index/resource_index/packages/myworkcell_core
-- Installing: /home/keerthibaalan/ROS2_Workspace/ros2industrial_ws/install/myworkcell_core/share/myworkcell_core/cmake/export_myworkcell_core__rosidl_generator_cExport.cmake
-- Installing: /home/keerthibaalan/ROS2_Workspace/ros2industrial_ws/install/myworkcell_core/share/myworkcell_core/cmake/export_myworkcell_core__rosidl_generator_cExport-noconfig.cmake
-- Installing: /home/keerthibaalan/ROS2_Workspace/ros2industrial_ws/install/myworkcell_core/share/myworkcell_core/cmake/export_myworkcell_core__rosidl_typesupport_fastrtps_cExport.cmake
-- Installing: /home/keerthibaalan/ROS2_Workspace/ros2industrial_ws/install/myworkcell_core/share/myworkcell_core/cmake/export_myworkcell_core__rosidl_typesupport_fastrtps_cExport-noconfig.cmake
-- Installing: /home/keerthibaalan/ROS2_Workspace/ros2industrial_ws/install/myworkcell_core/share/myworkcell_core/cmake/export_myworkcell_core__rosidl_generator_cppExport.cmake
-- Installing: /home/keerthibaalan/ROS2_Workspace/ros2industrial_ws/install/myworkcell_core/share/myworkcell_core/cmake/export_myworkcell_core__rosidl_typesupport_fastrtps_cppExport.cmake
-- Installing: /home/keerthibaalan/ROS2_Workspace/ros2industrial_ws/install/myworkcell_core/share/myworkcell_core/cmake/export_myworkcell_core__rosidl_typesupport_fastrtps_cppExport-noconfig.cmake
-- Installing: /home/keerthibaalan/ROS2_Workspace/ros2industrial_ws/install/myworkcell_core/share/myworkcell_core/cmake/myworkcell_core__rosidl_typesupport_introspection_cExport.cmake
-- Installing: /home/keerthibaalan/ROS2_Workspace/ros2industrial_ws/install/myworkcell_core/share/myworkcell_core/cmake/myworkcell_core__rosidl_typesupport_introspection_cExport-noconfig.cmake
-- Installing: /home/keerthibaalan/ROS2_Workspace/ros2industrial_ws/install/myworkcell_core/share/myworkcell_core/cmake/myworkcell_core__rosidl_typesupport_cExport.cmake
-- Installing: /home/keerthibaalan/ROS2_Workspace/ros2industrial_ws/install/myworkcell_core/share/myworkcell_core/cmake/myworkcell_core__rosidl_typesupport_cExport-noconfig.cmake
-- Installing: /home/keerthibaalan/ROS2_Workspace/ros2industrial_ws/install/myworkcell_core/share/myworkcell_core/cmake/myworkcell_core__rosidl_typesupport_introspection_cppExport.cmake
-- Installing: /home/keerthibaalan/ROS2_Workspace/ros2industrial_ws/install/myworkcell_core/share/myworkcell_core/cmake/myworkcell_core__rosidl_typesupport_introspection_cppExport-noconfig.cmake
-- Installing: /home/keerthibaalan/ROS2_Workspace/ros2industrial_ws/install/myworkcell_core/share/myworkcell_core/cmake/myworkcell_core__rosidl_typesupport_cppExport.cmake
-- Installing: /home/keerthibaalan/ROS2_Workspace/ros2industrial_ws/install/myworkcell_core/share/myworkcell_core/cmake/myworkcell_core__rosidl_typesupport_cppExport-noconfig.cmake
-- Installing: /home/keerthibaalan/ROS2_Workspace/ros2industrial_ws/install/myworkcell_core/share/myworkcell_core/cmake/export_myworkcell_core__rosidl_generator_pyExport.cmake
-- Installing: /home/keerthibaalan/ROS2_Workspace/ros2industrial_ws/install/myworkcell_core/share/myworkcell_core/cmake/export_myworkcell_core__rosidl_generator_pyExport-noconfig.cmake
-- Installing: /home/keerthibaalan/ROS2_Workspace/ros2industrial_ws/install/myworkcell_core/share/myworkcell_core/cmake/rosidl_cmake-extras.cmake
-- Installing: /home/keerthibaalan/ROS2_Workspace/ros2industrial_ws/install/myworkcell_core/share/myworkcell_core/cmake/ament_cmake_export_dependencies-extras.cmake
-- Installing: /home/keerthibaalan/ROS2_Workspace/ros2industrial_ws/install/myworkcell_core/share/myworkcell_core/cmake/ament_cmake_export_include_directories-extras.cmake
-- Installing: /home/keerthibaalan/ROS2_Workspace/ros2industrial_ws/install/myworkcell_core/share/myworkcell_core/cmake/ament_cmake_export_libraries-extras.cmake
-- Installing: /home/keerthibaalan/ROS2_Workspace/ros2industrial_ws/install/myworkcell_core/share/myworkcell_core/cmake/ament_cmake_export_targets-extras.cmake
-- Installing: /home/keerthibaalan/ROS2_Workspace/ros2industrial_ws/install/myworkcell_core/share/myworkcell_core/cmake/rosidl_cmake_export_typesupport_targets-extras.cmake
-- Installing: /home/keerthibaalan/ROS2_Workspace/ros2industrial_ws/install/myworkcell_core/share/myworkcell_core/cmake/rosidl_cmake_export_typesupport_libraries-extras.cmake
-- Installing: /home/keerthibaalan/ROS2_Workspace/ros2industrial_ws/install/myworkcell_core/share/myworkcell_core/cmake/myworkcell_coreConfig.cmake
-- Up-to-date: /home/keerthibaalan/ROS2_Workspace/ros2industrial_ws/install/myworkcell_core/share/myworkcell_core/cmake/myworkcell_coreConfig-version.cmake
-- Installing: /home/keerthibaalan/ROS2_Workspace/ros2industrial_ws/install/myworkcell_core/share/myworkcell_core/package.xml
