[0.013s] Invoking command in '/home/keerthibaalan/ROS2_Workspace/ros2industrial_ws/build/myworkcell_core': AMENT_PREFIX_PATH=/home/keerthibaalan/ROS2_Workspace/ros2industrial_ws/install/fake_ar_publisher:${AMENT_PREFIX_PATH} CMAKE_PREFIX_PATH=/home/keerthibaalan/ROS2_Workspace/ros2industrial_ws/install/fake_ar_publisher:/home/keerthibaalan/ws_moveit/install/robotiq_hardware_tests:/home/keerthibaalan/ws_moveit/install/robotiq_driver:/home/keerthibaalan/ws_moveit/install/serial:/home/keerthibaalan/ws_moveit/install/moveit2_tutorials:/home/keerthibaalan/ws_moveit/install/moveit_visual_tools:/home/keerthibaalan/ws_moveit/install/rviz_visual_tools:/home/keerthibaalan/ws_moveit/install/moveit_task_constructor_visualization:/home/keerthibaalan/ws_moveit/install/moveit_task_constructor_demo:/home/keerthibaalan/ws_moveit/install/moveit_task_constructor_capabilities:/home/keerthibaalan/ws_moveit/install/moveit_task_constructor_core:/home/keerthibaalan/ws_moveit/install/rviz_marker_tools:/home/keerthibaalan/ws_moveit/install/kortex_bringup:/home/keerthibaalan/ws_moveit/install/kinova_gen3_7dof_robotiq_2f_85_moveit_config:/home/keerthibaalan/ws_moveit/install/kinova_gen3_6dof_robotiq_2f_85_moveit_config:/home/keerthibaalan/ws_moveit/install/kortex_description:/home/keerthibaalan/ws_moveit/install/robotiq_description:/home/keerthibaalan/ws_moveit/install/robotiq_controllers:/home/keerthibaalan/ws_moveit/install/pilz_industrial_motion_planner_testutils:/home/keerthibaalan/ws_moveit/install/moveit_runtime:/home/keerthibaalan/ws_moveit/install/moveit:/home/keerthibaalan/ws_moveit/install/moveit_planners:/home/keerthibaalan/ws_moveit/install/pilz_industrial_motion_planner:/home/keerthibaalan/ws_moveit/install/pick_ik:/home/keerthibaalan/ws_moveit/install/moveit_task_constructor_msgs:/home/keerthibaalan/ws_moveit/install/moveit_ros_control_interface:/home/keerthibaalan/ws_moveit/install/moveit_plugins:/home/keerthibaalan/ws_moveit/install/moveit_simple_controller_manager:/home/keerthibaalan/ws_moveit/install/moveit_setup_assistant:/home/keerthibaalan/ws_moveit/install/moveit_setup_srdf_plugins:/home/keerthibaalan/ws_moveit/install/moveit_setup_core_plugins:/home/keerthibaalan/ws_moveit/install/moveit_setup_controllers:/home/keerthibaalan/ws_moveit/install/moveit_setup_app_plugins:/home/keerthibaalan/ws_moveit/install/moveit_setup_framework:/home/keerthibaalan/ws_moveit/install/moveit_servo:/home/keerthibaalan/ws_moveit/install/moveit_ros:/home/keerthibaalan/ws_moveit/install/moveit_ros_visualization:/home/keerthibaalan/ws_moveit/install/moveit_py:/home/keerthibaalan/ws_moveit/install/moveit_hybrid_planning:/home/keerthibaalan/ws_moveit/install/moveit_ros_planning_interface:/home/keerthibaalan/ws_moveit/install/moveit_ros_benchmarks:/home/keerthibaalan/ws_moveit/install/moveit_ros_warehouse:/home/keerthibaalan/ws_moveit/install/moveit_ros_robot_interaction:/home/keerthibaalan/ws_moveit/install/moveit_ros_perception:/home/keerthibaalan/ws_moveit/install/moveit_resources_prbt_pg70_support:/home/keerthibaalan/ws_moveit/install/moveit_resources_prbt_moveit_config:/home/keerthibaalan/ws_moveit/install/moveit_ros_move_group:/home/keerthibaalan/ws_moveit/install/moveit_planners_ompl:/home/keerthibaalan/ws_moveit/install/moveit_kinematics:/home/keerthibaalan/ws_moveit/install/moveit_ros_planning:/home/keerthibaalan/ws_moveit/install/moveit_ros_occupancy_map_monitor:/home/keerthibaalan/ws_moveit/install/moveit_resources_prbt_support:/home/keerthibaalan/ws_moveit/install/moveit_resources_prbt_ikfast_manipulator_plugin:/home/keerthibaalan/ws_moveit/install/moveit_resources:/home/keerthibaalan/ws_moveit/install/moveit_resources_pr2_description:/home/keerthibaalan/ws_moveit/install/moveit_resources_panda_moveit_config:/home/keerthibaalan/ws_moveit/install/dual_arm_panda_moveit_config:/home/keerthibaalan/ws_moveit/install/moveit_resources_panda_description:/home/keerthibaalan/ws_moveit/install/moveit_resources_fanuc_moveit_config:/home/keerthibaalan/ws_moveit/install/moveit_resources_fanuc_description:/home/keerthibaalan/ws_moveit/install/moveit_planners_stomp:/home/keerthibaalan/ws_moveit/install/moveit_planners_chomp:/home/keerthibaalan/ws_moveit/install/chomp_motion_planner:/home/keerthibaalan/ws_moveit/install/moveit_core:/home/keerthibaalan/ws_moveit/install/moveit_msgs:/home/keerthibaalan/ws_moveit/install/moveit_common:/home/keerthibaalan/ws_moveit/install/kortex_driver:/home/keerthibaalan/ws_moveit/install/kortex_api:/home/keerthibaalan/ws_moveit/install/moveit_configs_utils:/opt/ros/humble LD_LIBRARY_PATH=/home/keerthibaalan/ROS2_Workspace/ros2industrial_ws/install/fake_ar_publisher/lib:${LD_LIBRARY_PATH} PYTHONPATH=/home/keerthibaalan/ROS2_Workspace/ros2industrial_ws/install/fake_ar_publisher/local/lib/python3.10/dist-packages:${PYTHONPATH} /usr/bin/cmake --build /home/keerthibaalan/ROS2_Workspace/ros2industrial_ws/build/myworkcell_core -- -j24 -l24
[0.041s] -- Found ament_cmake: 1.3.9 (/opt/ros/humble/share/ament_cmake/cmake)
[0.125s] -- Found rclcpp: 16.0.9 (/opt/ros/humble/share/rclcpp/cmake)
[0.151s] -- Found rosidl_generator_c: 3.1.5 (/opt/ros/humble/share/rosidl_generator_c/cmake)
[0.153s] -- Found rosidl_adapter: 3.1.5 (/opt/ros/humble/share/rosidl_adapter/cmake)
[0.158s] -- Found rosidl_generator_cpp: 3.1.5 (/opt/ros/humble/share/rosidl_generator_cpp/cmake)
[0.168s] -- Using all available rosidl_typesupport_c: rosidl_typesupport_fastrtps_c;rosidl_typesupport_introspection_c
[0.180s] -- Using all available rosidl_typesupport_cpp: rosidl_typesupport_fastrtps_cpp;rosidl_typesupport_introspection_cpp
[0.219s] -- Found rmw_implementation_cmake: 6.1.2 (/opt/ros/humble/share/rmw_implementation_cmake/cmake)
[0.222s] -- Found rmw_cyclonedds_cpp: 1.3.4 (/opt/ros/humble/share/rmw_cyclonedds_cpp/cmake)
[0.243s] -- Using RMW implementation 'rmw_cyclonedds_cpp' as default
[0.331s] -- Found fake_ar_publisher: 0.0.0 (/home/keerthibaalan/ROS2_Workspace/ros2industrial_ws/install/fake_ar_publisher/share/fake_ar_publisher/cmake)
[0.529s] -- Found rosidl_default_generators: 1.2.0 (/opt/ros/humble/share/rosidl_default_generators/cmake)
[0.709s] -- Found ament_cmake_ros: 0.10.0 (/opt/ros/humble/share/ament_cmake_ros/cmake)
[0.972s] -- Using all available rosidl_typesupport_c: rosidl_typesupport_fastrtps_c;rosidl_typesupport_introspection_c
[1.070s] -- Using all available rosidl_typesupport_cpp: rosidl_typesupport_fastrtps_cpp;rosidl_typesupport_introspection_cpp
[1.087s] -- Found PythonInterp: /usr/bin/python3 (found suitable version "3.10.12", minimum required is "3.6") 
[1.094s] -- Found python_cmake_module: 0.10.0 (/opt/ros/humble/share/python_cmake_module/cmake)
[1.119s] -- Found PythonLibs: /usr/lib/x86_64-linux-gnu/libpython3.10.so (found suitable version "3.10.12", minimum required is "3.5") 
[1.119s] -- Using PYTHON_EXECUTABLE: /usr/bin/python3
[1.119s] -- Using PYTHON_INCLUDE_DIRS: /usr/include/python3.10
[1.119s] -- Using PYTHON_LIBRARIES: /usr/lib/x86_64-linux-gnu/libpython3.10.so
[1.133s] -- Found PythonExtra: .so  
[1.190s] -- Found ament_lint_auto: 0.12.11 (/opt/ros/humble/share/ament_lint_auto/cmake)
[1.202s] -- Added test 'cppcheck' to perform static code analysis on C / C++ code
[1.202s] -- Configured cppcheck include dirs: 
[1.202s] -- Configured cppcheck exclude dirs and/or files: 
[1.203s] -- Added test 'lint_cmake' to check CMake code style
[1.203s] -- Added test 'uncrustify' to check C / C++ code style
[1.203s] -- Configured uncrustify additional arguments: 
[1.204s] -- Added test 'xmllint' to check XML markup files
[1.206s] -- Configuring done
[1.231s] -- Generating done
[1.233s] -- Build files have been written to: /home/keerthibaalan/ROS2_Workspace/ros2industrial_ws/build/myworkcell_core
[1.263s] [  3%] [34m[1mGenerating C code for ROS interfaces[0m
[1.278s] [  6%] [34m[1mGenerating C++ code for ROS interfaces[0m
[1.284s] [  6%] Built target ament_cmake_python_copy_myworkcell_core
[1.425s] [  6%] Built target myworkcell_core__cpp
[1.426s] running egg_info
[1.426s] creating myworkcell_core.egg-info
[1.426s] writing myworkcell_core.egg-info/PKG-INFO
[1.426s] writing dependency_links to myworkcell_core.egg-info/dependency_links.txt
[1.427s] writing top-level names to myworkcell_core.egg-info/top_level.txt
[1.427s] writing manifest file 'myworkcell_core.egg-info/SOURCES.txt'
[1.427s] reading manifest file 'myworkcell_core.egg-info/SOURCES.txt'
[1.428s] writing manifest file 'myworkcell_core.egg-info/SOURCES.txt'
[1.430s] [  9%] [32mBuilding C object CMakeFiles/myworkcell_core__rosidl_generator_c.dir/rosidl_generator_c/myworkcell_core/srv/detail/localize_part__functions.c.o[0m
[1.437s] [ 15%] [34m[1mGenerating C++ type support for eProsima Fast-RTPS[0m
[1.437s] [ 15%] [34m[1mGenerating C++ type support dispatch for ROS interfaces[0m
[1.439s] [ 18%] [34m[1mGenerating C++ introspection for ROS interfaces[0m
[1.446s] [ 18%] Built target ament_cmake_python_build_myworkcell_core_egg
[1.511s] [ 21%] [32m[1mLinking C shared library libmyworkcell_core__rosidl_generator_c.so[0m
[1.554s] [ 21%] Built target myworkcell_core__rosidl_generator_c
[1.567s] [ 27%] [34m[1mGenerating C type support dispatch for ROS interfaces[0m
[1.567s] [ 27%] [34m[1mGenerating C type support for eProsima Fast-RTPS[0m
[1.568s] [ 30%] [34m[1mGenerating C introspection for ROS interfaces[0m
[1.578s] [ 33%] [32mBuilding CXX object CMakeFiles/myworkcell_core__rosidl_typesupport_cpp.dir/rosidl_typesupport_cpp/myworkcell_core/srv/localize_part__type_support.cpp.o[0m
[1.600s] [ 36%] [32mBuilding CXX object CMakeFiles/myworkcell_core__rosidl_typesupport_fastrtps_cpp.dir/rosidl_typesupport_fastrtps_cpp/myworkcell_core/srv/detail/dds_fastrtps/localize_part__type_support.cpp.o[0m
[1.601s] [ 39%] [32mBuilding CXX object CMakeFiles/myworkcell_core__rosidl_typesupport_introspection_cpp.dir/rosidl_typesupport_introspection_cpp/myworkcell_core/srv/detail/localize_part__type_support.cpp.o[0m
[1.707s] [ 42%] [32mBuilding CXX object CMakeFiles/myworkcell_core__rosidl_typesupport_c.dir/rosidl_typesupport_c/myworkcell_core/srv/localize_part__type_support.cpp.o[0m
[1.728s] [ 48%] [32mBuilding C object CMakeFiles/myworkcell_core__rosidl_typesupport_introspection_c.dir/rosidl_typesupport_introspection_c/myworkcell_core/srv/detail/localize_part__type_support.c.o[0m
[1.728s] [ 48%] [32mBuilding CXX object CMakeFiles/myworkcell_core__rosidl_typesupport_fastrtps_c.dir/rosidl_typesupport_fastrtps_c/myworkcell_core/srv/detail/localize_part__type_support_c.cpp.o[0m
[1.738s] [ 51%] [32m[1mLinking CXX shared library libmyworkcell_core__rosidl_typesupport_c.so[0m
[1.761s] [ 54%] [32m[1mLinking CXX shared library libmyworkcell_core__rosidl_typesupport_cpp.so[0m
[1.763s] [ 57%] [32m[1mLinking C shared library libmyworkcell_core__rosidl_typesupport_introspection_c.so[0m
[1.776s] [ 57%] Built target myworkcell_core__rosidl_typesupport_c
[1.799s] [ 57%] Built target myworkcell_core__rosidl_typesupport_introspection_c
[1.801s] [ 57%] Built target myworkcell_core__rosidl_typesupport_cpp
[1.814s] [35m[1mConsolidate compiler generated dependencies of target vision_node[0m
[1.818s] [ 60%] [32m[1mLinking CXX shared library libmyworkcell_core__rosidl_typesupport_introspection_cpp.so[0m
[1.830s] [ 63%] [32m[1mLinking CXX shared library libmyworkcell_core__rosidl_typesupport_fastrtps_cpp.so[0m
[1.833s] [ 66%] [32mBuilding CXX object CMakeFiles/vision_node.dir/src/vision_node.cpp.o[0m
[1.871s] [ 66%] Built target myworkcell_core__rosidl_typesupport_introspection_cpp
[1.885s] [ 66%] Built target myworkcell_core__rosidl_typesupport_fastrtps_cpp
[1.910s] [ 69%] [32m[1mLinking CXX shared library libmyworkcell_core__rosidl_typesupport_fastrtps_c.so[0m
[1.964s] [ 69%] Built target myworkcell_core__rosidl_typesupport_fastrtps_c
[1.987s] [ 69%] Built target myworkcell_core
[2.012s] [ 72%] [34m[1mGenerating Python code for ROS interfaces[0m
[2.207s] [ 72%] Built target myworkcell_core__py
[2.230s] [ 75%] [32mBuilding C object CMakeFiles/myworkcell_core__rosidl_generator_py.dir/rosidl_generator_py/myworkcell_core/srv/_localize_part_s.c.o[0m
[2.311s] [ 78%] [32m[1mLinking C shared library rosidl_generator_py/myworkcell_core/libmyworkcell_core__rosidl_generator_py.so[0m
[2.348s] [ 78%] Built target myworkcell_core__rosidl_generator_py
[2.372s] [ 81%] [32mBuilding C object CMakeFiles/myworkcell_core__rosidl_typesupport_introspection_c__pyext.dir/rosidl_generator_py/myworkcell_core/_myworkcell_core_s.ep.rosidl_typesupport_introspection_c.c.o[0m
[2.372s] [ 84%] [32mBuilding C object CMakeFiles/myworkcell_core__rosidl_typesupport_fastrtps_c__pyext.dir/rosidl_generator_py/myworkcell_core/_myworkcell_core_s.ep.rosidl_typesupport_fastrtps_c.c.o[0m
[2.374s] [ 87%] [32mBuilding C object CMakeFiles/myworkcell_core__rosidl_typesupport_c__pyext.dir/rosidl_generator_py/myworkcell_core/_myworkcell_core_s.ep.rosidl_typesupport_c.c.o[0m
[2.441s] [ 93%] [32m[1mLinking C shared library rosidl_generator_py/myworkcell_core/myworkcell_core_s__rosidl_typesupport_introspection_c.cpython-310-x86_64-linux-gnu.so[0m
[2.441s] [ 93%] [32m[1mLinking C shared library rosidl_generator_py/myworkcell_core/myworkcell_core_s__rosidl_typesupport_c.cpython-310-x86_64-linux-gnu.so[0m
[2.443s] [ 96%] [32m[1mLinking C shared library rosidl_generator_py/myworkcell_core/myworkcell_core_s__rosidl_typesupport_fastrtps_c.cpython-310-x86_64-linux-gnu.so[0m
[2.477s] [ 96%] Built target myworkcell_core__rosidl_typesupport_introspection_c__pyext
[2.478s] [ 96%] Built target myworkcell_core__rosidl_typesupport_c__pyext
[2.481s] [ 96%] Built target myworkcell_core__rosidl_typesupport_fastrtps_c__pyext
[6.064s] [100%] [32m[1mLinking CXX executable vision_node[0m
[6.279s] [100%] Built target vision_node
[6.292s] Invoked command in '/home/keerthibaalan/ROS2_Workspace/ros2industrial_ws/build/myworkcell_core' returned '0': AMENT_PREFIX_PATH=/home/keerthibaalan/ROS2_Workspace/ros2industrial_ws/install/fake_ar_publisher:${AMENT_PREFIX_PATH} CMAKE_PREFIX_PATH=/home/keerthibaalan/ROS2_Workspace/ros2industrial_ws/install/fake_ar_publisher:/home/keerthibaalan/ws_moveit/install/robotiq_hardware_tests:/home/keerthibaalan/ws_moveit/install/robotiq_driver:/home/keerthibaalan/ws_moveit/install/serial:/home/keerthibaalan/ws_moveit/install/moveit2_tutorials:/home/keerthibaalan/ws_moveit/install/moveit_visual_tools:/home/keerthibaalan/ws_moveit/install/rviz_visual_tools:/home/keerthibaalan/ws_moveit/install/moveit_task_constructor_visualization:/home/keerthibaalan/ws_moveit/install/moveit_task_constructor_demo:/home/keerthibaalan/ws_moveit/install/moveit_task_constructor_capabilities:/home/keerthibaalan/ws_moveit/install/moveit_task_constructor_core:/home/keerthibaalan/ws_moveit/install/rviz_marker_tools:/home/keerthibaalan/ws_moveit/install/kortex_bringup:/home/keerthibaalan/ws_moveit/install/kinova_gen3_7dof_robotiq_2f_85_moveit_config:/home/keerthibaalan/ws_moveit/install/kinova_gen3_6dof_robotiq_2f_85_moveit_config:/home/keerthibaalan/ws_moveit/install/kortex_description:/home/keerthibaalan/ws_moveit/install/robotiq_description:/home/keerthibaalan/ws_moveit/install/robotiq_controllers:/home/keerthibaalan/ws_moveit/install/pilz_industrial_motion_planner_testutils:/home/keerthibaalan/ws_moveit/install/moveit_runtime:/home/keerthibaalan/ws_moveit/install/moveit:/home/keerthibaalan/ws_moveit/install/moveit_planners:/home/keerthibaalan/ws_moveit/install/pilz_industrial_motion_planner:/home/keerthibaalan/ws_moveit/install/pick_ik:/home/keerthibaalan/ws_moveit/install/moveit_task_constructor_msgs:/home/keerthibaalan/ws_moveit/install/moveit_ros_control_interface:/home/keerthibaalan/ws_moveit/install/moveit_plugins:/home/keerthibaalan/ws_moveit/install/moveit_simple_controller_manager:/home/keerthibaalan/ws_moveit/install/moveit_setup_assistant:/home/keerthibaalan/ws_moveit/install/moveit_setup_srdf_plugins:/home/keerthibaalan/ws_moveit/install/moveit_setup_core_plugins:/home/keerthibaalan/ws_moveit/install/moveit_setup_controllers:/home/keerthibaalan/ws_moveit/install/moveit_setup_app_plugins:/home/keerthibaalan/ws_moveit/install/moveit_setup_framework:/home/keerthibaalan/ws_moveit/install/moveit_servo:/home/keerthibaalan/ws_moveit/install/moveit_ros:/home/keerthibaalan/ws_moveit/install/moveit_ros_visualization:/home/keerthibaalan/ws_moveit/install/moveit_py:/home/keerthibaalan/ws_moveit/install/moveit_hybrid_planning:/home/keerthibaalan/ws_moveit/install/moveit_ros_planning_interface:/home/keerthibaalan/ws_moveit/install/moveit_ros_benchmarks:/home/keerthibaalan/ws_moveit/install/moveit_ros_warehouse:/home/keerthibaalan/ws_moveit/install/moveit_ros_robot_interaction:/home/keerthibaalan/ws_moveit/install/moveit_ros_perception:/home/keerthibaalan/ws_moveit/install/moveit_resources_prbt_pg70_support:/home/keerthibaalan/ws_moveit/install/moveit_resources_prbt_moveit_config:/home/keerthibaalan/ws_moveit/install/moveit_ros_move_group:/home/keerthibaalan/ws_moveit/install/moveit_planners_ompl:/home/keerthibaalan/ws_moveit/install/moveit_kinematics:/home/keerthibaalan/ws_moveit/install/moveit_ros_planning:/home/keerthibaalan/ws_moveit/install/moveit_ros_occupancy_map_monitor:/home/keerthibaalan/ws_moveit/install/moveit_resources_prbt_support:/home/keerthibaalan/ws_moveit/install/moveit_resources_prbt_ikfast_manipulator_plugin:/home/keerthibaalan/ws_moveit/install/moveit_resources:/home/keerthibaalan/ws_moveit/install/moveit_resources_pr2_description:/home/keerthibaalan/ws_moveit/install/moveit_resources_panda_moveit_config:/home/keerthibaalan/ws_moveit/install/dual_arm_panda_moveit_config:/home/keerthibaalan/ws_moveit/install/moveit_resources_panda_description:/home/keerthibaalan/ws_moveit/install/moveit_resources_fanuc_moveit_config:/home/keerthibaalan/ws_moveit/install/moveit_resources_fanuc_description:/home/keerthibaalan/ws_moveit/install/moveit_planners_stomp:/home/keerthibaalan/ws_moveit/install/moveit_planners_chomp:/home/keerthibaalan/ws_moveit/install/chomp_motion_planner:/home/keerthibaalan/ws_moveit/install/moveit_core:/home/keerthibaalan/ws_moveit/install/moveit_msgs:/home/keerthibaalan/ws_moveit/install/moveit_common:/home/keerthibaalan/ws_moveit/install/kortex_driver:/home/keerthibaalan/ws_moveit/install/kortex_api:/home/keerthibaalan/ws_moveit/install/moveit_configs_utils:/opt/ros/humble LD_LIBRARY_PATH=/home/keerthibaalan/ROS2_Workspace/ros2industrial_ws/install/fake_ar_publisher/lib:${LD_LIBRARY_PATH} PYTHONPATH=/home/keerthibaalan/ROS2_Workspace/ros2industrial_ws/install/fake_ar_publisher/local/lib/python3.10/dist-packages:${PYTHONPATH} /usr/bin/cmake --build /home/keerthibaalan/ROS2_Workspace/ros2industrial_ws/build/myworkcell_core -- -j24 -l24
[6.402s] Invoking command in '/home/keerthibaalan/ROS2_Workspace/ros2industrial_ws/build/myworkcell_core': AMENT_PREFIX_PATH=/home/keerthibaalan/ROS2_Workspace/ros2industrial_ws/install/fake_ar_publisher:${AMENT_PREFIX_PATH} CMAKE_PREFIX_PATH=/home/keerthibaalan/ROS2_Workspace/ros2industrial_ws/install/fake_ar_publisher:/home/keerthibaalan/ws_moveit/install/robotiq_hardware_tests:/home/keerthibaalan/ws_moveit/install/robotiq_driver:/home/keerthibaalan/ws_moveit/install/serial:/home/keerthibaalan/ws_moveit/install/moveit2_tutorials:/home/keerthibaalan/ws_moveit/install/moveit_visual_tools:/home/keerthibaalan/ws_moveit/install/rviz_visual_tools:/home/keerthibaalan/ws_moveit/install/moveit_task_constructor_visualization:/home/keerthibaalan/ws_moveit/install/moveit_task_constructor_demo:/home/keerthibaalan/ws_moveit/install/moveit_task_constructor_capabilities:/home/keerthibaalan/ws_moveit/install/moveit_task_constructor_core:/home/keerthibaalan/ws_moveit/install/rviz_marker_tools:/home/keerthibaalan/ws_moveit/install/kortex_bringup:/home/keerthibaalan/ws_moveit/install/kinova_gen3_7dof_robotiq_2f_85_moveit_config:/home/keerthibaalan/ws_moveit/install/kinova_gen3_6dof_robotiq_2f_85_moveit_config:/home/keerthibaalan/ws_moveit/install/kortex_description:/home/keerthibaalan/ws_moveit/install/robotiq_description:/home/keerthibaalan/ws_moveit/install/robotiq_controllers:/home/keerthibaalan/ws_moveit/install/pilz_industrial_motion_planner_testutils:/home/keerthibaalan/ws_moveit/install/moveit_runtime:/home/keerthibaalan/ws_moveit/install/moveit:/home/keerthibaalan/ws_moveit/install/moveit_planners:/home/keerthibaalan/ws_moveit/install/pilz_industrial_motion_planner:/home/keerthibaalan/ws_moveit/install/pick_ik:/home/keerthibaalan/ws_moveit/install/moveit_task_constructor_msgs:/home/keerthibaalan/ws_moveit/install/moveit_ros_control_interface:/home/keerthibaalan/ws_moveit/install/moveit_plugins:/home/keerthibaalan/ws_moveit/install/moveit_simple_controller_manager:/home/keerthibaalan/ws_moveit/install/moveit_setup_assistant:/home/keerthibaalan/ws_moveit/install/moveit_setup_srdf_plugins:/home/keerthibaalan/ws_moveit/install/moveit_setup_core_plugins:/home/keerthibaalan/ws_moveit/install/moveit_setup_controllers:/home/keerthibaalan/ws_moveit/install/moveit_setup_app_plugins:/home/keerthibaalan/ws_moveit/install/moveit_setup_framework:/home/keerthibaalan/ws_moveit/install/moveit_servo:/home/keerthibaalan/ws_moveit/install/moveit_ros:/home/keerthibaalan/ws_moveit/install/moveit_ros_visualization:/home/keerthibaalan/ws_moveit/install/moveit_py:/home/keerthibaalan/ws_moveit/install/moveit_hybrid_planning:/home/keerthibaalan/ws_moveit/install/moveit_ros_planning_interface:/home/keerthibaalan/ws_moveit/install/moveit_ros_benchmarks:/home/keerthibaalan/ws_moveit/install/moveit_ros_warehouse:/home/keerthibaalan/ws_moveit/install/moveit_ros_robot_interaction:/home/keerthibaalan/ws_moveit/install/moveit_ros_perception:/home/keerthibaalan/ws_moveit/install/moveit_resources_prbt_pg70_support:/home/keerthibaalan/ws_moveit/install/moveit_resources_prbt_moveit_config:/home/keerthibaalan/ws_moveit/install/moveit_ros_move_group:/home/keerthibaalan/ws_moveit/install/moveit_planners_ompl:/home/keerthibaalan/ws_moveit/install/moveit_kinematics:/home/keerthibaalan/ws_moveit/install/moveit_ros_planning:/home/keerthibaalan/ws_moveit/install/moveit_ros_occupancy_map_monitor:/home/keerthibaalan/ws_moveit/install/moveit_resources_prbt_support:/home/keerthibaalan/ws_moveit/install/moveit_resources_prbt_ikfast_manipulator_plugin:/home/keerthibaalan/ws_moveit/install/moveit_resources:/home/keerthibaalan/ws_moveit/install/moveit_resources_pr2_description:/home/keerthibaalan/ws_moveit/install/moveit_resources_panda_moveit_config:/home/keerthibaalan/ws_moveit/install/dual_arm_panda_moveit_config:/home/keerthibaalan/ws_moveit/install/moveit_resources_panda_description:/home/keerthibaalan/ws_moveit/install/moveit_resources_fanuc_moveit_config:/home/keerthibaalan/ws_moveit/install/moveit_resources_fanuc_description:/home/keerthibaalan/ws_moveit/install/moveit_planners_stomp:/home/keerthibaalan/ws_moveit/install/moveit_planners_chomp:/home/keerthibaalan/ws_moveit/install/chomp_motion_planner:/home/keerthibaalan/ws_moveit/install/moveit_core:/home/keerthibaalan/ws_moveit/install/moveit_msgs:/home/keerthibaalan/ws_moveit/install/moveit_common:/home/keerthibaalan/ws_moveit/install/kortex_driver:/home/keerthibaalan/ws_moveit/install/kortex_api:/home/keerthibaalan/ws_moveit/install/moveit_configs_utils:/opt/ros/humble LD_LIBRARY_PATH=/home/keerthibaalan/ROS2_Workspace/ros2industrial_ws/install/fake_ar_publisher/lib:${LD_LIBRARY_PATH} PYTHONPATH=/home/keerthibaalan/ROS2_Workspace/ros2industrial_ws/install/fake_ar_publisher/local/lib/python3.10/dist-packages:${PYTHONPATH} /usr/bin/cmake --install /home/keerthibaalan/ROS2_Workspace/ros2industrial_ws/build/myworkcell_core
[6.410s] -- Install configuration: ""
[6.413s] -- Installing: /home/keerthibaalan/ROS2_Workspace/ros2industrial_ws/install/myworkcell_core/lib/myworkcell_core/vision_node
[6.418s] -- Set runtime path of "/home/keerthibaalan/ROS2_Workspace/ros2industrial_ws/install/myworkcell_core/lib/myworkcell_core/vision_node" to ""
[6.418s] -- Installing: /home/keerthibaalan/ROS2_Workspace/ros2industrial_ws/install/myworkcell_core/share/ament_index/resource_index/rosidl_interfaces/myworkcell_core
[6.419s] -- Installing: /home/keerthibaalan/ROS2_Workspace/ros2industrial_ws/install/myworkcell_core/include/myworkcell_core/myworkcell_core
[6.419s] -- Installing: /home/keerthibaalan/ROS2_Workspace/ros2industrial_ws/install/myworkcell_core/include/myworkcell_core/myworkcell_core/msg
[6.419s] -- Installing: /home/keerthibaalan/ROS2_Workspace/ros2industrial_ws/install/myworkcell_core/include/myworkcell_core/myworkcell_core/msg/rosidl_generator_c__visibility_control.h
[6.419s] -- Installing: /home/keerthibaalan/ROS2_Workspace/ros2industrial_ws/install/myworkcell_core/include/myworkcell_core/myworkcell_core/srv
[6.419s] -- Installing: /home/keerthibaalan/ROS2_Workspace/ros2industrial_ws/install/myworkcell_core/include/myworkcell_core/myworkcell_core/srv/localize_part.h
[6.419s] -- Installing: /home/keerthibaalan/ROS2_Workspace/ros2industrial_ws/install/myworkcell_core/include/myworkcell_core/myworkcell_core/srv/detail
[6.419s] -- Installing: /home/keerthibaalan/ROS2_Workspace/ros2industrial_ws/install/myworkcell_core/include/myworkcell_core/myworkcell_core/srv/detail/localize_part__functions.c
[6.419s] -- Installing: /home/keerthibaalan/ROS2_Workspace/ros2industrial_ws/install/myworkcell_core/include/myworkcell_core/myworkcell_core/srv/detail/localize_part__functions.h
[6.419s] -- Installing: /home/keerthibaalan/ROS2_Workspace/ros2industrial_ws/install/myworkcell_core/include/myworkcell_core/myworkcell_core/srv/detail/localize_part__struct.h
[6.419s] -- Installing: /home/keerthibaalan/ROS2_Workspace/ros2industrial_ws/install/myworkcell_core/include/myworkcell_core/myworkcell_core/srv/detail/localize_part__type_support.h
[6.419s] -- Installing: /home/keerthibaalan/ROS2_Workspace/ros2industrial_ws/install/myworkcell_core/share/myworkcell_core/environment/library_path.sh
[6.419s] -- Installing: /home/keerthibaalan/ROS2_Workspace/ros2industrial_ws/install/myworkcell_core/share/myworkcell_core/environment/library_path.dsv
[6.420s] -- Installing: /home/keerthibaalan/ROS2_Workspace/ros2industrial_ws/install/myworkcell_core/lib/libmyworkcell_core__rosidl_generator_c.so
[6.420s] -- Set runtime path of "/home/keerthibaalan/ROS2_Workspace/ros2industrial_ws/install/myworkcell_core/lib/libmyworkcell_core__rosidl_generator_c.so" to ""
[6.420s] -- Up-to-date: /home/keerthibaalan/ROS2_Workspace/ros2industrial_ws/install/myworkcell_core/include/myworkcell_core/myworkcell_core
[6.420s] -- Up-to-date: /home/keerthibaalan/ROS2_Workspace/ros2industrial_ws/install/myworkcell_core/include/myworkcell_core/myworkcell_core/msg
[6.420s] -- Installing: /home/keerthibaalan/ROS2_Workspace/ros2industrial_ws/install/myworkcell_core/include/myworkcell_core/myworkcell_core/msg/rosidl_typesupport_fastrtps_c__visibility_control.h
[6.420s] -- Up-to-date: /home/keerthibaalan/ROS2_Workspace/ros2industrial_ws/install/myworkcell_core/include/myworkcell_core/myworkcell_core/srv
[6.420s] -- Up-to-date: /home/keerthibaalan/ROS2_Workspace/ros2industrial_ws/install/myworkcell_core/include/myworkcell_core/myworkcell_core/srv/detail
[6.420s] -- Installing: /home/keerthibaalan/ROS2_Workspace/ros2industrial_ws/install/myworkcell_core/include/myworkcell_core/myworkcell_core/srv/detail/localize_part__rosidl_typesupport_fastrtps_c.h
[6.420s] -- Installing: /home/keerthibaalan/ROS2_Workspace/ros2industrial_ws/install/myworkcell_core/lib/libmyworkcell_core__rosidl_typesupport_fastrtps_c.so
[6.421s] -- Set runtime path of "/home/keerthibaalan/ROS2_Workspace/ros2industrial_ws/install/myworkcell_core/lib/libmyworkcell_core__rosidl_typesupport_fastrtps_c.so" to ""
[6.421s] -- Up-to-date: /home/keerthibaalan/ROS2_Workspace/ros2industrial_ws/install/myworkcell_core/include/myworkcell_core/myworkcell_core
[6.421s] -- Up-to-date: /home/keerthibaalan/ROS2_Workspace/ros2industrial_ws/install/myworkcell_core/include/myworkcell_core/myworkcell_core/srv
[6.421s] -- Installing: /home/keerthibaalan/ROS2_Workspace/ros2industrial_ws/install/myworkcell_core/include/myworkcell_core/myworkcell_core/srv/localize_part.hpp
[6.421s] -- Up-to-date: /home/keerthibaalan/ROS2_Workspace/ros2industrial_ws/install/myworkcell_core/include/myworkcell_core/myworkcell_core/srv/detail
[6.421s] -- Installing: /home/keerthibaalan/ROS2_Workspace/ros2industrial_ws/install/myworkcell_core/include/myworkcell_core/myworkcell_core/srv/detail/localize_part__traits.hpp
[6.421s] -- Installing: /home/keerthibaalan/ROS2_Workspace/ros2industrial_ws/install/myworkcell_core/include/myworkcell_core/myworkcell_core/srv/detail/localize_part__struct.hpp
[6.421s] -- Installing: /home/keerthibaalan/ROS2_Workspace/ros2industrial_ws/install/myworkcell_core/include/myworkcell_core/myworkcell_core/srv/detail/localize_part__builder.hpp
[6.421s] -- Up-to-date: /home/keerthibaalan/ROS2_Workspace/ros2industrial_ws/install/myworkcell_core/include/myworkcell_core/myworkcell_core
[6.421s] -- Up-to-date: /home/keerthibaalan/ROS2_Workspace/ros2industrial_ws/install/myworkcell_core/include/myworkcell_core/myworkcell_core/msg
[6.421s] -- Installing: /home/keerthibaalan/ROS2_Workspace/ros2industrial_ws/install/myworkcell_core/include/myworkcell_core/myworkcell_core/msg/rosidl_typesupport_fastrtps_cpp__visibility_control.h
[6.421s] -- Up-to-date: /home/keerthibaalan/ROS2_Workspace/ros2industrial_ws/install/myworkcell_core/include/myworkcell_core/myworkcell_core/srv
[6.421s] -- Up-to-date: /home/keerthibaalan/ROS2_Workspace/ros2industrial_ws/install/myworkcell_core/include/myworkcell_core/myworkcell_core/srv/detail
[6.421s] -- Installing: /home/keerthibaalan/ROS2_Workspace/ros2industrial_ws/install/myworkcell_core/include/myworkcell_core/myworkcell_core/srv/detail/localize_part__rosidl_typesupport_fastrtps_cpp.hpp
[6.421s] -- Installing: /home/keerthibaalan/ROS2_Workspace/ros2industrial_ws/install/myworkcell_core/include/myworkcell_core/myworkcell_core/srv/detail/dds_fastrtps
[6.421s] -- Installing: /home/keerthibaalan/ROS2_Workspace/ros2industrial_ws/install/myworkcell_core/lib/libmyworkcell_core__rosidl_typesupport_fastrtps_cpp.so
[6.422s] -- Set runtime path of "/home/keerthibaalan/ROS2_Workspace/ros2industrial_ws/install/myworkcell_core/lib/libmyworkcell_core__rosidl_typesupport_fastrtps_cpp.so" to ""
[6.422s] -- Up-to-date: /home/keerthibaalan/ROS2_Workspace/ros2industrial_ws/install/myworkcell_core/include/myworkcell_core/myworkcell_core
[6.422s] -- Up-to-date: /home/keerthibaalan/ROS2_Workspace/ros2industrial_ws/install/myworkcell_core/include/myworkcell_core/myworkcell_core/msg
[6.422s] -- Installing: /home/keerthibaalan/ROS2_Workspace/ros2industrial_ws/install/myworkcell_core/include/myworkcell_core/myworkcell_core/msg/rosidl_typesupport_introspection_c__visibility_control.h
[6.422s] -- Up-to-date: /home/keerthibaalan/ROS2_Workspace/ros2industrial_ws/install/myworkcell_core/include/myworkcell_core/myworkcell_core/srv
[6.422s] -- Up-to-date: /home/keerthibaalan/ROS2_Workspace/ros2industrial_ws/install/myworkcell_core/include/myworkcell_core/myworkcell_core/srv/detail
[6.422s] -- Installing: /home/keerthibaalan/ROS2_Workspace/ros2industrial_ws/install/myworkcell_core/include/myworkcell_core/myworkcell_core/srv/detail/localize_part__rosidl_typesupport_introspection_c.h
[6.422s] -- Installing: /home/keerthibaalan/ROS2_Workspace/ros2industrial_ws/install/myworkcell_core/include/myworkcell_core/myworkcell_core/srv/detail/localize_part__type_support.c
[6.422s] -- Installing: /home/keerthibaalan/ROS2_Workspace/ros2industrial_ws/install/myworkcell_core/lib/libmyworkcell_core__rosidl_typesupport_introspection_c.so
[6.422s] -- Set runtime path of "/home/keerthibaalan/ROS2_Workspace/ros2industrial_ws/install/myworkcell_core/lib/libmyworkcell_core__rosidl_typesupport_introspection_c.so" to ""
[6.422s] -- Installing: /home/keerthibaalan/ROS2_Workspace/ros2industrial_ws/install/myworkcell_core/lib/libmyworkcell_core__rosidl_typesupport_c.so
[6.422s] -- Set runtime path of "/home/keerthibaalan/ROS2_Workspace/ros2industrial_ws/install/myworkcell_core/lib/libmyworkcell_core__rosidl_typesupport_c.so" to ""
[6.423s] -- Up-to-date: /home/keerthibaalan/ROS2_Workspace/ros2industrial_ws/install/myworkcell_core/include/myworkcell_core/myworkcell_core
[6.423s] -- Up-to-date: /home/keerthibaalan/ROS2_Workspace/ros2industrial_ws/install/myworkcell_core/include/myworkcell_core/myworkcell_core/srv
[6.423s] -- Up-to-date: /home/keerthibaalan/ROS2_Workspace/ros2industrial_ws/install/myworkcell_core/include/myworkcell_core/myworkcell_core/srv/detail
[6.423s] -- Installing: /home/keerthibaalan/ROS2_Workspace/ros2industrial_ws/install/myworkcell_core/include/myworkcell_core/myworkcell_core/srv/detail/localize_part__type_support.cpp
[6.423s] -- Installing: /home/keerthibaalan/ROS2_Workspace/ros2industrial_ws/install/myworkcell_core/include/myworkcell_core/myworkcell_core/srv/detail/localize_part__rosidl_typesupport_introspection_cpp.hpp
[6.423s] -- Installing: /home/keerthibaalan/ROS2_Workspace/ros2industrial_ws/install/myworkcell_core/lib/libmyworkcell_core__rosidl_typesupport_introspection_cpp.so
[6.423s] -- Set runtime path of "/home/keerthibaalan/ROS2_Workspace/ros2industrial_ws/install/myworkcell_core/lib/libmyworkcell_core__rosidl_typesupport_introspection_cpp.so" to ""
[6.423s] -- Installing: /home/keerthibaalan/ROS2_Workspace/ros2industrial_ws/install/myworkcell_core/lib/libmyworkcell_core__rosidl_typesupport_cpp.so
[6.423s] -- Set runtime path of "/home/keerthibaalan/ROS2_Workspace/ros2industrial_ws/install/myworkcell_core/lib/libmyworkcell_core__rosidl_typesupport_cpp.so" to ""
[6.423s] -- Installing: /home/keerthibaalan/ROS2_Workspace/ros2industrial_ws/install/myworkcell_core/share/myworkcell_core/environment/pythonpath.sh
[6.423s] -- Installing: /home/keerthibaalan/ROS2_Workspace/ros2industrial_ws/install/myworkcell_core/share/myworkcell_core/environment/pythonpath.dsv
[6.423s] -- Installing: /home/keerthibaalan/ROS2_Workspace/ros2industrial_ws/install/myworkcell_core/local/lib/python3.10/dist-packages/myworkcell_core-0.0.0-py3.10.egg-info
[6.424s] -- Installing: /home/keerthibaalan/ROS2_Workspace/ros2industrial_ws/install/myworkcell_core/local/lib/python3.10/dist-packages/myworkcell_core-0.0.0-py3.10.egg-info/SOURCES.txt
[6.424s] -- Installing: /home/keerthibaalan/ROS2_Workspace/ros2industrial_ws/install/myworkcell_core/local/lib/python3.10/dist-packages/myworkcell_core-0.0.0-py3.10.egg-info/PKG-INFO
[6.424s] -- Installing: /home/keerthibaalan/ROS2_Workspace/ros2industrial_ws/install/myworkcell_core/local/lib/python3.10/dist-packages/myworkcell_core-0.0.0-py3.10.egg-info/top_level.txt
[6.424s] -- Installing: /home/keerthibaalan/ROS2_Workspace/ros2industrial_ws/install/myworkcell_core/local/lib/python3.10/dist-packages/myworkcell_core-0.0.0-py3.10.egg-info/dependency_links.txt
[6.424s] -- Installing: /home/keerthibaalan/ROS2_Workspace/ros2industrial_ws/install/myworkcell_core/local/lib/python3.10/dist-packages/myworkcell_core
[6.424s] -- Installing: /home/keerthibaalan/ROS2_Workspace/ros2industrial_ws/install/myworkcell_core/local/lib/python3.10/dist-packages/myworkcell_core/myworkcell_core_s__rosidl_typesupport_c.cpython-310-x86_64-linux-gnu.so
[6.424s] -- Installing: /home/keerthibaalan/ROS2_Workspace/ros2industrial_ws/install/myworkcell_core/local/lib/python3.10/dist-packages/myworkcell_core/myworkcell_core_s__rosidl_typesupport_fastrtps_c.cpython-310-x86_64-linux-gnu.so
[6.424s] -- Installing: /home/keerthibaalan/ROS2_Workspace/ros2industrial_ws/install/myworkcell_core/local/lib/python3.10/dist-packages/myworkcell_core/_myworkcell_core_s.ep.rosidl_typesupport_introspection_c.c
[6.424s] -- Installing: /home/keerthibaalan/ROS2_Workspace/ros2industrial_ws/install/myworkcell_core/local/lib/python3.10/dist-packages/myworkcell_core/_myworkcell_core_s.ep.rosidl_typesupport_fastrtps_c.c
[6.424s] -- Installing: /home/keerthibaalan/ROS2_Workspace/ros2industrial_ws/install/myworkcell_core/local/lib/python3.10/dist-packages/myworkcell_core/_myworkcell_core_s.ep.rosidl_typesupport_c.c
[6.424s] -- Installing: /home/keerthibaalan/ROS2_Workspace/ros2industrial_ws/install/myworkcell_core/local/lib/python3.10/dist-packages/myworkcell_core/myworkcell_core_s__rosidl_typesupport_introspection_c.cpython-310-x86_64-linux-gnu.so
[6.424s] -- Installing: /home/keerthibaalan/ROS2_Workspace/ros2industrial_ws/install/myworkcell_core/local/lib/python3.10/dist-packages/myworkcell_core/libmyworkcell_core__rosidl_generator_py.so
[6.425s] -- Installing: /home/keerthibaalan/ROS2_Workspace/ros2industrial_ws/install/myworkcell_core/local/lib/python3.10/dist-packages/myworkcell_core/__init__.py
[6.425s] -- Installing: /home/keerthibaalan/ROS2_Workspace/ros2industrial_ws/install/myworkcell_core/local/lib/python3.10/dist-packages/myworkcell_core/srv
[6.425s] -- Installing: /home/keerthibaalan/ROS2_Workspace/ros2industrial_ws/install/myworkcell_core/local/lib/python3.10/dist-packages/myworkcell_core/srv/_localize_part.py
[6.425s] -- Installing: /home/keerthibaalan/ROS2_Workspace/ros2industrial_ws/install/myworkcell_core/local/lib/python3.10/dist-packages/myworkcell_core/srv/__init__.py
[6.425s] -- Installing: /home/keerthibaalan/ROS2_Workspace/ros2industrial_ws/install/myworkcell_core/local/lib/python3.10/dist-packages/myworkcell_core/srv/_localize_part_s.c
[6.446s] Listing '/home/keerthibaalan/ROS2_Workspace/ros2industrial_ws/install/myworkcell_core/local/lib/python3.10/dist-packages/myworkcell_core'...
[6.446s] Compiling '/home/keerthibaalan/ROS2_Workspace/ros2industrial_ws/install/myworkcell_core/local/lib/python3.10/dist-packages/myworkcell_core/__init__.py'...
[6.446s] Listing '/home/keerthibaalan/ROS2_Workspace/ros2industrial_ws/install/myworkcell_core/local/lib/python3.10/dist-packages/myworkcell_core/srv'...
[6.446s] Compiling '/home/keerthibaalan/ROS2_Workspace/ros2industrial_ws/install/myworkcell_core/local/lib/python3.10/dist-packages/myworkcell_core/srv/__init__.py'...
[6.446s] Compiling '/home/keerthibaalan/ROS2_Workspace/ros2industrial_ws/install/myworkcell_core/local/lib/python3.10/dist-packages/myworkcell_core/srv/_localize_part.py'...
[6.448s] -- Installing: /home/keerthibaalan/ROS2_Workspace/ros2industrial_ws/install/myworkcell_core/local/lib/python3.10/dist-packages/myworkcell_core/myworkcell_core_s__rosidl_typesupport_fastrtps_c.cpython-310-x86_64-linux-gnu.so
[6.448s] -- Set runtime path of "/home/keerthibaalan/ROS2_Workspace/ros2industrial_ws/install/myworkcell_core/local/lib/python3.10/dist-packages/myworkcell_core/myworkcell_core_s__rosidl_typesupport_fastrtps_c.cpython-310-x86_64-linux-gnu.so" to ""
[6.448s] -- Installing: /home/keerthibaalan/ROS2_Workspace/ros2industrial_ws/install/myworkcell_core/local/lib/python3.10/dist-packages/myworkcell_core/myworkcell_core_s__rosidl_typesupport_introspection_c.cpython-310-x86_64-linux-gnu.so
[6.449s] -- Set runtime path of "/home/keerthibaalan/ROS2_Workspace/ros2industrial_ws/install/myworkcell_core/local/lib/python3.10/dist-packages/myworkcell_core/myworkcell_core_s__rosidl_typesupport_introspection_c.cpython-310-x86_64-linux-gnu.so" to ""
[6.449s] -- Installing: /home/keerthibaalan/ROS2_Workspace/ros2industrial_ws/install/myworkcell_core/local/lib/python3.10/dist-packages/myworkcell_core/myworkcell_core_s__rosidl_typesupport_c.cpython-310-x86_64-linux-gnu.so
[6.449s] -- Set runtime path of "/home/keerthibaalan/ROS2_Workspace/ros2industrial_ws/install/myworkcell_core/local/lib/python3.10/dist-packages/myworkcell_core/myworkcell_core_s__rosidl_typesupport_c.cpython-310-x86_64-linux-gnu.so" to ""
[6.449s] -- Installing: /home/keerthibaalan/ROS2_Workspace/ros2industrial_ws/install/myworkcell_core/lib/libmyworkcell_core__rosidl_generator_py.so
[6.449s] -- Set runtime path of "/home/keerthibaalan/ROS2_Workspace/ros2industrial_ws/install/myworkcell_core/lib/libmyworkcell_core__rosidl_generator_py.so" to ""
[6.449s] -- Installing: /home/keerthibaalan/ROS2_Workspace/ros2industrial_ws/install/myworkcell_core/share/myworkcell_core/srv/LocalizePart.idl
[6.449s] -- Installing: /home/keerthibaalan/ROS2_Workspace/ros2industrial_ws/install/myworkcell_core/share/myworkcell_core/srv/LocalizePart.srv
[6.449s] -- Installing: /home/keerthibaalan/ROS2_Workspace/ros2industrial_ws/install/myworkcell_core/share/myworkcell_core/srv/LocalizePart_Request.msg
[6.450s] -- Installing: /home/keerthibaalan/ROS2_Workspace/ros2industrial_ws/install/myworkcell_core/share/myworkcell_core/srv/LocalizePart_Response.msg
[6.450s] -- Installing: /home/keerthibaalan/ROS2_Workspace/ros2industrial_ws/install/myworkcell_core/share/ament_index/resource_index/package_run_dependencies/myworkcell_core
[6.450s] -- Installing: /home/keerthibaalan/ROS2_Workspace/ros2industrial_ws/install/myworkcell_core/share/ament_index/resource_index/parent_prefix_path/myworkcell_core
[6.450s] -- Up-to-date: /home/keerthibaalan/ROS2_Workspace/ros2industrial_ws/install/myworkcell_core/share/myworkcell_core/environment/ament_prefix_path.sh
[6.450s] -- Installing: /home/keerthibaalan/ROS2_Workspace/ros2industrial_ws/install/myworkcell_core/share/myworkcell_core/environment/ament_prefix_path.dsv
[6.450s] -- Up-to-date: /home/keerthibaalan/ROS2_Workspace/ros2industrial_ws/install/myworkcell_core/share/myworkcell_core/environment/path.sh
[6.450s] -- Installing: /home/keerthibaalan/ROS2_Workspace/ros2industrial_ws/install/myworkcell_core/share/myworkcell_core/environment/path.dsv
[6.450s] -- Up-to-date: /home/keerthibaalan/ROS2_Workspace/ros2industrial_ws/install/myworkcell_core/share/myworkcell_core/local_setup.bash
[6.450s] -- Installing: /home/keerthibaalan/ROS2_Workspace/ros2industrial_ws/install/myworkcell_core/share/myworkcell_core/local_setup.sh
[6.450s] -- Up-to-date: /home/keerthibaalan/ROS2_Workspace/ros2industrial_ws/install/myworkcell_core/share/myworkcell_core/local_setup.zsh
[6.450s] -- Installing: /home/keerthibaalan/ROS2_Workspace/ros2industrial_ws/install/myworkcell_core/share/myworkcell_core/local_setup.dsv
[6.450s] -- Installing: /home/keerthibaalan/ROS2_Workspace/ros2industrial_ws/install/myworkcell_core/share/myworkcell_core/package.dsv
[6.451s] -- Up-to-date: /home/keerthibaalan/ROS2_Workspace/ros2industrial_ws/install/myworkcell_core/share/ament_index/resource_index/packages/myworkcell_core
[6.451s] -- Installing: /home/keerthibaalan/ROS2_Workspace/ros2industrial_ws/install/myworkcell_core/share/myworkcell_core/cmake/export_myworkcell_core__rosidl_generator_cExport.cmake
[6.451s] -- Installing: /home/keerthibaalan/ROS2_Workspace/ros2industrial_ws/install/myworkcell_core/share/myworkcell_core/cmake/export_myworkcell_core__rosidl_generator_cExport-noconfig.cmake
[6.451s] -- Installing: /home/keerthibaalan/ROS2_Workspace/ros2industrial_ws/install/myworkcell_core/share/myworkcell_core/cmake/export_myworkcell_core__rosidl_typesupport_fastrtps_cExport.cmake
[6.451s] -- Installing: /home/keerthibaalan/ROS2_Workspace/ros2industrial_ws/install/myworkcell_core/share/myworkcell_core/cmake/export_myworkcell_core__rosidl_typesupport_fastrtps_cExport-noconfig.cmake
[6.451s] -- Installing: /home/keerthibaalan/ROS2_Workspace/ros2industrial_ws/install/myworkcell_core/share/myworkcell_core/cmake/export_myworkcell_core__rosidl_generator_cppExport.cmake
[6.451s] -- Installing: /home/keerthibaalan/ROS2_Workspace/ros2industrial_ws/install/myworkcell_core/share/myworkcell_core/cmake/export_myworkcell_core__rosidl_typesupport_fastrtps_cppExport.cmake
[6.451s] -- Installing: /home/keerthibaalan/ROS2_Workspace/ros2industrial_ws/install/myworkcell_core/share/myworkcell_core/cmake/export_myworkcell_core__rosidl_typesupport_fastrtps_cppExport-noconfig.cmake
[6.451s] -- Installing: /home/keerthibaalan/ROS2_Workspace/ros2industrial_ws/install/myworkcell_core/share/myworkcell_core/cmake/myworkcell_core__rosidl_typesupport_introspection_cExport.cmake
[6.451s] -- Installing: /home/keerthibaalan/ROS2_Workspace/ros2industrial_ws/install/myworkcell_core/share/myworkcell_core/cmake/myworkcell_core__rosidl_typesupport_introspection_cExport-noconfig.cmake
[6.452s] -- Installing: /home/keerthibaalan/ROS2_Workspace/ros2industrial_ws/install/myworkcell_core/share/myworkcell_core/cmake/myworkcell_core__rosidl_typesupport_cExport.cmake
[6.452s] -- Installing: /home/keerthibaalan/ROS2_Workspace/ros2industrial_ws/install/myworkcell_core/share/myworkcell_core/cmake/myworkcell_core__rosidl_typesupport_cExport-noconfig.cmake
[6.452s] -- Installing: /home/keerthibaalan/ROS2_Workspace/ros2industrial_ws/install/myworkcell_core/share/myworkcell_core/cmake/myworkcell_core__rosidl_typesupport_introspection_cppExport.cmake
[6.452s] -- Installing: /home/keerthibaalan/ROS2_Workspace/ros2industrial_ws/install/myworkcell_core/share/myworkcell_core/cmake/myworkcell_core__rosidl_typesupport_introspection_cppExport-noconfig.cmake
[6.452s] -- Installing: /home/keerthibaalan/ROS2_Workspace/ros2industrial_ws/install/myworkcell_core/share/myworkcell_core/cmake/myworkcell_core__rosidl_typesupport_cppExport.cmake
[6.452s] -- Installing: /home/keerthibaalan/ROS2_Workspace/ros2industrial_ws/install/myworkcell_core/share/myworkcell_core/cmake/myworkcell_core__rosidl_typesupport_cppExport-noconfig.cmake
[6.452s] -- Installing: /home/keerthibaalan/ROS2_Workspace/ros2industrial_ws/install/myworkcell_core/share/myworkcell_core/cmake/export_myworkcell_core__rosidl_generator_pyExport.cmake
[6.452s] -- Installing: /home/keerthibaalan/ROS2_Workspace/ros2industrial_ws/install/myworkcell_core/share/myworkcell_core/cmake/export_myworkcell_core__rosidl_generator_pyExport-noconfig.cmake
[6.453s] -- Installing: /home/keerthibaalan/ROS2_Workspace/ros2industrial_ws/install/myworkcell_core/share/myworkcell_core/cmake/rosidl_cmake-extras.cmake
[6.453s] -- Installing: /home/keerthibaalan/ROS2_Workspace/ros2industrial_ws/install/myworkcell_core/share/myworkcell_core/cmake/ament_cmake_export_dependencies-extras.cmake
[6.453s] -- Installing: /home/keerthibaalan/ROS2_Workspace/ros2industrial_ws/install/myworkcell_core/share/myworkcell_core/cmake/ament_cmake_export_include_directories-extras.cmake
[6.453s] -- Installing: /home/keerthibaalan/ROS2_Workspace/ros2industrial_ws/install/myworkcell_core/share/myworkcell_core/cmake/ament_cmake_export_libraries-extras.cmake
[6.453s] -- Installing: /home/keerthibaalan/ROS2_Workspace/ros2industrial_ws/install/myworkcell_core/share/myworkcell_core/cmake/ament_cmake_export_targets-extras.cmake
[6.453s] -- Installing: /home/keerthibaalan/ROS2_Workspace/ros2industrial_ws/install/myworkcell_core/share/myworkcell_core/cmake/rosidl_cmake_export_typesupport_targets-extras.cmake
[6.453s] -- Installing: /home/keerthibaalan/ROS2_Workspace/ros2industrial_ws/install/myworkcell_core/share/myworkcell_core/cmake/rosidl_cmake_export_typesupport_libraries-extras.cmake
[6.453s] -- Installing: /home/keerthibaalan/ROS2_Workspace/ros2industrial_ws/install/myworkcell_core/share/myworkcell_core/cmake/myworkcell_coreConfig.cmake
[6.453s] -- Up-to-date: /home/keerthibaalan/ROS2_Workspace/ros2industrial_ws/install/myworkcell_core/share/myworkcell_core/cmake/myworkcell_coreConfig-version.cmake
[6.453s] -- Installing: /home/keerthibaalan/ROS2_Workspace/ros2industrial_ws/install/myworkcell_core/share/myworkcell_core/package.xml
[6.455s] Invoked command in '/home/keerthibaalan/ROS2_Workspace/ros2industrial_ws/build/myworkcell_core' returned '0': AMENT_PREFIX_PATH=/home/keerthibaalan/ROS2_Workspace/ros2industrial_ws/install/fake_ar_publisher:${AMENT_PREFIX_PATH} CMAKE_PREFIX_PATH=/home/keerthibaalan/ROS2_Workspace/ros2industrial_ws/install/fake_ar_publisher:/home/keerthibaalan/ws_moveit/install/robotiq_hardware_tests:/home/keerthibaalan/ws_moveit/install/robotiq_driver:/home/keerthibaalan/ws_moveit/install/serial:/home/keerthibaalan/ws_moveit/install/moveit2_tutorials:/home/keerthibaalan/ws_moveit/install/moveit_visual_tools:/home/keerthibaalan/ws_moveit/install/rviz_visual_tools:/home/keerthibaalan/ws_moveit/install/moveit_task_constructor_visualization:/home/keerthibaalan/ws_moveit/install/moveit_task_constructor_demo:/home/keerthibaalan/ws_moveit/install/moveit_task_constructor_capabilities:/home/keerthibaalan/ws_moveit/install/moveit_task_constructor_core:/home/keerthibaalan/ws_moveit/install/rviz_marker_tools:/home/keerthibaalan/ws_moveit/install/kortex_bringup:/home/keerthibaalan/ws_moveit/install/kinova_gen3_7dof_robotiq_2f_85_moveit_config:/home/keerthibaalan/ws_moveit/install/kinova_gen3_6dof_robotiq_2f_85_moveit_config:/home/keerthibaalan/ws_moveit/install/kortex_description:/home/keerthibaalan/ws_moveit/install/robotiq_description:/home/keerthibaalan/ws_moveit/install/robotiq_controllers:/home/keerthibaalan/ws_moveit/install/pilz_industrial_motion_planner_testutils:/home/keerthibaalan/ws_moveit/install/moveit_runtime:/home/keerthibaalan/ws_moveit/install/moveit:/home/keerthibaalan/ws_moveit/install/moveit_planners:/home/keerthibaalan/ws_moveit/install/pilz_industrial_motion_planner:/home/keerthibaalan/ws_moveit/install/pick_ik:/home/keerthibaalan/ws_moveit/install/moveit_task_constructor_msgs:/home/keerthibaalan/ws_moveit/install/moveit_ros_control_interface:/home/keerthibaalan/ws_moveit/install/moveit_plugins:/home/keerthibaalan/ws_moveit/install/moveit_simple_controller_manager:/home/keerthibaalan/ws_moveit/install/moveit_setup_assistant:/home/keerthibaalan/ws_moveit/install/moveit_setup_srdf_plugins:/home/keerthibaalan/ws_moveit/install/moveit_setup_core_plugins:/home/keerthibaalan/ws_moveit/install/moveit_setup_controllers:/home/keerthibaalan/ws_moveit/install/moveit_setup_app_plugins:/home/keerthibaalan/ws_moveit/install/moveit_setup_framework:/home/keerthibaalan/ws_moveit/install/moveit_servo:/home/keerthibaalan/ws_moveit/install/moveit_ros:/home/keerthibaalan/ws_moveit/install/moveit_ros_visualization:/home/keerthibaalan/ws_moveit/install/moveit_py:/home/keerthibaalan/ws_moveit/install/moveit_hybrid_planning:/home/keerthibaalan/ws_moveit/install/moveit_ros_planning_interface:/home/keerthibaalan/ws_moveit/install/moveit_ros_benchmarks:/home/keerthibaalan/ws_moveit/install/moveit_ros_warehouse:/home/keerthibaalan/ws_moveit/install/moveit_ros_robot_interaction:/home/keerthibaalan/ws_moveit/install/moveit_ros_perception:/home/keerthibaalan/ws_moveit/install/moveit_resources_prbt_pg70_support:/home/keerthibaalan/ws_moveit/install/moveit_resources_prbt_moveit_config:/home/keerthibaalan/ws_moveit/install/moveit_ros_move_group:/home/keerthibaalan/ws_moveit/install/moveit_planners_ompl:/home/keerthibaalan/ws_moveit/install/moveit_kinematics:/home/keerthibaalan/ws_moveit/install/moveit_ros_planning:/home/keerthibaalan/ws_moveit/install/moveit_ros_occupancy_map_monitor:/home/keerthibaalan/ws_moveit/install/moveit_resources_prbt_support:/home/keerthibaalan/ws_moveit/install/moveit_resources_prbt_ikfast_manipulator_plugin:/home/keerthibaalan/ws_moveit/install/moveit_resources:/home/keerthibaalan/ws_moveit/install/moveit_resources_pr2_description:/home/keerthibaalan/ws_moveit/install/moveit_resources_panda_moveit_config:/home/keerthibaalan/ws_moveit/install/dual_arm_panda_moveit_config:/home/keerthibaalan/ws_moveit/install/moveit_resources_panda_description:/home/keerthibaalan/ws_moveit/install/moveit_resources_fanuc_moveit_config:/home/keerthibaalan/ws_moveit/install/moveit_resources_fanuc_description:/home/keerthibaalan/ws_moveit/install/moveit_planners_stomp:/home/keerthibaalan/ws_moveit/install/moveit_planners_chomp:/home/keerthibaalan/ws_moveit/install/chomp_motion_planner:/home/keerthibaalan/ws_moveit/install/moveit_core:/home/keerthibaalan/ws_moveit/install/moveit_msgs:/home/keerthibaalan/ws_moveit/install/moveit_common:/home/keerthibaalan/ws_moveit/install/kortex_driver:/home/keerthibaalan/ws_moveit/install/kortex_api:/home/keerthibaalan/ws_moveit/install/moveit_configs_utils:/opt/ros/humble LD_LIBRARY_PATH=/home/keerthibaalan/ROS2_Workspace/ros2industrial_ws/install/fake_ar_publisher/lib:${LD_LIBRARY_PATH} PYTHONPATH=/home/keerthibaalan/ROS2_Workspace/ros2industrial_ws/install/fake_ar_publisher/local/lib/python3.10/dist-packages:${PYTHONPATH} /usr/bin/cmake --install /home/keerthibaalan/ROS2_Workspace/ros2industrial_ws/build/myworkcell_core
