[0.017s] Invoking command in '/home/keerthibaalan/ROS2_Workspace/arduinobot_ws/build/arduinobot_moveit': CMAKE_PREFIX_PATH=${CMAKE_PREFIX_PATH}:/home/keerthibaalan/ws_moveit2/install/moveit_configs_utils:/home/keerthibaalan/ws_moveit2/install/launch_param_builder:/home/keerthibaalan/ws_moveit/install/moveit_configs_utils:/opt/ros/humble /usr/bin/cmake /home/keerthibaalan/ROS2_Workspace/arduinobot_ws/src/arduinobot_moveit -DCMAKE_INSTALL_PREFIX=/home/keerthibaalan/ROS2_Workspace/arduinobot_ws/install/arduinobot_moveit
[0.112s] -- The C compiler identification is GNU 11.4.0
[0.184s] -- The CXX compiler identification is GNU 11.4.0
[0.192s] -- Detecting C compiler ABI info
[0.282s] -- Detecting C compiler ABI info - done
[0.287s] -- Check for working C compiler: /usr/bin/cc - skipped
[0.287s] -- Detecting C compile features
[0.287s] -- Detecting C compile features - done
[0.289s] -- Detecting CXX compiler ABI info
[0.383s] -- Detecting CXX compiler ABI info - done
[0.389s] -- Check for working CXX compiler: /usr/bin/c++ - skipped
[0.389s] -- Detecting CXX compile features
[0.389s] -- Detecting CXX compile features - done
[0.404s] -- Found ament_cmake: 1.3.8 (/opt/ros/humble/share/ament_cmake/cmake)
[0.535s] -- Found Python3: /usr/bin/python3 (found version "3.10.12") found components: Interpreter 
[0.751s] -- Found ament_lint_auto: 0.12.10 (/opt/ros/humble/share/ament_lint_auto/cmake)
[0.893s] -- Added test 'copyright' to check source files copyright and LICENSE
[0.897s] -- Added test 'flake8' to check Python code syntax and style conventions
[0.899s] -- Added test 'lint_cmake' to check CMake code style
[0.901s] -- Added test 'pep257' to check Python code against some of the docstring style conventions in PEP 257
[0.903s] -- Added test 'xmllint' to check XML markup files
[0.906s] -- Configuring done
[0.909s] -- Generating done
[0.909s] -- Build files have been written to: /home/keerthibaalan/ROS2_Workspace/arduinobot_ws/build/arduinobot_moveit
[0.913s] Invoked command in '/home/keerthibaalan/ROS2_Workspace/arduinobot_ws/build/arduinobot_moveit' returned '0': CMAKE_PREFIX_PATH=${CMAKE_PREFIX_PATH}:/home/keerthibaalan/ws_moveit2/install/moveit_configs_utils:/home/keerthibaalan/ws_moveit2/install/launch_param_builder:/home/keerthibaalan/ws_moveit/install/moveit_configs_utils:/opt/ros/humble /usr/bin/cmake /home/keerthibaalan/ROS2_Workspace/arduinobot_ws/src/arduinobot_moveit -DCMAKE_INSTALL_PREFIX=/home/keerthibaalan/ROS2_Workspace/arduinobot_ws/install/arduinobot_moveit
[0.914s] Invoking command in '/home/keerthibaalan/ROS2_Workspace/arduinobot_ws/build/arduinobot_moveit': CMAKE_PREFIX_PATH=${CMAKE_PREFIX_PATH}:/home/keerthibaalan/ws_moveit2/install/moveit_configs_utils:/home/keerthibaalan/ws_moveit2/install/launch_param_builder:/home/keerthibaalan/ws_moveit/install/moveit_configs_utils:/opt/ros/humble /usr/bin/cmake --build /home/keerthibaalan/ROS2_Workspace/arduinobot_ws/build/arduinobot_moveit -- -j24 -l24
[0.969s] Invoked command in '/home/keerthibaalan/ROS2_Workspace/arduinobot_ws/build/arduinobot_moveit' returned '0': CMAKE_PREFIX_PATH=${CMAKE_PREFIX_PATH}:/home/keerthibaalan/ws_moveit2/install/moveit_configs_utils:/home/keerthibaalan/ws_moveit2/install/launch_param_builder:/home/keerthibaalan/ws_moveit/install/moveit_configs_utils:/opt/ros/humble /usr/bin/cmake --build /home/keerthibaalan/ROS2_Workspace/arduinobot_ws/build/arduinobot_moveit -- -j24 -l24
[1.023s] Invoking command in '/home/keerthibaalan/ROS2_Workspace/arduinobot_ws/build/arduinobot_moveit': CMAKE_PREFIX_PATH=${CMAKE_PREFIX_PATH}:/home/keerthibaalan/ws_moveit2/install/moveit_configs_utils:/home/keerthibaalan/ws_moveit2/install/launch_param_builder:/home/keerthibaalan/ws_moveit/install/moveit_configs_utils:/opt/ros/humble /usr/bin/cmake --install /home/keerthibaalan/ROS2_Workspace/arduinobot_ws/build/arduinobot_moveit
[1.035s] -- Install configuration: ""
[1.035s] -- Installing: /home/keerthibaalan/ROS2_Workspace/arduinobot_ws/install/arduinobot_moveit/share/arduinobot_moveit/launch
[1.035s] -- Installing: /home/keerthibaalan/ROS2_Workspace/arduinobot_ws/install/arduinobot_moveit/share/arduinobot_moveit/launch/moveit.launch.py
[1.035s] -- Installing: /home/keerthibaalan/ROS2_Workspace/arduinobot_ws/install/arduinobot_moveit/share/arduinobot_moveit/config
[1.035s] -- Installing: /home/keerthibaalan/ROS2_Workspace/arduinobot_ws/install/arduinobot_moveit/share/arduinobot_moveit/config/initial_positions.yaml
[1.035s] -- Installing: /home/keerthibaalan/ROS2_Workspace/arduinobot_ws/install/arduinobot_moveit/share/arduinobot_moveit/config/pilz_cartesian_limits.yaml
[1.035s] -- Installing: /home/keerthibaalan/ROS2_Workspace/arduinobot_ws/install/arduinobot_moveit/share/arduinobot_moveit/config/joint_limits.yaml
[1.035s] -- Installing: /home/keerthibaalan/ROS2_Workspace/arduinobot_ws/install/arduinobot_moveit/share/arduinobot_moveit/config/arduinobot.srdf
[1.035s] -- Installing: /home/keerthibaalan/ROS2_Workspace/arduinobot_ws/install/arduinobot_moveit/share/arduinobot_moveit/config/kinematics.yaml
[1.035s] -- Installing: /home/keerthibaalan/ROS2_Workspace/arduinobot_ws/install/arduinobot_moveit/share/arduinobot_moveit/config/moveit_controllers.yaml
[1.035s] -- Installing: /home/keerthibaalan/ROS2_Workspace/arduinobot_ws/install/arduinobot_moveit/share/arduinobot_moveit/config/moveit.rviz
[1.035s] -- Installing: /home/keerthibaalan/ROS2_Workspace/arduinobot_ws/install/arduinobot_moveit/share/ament_index/resource_index/package_run_dependencies/arduinobot_moveit
[1.035s] -- Installing: /home/keerthibaalan/ROS2_Workspace/arduinobot_ws/install/arduinobot_moveit/share/ament_index/resource_index/parent_prefix_path/arduinobot_moveit
[1.036s] -- Installing: /home/keerthibaalan/ROS2_Workspace/arduinobot_ws/install/arduinobot_moveit/share/arduinobot_moveit/environment/ament_prefix_path.sh
[1.036s] -- Installing: /home/keerthibaalan/ROS2_Workspace/arduinobot_ws/install/arduinobot_moveit/share/arduinobot_moveit/environment/ament_prefix_path.dsv
[1.036s] -- Installing: /home/keerthibaalan/ROS2_Workspace/arduinobot_ws/install/arduinobot_moveit/share/arduinobot_moveit/environment/path.sh
[1.036s] -- Installing: /home/keerthibaalan/ROS2_Workspace/arduinobot_ws/install/arduinobot_moveit/share/arduinobot_moveit/environment/path.dsv
[1.036s] -- Installing: /home/keerthibaalan/ROS2_Workspace/arduinobot_ws/install/arduinobot_moveit/share/arduinobot_moveit/local_setup.bash
[1.036s] -- Installing: /home/keerthibaalan/ROS2_Workspace/arduinobot_ws/install/arduinobot_moveit/share/arduinobot_moveit/local_setup.sh
[1.036s] -- Installing: /home/keerthibaalan/ROS2_Workspace/arduinobot_ws/install/arduinobot_moveit/share/arduinobot_moveit/local_setup.zsh
[1.036s] -- Installing: /home/keerthibaalan/ROS2_Workspace/arduinobot_ws/install/arduinobot_moveit/share/arduinobot_moveit/local_setup.dsv
[1.036s] -- Installing: /home/keerthibaalan/ROS2_Workspace/arduinobot_ws/install/arduinobot_moveit/share/arduinobot_moveit/package.dsv
[1.036s] -- Installing: /home/keerthibaalan/ROS2_Workspace/arduinobot_ws/install/arduinobot_moveit/share/ament_index/resource_index/packages/arduinobot_moveit
[1.037s] -- Installing: /home/keerthibaalan/ROS2_Workspace/arduinobot_ws/install/arduinobot_moveit/share/arduinobot_moveit/cmake/arduinobot_moveitConfig.cmake
[1.037s] -- Installing: /home/keerthibaalan/ROS2_Workspace/arduinobot_ws/install/arduinobot_moveit/share/arduinobot_moveit/cmake/arduinobot_moveitConfig-version.cmake
[1.037s] -- Installing: /home/keerthibaalan/ROS2_Workspace/arduinobot_ws/install/arduinobot_moveit/share/arduinobot_moveit/package.xml
[1.038s] Invoked command in '/home/keerthibaalan/ROS2_Workspace/arduinobot_ws/build/arduinobot_moveit' returned '0': CMAKE_PREFIX_PATH=${CMAKE_PREFIX_PATH}:/home/keerthibaalan/ws_moveit2/install/moveit_configs_utils:/home/keerthibaalan/ws_moveit2/install/launch_param_builder:/home/keerthibaalan/ws_moveit/install/moveit_configs_utils:/opt/ros/humble /usr/bin/cmake --install /home/keerthibaalan/ROS2_Workspace/arduinobot_ws/build/arduinobot_moveit
