[0.047s] Invoking command in '/home/ros/ws_microros/build/asrs_gripper': CMAKE_PREFIX_PATH=/opt/ros/humble /usr/bin/cmake --build /home/ros/ws_microros/build/asrs_gripper -- -j16 -l16
[0.056s] -- Found ament_cmake: 1.3.6 (/opt/ros/humble/share/ament_cmake/cmake)
[0.129s] -- Found ament_lint_auto: 0.12.9 (/opt/ros/humble/share/ament_lint_auto/cmake)
[0.162s] -- Added test 'flake8' to check Python code syntax and style conventions
[0.164s] -- Added test 'lint_cmake' to check CMake code style
[0.164s] -- Added test 'pep257' to check Python code against some of the docstring style conventions in PEP 257
[0.164s] -- Added test 'xmllint' to check XML markup files
[0.164s] -- Configuring done
[0.165s] -- Generating done
[0.165s] -- Build files have been written to: /home/ros/ws_microros/build/asrs_gripper
[0.196s] Invoked command in '/home/ros/ws_microros/build/asrs_gripper' returned '0': CMAKE_PREFIX_PATH=/opt/ros/humble /usr/bin/cmake --build /home/ros/ws_microros/build/asrs_gripper -- -j16 -l16
[0.210s] Invoking command in '/home/ros/ws_microros/build/asrs_gripper': CMAKE_PREFIX_PATH=/opt/ros/humble /usr/bin/cmake --install /home/ros/ws_microros/build/asrs_gripper
[0.214s] -- Install configuration: ""
[0.214s] -- Installing: /home/ros/ws_microros/install/asrs_gripper/share/asrs_gripper/config
[0.214s] -- Installing: /home/ros/ws_microros/install/asrs_gripper/share/asrs_gripper/config/display.rviz
[0.214s] -- Installing: /home/ros/ws_microros/install/asrs_gripper/share/asrs_gripper/config/joint_names_gripper.yaml
[0.214s] -- Up-to-date: /home/ros/ws_microros/install/asrs_gripper/share/asrs_gripper/launch
[0.215s] -- Up-to-date: /home/ros/ws_microros/install/asrs_gripper/share/asrs_gripper/launch/gazebo.launch.py
[0.215s] -- Up-to-date: /home/ros/ws_microros/install/asrs_gripper/share/asrs_gripper/launch/.vscode
[0.215s] -- Up-to-date: /home/ros/ws_microros/install/asrs_gripper/share/asrs_gripper/launch/.vscode/settings.json
[0.215s] -- Up-to-date: /home/ros/ws_microros/install/asrs_gripper/share/asrs_gripper/launch/.vscode/c_cpp_properties.json
[0.215s] -- Installing: /home/ros/ws_microros/install/asrs_gripper/share/asrs_gripper/launch/rviz.launch.py
[0.216s] -- Up-to-date: /home/ros/ws_microros/install/asrs_gripper/share/asrs_gripper/meshes
[0.216s] -- Up-to-date: /home/ros/ws_microros/install/asrs_gripper/share/asrs_gripper/meshes/right_finger.STL
[0.216s] -- Up-to-date: /home/ros/ws_microros/install/asrs_gripper/share/asrs_gripper/meshes/left_knuckle.STL
[0.216s] -- Up-to-date: /home/ros/ws_microros/install/asrs_gripper/share/asrs_gripper/meshes/driver.STL
[0.216s] -- Up-to-date: /home/ros/ws_microros/install/asrs_gripper/share/asrs_gripper/meshes/base.STL
[0.216s] -- Up-to-date: /home/ros/ws_microros/install/asrs_gripper/share/asrs_gripper/meshes/right_knuckle.STL
[0.216s] -- Up-to-date: /home/ros/ws_microros/install/asrs_gripper/share/asrs_gripper/meshes/driven.STL
[0.216s] -- Up-to-date: /home/ros/ws_microros/install/asrs_gripper/share/asrs_gripper/meshes/left_finger.STL
[0.217s] -- Up-to-date: /home/ros/ws_microros/install/asrs_gripper/share/asrs_gripper/urdf
[0.217s] -- Up-to-date: /home/ros/ws_microros/install/asrs_gripper/share/asrs_gripper/urdf/gripper.xacro
[0.217s] -- Up-to-date: /home/ros/ws_microros/install/asrs_gripper/share/asrs_gripper/urdf/gripper.csv
[0.217s] -- Up-to-date: /home/ros/ws_microros/install/asrs_gripper/share/asrs_gripper/urdf/gripper_transmissions.xacro
[0.217s] -- Up-to-date: /home/ros/ws_microros/install/asrs_gripper/share/asrs_gripper/urdf/asrs_gripper.urdf.xacro
[0.217s] -- Installing: /home/ros/ws_microros/install/asrs_gripper/share/ament_index/resource_index/package_run_dependencies/asrs_gripper
[0.217s] -- Up-to-date: /home/ros/ws_microros/install/asrs_gripper/share/ament_index/resource_index/parent_prefix_path/asrs_gripper
[0.217s] -- Up-to-date: /home/ros/ws_microros/install/asrs_gripper/share/asrs_gripper/environment/ament_prefix_path.sh
[0.217s] -- Installing: /home/ros/ws_microros/install/asrs_gripper/share/asrs_gripper/environment/ament_prefix_path.dsv
[0.217s] -- Up-to-date: /home/ros/ws_microros/install/asrs_gripper/share/asrs_gripper/environment/path.sh
[0.217s] -- Installing: /home/ros/ws_microros/install/asrs_gripper/share/asrs_gripper/environment/path.dsv
[0.218s] -- Up-to-date: /home/ros/ws_microros/install/asrs_gripper/share/asrs_gripper/local_setup.bash
[0.218s] -- Up-to-date: /home/ros/ws_microros/install/asrs_gripper/share/asrs_gripper/local_setup.sh
[0.218s] -- Up-to-date: /home/ros/ws_microros/install/asrs_gripper/share/asrs_gripper/local_setup.zsh
[0.218s] -- Installing: /home/ros/ws_microros/install/asrs_gripper/share/asrs_gripper/local_setup.dsv
[0.218s] -- Installing: /home/ros/ws_microros/install/asrs_gripper/share/asrs_gripper/package.dsv
[0.218s] -- Up-to-date: /home/ros/ws_microros/install/asrs_gripper/share/ament_index/resource_index/packages/asrs_gripper
[0.218s] -- Up-to-date: /home/ros/ws_microros/install/asrs_gripper/share/asrs_gripper/cmake/asrs_gripperConfig.cmake
[0.218s] -- Up-to-date: /home/ros/ws_microros/install/asrs_gripper/share/asrs_gripper/cmake/asrs_gripperConfig-version.cmake
[0.218s] -- Installing: /home/ros/ws_microros/install/asrs_gripper/share/asrs_gripper/package.xml
[0.222s] Invoked command in '/home/ros/ws_microros/build/asrs_gripper' returned '0': CMAKE_PREFIX_PATH=/opt/ros/humble /usr/bin/cmake --install /home/ros/ws_microros/build/asrs_gripper
