[0.057s] DEBUG:colcon:Command line arguments: ['/usr/bin/colcon', 'build']
[0.057s] DEBUG:colcon:Parsed command line arguments: Namespace(log_base=None, log_level=None, verb_name='build', build_base='build', install_base='install', merge_install=False, symlink_install=False, test_result_base=None, continue_on_error=False, executor='parallel', parallel_workers=24, event_handlers=None, ignore_user_meta=False, metas=['./colcon.meta'], base_paths=['.'], packages_ignore=None, packages_ignore_regex=None, paths=None, packages_up_to=None, packages_up_to_regex=None, packages_above=None, packages_above_and_dependencies=None, packages_above_depth=None, packages_select_by_dep=None, packages_skip_by_dep=None, packages_skip_up_to=None, packages_select_build_failed=False, packages_skip_build_finished=False, packages_select_test_failures=False, packages_skip_test_passed=False, packages_select=None, packages_skip=None, packages_select_regex=None, packages_skip_regex=None, packages_start=None, packages_end=None, allow_overriding=[], cmake_args=None, cmake_target=None, cmake_target_skip_unavailable=False, cmake_clean_cache=False, cmake_clean_first=False, cmake_force_configure=False, ament_cmake_args=None, catkin_cmake_args=None, catkin_skip_building_tests=False, mixin_files=None, mixin=None, verb_parser=<colcon_mixin.mixin.mixin_argument.MixinArgumentDecorator object at 0x743b6d843670>, verb_extension=<colcon_core.verb.build.BuildVerb object at 0x743b6d8431c0>, main=<bound method BuildVerb.main of <colcon_core.verb.build.BuildVerb object at 0x743b6d8431c0>>, mixin_verb=('build',))
[0.147s] Level 1:colcon.colcon_core.package_discovery:discover_packages(colcon_meta) check parameters
[0.147s] Level 1:colcon.colcon_core.package_discovery:discover_packages(recursive) check parameters
[0.147s] Level 1:colcon.colcon_core.package_discovery:discover_packages(ignore) check parameters
[0.147s] Level 1:colcon.colcon_core.package_discovery:discover_packages(path) check parameters
[0.147s] Level 1:colcon.colcon_core.package_discovery:discover_packages(colcon_meta) discover
[0.147s] Level 1:colcon.colcon_core.package_discovery:discover_packages(recursive) discover
[0.147s] INFO:colcon.colcon_core.package_discovery:Crawling recursively for packages in '/home/keerthibaalan/ROS2_Workspace/ws_microros'
[0.148s] Level 1:colcon.colcon_core.package_identification:_identify(.) by extensions ['ignore', 'ignore_ament_install']
[0.148s] Level 1:colcon.colcon_core.package_identification:_identify(.) by extension 'ignore'
[0.148s] Level 1:colcon.colcon_core.package_identification:_identify(.) by extension 'ignore_ament_install'
[0.148s] Level 1:colcon.colcon_core.package_identification:_identify(.) by extensions ['colcon_pkg']
[0.148s] Level 1:colcon.colcon_core.package_identification:_identify(.) by extension 'colcon_pkg'
[0.148s] Level 1:colcon.colcon_core.package_identification:_identify(.) by extensions ['colcon_meta']
[0.148s] Level 1:colcon.colcon_core.package_identification:_identify(.) by extension 'colcon_meta'
[0.148s] Level 1:colcon.colcon_core.package_identification:_identify(.) by extensions ['ros']
[0.148s] Level 1:colcon.colcon_core.package_identification:_identify(.) by extension 'ros'
[0.156s] Level 1:colcon.colcon_core.package_identification:_identify(.) by extensions ['cmake', 'python']
[0.156s] Level 1:colcon.colcon_core.package_identification:_identify(.) by extension 'cmake'
[0.156s] Level 1:colcon.colcon_core.package_identification:_identify(.) by extension 'python'
[0.156s] Level 1:colcon.colcon_core.package_identification:_identify(.) by extensions ['python_setup_py']
[0.156s] Level 1:colcon.colcon_core.package_identification:_identify(.) by extension 'python_setup_py'
[0.156s] Level 1:colcon.colcon_core.package_identification:_identify(build) by extensions ['ignore', 'ignore_ament_install']
[0.157s] Level 1:colcon.colcon_core.package_identification:_identify(build) by extension 'ignore'
[0.157s] Level 1:colcon.colcon_core.package_identification:_identify(build) ignored
[0.157s] Level 1:colcon.colcon_core.package_identification:_identify(install) by extensions ['ignore', 'ignore_ament_install']
[0.157s] Level 1:colcon.colcon_core.package_identification:_identify(install) by extension 'ignore'
[0.157s] Level 1:colcon.colcon_core.package_identification:_identify(install) ignored
[0.157s] Level 1:colcon.colcon_core.package_identification:_identify(log) by extensions ['ignore', 'ignore_ament_install']
[0.157s] Level 1:colcon.colcon_core.package_identification:_identify(log) by extension 'ignore'
[0.157s] Level 1:colcon.colcon_core.package_identification:_identify(log) ignored
[0.157s] Level 1:colcon.colcon_core.package_identification:_identify(src) by extensions ['ignore', 'ignore_ament_install']
[0.157s] Level 1:colcon.colcon_core.package_identification:_identify(src) by extension 'ignore'
[0.157s] Level 1:colcon.colcon_core.package_identification:_identify(src) by extension 'ignore_ament_install'
[0.157s] Level 1:colcon.colcon_core.package_identification:_identify(src) by extensions ['colcon_pkg']
[0.157s] Level 1:colcon.colcon_core.package_identification:_identify(src) by extension 'colcon_pkg'
[0.157s] Level 1:colcon.colcon_core.package_identification:_identify(src) by extensions ['colcon_meta']
[0.157s] Level 1:colcon.colcon_core.package_identification:_identify(src) by extension 'colcon_meta'
[0.157s] Level 1:colcon.colcon_core.package_identification:_identify(src) by extensions ['ros']
[0.157s] Level 1:colcon.colcon_core.package_identification:_identify(src) by extension 'ros'
[0.157s] Level 1:colcon.colcon_core.package_identification:_identify(src) by extensions ['cmake', 'python']
[0.157s] Level 1:colcon.colcon_core.package_identification:_identify(src) by extension 'cmake'
[0.157s] Level 1:colcon.colcon_core.package_identification:_identify(src) by extension 'python'
[0.157s] Level 1:colcon.colcon_core.package_identification:_identify(src) by extensions ['python_setup_py']
[0.157s] Level 1:colcon.colcon_core.package_identification:_identify(src) by extension 'python_setup_py'
[0.157s] Level 1:colcon.colcon_core.package_identification:_identify(src/asrs_arm) by extensions ['ignore', 'ignore_ament_install']
[0.157s] Level 1:colcon.colcon_core.package_identification:_identify(src/asrs_arm) by extension 'ignore'
[0.157s] Level 1:colcon.colcon_core.package_identification:_identify(src/asrs_arm) by extension 'ignore_ament_install'
[0.157s] Level 1:colcon.colcon_core.package_identification:_identify(src/asrs_arm) by extensions ['colcon_pkg']
[0.157s] Level 1:colcon.colcon_core.package_identification:_identify(src/asrs_arm) by extension 'colcon_pkg'
[0.157s] Level 1:colcon.colcon_core.package_identification:_identify(src/asrs_arm) by extensions ['colcon_meta']
[0.157s] Level 1:colcon.colcon_core.package_identification:_identify(src/asrs_arm) by extension 'colcon_meta'
[0.157s] Level 1:colcon.colcon_core.package_identification:_identify(src/asrs_arm) by extensions ['ros']
[0.157s] Level 1:colcon.colcon_core.package_identification:_identify(src/asrs_arm) by extension 'ros'
[0.158s] DEBUG:colcon.colcon_core.package_identification:Package 'src/asrs_arm' with type 'ros.ament_cmake' and name 'asrs_arm'
[0.158s] Level 1:colcon.colcon_core.package_identification:_identify(src/asrs_controller) by extensions ['ignore', 'ignore_ament_install']
[0.158s] Level 1:colcon.colcon_core.package_identification:_identify(src/asrs_controller) by extension 'ignore'
[0.158s] Level 1:colcon.colcon_core.package_identification:_identify(src/asrs_controller) by extension 'ignore_ament_install'
[0.158s] Level 1:colcon.colcon_core.package_identification:_identify(src/asrs_controller) by extensions ['colcon_pkg']
[0.158s] Level 1:colcon.colcon_core.package_identification:_identify(src/asrs_controller) by extension 'colcon_pkg'
[0.158s] Level 1:colcon.colcon_core.package_identification:_identify(src/asrs_controller) by extensions ['colcon_meta']
[0.158s] Level 1:colcon.colcon_core.package_identification:_identify(src/asrs_controller) by extension 'colcon_meta'
[0.158s] Level 1:colcon.colcon_core.package_identification:_identify(src/asrs_controller) by extensions ['ros']
[0.158s] Level 1:colcon.colcon_core.package_identification:_identify(src/asrs_controller) by extension 'ros'
[0.159s] DEBUG:colcon.colcon_core.package_identification:Package 'src/asrs_controller' with type 'ros.ament_cmake' and name 'asrs_controller'
[0.159s] Level 1:colcon.colcon_core.package_identification:_identify(src/asrs_description) by extensions ['ignore', 'ignore_ament_install']
[0.159s] Level 1:colcon.colcon_core.package_identification:_identify(src/asrs_description) by extension 'ignore'
[0.159s] Level 1:colcon.colcon_core.package_identification:_identify(src/asrs_description) by extension 'ignore_ament_install'
[0.159s] Level 1:colcon.colcon_core.package_identification:_identify(src/asrs_description) by extensions ['colcon_pkg']
[0.159s] Level 1:colcon.colcon_core.package_identification:_identify(src/asrs_description) by extension 'colcon_pkg'
[0.159s] Level 1:colcon.colcon_core.package_identification:_identify(src/asrs_description) by extensions ['colcon_meta']
[0.159s] Level 1:colcon.colcon_core.package_identification:_identify(src/asrs_description) by extension 'colcon_meta'
[0.159s] Level 1:colcon.colcon_core.package_identification:_identify(src/asrs_description) by extensions ['ros']
[0.159s] Level 1:colcon.colcon_core.package_identification:_identify(src/asrs_description) by extension 'ros'
[0.159s] DEBUG:colcon.colcon_core.package_identification:Package 'src/asrs_description' with type 'ros.ament_cmake' and name 'asrs_description'
[0.159s] Level 1:colcon.colcon_core.package_identification:_identify(src/asrs_gripper) by extensions ['ignore', 'ignore_ament_install']
[0.159s] Level 1:colcon.colcon_core.package_identification:_identify(src/asrs_gripper) by extension 'ignore'
[0.159s] Level 1:colcon.colcon_core.package_identification:_identify(src/asrs_gripper) by extension 'ignore_ament_install'
[0.159s] Level 1:colcon.colcon_core.package_identification:_identify(src/asrs_gripper) by extensions ['colcon_pkg']
[0.159s] Level 1:colcon.colcon_core.package_identification:_identify(src/asrs_gripper) by extension 'colcon_pkg'
[0.159s] Level 1:colcon.colcon_core.package_identification:_identify(src/asrs_gripper) by extensions ['colcon_meta']
[0.159s] Level 1:colcon.colcon_core.package_identification:_identify(src/asrs_gripper) by extension 'colcon_meta'
[0.159s] Level 1:colcon.colcon_core.package_identification:_identify(src/asrs_gripper) by extensions ['ros']
[0.159s] Level 1:colcon.colcon_core.package_identification:_identify(src/asrs_gripper) by extension 'ros'
[0.160s] DEBUG:colcon.colcon_core.package_identification:Package 'src/asrs_gripper' with type 'ros.ament_cmake' and name 'asrs_gripper'
[0.160s] Level 1:colcon.colcon_core.package_identification:_identify(src/asrs_moveit_config) by extensions ['ignore', 'ignore_ament_install']
[0.160s] Level 1:colcon.colcon_core.package_identification:_identify(src/asrs_moveit_config) by extension 'ignore'
[0.160s] Level 1:colcon.colcon_core.package_identification:_identify(src/asrs_moveit_config) by extension 'ignore_ament_install'
[0.160s] Level 1:colcon.colcon_core.package_identification:_identify(src/asrs_moveit_config) by extensions ['colcon_pkg']
[0.160s] Level 1:colcon.colcon_core.package_identification:_identify(src/asrs_moveit_config) by extension 'colcon_pkg'
[0.160s] Level 1:colcon.colcon_core.package_identification:_identify(src/asrs_moveit_config) by extensions ['colcon_meta']
[0.160s] Level 1:colcon.colcon_core.package_identification:_identify(src/asrs_moveit_config) by extension 'colcon_meta'
[0.160s] Level 1:colcon.colcon_core.package_identification:_identify(src/asrs_moveit_config) by extensions ['ros']
[0.160s] Level 1:colcon.colcon_core.package_identification:_identify(src/asrs_moveit_config) by extension 'ros'
[0.160s] DEBUG:colcon.colcon_core.package_identification:Package 'src/asrs_moveit_config' with type 'ros.ament_cmake' and name 'asrs_moveit_config'
[0.160s] Level 1:colcon.colcon_core.package_discovery:discover_packages(recursive) using defaults
[0.160s] Level 1:colcon.colcon_core.package_discovery:discover_packages(ignore) discover
[0.160s] Level 1:colcon.colcon_core.package_discovery:discover_packages(ignore) using defaults
[0.160s] Level 1:colcon.colcon_core.package_discovery:discover_packages(path) discover
[0.160s] Level 1:colcon.colcon_core.package_discovery:discover_packages(path) using defaults
[0.170s] Level 1:colcon.colcon_core.package_discovery:discover_packages(prefix_path) check parameters
[0.170s] Level 1:colcon.colcon_core.package_discovery:discover_packages(prefix_path) discover
[0.173s] DEBUG:colcon.colcon_installed_package_information.package_discovery:Found 69 installed packages in /home/keerthibaalan/ws_moveit/install
[0.174s] DEBUG:colcon.colcon_installed_package_information.package_discovery:Found 376 installed packages in /opt/ros/humble
[0.176s] Level 1:colcon.colcon_core.package_discovery:discover_packages(prefix_path) using defaults
[0.201s] Level 5:colcon.colcon_core.verb:set package 'asrs_arm' build argument 'cmake_args' from command line to 'None'
[0.201s] Level 5:colcon.colcon_core.verb:set package 'asrs_arm' build argument 'cmake_target' from command line to 'None'
[0.201s] Level 5:colcon.colcon_core.verb:set package 'asrs_arm' build argument 'cmake_target_skip_unavailable' from command line to 'False'
[0.201s] Level 5:colcon.colcon_core.verb:set package 'asrs_arm' build argument 'cmake_clean_cache' from command line to 'False'
[0.201s] Level 5:colcon.colcon_core.verb:set package 'asrs_arm' build argument 'cmake_clean_first' from command line to 'False'
[0.201s] Level 5:colcon.colcon_core.verb:set package 'asrs_arm' build argument 'cmake_force_configure' from command line to 'False'
[0.201s] Level 5:colcon.colcon_core.verb:set package 'asrs_arm' build argument 'ament_cmake_args' from command line to 'None'
[0.201s] Level 5:colcon.colcon_core.verb:set package 'asrs_arm' build argument 'catkin_cmake_args' from command line to 'None'
[0.201s] Level 5:colcon.colcon_core.verb:set package 'asrs_arm' build argument 'catkin_skip_building_tests' from command line to 'False'
[0.201s] DEBUG:colcon.colcon_core.verb:Building package 'asrs_arm' with the following arguments: {'ament_cmake_args': None, 'build_base': '/home/keerthibaalan/ROS2_Workspace/ws_microros/build/asrs_arm', 'catkin_cmake_args': None, 'catkin_skip_building_tests': False, 'cmake_args': None, 'cmake_clean_cache': False, 'cmake_clean_first': False, 'cmake_force_configure': False, 'cmake_target': None, 'cmake_target_skip_unavailable': False, 'install_base': '/home/keerthibaalan/ROS2_Workspace/ws_microros/install/asrs_arm', 'merge_install': False, 'path': '/home/keerthibaalan/ROS2_Workspace/ws_microros/src/asrs_arm', 'symlink_install': False, 'test_result_base': None}
[0.201s] Level 5:colcon.colcon_core.verb:set package 'asrs_controller' build argument 'cmake_args' from command line to 'None'
[0.201s] Level 5:colcon.colcon_core.verb:set package 'asrs_controller' build argument 'cmake_target' from command line to 'None'
[0.201s] Level 5:colcon.colcon_core.verb:set package 'asrs_controller' build argument 'cmake_target_skip_unavailable' from command line to 'False'
[0.201s] Level 5:colcon.colcon_core.verb:set package 'asrs_controller' build argument 'cmake_clean_cache' from command line to 'False'
[0.201s] Level 5:colcon.colcon_core.verb:set package 'asrs_controller' build argument 'cmake_clean_first' from command line to 'False'
[0.201s] Level 5:colcon.colcon_core.verb:set package 'asrs_controller' build argument 'cmake_force_configure' from command line to 'False'
[0.201s] Level 5:colcon.colcon_core.verb:set package 'asrs_controller' build argument 'ament_cmake_args' from command line to 'None'
[0.201s] Level 5:colcon.colcon_core.verb:set package 'asrs_controller' build argument 'catkin_cmake_args' from command line to 'None'
[0.201s] Level 5:colcon.colcon_core.verb:set package 'asrs_controller' build argument 'catkin_skip_building_tests' from command line to 'False'
[0.201s] DEBUG:colcon.colcon_core.verb:Building package 'asrs_controller' with the following arguments: {'ament_cmake_args': None, 'build_base': '/home/keerthibaalan/ROS2_Workspace/ws_microros/build/asrs_controller', 'catkin_cmake_args': None, 'catkin_skip_building_tests': False, 'cmake_args': None, 'cmake_clean_cache': False, 'cmake_clean_first': False, 'cmake_force_configure': False, 'cmake_target': None, 'cmake_target_skip_unavailable': False, 'install_base': '/home/keerthibaalan/ROS2_Workspace/ws_microros/install/asrs_controller', 'merge_install': False, 'path': '/home/keerthibaalan/ROS2_Workspace/ws_microros/src/asrs_controller', 'symlink_install': False, 'test_result_base': None}
[0.202s] Level 5:colcon.colcon_core.verb:set package 'asrs_description' build argument 'cmake_args' from command line to 'None'
[0.202s] Level 5:colcon.colcon_core.verb:set package 'asrs_description' build argument 'cmake_target' from command line to 'None'
[0.202s] Level 5:colcon.colcon_core.verb:set package 'asrs_description' build argument 'cmake_target_skip_unavailable' from command line to 'False'
[0.202s] Level 5:colcon.colcon_core.verb:set package 'asrs_description' build argument 'cmake_clean_cache' from command line to 'False'
[0.202s] Level 5:colcon.colcon_core.verb:set package 'asrs_description' build argument 'cmake_clean_first' from command line to 'False'
[0.202s] Level 5:colcon.colcon_core.verb:set package 'asrs_description' build argument 'cmake_force_configure' from command line to 'False'
[0.202s] Level 5:colcon.colcon_core.verb:set package 'asrs_description' build argument 'ament_cmake_args' from command line to 'None'
[0.202s] Level 5:colcon.colcon_core.verb:set package 'asrs_description' build argument 'catkin_cmake_args' from command line to 'None'
[0.202s] Level 5:colcon.colcon_core.verb:set package 'asrs_description' build argument 'catkin_skip_building_tests' from command line to 'False'
[0.202s] DEBUG:colcon.colcon_core.verb:Building package 'asrs_description' with the following arguments: {'ament_cmake_args': None, 'build_base': '/home/keerthibaalan/ROS2_Workspace/ws_microros/build/asrs_description', 'catkin_cmake_args': None, 'catkin_skip_building_tests': False, 'cmake_args': None, 'cmake_clean_cache': False, 'cmake_clean_first': False, 'cmake_force_configure': False, 'cmake_target': None, 'cmake_target_skip_unavailable': False, 'install_base': '/home/keerthibaalan/ROS2_Workspace/ws_microros/install/asrs_description', 'merge_install': False, 'path': '/home/keerthibaalan/ROS2_Workspace/ws_microros/src/asrs_description', 'symlink_install': False, 'test_result_base': None}
[0.202s] Level 5:colcon.colcon_core.verb:set package 'asrs_gripper' build argument 'cmake_args' from command line to 'None'
[0.202s] Level 5:colcon.colcon_core.verb:set package 'asrs_gripper' build argument 'cmake_target' from command line to 'None'
[0.202s] Level 5:colcon.colcon_core.verb:set package 'asrs_gripper' build argument 'cmake_target_skip_unavailable' from command line to 'False'
[0.202s] Level 5:colcon.colcon_core.verb:set package 'asrs_gripper' build argument 'cmake_clean_cache' from command line to 'False'
[0.202s] Level 5:colcon.colcon_core.verb:set package 'asrs_gripper' build argument 'cmake_clean_first' from command line to 'False'
[0.202s] Level 5:colcon.colcon_core.verb:set package 'asrs_gripper' build argument 'cmake_force_configure' from command line to 'False'
[0.202s] Level 5:colcon.colcon_core.verb:set package 'asrs_gripper' build argument 'ament_cmake_args' from command line to 'None'
[0.202s] Level 5:colcon.colcon_core.verb:set package 'asrs_gripper' build argument 'catkin_cmake_args' from command line to 'None'
[0.202s] Level 5:colcon.colcon_core.verb:set package 'asrs_gripper' build argument 'catkin_skip_building_tests' from command line to 'False'
[0.202s] DEBUG:colcon.colcon_core.verb:Building package 'asrs_gripper' with the following arguments: {'ament_cmake_args': None, 'build_base': '/home/keerthibaalan/ROS2_Workspace/ws_microros/build/asrs_gripper', 'catkin_cmake_args': None, 'catkin_skip_building_tests': False, 'cmake_args': None, 'cmake_clean_cache': False, 'cmake_clean_first': False, 'cmake_force_configure': False, 'cmake_target': None, 'cmake_target_skip_unavailable': False, 'install_base': '/home/keerthibaalan/ROS2_Workspace/ws_microros/install/asrs_gripper', 'merge_install': False, 'path': '/home/keerthibaalan/ROS2_Workspace/ws_microros/src/asrs_gripper', 'symlink_install': False, 'test_result_base': None}
[0.202s] Level 5:colcon.colcon_core.verb:set package 'asrs_moveit_config' build argument 'cmake_args' from command line to 'None'
[0.202s] Level 5:colcon.colcon_core.verb:set package 'asrs_moveit_config' build argument 'cmake_target' from command line to 'None'
[0.202s] Level 5:colcon.colcon_core.verb:set package 'asrs_moveit_config' build argument 'cmake_target_skip_unavailable' from command line to 'False'
[0.202s] Level 5:colcon.colcon_core.verb:set package 'asrs_moveit_config' build argument 'cmake_clean_cache' from command line to 'False'
[0.202s] Level 5:colcon.colcon_core.verb:set package 'asrs_moveit_config' build argument 'cmake_clean_first' from command line to 'False'
[0.202s] Level 5:colcon.colcon_core.verb:set package 'asrs_moveit_config' build argument 'cmake_force_configure' from command line to 'False'
[0.202s] Level 5:colcon.colcon_core.verb:set package 'asrs_moveit_config' build argument 'ament_cmake_args' from command line to 'None'
[0.202s] Level 5:colcon.colcon_core.verb:set package 'asrs_moveit_config' build argument 'catkin_cmake_args' from command line to 'None'
[0.202s] Level 5:colcon.colcon_core.verb:set package 'asrs_moveit_config' build argument 'catkin_skip_building_tests' from command line to 'False'
[0.202s] DEBUG:colcon.colcon_core.verb:Building package 'asrs_moveit_config' with the following arguments: {'ament_cmake_args': None, 'build_base': '/home/keerthibaalan/ROS2_Workspace/ws_microros/build/asrs_moveit_config', 'catkin_cmake_args': None, 'catkin_skip_building_tests': False, 'cmake_args': None, 'cmake_clean_cache': False, 'cmake_clean_first': False, 'cmake_force_configure': False, 'cmake_target': None, 'cmake_target_skip_unavailable': False, 'install_base': '/home/keerthibaalan/ROS2_Workspace/ws_microros/install/asrs_moveit_config', 'merge_install': False, 'path': '/home/keerthibaalan/ROS2_Workspace/ws_microros/src/asrs_moveit_config', 'symlink_install': False, 'test_result_base': None}
[0.202s] INFO:colcon.colcon_core.executor:Executing jobs using 'parallel' executor
[0.203s] DEBUG:colcon.colcon_parallel_executor.executor.parallel:run_until_complete
[0.203s] INFO:colcon.colcon_ros.task.ament_cmake.build:Building ROS package in '/home/keerthibaalan/ROS2_Workspace/ws_microros/src/asrs_description' with build type 'ament_cmake'
[0.203s] INFO:colcon.colcon_cmake.task.cmake.build:Building CMake package in '/home/keerthibaalan/ROS2_Workspace/ws_microros/src/asrs_description'
[0.204s] INFO:colcon.colcon_core.plugin_system:Skipping extension 'colcon_core.shell.bat': Not used on non-Windows systems
[0.204s] INFO:colcon.colcon_core.shell:Skip shell extension 'powershell' for command environment: Not usable outside of PowerShell
[0.204s] DEBUG:colcon.colcon_core.shell:Skip shell extension 'dsv' for command environment
[0.208s] INFO:colcon.colcon_ros.task.ament_cmake.build:Building ROS package in '/home/keerthibaalan/ROS2_Workspace/ws_microros/src/asrs_arm' with build type 'ament_cmake'
[0.208s] INFO:colcon.colcon_cmake.task.cmake.build:Building CMake package in '/home/keerthibaalan/ROS2_Workspace/ws_microros/src/asrs_arm'
[0.208s] INFO:colcon.colcon_core.shell:Skip shell extension 'powershell' for command environment: Not usable outside of PowerShell
[0.208s] DEBUG:colcon.colcon_core.shell:Skip shell extension 'dsv' for command environment
[0.213s] INFO:colcon.colcon_ros.task.ament_cmake.build:Building ROS package in '/home/keerthibaalan/ROS2_Workspace/ws_microros/src/asrs_controller' with build type 'ament_cmake'
[0.213s] INFO:colcon.colcon_cmake.task.cmake.build:Building CMake package in '/home/keerthibaalan/ROS2_Workspace/ws_microros/src/asrs_controller'
[0.213s] INFO:colcon.colcon_core.shell:Skip shell extension 'powershell' for command environment: Not usable outside of PowerShell
[0.213s] DEBUG:colcon.colcon_core.shell:Skip shell extension 'dsv' for command environment
[0.217s] INFO:colcon.colcon_ros.task.ament_cmake.build:Building ROS package in '/home/keerthibaalan/ROS2_Workspace/ws_microros/src/asrs_gripper' with build type 'ament_cmake'
[0.217s] INFO:colcon.colcon_cmake.task.cmake.build:Building CMake package in '/home/keerthibaalan/ROS2_Workspace/ws_microros/src/asrs_gripper'
[0.217s] INFO:colcon.colcon_core.shell:Skip shell extension 'powershell' for command environment: Not usable outside of PowerShell
[0.217s] DEBUG:colcon.colcon_core.shell:Skip shell extension 'dsv' for command environment
[0.224s] DEBUG:colcon.colcon_core.event_handler.log_command:Invoking command in '/home/keerthibaalan/ROS2_Workspace/ws_microros/build/asrs_description': CMAKE_PREFIX_PATH=${CMAKE_PREFIX_PATH}:/home/keerthibaalan/ws_moveit/install/moveit_configs_utils:/opt/ros/humble /usr/bin/cmake --build /home/keerthibaalan/ROS2_Workspace/ws_microros/build/asrs_description -- -j24 -l24
[0.226s] DEBUG:colcon.colcon_core.event_handler.log_command:Invoking command in '/home/keerthibaalan/ROS2_Workspace/ws_microros/build/asrs_arm': CMAKE_PREFIX_PATH=${CMAKE_PREFIX_PATH}:/home/keerthibaalan/ws_moveit/install/moveit_configs_utils:/opt/ros/humble /usr/bin/cmake --build /home/keerthibaalan/ROS2_Workspace/ws_microros/build/asrs_arm -- -j24 -l24
[0.227s] DEBUG:colcon.colcon_core.event_handler.log_command:Invoking command in '/home/keerthibaalan/ROS2_Workspace/ws_microros/build/asrs_controller': CMAKE_PREFIX_PATH=${CMAKE_PREFIX_PATH}:/home/keerthibaalan/ws_moveit/install/moveit_configs_utils:/opt/ros/humble /usr/bin/cmake --build /home/keerthibaalan/ROS2_Workspace/ws_microros/build/asrs_controller -- -j24 -l24
[0.230s] DEBUG:colcon.colcon_core.event_handler.log_command:Invoking command in '/home/keerthibaalan/ROS2_Workspace/ws_microros/build/asrs_gripper': CMAKE_PREFIX_PATH=${CMAKE_PREFIX_PATH}:/home/keerthibaalan/ws_moveit/install/moveit_configs_utils:/opt/ros/humble /usr/bin/cmake --build /home/keerthibaalan/ROS2_Workspace/ws_microros/build/asrs_gripper -- -j24 -l24
[0.264s] DEBUG:colcon.colcon_core.event_handler.log_command:Invoked command in '/home/keerthibaalan/ROS2_Workspace/ws_microros/build/asrs_description' returned '0': CMAKE_PREFIX_PATH=${CMAKE_PREFIX_PATH}:/home/keerthibaalan/ws_moveit/install/moveit_configs_utils:/opt/ros/humble /usr/bin/cmake --build /home/keerthibaalan/ROS2_Workspace/ws_microros/build/asrs_description -- -j24 -l24
[0.266s] DEBUG:colcon.colcon_core.event_handler.log_command:Invoked command in '/home/keerthibaalan/ROS2_Workspace/ws_microros/build/asrs_controller' returned '0': CMAKE_PREFIX_PATH=${CMAKE_PREFIX_PATH}:/home/keerthibaalan/ws_moveit/install/moveit_configs_utils:/opt/ros/humble /usr/bin/cmake --build /home/keerthibaalan/ROS2_Workspace/ws_microros/build/asrs_controller -- -j24 -l24
[0.267s] DEBUG:colcon.colcon_core.event_handler.log_command:Invoked command in '/home/keerthibaalan/ROS2_Workspace/ws_microros/build/asrs_arm' returned '0': CMAKE_PREFIX_PATH=${CMAKE_PREFIX_PATH}:/home/keerthibaalan/ws_moveit/install/moveit_configs_utils:/opt/ros/humble /usr/bin/cmake --build /home/keerthibaalan/ROS2_Workspace/ws_microros/build/asrs_arm -- -j24 -l24
[0.268s] DEBUG:colcon.colcon_core.event_handler.log_command:Invoked command in '/home/keerthibaalan/ROS2_Workspace/ws_microros/build/asrs_gripper' returned '0': CMAKE_PREFIX_PATH=${CMAKE_PREFIX_PATH}:/home/keerthibaalan/ws_moveit/install/moveit_configs_utils:/opt/ros/humble /usr/bin/cmake --build /home/keerthibaalan/ROS2_Workspace/ws_microros/build/asrs_gripper -- -j24 -l24
[0.305s] DEBUG:colcon.colcon_core.event_handler.log_command:Invoking command in '/home/keerthibaalan/ROS2_Workspace/ws_microros/build/asrs_description': CMAKE_PREFIX_PATH=${CMAKE_PREFIX_PATH}:/home/keerthibaalan/ws_moveit/install/moveit_configs_utils:/opt/ros/humble /usr/bin/cmake --install /home/keerthibaalan/ROS2_Workspace/ws_microros/build/asrs_description
[0.306s] DEBUG:colcon.colcon_core.event_handler.log_command:Invoking command in '/home/keerthibaalan/ROS2_Workspace/ws_microros/build/asrs_gripper': CMAKE_PREFIX_PATH=${CMAKE_PREFIX_PATH}:/home/keerthibaalan/ws_moveit/install/moveit_configs_utils:/opt/ros/humble /usr/bin/cmake --install /home/keerthibaalan/ROS2_Workspace/ws_microros/build/asrs_gripper
[0.307s] DEBUG:colcon.colcon_core.event_handler.log_command:Invoking command in '/home/keerthibaalan/ROS2_Workspace/ws_microros/build/asrs_arm': CMAKE_PREFIX_PATH=${CMAKE_PREFIX_PATH}:/home/keerthibaalan/ws_moveit/install/moveit_configs_utils:/opt/ros/humble /usr/bin/cmake --install /home/keerthibaalan/ROS2_Workspace/ws_microros/build/asrs_arm
[0.307s] DEBUG:colcon.colcon_core.event_handler.log_command:Invoking command in '/home/keerthibaalan/ROS2_Workspace/ws_microros/build/asrs_controller': CMAKE_PREFIX_PATH=${CMAKE_PREFIX_PATH}:/home/keerthibaalan/ws_moveit/install/moveit_configs_utils:/opt/ros/humble /usr/bin/cmake --install /home/keerthibaalan/ROS2_Workspace/ws_microros/build/asrs_controller
[0.315s] Level 1:colcon.colcon_core.environment:create_environment_scripts_only(asrs_description)
[0.316s] DEBUG:colcon.colcon_core.event_handler.log_command:Invoked command in '/home/keerthibaalan/ROS2_Workspace/ws_microros/build/asrs_description' returned '0': CMAKE_PREFIX_PATH=${CMAKE_PREFIX_PATH}:/home/keerthibaalan/ws_moveit/install/moveit_configs_utils:/opt/ros/humble /usr/bin/cmake --install /home/keerthibaalan/ROS2_Workspace/ws_microros/build/asrs_description
[0.318s] Level 1:colcon.colcon_core.environment:checking '/home/keerthibaalan/ROS2_Workspace/ws_microros/install/asrs_description' for CMake module files
[0.318s] Level 1:colcon.colcon_core.environment:checking '/home/keerthibaalan/ROS2_Workspace/ws_microros/install/asrs_description' for CMake config files
[0.319s] Level 1:colcon.colcon_core.shell:create_environment_hook('asrs_description', 'cmake_prefix_path')
[0.319s] INFO:colcon.colcon_core.shell:Creating environment hook '/home/keerthibaalan/ROS2_Workspace/ws_microros/install/asrs_description/share/asrs_description/hook/cmake_prefix_path.ps1'
[0.319s] INFO:colcon.colcon_core.shell:Creating environment descriptor '/home/keerthibaalan/ROS2_Workspace/ws_microros/install/asrs_description/share/asrs_description/hook/cmake_prefix_path.dsv'
[0.319s] INFO:colcon.colcon_core.shell:Creating environment hook '/home/keerthibaalan/ROS2_Workspace/ws_microros/install/asrs_description/share/asrs_description/hook/cmake_prefix_path.sh'
[0.320s] Level 1:colcon.colcon_core.environment:checking '/home/keerthibaalan/ROS2_Workspace/ws_microros/install/asrs_description/bin'
[0.320s] Level 1:colcon.colcon_core.environment:checking '/home/keerthibaalan/ROS2_Workspace/ws_microros/install/asrs_description/lib/pkgconfig/asrs_description.pc'
[0.320s] Level 1:colcon.colcon_core.environment:checking '/home/keerthibaalan/ROS2_Workspace/ws_microros/install/asrs_description/lib/python3.10/site-packages'
[0.320s] Level 1:colcon.colcon_core.environment:checking '/home/keerthibaalan/ROS2_Workspace/ws_microros/install/asrs_description/bin'
[0.320s] INFO:colcon.colcon_core.shell:Creating package script '/home/keerthibaalan/ROS2_Workspace/ws_microros/install/asrs_description/share/asrs_description/package.ps1'
[0.320s] INFO:colcon.colcon_core.shell:Creating package descriptor '/home/keerthibaalan/ROS2_Workspace/ws_microros/install/asrs_description/share/asrs_description/package.dsv'
[0.320s] INFO:colcon.colcon_core.shell:Creating package script '/home/keerthibaalan/ROS2_Workspace/ws_microros/install/asrs_description/share/asrs_description/package.sh'
[0.321s] INFO:colcon.colcon_core.shell:Creating package script '/home/keerthibaalan/ROS2_Workspace/ws_microros/install/asrs_description/share/asrs_description/package.bash'
[0.321s] INFO:colcon.colcon_core.shell:Creating package script '/home/keerthibaalan/ROS2_Workspace/ws_microros/install/asrs_description/share/asrs_description/package.zsh'
[0.321s] Level 1:colcon.colcon_core.environment:create_file_with_runtime_dependencies(/home/keerthibaalan/ROS2_Workspace/ws_microros/install/asrs_description/share/colcon-core/packages/asrs_description)
[0.322s] Level 1:colcon.colcon_core.environment:create_environment_scripts_only(asrs_arm)
[0.323s] Level 1:colcon.colcon_core.environment:checking '/home/keerthibaalan/ROS2_Workspace/ws_microros/install/asrs_arm' for CMake module files
[0.323s] DEBUG:colcon.colcon_core.event_handler.log_command:Invoked command in '/home/keerthibaalan/ROS2_Workspace/ws_microros/build/asrs_arm' returned '0': CMAKE_PREFIX_PATH=${CMAKE_PREFIX_PATH}:/home/keerthibaalan/ws_moveit/install/moveit_configs_utils:/opt/ros/humble /usr/bin/cmake --install /home/keerthibaalan/ROS2_Workspace/ws_microros/build/asrs_arm
[0.323s] Level 1:colcon.colcon_core.environment:checking '/home/keerthibaalan/ROS2_Workspace/ws_microros/install/asrs_arm' for CMake config files
[0.323s] Level 1:colcon.colcon_core.shell:create_environment_hook('asrs_arm', 'cmake_prefix_path')
[0.323s] INFO:colcon.colcon_core.shell:Creating environment hook '/home/keerthibaalan/ROS2_Workspace/ws_microros/install/asrs_arm/share/asrs_arm/hook/cmake_prefix_path.ps1'
[0.323s] INFO:colcon.colcon_core.shell:Creating environment descriptor '/home/keerthibaalan/ROS2_Workspace/ws_microros/install/asrs_arm/share/asrs_arm/hook/cmake_prefix_path.dsv'
[0.324s] INFO:colcon.colcon_core.shell:Creating environment hook '/home/keerthibaalan/ROS2_Workspace/ws_microros/install/asrs_arm/share/asrs_arm/hook/cmake_prefix_path.sh'
[0.324s] Level 1:colcon.colcon_core.environment:checking '/home/keerthibaalan/ROS2_Workspace/ws_microros/install/asrs_arm/bin'
[0.324s] Level 1:colcon.colcon_core.environment:checking '/home/keerthibaalan/ROS2_Workspace/ws_microros/install/asrs_arm/lib/pkgconfig/asrs_arm.pc'
[0.324s] Level 1:colcon.colcon_core.environment:checking '/home/keerthibaalan/ROS2_Workspace/ws_microros/install/asrs_arm/lib/python3.10/site-packages'
[0.324s] Level 1:colcon.colcon_core.environment:checking '/home/keerthibaalan/ROS2_Workspace/ws_microros/install/asrs_arm/bin'
[0.324s] INFO:colcon.colcon_core.shell:Creating package script '/home/keerthibaalan/ROS2_Workspace/ws_microros/install/asrs_arm/share/asrs_arm/package.ps1'
[0.324s] INFO:colcon.colcon_core.shell:Creating package descriptor '/home/keerthibaalan/ROS2_Workspace/ws_microros/install/asrs_arm/share/asrs_arm/package.dsv'
[0.324s] INFO:colcon.colcon_core.shell:Creating package script '/home/keerthibaalan/ROS2_Workspace/ws_microros/install/asrs_arm/share/asrs_arm/package.sh'
[0.325s] INFO:colcon.colcon_core.shell:Creating package script '/home/keerthibaalan/ROS2_Workspace/ws_microros/install/asrs_arm/share/asrs_arm/package.bash'
[0.325s] INFO:colcon.colcon_core.shell:Creating package script '/home/keerthibaalan/ROS2_Workspace/ws_microros/install/asrs_arm/share/asrs_arm/package.zsh'
[0.325s] Level 1:colcon.colcon_core.environment:create_file_with_runtime_dependencies(/home/keerthibaalan/ROS2_Workspace/ws_microros/install/asrs_arm/share/colcon-core/packages/asrs_arm)
[0.325s] Level 1:colcon.colcon_core.environment:create_environment_scripts_only(asrs_gripper)
[0.326s] Level 1:colcon.colcon_core.environment:checking '/home/keerthibaalan/ROS2_Workspace/ws_microros/install/asrs_gripper' for CMake module files
[0.326s] DEBUG:colcon.colcon_core.event_handler.log_command:Invoked command in '/home/keerthibaalan/ROS2_Workspace/ws_microros/build/asrs_gripper' returned '0': CMAKE_PREFIX_PATH=${CMAKE_PREFIX_PATH}:/home/keerthibaalan/ws_moveit/install/moveit_configs_utils:/opt/ros/humble /usr/bin/cmake --install /home/keerthibaalan/ROS2_Workspace/ws_microros/build/asrs_gripper
[0.327s] Level 1:colcon.colcon_core.environment:checking '/home/keerthibaalan/ROS2_Workspace/ws_microros/install/asrs_gripper' for CMake config files
[0.327s] Level 1:colcon.colcon_core.shell:create_environment_hook('asrs_gripper', 'cmake_prefix_path')
[0.327s] INFO:colcon.colcon_core.shell:Creating environment hook '/home/keerthibaalan/ROS2_Workspace/ws_microros/install/asrs_gripper/share/asrs_gripper/hook/cmake_prefix_path.ps1'
[0.327s] INFO:colcon.colcon_core.shell:Creating environment descriptor '/home/keerthibaalan/ROS2_Workspace/ws_microros/install/asrs_gripper/share/asrs_gripper/hook/cmake_prefix_path.dsv'
[0.327s] INFO:colcon.colcon_core.shell:Creating environment hook '/home/keerthibaalan/ROS2_Workspace/ws_microros/install/asrs_gripper/share/asrs_gripper/hook/cmake_prefix_path.sh'
[0.327s] Level 1:colcon.colcon_core.environment:checking '/home/keerthibaalan/ROS2_Workspace/ws_microros/install/asrs_gripper/bin'
[0.327s] Level 1:colcon.colcon_core.environment:checking '/home/keerthibaalan/ROS2_Workspace/ws_microros/install/asrs_gripper/lib/pkgconfig/asrs_gripper.pc'
[0.328s] Level 1:colcon.colcon_core.environment:checking '/home/keerthibaalan/ROS2_Workspace/ws_microros/install/asrs_gripper/lib/python3.10/site-packages'
[0.328s] Level 1:colcon.colcon_core.environment:checking '/home/keerthibaalan/ROS2_Workspace/ws_microros/install/asrs_gripper/bin'
[0.328s] INFO:colcon.colcon_core.shell:Creating package script '/home/keerthibaalan/ROS2_Workspace/ws_microros/install/asrs_gripper/share/asrs_gripper/package.ps1'
[0.328s] INFO:colcon.colcon_core.shell:Creating package descriptor '/home/keerthibaalan/ROS2_Workspace/ws_microros/install/asrs_gripper/share/asrs_gripper/package.dsv'
[0.328s] INFO:colcon.colcon_core.shell:Creating package script '/home/keerthibaalan/ROS2_Workspace/ws_microros/install/asrs_gripper/share/asrs_gripper/package.sh'
[0.328s] INFO:colcon.colcon_core.shell:Creating package script '/home/keerthibaalan/ROS2_Workspace/ws_microros/install/asrs_gripper/share/asrs_gripper/package.bash'
[0.328s] INFO:colcon.colcon_core.shell:Creating package script '/home/keerthibaalan/ROS2_Workspace/ws_microros/install/asrs_gripper/share/asrs_gripper/package.zsh'
[0.329s] Level 1:colcon.colcon_core.environment:create_file_with_runtime_dependencies(/home/keerthibaalan/ROS2_Workspace/ws_microros/install/asrs_gripper/share/colcon-core/packages/asrs_gripper)
[0.329s] Level 1:colcon.colcon_core.environment:create_environment_scripts_only(asrs_controller)
[0.329s] Level 1:colcon.colcon_core.environment:checking '/home/keerthibaalan/ROS2_Workspace/ws_microros/install/asrs_controller' for CMake module files
[0.329s] DEBUG:colcon.colcon_core.event_handler.log_command:Invoked command in '/home/keerthibaalan/ROS2_Workspace/ws_microros/build/asrs_controller' returned '0': CMAKE_PREFIX_PATH=${CMAKE_PREFIX_PATH}:/home/keerthibaalan/ws_moveit/install/moveit_configs_utils:/opt/ros/humble /usr/bin/cmake --install /home/keerthibaalan/ROS2_Workspace/ws_microros/build/asrs_controller
[0.330s] Level 1:colcon.colcon_core.environment:checking '/home/keerthibaalan/ROS2_Workspace/ws_microros/install/asrs_controller' for CMake config files
[0.330s] Level 1:colcon.colcon_core.shell:create_environment_hook('asrs_controller', 'cmake_prefix_path')
[0.330s] INFO:colcon.colcon_core.shell:Creating environment hook '/home/keerthibaalan/ROS2_Workspace/ws_microros/install/asrs_controller/share/asrs_controller/hook/cmake_prefix_path.ps1'
[0.330s] INFO:colcon.colcon_core.shell:Creating environment descriptor '/home/keerthibaalan/ROS2_Workspace/ws_microros/install/asrs_controller/share/asrs_controller/hook/cmake_prefix_path.dsv'
[0.330s] INFO:colcon.colcon_core.shell:Creating environment hook '/home/keerthibaalan/ROS2_Workspace/ws_microros/install/asrs_controller/share/asrs_controller/hook/cmake_prefix_path.sh'
[0.330s] Level 1:colcon.colcon_core.environment:checking '/home/keerthibaalan/ROS2_Workspace/ws_microros/install/asrs_controller/bin'
[0.330s] Level 1:colcon.colcon_core.environment:checking '/home/keerthibaalan/ROS2_Workspace/ws_microros/install/asrs_controller/lib/pkgconfig/asrs_controller.pc'
[0.330s] Level 1:colcon.colcon_core.environment:checking '/home/keerthibaalan/ROS2_Workspace/ws_microros/install/asrs_controller/lib/python3.10/site-packages'
[0.331s] Level 1:colcon.colcon_core.environment:checking '/home/keerthibaalan/ROS2_Workspace/ws_microros/install/asrs_controller/bin'
[0.331s] INFO:colcon.colcon_core.shell:Creating package script '/home/keerthibaalan/ROS2_Workspace/ws_microros/install/asrs_controller/share/asrs_controller/package.ps1'
[0.331s] INFO:colcon.colcon_core.shell:Creating package descriptor '/home/keerthibaalan/ROS2_Workspace/ws_microros/install/asrs_controller/share/asrs_controller/package.dsv'
[0.331s] INFO:colcon.colcon_core.shell:Creating package script '/home/keerthibaalan/ROS2_Workspace/ws_microros/install/asrs_controller/share/asrs_controller/package.sh'
[0.331s] INFO:colcon.colcon_core.shell:Creating package script '/home/keerthibaalan/ROS2_Workspace/ws_microros/install/asrs_controller/share/asrs_controller/package.bash'
[0.331s] INFO:colcon.colcon_core.shell:Creating package script '/home/keerthibaalan/ROS2_Workspace/ws_microros/install/asrs_controller/share/asrs_controller/package.zsh'
[0.331s] Level 1:colcon.colcon_core.environment:create_file_with_runtime_dependencies(/home/keerthibaalan/ROS2_Workspace/ws_microros/install/asrs_controller/share/colcon-core/packages/asrs_controller)
[0.353s] Level 1:colcon.colcon_core.environment:create_environment_scripts_only(asrs_description)
[0.353s] Level 1:colcon.colcon_core.environment:checking '/home/keerthibaalan/ROS2_Workspace/ws_microros/install/asrs_description' for CMake module files
[0.353s] Level 1:colcon.colcon_core.environment:checking '/home/keerthibaalan/ROS2_Workspace/ws_microros/install/asrs_description' for CMake config files
[0.354s] Level 1:colcon.colcon_core.shell:create_environment_hook('asrs_description', 'cmake_prefix_path')
[0.354s] INFO:colcon.colcon_core.shell:Creating environment hook '/home/keerthibaalan/ROS2_Workspace/ws_microros/install/asrs_description/share/asrs_description/hook/cmake_prefix_path.ps1'
[0.354s] INFO:colcon.colcon_core.shell:Creating environment descriptor '/home/keerthibaalan/ROS2_Workspace/ws_microros/install/asrs_description/share/asrs_description/hook/cmake_prefix_path.dsv'
[0.354s] INFO:colcon.colcon_core.shell:Creating environment hook '/home/keerthibaalan/ROS2_Workspace/ws_microros/install/asrs_description/share/asrs_description/hook/cmake_prefix_path.sh'
[0.354s] Level 1:colcon.colcon_core.environment:checking '/home/keerthibaalan/ROS2_Workspace/ws_microros/install/asrs_description/bin'
[0.354s] Level 1:colcon.colcon_core.environment:checking '/home/keerthibaalan/ROS2_Workspace/ws_microros/install/asrs_description/lib/pkgconfig/asrs_description.pc'
[0.355s] Level 1:colcon.colcon_core.environment:checking '/home/keerthibaalan/ROS2_Workspace/ws_microros/install/asrs_description/lib/python3.10/site-packages'
[0.355s] Level 1:colcon.colcon_core.environment:checking '/home/keerthibaalan/ROS2_Workspace/ws_microros/install/asrs_description/bin'
[0.355s] INFO:colcon.colcon_core.shell:Creating package script '/home/keerthibaalan/ROS2_Workspace/ws_microros/install/asrs_description/share/asrs_description/package.ps1'
[0.355s] INFO:colcon.colcon_core.shell:Creating package descriptor '/home/keerthibaalan/ROS2_Workspace/ws_microros/install/asrs_description/share/asrs_description/package.dsv'
[0.355s] INFO:colcon.colcon_core.shell:Creating package script '/home/keerthibaalan/ROS2_Workspace/ws_microros/install/asrs_description/share/asrs_description/package.sh'
[0.355s] INFO:colcon.colcon_core.shell:Creating package script '/home/keerthibaalan/ROS2_Workspace/ws_microros/install/asrs_description/share/asrs_description/package.bash'
[0.356s] INFO:colcon.colcon_core.shell:Creating package script '/home/keerthibaalan/ROS2_Workspace/ws_microros/install/asrs_description/share/asrs_description/package.zsh'
[0.356s] Level 1:colcon.colcon_core.environment:create_file_with_runtime_dependencies(/home/keerthibaalan/ROS2_Workspace/ws_microros/install/asrs_description/share/colcon-core/packages/asrs_description)
[0.356s] INFO:colcon.colcon_ros.task.ament_cmake.build:Building ROS package in '/home/keerthibaalan/ROS2_Workspace/ws_microros/src/asrs_moveit_config' with build type 'ament_cmake'
[0.356s] INFO:colcon.colcon_cmake.task.cmake.build:Building CMake package in '/home/keerthibaalan/ROS2_Workspace/ws_microros/src/asrs_moveit_config'
[0.356s] INFO:colcon.colcon_core.shell:Skip shell extension 'powershell' for command environment: Not usable outside of PowerShell
[0.356s] DEBUG:colcon.colcon_core.shell:Skip shell extension 'dsv' for command environment
[0.361s] Level 1:colcon.colcon_core.environment:create_environment_scripts_only(asrs_arm)
[0.362s] Level 1:colcon.colcon_core.environment:checking '/home/keerthibaalan/ROS2_Workspace/ws_microros/install/asrs_arm' for CMake module files
[0.362s] Level 1:colcon.colcon_core.environment:checking '/home/keerthibaalan/ROS2_Workspace/ws_microros/install/asrs_arm' for CMake config files
[0.362s] Level 1:colcon.colcon_core.shell:create_environment_hook('asrs_arm', 'cmake_prefix_path')
[0.362s] INFO:colcon.colcon_core.shell:Creating environment hook '/home/keerthibaalan/ROS2_Workspace/ws_microros/install/asrs_arm/share/asrs_arm/hook/cmake_prefix_path.ps1'
[0.362s] INFO:colcon.colcon_core.shell:Creating environment descriptor '/home/keerthibaalan/ROS2_Workspace/ws_microros/install/asrs_arm/share/asrs_arm/hook/cmake_prefix_path.dsv'
[0.362s] INFO:colcon.colcon_core.shell:Creating environment hook '/home/keerthibaalan/ROS2_Workspace/ws_microros/install/asrs_arm/share/asrs_arm/hook/cmake_prefix_path.sh'
[0.363s] Level 1:colcon.colcon_core.environment:checking '/home/keerthibaalan/ROS2_Workspace/ws_microros/install/asrs_arm/bin'
[0.363s] Level 1:colcon.colcon_core.environment:checking '/home/keerthibaalan/ROS2_Workspace/ws_microros/install/asrs_arm/lib/pkgconfig/asrs_arm.pc'
[0.363s] Level 1:colcon.colcon_core.environment:checking '/home/keerthibaalan/ROS2_Workspace/ws_microros/install/asrs_arm/lib/python3.10/site-packages'
[0.363s] Level 1:colcon.colcon_core.environment:checking '/home/keerthibaalan/ROS2_Workspace/ws_microros/install/asrs_arm/bin'
[0.363s] INFO:colcon.colcon_core.shell:Creating package script '/home/keerthibaalan/ROS2_Workspace/ws_microros/install/asrs_arm/share/asrs_arm/package.ps1'
[0.363s] INFO:colcon.colcon_core.shell:Creating package descriptor '/home/keerthibaalan/ROS2_Workspace/ws_microros/install/asrs_arm/share/asrs_arm/package.dsv'
[0.364s] INFO:colcon.colcon_core.shell:Creating package script '/home/keerthibaalan/ROS2_Workspace/ws_microros/install/asrs_arm/share/asrs_arm/package.sh'
[0.364s] INFO:colcon.colcon_core.shell:Creating package script '/home/keerthibaalan/ROS2_Workspace/ws_microros/install/asrs_arm/share/asrs_arm/package.bash'
[0.364s] INFO:colcon.colcon_core.shell:Creating package script '/home/keerthibaalan/ROS2_Workspace/ws_microros/install/asrs_arm/share/asrs_arm/package.zsh'
[0.364s] Level 1:colcon.colcon_core.environment:create_file_with_runtime_dependencies(/home/keerthibaalan/ROS2_Workspace/ws_microros/install/asrs_arm/share/colcon-core/packages/asrs_arm)
[0.364s] Level 1:colcon.colcon_core.environment:create_environment_scripts_only(asrs_gripper)
[0.364s] Level 1:colcon.colcon_core.environment:checking '/home/keerthibaalan/ROS2_Workspace/ws_microros/install/asrs_gripper' for CMake module files
[0.365s] Level 1:colcon.colcon_core.environment:checking '/home/keerthibaalan/ROS2_Workspace/ws_microros/install/asrs_gripper' for CMake config files
[0.365s] Level 1:colcon.colcon_core.shell:create_environment_hook('asrs_gripper', 'cmake_prefix_path')
[0.365s] INFO:colcon.colcon_core.shell:Creating environment hook '/home/keerthibaalan/ROS2_Workspace/ws_microros/install/asrs_gripper/share/asrs_gripper/hook/cmake_prefix_path.ps1'
[0.365s] INFO:colcon.colcon_core.shell:Creating environment descriptor '/home/keerthibaalan/ROS2_Workspace/ws_microros/install/asrs_gripper/share/asrs_gripper/hook/cmake_prefix_path.dsv'
[0.365s] INFO:colcon.colcon_core.shell:Creating environment hook '/home/keerthibaalan/ROS2_Workspace/ws_microros/install/asrs_gripper/share/asrs_gripper/hook/cmake_prefix_path.sh'
[0.366s] Level 1:colcon.colcon_core.environment:checking '/home/keerthibaalan/ROS2_Workspace/ws_microros/install/asrs_gripper/bin'
[0.366s] Level 1:colcon.colcon_core.environment:checking '/home/keerthibaalan/ROS2_Workspace/ws_microros/install/asrs_gripper/lib/pkgconfig/asrs_gripper.pc'
[0.366s] Level 1:colcon.colcon_core.environment:checking '/home/keerthibaalan/ROS2_Workspace/ws_microros/install/asrs_gripper/lib/python3.10/site-packages'
[0.366s] Level 1:colcon.colcon_core.environment:checking '/home/keerthibaalan/ROS2_Workspace/ws_microros/install/asrs_gripper/bin'
[0.366s] INFO:colcon.colcon_core.shell:Creating package script '/home/keerthibaalan/ROS2_Workspace/ws_microros/install/asrs_gripper/share/asrs_gripper/package.ps1'
[0.366s] INFO:colcon.colcon_core.shell:Creating package descriptor '/home/keerthibaalan/ROS2_Workspace/ws_microros/install/asrs_gripper/share/asrs_gripper/package.dsv'
[0.366s] INFO:colcon.colcon_core.shell:Creating package script '/home/keerthibaalan/ROS2_Workspace/ws_microros/install/asrs_gripper/share/asrs_gripper/package.sh'
[0.367s] INFO:colcon.colcon_core.shell:Creating package script '/home/keerthibaalan/ROS2_Workspace/ws_microros/install/asrs_gripper/share/asrs_gripper/package.bash'
[0.367s] INFO:colcon.colcon_core.shell:Creating package script '/home/keerthibaalan/ROS2_Workspace/ws_microros/install/asrs_gripper/share/asrs_gripper/package.zsh'
[0.367s] Level 1:colcon.colcon_core.environment:create_file_with_runtime_dependencies(/home/keerthibaalan/ROS2_Workspace/ws_microros/install/asrs_gripper/share/colcon-core/packages/asrs_gripper)
[0.367s] Level 1:colcon.colcon_core.environment:create_environment_scripts_only(asrs_controller)
[0.368s] Level 1:colcon.colcon_core.environment:checking '/home/keerthibaalan/ROS2_Workspace/ws_microros/install/asrs_controller' for CMake module files
[0.368s] Level 1:colcon.colcon_core.environment:checking '/home/keerthibaalan/ROS2_Workspace/ws_microros/install/asrs_controller' for CMake config files
[0.368s] Level 1:colcon.colcon_core.shell:create_environment_hook('asrs_controller', 'cmake_prefix_path')
[0.368s] INFO:colcon.colcon_core.shell:Creating environment hook '/home/keerthibaalan/ROS2_Workspace/ws_microros/install/asrs_controller/share/asrs_controller/hook/cmake_prefix_path.ps1'
[0.368s] INFO:colcon.colcon_core.shell:Creating environment descriptor '/home/keerthibaalan/ROS2_Workspace/ws_microros/install/asrs_controller/share/asrs_controller/hook/cmake_prefix_path.dsv'
[0.368s] INFO:colcon.colcon_core.shell:Creating environment hook '/home/keerthibaalan/ROS2_Workspace/ws_microros/install/asrs_controller/share/asrs_controller/hook/cmake_prefix_path.sh'
[0.369s] Level 1:colcon.colcon_core.environment:checking '/home/keerthibaalan/ROS2_Workspace/ws_microros/install/asrs_controller/bin'
[0.369s] Level 1:colcon.colcon_core.environment:checking '/home/keerthibaalan/ROS2_Workspace/ws_microros/install/asrs_controller/lib/pkgconfig/asrs_controller.pc'
[0.369s] Level 1:colcon.colcon_core.environment:checking '/home/keerthibaalan/ROS2_Workspace/ws_microros/install/asrs_controller/lib/python3.10/site-packages'
[0.369s] Level 1:colcon.colcon_core.environment:checking '/home/keerthibaalan/ROS2_Workspace/ws_microros/install/asrs_controller/bin'
[0.369s] INFO:colcon.colcon_core.shell:Creating package script '/home/keerthibaalan/ROS2_Workspace/ws_microros/install/asrs_controller/share/asrs_controller/package.ps1'
[0.369s] INFO:colcon.colcon_core.shell:Creating package descriptor '/home/keerthibaalan/ROS2_Workspace/ws_microros/install/asrs_controller/share/asrs_controller/package.dsv'
[0.369s] INFO:colcon.colcon_core.shell:Creating package script '/home/keerthibaalan/ROS2_Workspace/ws_microros/install/asrs_controller/share/asrs_controller/package.sh'
[0.369s] INFO:colcon.colcon_core.shell:Creating package script '/home/keerthibaalan/ROS2_Workspace/ws_microros/install/asrs_controller/share/asrs_controller/package.bash'
[0.370s] INFO:colcon.colcon_core.shell:Creating package script '/home/keerthibaalan/ROS2_Workspace/ws_microros/install/asrs_controller/share/asrs_controller/package.zsh'
[0.370s] Level 1:colcon.colcon_core.environment:create_file_with_runtime_dependencies(/home/keerthibaalan/ROS2_Workspace/ws_microros/install/asrs_controller/share/colcon-core/packages/asrs_controller)
[0.372s] DEBUG:colcon.colcon_core.event_handler.log_command:Invoking command in '/home/keerthibaalan/ROS2_Workspace/ws_microros/build/asrs_moveit_config': AMENT_PREFIX_PATH=/home/keerthibaalan/ROS2_Workspace/ws_microros/install/asrs_description:${AMENT_PREFIX_PATH} CMAKE_PREFIX_PATH=/home/keerthibaalan/ROS2_Workspace/ws_microros/install/asrs_description:/home/keerthibaalan/ws_moveit/install/robotiq_hardware_tests:/home/keerthibaalan/ws_moveit/install/robotiq_driver:/home/keerthibaalan/ws_moveit/install/serial:/home/keerthibaalan/ws_moveit/install/moveit2_tutorials:/home/keerthibaalan/ws_moveit/install/moveit_visual_tools:/home/keerthibaalan/ws_moveit/install/rviz_visual_tools:/home/keerthibaalan/ws_moveit/install/moveit_task_constructor_visualization:/home/keerthibaalan/ws_moveit/install/moveit_task_constructor_demo:/home/keerthibaalan/ws_moveit/install/moveit_task_constructor_capabilities:/home/keerthibaalan/ws_moveit/install/moveit_task_constructor_core:/home/keerthibaalan/ws_moveit/install/rviz_marker_tools:/home/keerthibaalan/ws_moveit/install/kortex_bringup:/home/keerthibaalan/ws_moveit/install/kinova_gen3_7dof_robotiq_2f_85_moveit_config:/home/keerthibaalan/ws_moveit/install/kinova_gen3_6dof_robotiq_2f_85_moveit_config:/home/keerthibaalan/ws_moveit/install/kortex_description:/home/keerthibaalan/ws_moveit/install/robotiq_description:/home/keerthibaalan/ws_moveit/install/robotiq_controllers:/home/keerthibaalan/ws_moveit/install/pilz_industrial_motion_planner_testutils:/home/keerthibaalan/ws_moveit/install/moveit_runtime:/home/keerthibaalan/ws_moveit/install/moveit:/home/keerthibaalan/ws_moveit/install/moveit_planners:/home/keerthibaalan/ws_moveit/install/pilz_industrial_motion_planner:/home/keerthibaalan/ws_moveit/install/pick_ik:/home/keerthibaalan/ws_moveit/install/moveit_task_constructor_msgs:/home/keerthibaalan/ws_moveit/install/moveit_ros_control_interface:/home/keerthibaalan/ws_moveit/install/moveit_plugins:/home/keerthibaalan/ws_moveit/install/moveit_simple_controller_manager:/home/keerthibaalan/ws_moveit/install/moveit_setup_assistant:/home/keerthibaalan/ws_moveit/install/moveit_setup_srdf_plugins:/home/keerthibaalan/ws_moveit/install/moveit_setup_core_plugins:/home/keerthibaalan/ws_moveit/install/moveit_setup_controllers:/home/keerthibaalan/ws_moveit/install/moveit_setup_app_plugins:/home/keerthibaalan/ws_moveit/install/moveit_setup_framework:/home/keerthibaalan/ws_moveit/install/moveit_servo:/home/keerthibaalan/ws_moveit/install/moveit_ros:/home/keerthibaalan/ws_moveit/install/moveit_ros_visualization:/home/keerthibaalan/ws_moveit/install/moveit_py:/home/keerthibaalan/ws_moveit/install/moveit_hybrid_planning:/home/keerthibaalan/ws_moveit/install/moveit_ros_planning_interface:/home/keerthibaalan/ws_moveit/install/moveit_ros_benchmarks:/home/keerthibaalan/ws_moveit/install/moveit_ros_warehouse:/home/keerthibaalan/ws_moveit/install/moveit_ros_robot_interaction:/home/keerthibaalan/ws_moveit/install/moveit_ros_perception:/home/keerthibaalan/ws_moveit/install/moveit_resources_prbt_pg70_support:/home/keerthibaalan/ws_moveit/install/moveit_resources_prbt_moveit_config:/home/keerthibaalan/ws_moveit/install/moveit_ros_move_group:/home/keerthibaalan/ws_moveit/install/moveit_planners_ompl:/home/keerthibaalan/ws_moveit/install/moveit_kinematics:/home/keerthibaalan/ws_moveit/install/moveit_ros_planning:/home/keerthibaalan/ws_moveit/install/moveit_ros_occupancy_map_monitor:/home/keerthibaalan/ws_moveit/install/moveit_resources_prbt_support:/home/keerthibaalan/ws_moveit/install/moveit_resources_prbt_ikfast_manipulator_plugin:/home/keerthibaalan/ws_moveit/install/moveit_resources:/home/keerthibaalan/ws_moveit/install/moveit_resources_pr2_description:/home/keerthibaalan/ws_moveit/install/moveit_resources_panda_moveit_config:/home/keerthibaalan/ws_moveit/install/dual_arm_panda_moveit_config:/home/keerthibaalan/ws_moveit/install/moveit_resources_panda_description:/home/keerthibaalan/ws_moveit/install/moveit_resources_fanuc_moveit_config:/home/keerthibaalan/ws_moveit/install/moveit_resources_fanuc_description:/home/keerthibaalan/ws_moveit/install/moveit_planners_stomp:/home/keerthibaalan/ws_moveit/install/moveit_planners_chomp:/home/keerthibaalan/ws_moveit/install/chomp_motion_planner:/home/keerthibaalan/ws_moveit/install/moveit_core:/home/keerthibaalan/ws_moveit/install/moveit_msgs:/home/keerthibaalan/ws_moveit/install/moveit_common:/home/keerthibaalan/ws_moveit/install/kortex_driver:/home/keerthibaalan/ws_moveit/install/kortex_api:/home/keerthibaalan/ws_moveit/install/moveit_configs_utils:/opt/ros/humble /usr/bin/cmake --build /home/keerthibaalan/ROS2_Workspace/ws_microros/build/asrs_moveit_config -- -j24 -l24
[0.408s] DEBUG:colcon.colcon_core.event_handler.log_command:Invoked command in '/home/keerthibaalan/ROS2_Workspace/ws_microros/build/asrs_moveit_config' returned '0': AMENT_PREFIX_PATH=/home/keerthibaalan/ROS2_Workspace/ws_microros/install/asrs_description:${AMENT_PREFIX_PATH} CMAKE_PREFIX_PATH=/home/keerthibaalan/ROS2_Workspace/ws_microros/install/asrs_description:/home/keerthibaalan/ws_moveit/install/robotiq_hardware_tests:/home/keerthibaalan/ws_moveit/install/robotiq_driver:/home/keerthibaalan/ws_moveit/install/serial:/home/keerthibaalan/ws_moveit/install/moveit2_tutorials:/home/keerthibaalan/ws_moveit/install/moveit_visual_tools:/home/keerthibaalan/ws_moveit/install/rviz_visual_tools:/home/keerthibaalan/ws_moveit/install/moveit_task_constructor_visualization:/home/keerthibaalan/ws_moveit/install/moveit_task_constructor_demo:/home/keerthibaalan/ws_moveit/install/moveit_task_constructor_capabilities:/home/keerthibaalan/ws_moveit/install/moveit_task_constructor_core:/home/keerthibaalan/ws_moveit/install/rviz_marker_tools:/home/keerthibaalan/ws_moveit/install/kortex_bringup:/home/keerthibaalan/ws_moveit/install/kinova_gen3_7dof_robotiq_2f_85_moveit_config:/home/keerthibaalan/ws_moveit/install/kinova_gen3_6dof_robotiq_2f_85_moveit_config:/home/keerthibaalan/ws_moveit/install/kortex_description:/home/keerthibaalan/ws_moveit/install/robotiq_description:/home/keerthibaalan/ws_moveit/install/robotiq_controllers:/home/keerthibaalan/ws_moveit/install/pilz_industrial_motion_planner_testutils:/home/keerthibaalan/ws_moveit/install/moveit_runtime:/home/keerthibaalan/ws_moveit/install/moveit:/home/keerthibaalan/ws_moveit/install/moveit_planners:/home/keerthibaalan/ws_moveit/install/pilz_industrial_motion_planner:/home/keerthibaalan/ws_moveit/install/pick_ik:/home/keerthibaalan/ws_moveit/install/moveit_task_constructor_msgs:/home/keerthibaalan/ws_moveit/install/moveit_ros_control_interface:/home/keerthibaalan/ws_moveit/install/moveit_plugins:/home/keerthibaalan/ws_moveit/install/moveit_simple_controller_manager:/home/keerthibaalan/ws_moveit/install/moveit_setup_assistant:/home/keerthibaalan/ws_moveit/install/moveit_setup_srdf_plugins:/home/keerthibaalan/ws_moveit/install/moveit_setup_core_plugins:/home/keerthibaalan/ws_moveit/install/moveit_setup_controllers:/home/keerthibaalan/ws_moveit/install/moveit_setup_app_plugins:/home/keerthibaalan/ws_moveit/install/moveit_setup_framework:/home/keerthibaalan/ws_moveit/install/moveit_servo:/home/keerthibaalan/ws_moveit/install/moveit_ros:/home/keerthibaalan/ws_moveit/install/moveit_ros_visualization:/home/keerthibaalan/ws_moveit/install/moveit_py:/home/keerthibaalan/ws_moveit/install/moveit_hybrid_planning:/home/keerthibaalan/ws_moveit/install/moveit_ros_planning_interface:/home/keerthibaalan/ws_moveit/install/moveit_ros_benchmarks:/home/keerthibaalan/ws_moveit/install/moveit_ros_warehouse:/home/keerthibaalan/ws_moveit/install/moveit_ros_robot_interaction:/home/keerthibaalan/ws_moveit/install/moveit_ros_perception:/home/keerthibaalan/ws_moveit/install/moveit_resources_prbt_pg70_support:/home/keerthibaalan/ws_moveit/install/moveit_resources_prbt_moveit_config:/home/keerthibaalan/ws_moveit/install/moveit_ros_move_group:/home/keerthibaalan/ws_moveit/install/moveit_planners_ompl:/home/keerthibaalan/ws_moveit/install/moveit_kinematics:/home/keerthibaalan/ws_moveit/install/moveit_ros_planning:/home/keerthibaalan/ws_moveit/install/moveit_ros_occupancy_map_monitor:/home/keerthibaalan/ws_moveit/install/moveit_resources_prbt_support:/home/keerthibaalan/ws_moveit/install/moveit_resources_prbt_ikfast_manipulator_plugin:/home/keerthibaalan/ws_moveit/install/moveit_resources:/home/keerthibaalan/ws_moveit/install/moveit_resources_pr2_description:/home/keerthibaalan/ws_moveit/install/moveit_resources_panda_moveit_config:/home/keerthibaalan/ws_moveit/install/dual_arm_panda_moveit_config:/home/keerthibaalan/ws_moveit/install/moveit_resources_panda_description:/home/keerthibaalan/ws_moveit/install/moveit_resources_fanuc_moveit_config:/home/keerthibaalan/ws_moveit/install/moveit_resources_fanuc_description:/home/keerthibaalan/ws_moveit/install/moveit_planners_stomp:/home/keerthibaalan/ws_moveit/install/moveit_planners_chomp:/home/keerthibaalan/ws_moveit/install/chomp_motion_planner:/home/keerthibaalan/ws_moveit/install/moveit_core:/home/keerthibaalan/ws_moveit/install/moveit_msgs:/home/keerthibaalan/ws_moveit/install/moveit_common:/home/keerthibaalan/ws_moveit/install/kortex_driver:/home/keerthibaalan/ws_moveit/install/kortex_api:/home/keerthibaalan/ws_moveit/install/moveit_configs_utils:/opt/ros/humble /usr/bin/cmake --build /home/keerthibaalan/ROS2_Workspace/ws_microros/build/asrs_moveit_config -- -j24 -l24
[0.438s] DEBUG:colcon.colcon_core.event_handler.log_command:Invoking command in '/home/keerthibaalan/ROS2_Workspace/ws_microros/build/asrs_moveit_config': AMENT_PREFIX_PATH=/home/keerthibaalan/ROS2_Workspace/ws_microros/install/asrs_description:${AMENT_PREFIX_PATH} CMAKE_PREFIX_PATH=/home/keerthibaalan/ROS2_Workspace/ws_microros/install/asrs_description:/home/keerthibaalan/ws_moveit/install/robotiq_hardware_tests:/home/keerthibaalan/ws_moveit/install/robotiq_driver:/home/keerthibaalan/ws_moveit/install/serial:/home/keerthibaalan/ws_moveit/install/moveit2_tutorials:/home/keerthibaalan/ws_moveit/install/moveit_visual_tools:/home/keerthibaalan/ws_moveit/install/rviz_visual_tools:/home/keerthibaalan/ws_moveit/install/moveit_task_constructor_visualization:/home/keerthibaalan/ws_moveit/install/moveit_task_constructor_demo:/home/keerthibaalan/ws_moveit/install/moveit_task_constructor_capabilities:/home/keerthibaalan/ws_moveit/install/moveit_task_constructor_core:/home/keerthibaalan/ws_moveit/install/rviz_marker_tools:/home/keerthibaalan/ws_moveit/install/kortex_bringup:/home/keerthibaalan/ws_moveit/install/kinova_gen3_7dof_robotiq_2f_85_moveit_config:/home/keerthibaalan/ws_moveit/install/kinova_gen3_6dof_robotiq_2f_85_moveit_config:/home/keerthibaalan/ws_moveit/install/kortex_description:/home/keerthibaalan/ws_moveit/install/robotiq_description:/home/keerthibaalan/ws_moveit/install/robotiq_controllers:/home/keerthibaalan/ws_moveit/install/pilz_industrial_motion_planner_testutils:/home/keerthibaalan/ws_moveit/install/moveit_runtime:/home/keerthibaalan/ws_moveit/install/moveit:/home/keerthibaalan/ws_moveit/install/moveit_planners:/home/keerthibaalan/ws_moveit/install/pilz_industrial_motion_planner:/home/keerthibaalan/ws_moveit/install/pick_ik:/home/keerthibaalan/ws_moveit/install/moveit_task_constructor_msgs:/home/keerthibaalan/ws_moveit/install/moveit_ros_control_interface:/home/keerthibaalan/ws_moveit/install/moveit_plugins:/home/keerthibaalan/ws_moveit/install/moveit_simple_controller_manager:/home/keerthibaalan/ws_moveit/install/moveit_setup_assistant:/home/keerthibaalan/ws_moveit/install/moveit_setup_srdf_plugins:/home/keerthibaalan/ws_moveit/install/moveit_setup_core_plugins:/home/keerthibaalan/ws_moveit/install/moveit_setup_controllers:/home/keerthibaalan/ws_moveit/install/moveit_setup_app_plugins:/home/keerthibaalan/ws_moveit/install/moveit_setup_framework:/home/keerthibaalan/ws_moveit/install/moveit_servo:/home/keerthibaalan/ws_moveit/install/moveit_ros:/home/keerthibaalan/ws_moveit/install/moveit_ros_visualization:/home/keerthibaalan/ws_moveit/install/moveit_py:/home/keerthibaalan/ws_moveit/install/moveit_hybrid_planning:/home/keerthibaalan/ws_moveit/install/moveit_ros_planning_interface:/home/keerthibaalan/ws_moveit/install/moveit_ros_benchmarks:/home/keerthibaalan/ws_moveit/install/moveit_ros_warehouse:/home/keerthibaalan/ws_moveit/install/moveit_ros_robot_interaction:/home/keerthibaalan/ws_moveit/install/moveit_ros_perception:/home/keerthibaalan/ws_moveit/install/moveit_resources_prbt_pg70_support:/home/keerthibaalan/ws_moveit/install/moveit_resources_prbt_moveit_config:/home/keerthibaalan/ws_moveit/install/moveit_ros_move_group:/home/keerthibaalan/ws_moveit/install/moveit_planners_ompl:/home/keerthibaalan/ws_moveit/install/moveit_kinematics:/home/keerthibaalan/ws_moveit/install/moveit_ros_planning:/home/keerthibaalan/ws_moveit/install/moveit_ros_occupancy_map_monitor:/home/keerthibaalan/ws_moveit/install/moveit_resources_prbt_support:/home/keerthibaalan/ws_moveit/install/moveit_resources_prbt_ikfast_manipulator_plugin:/home/keerthibaalan/ws_moveit/install/moveit_resources:/home/keerthibaalan/ws_moveit/install/moveit_resources_pr2_description:/home/keerthibaalan/ws_moveit/install/moveit_resources_panda_moveit_config:/home/keerthibaalan/ws_moveit/install/dual_arm_panda_moveit_config:/home/keerthibaalan/ws_moveit/install/moveit_resources_panda_description:/home/keerthibaalan/ws_moveit/install/moveit_resources_fanuc_moveit_config:/home/keerthibaalan/ws_moveit/install/moveit_resources_fanuc_description:/home/keerthibaalan/ws_moveit/install/moveit_planners_stomp:/home/keerthibaalan/ws_moveit/install/moveit_planners_chomp:/home/keerthibaalan/ws_moveit/install/chomp_motion_planner:/home/keerthibaalan/ws_moveit/install/moveit_core:/home/keerthibaalan/ws_moveit/install/moveit_msgs:/home/keerthibaalan/ws_moveit/install/moveit_common:/home/keerthibaalan/ws_moveit/install/kortex_driver:/home/keerthibaalan/ws_moveit/install/kortex_api:/home/keerthibaalan/ws_moveit/install/moveit_configs_utils:/opt/ros/humble /usr/bin/cmake --install /home/keerthibaalan/ROS2_Workspace/ws_microros/build/asrs_moveit_config
[0.447s] Level 1:colcon.colcon_core.environment:create_environment_scripts_only(asrs_moveit_config)
[0.447s] Level 1:colcon.colcon_core.environment:checking '/home/keerthibaalan/ROS2_Workspace/ws_microros/install/asrs_moveit_config' for CMake module files
[0.447s] DEBUG:colcon.colcon_core.event_handler.log_command:Invoked command in '/home/keerthibaalan/ROS2_Workspace/ws_microros/build/asrs_moveit_config' returned '0': AMENT_PREFIX_PATH=/home/keerthibaalan/ROS2_Workspace/ws_microros/install/asrs_description:${AMENT_PREFIX_PATH} CMAKE_PREFIX_PATH=/home/keerthibaalan/ROS2_Workspace/ws_microros/install/asrs_description:/home/keerthibaalan/ws_moveit/install/robotiq_hardware_tests:/home/keerthibaalan/ws_moveit/install/robotiq_driver:/home/keerthibaalan/ws_moveit/install/serial:/home/keerthibaalan/ws_moveit/install/moveit2_tutorials:/home/keerthibaalan/ws_moveit/install/moveit_visual_tools:/home/keerthibaalan/ws_moveit/install/rviz_visual_tools:/home/keerthibaalan/ws_moveit/install/moveit_task_constructor_visualization:/home/keerthibaalan/ws_moveit/install/moveit_task_constructor_demo:/home/keerthibaalan/ws_moveit/install/moveit_task_constructor_capabilities:/home/keerthibaalan/ws_moveit/install/moveit_task_constructor_core:/home/keerthibaalan/ws_moveit/install/rviz_marker_tools:/home/keerthibaalan/ws_moveit/install/kortex_bringup:/home/keerthibaalan/ws_moveit/install/kinova_gen3_7dof_robotiq_2f_85_moveit_config:/home/keerthibaalan/ws_moveit/install/kinova_gen3_6dof_robotiq_2f_85_moveit_config:/home/keerthibaalan/ws_moveit/install/kortex_description:/home/keerthibaalan/ws_moveit/install/robotiq_description:/home/keerthibaalan/ws_moveit/install/robotiq_controllers:/home/keerthibaalan/ws_moveit/install/pilz_industrial_motion_planner_testutils:/home/keerthibaalan/ws_moveit/install/moveit_runtime:/home/keerthibaalan/ws_moveit/install/moveit:/home/keerthibaalan/ws_moveit/install/moveit_planners:/home/keerthibaalan/ws_moveit/install/pilz_industrial_motion_planner:/home/keerthibaalan/ws_moveit/install/pick_ik:/home/keerthibaalan/ws_moveit/install/moveit_task_constructor_msgs:/home/keerthibaalan/ws_moveit/install/moveit_ros_control_interface:/home/keerthibaalan/ws_moveit/install/moveit_plugins:/home/keerthibaalan/ws_moveit/install/moveit_simple_controller_manager:/home/keerthibaalan/ws_moveit/install/moveit_setup_assistant:/home/keerthibaalan/ws_moveit/install/moveit_setup_srdf_plugins:/home/keerthibaalan/ws_moveit/install/moveit_setup_core_plugins:/home/keerthibaalan/ws_moveit/install/moveit_setup_controllers:/home/keerthibaalan/ws_moveit/install/moveit_setup_app_plugins:/home/keerthibaalan/ws_moveit/install/moveit_setup_framework:/home/keerthibaalan/ws_moveit/install/moveit_servo:/home/keerthibaalan/ws_moveit/install/moveit_ros:/home/keerthibaalan/ws_moveit/install/moveit_ros_visualization:/home/keerthibaalan/ws_moveit/install/moveit_py:/home/keerthibaalan/ws_moveit/install/moveit_hybrid_planning:/home/keerthibaalan/ws_moveit/install/moveit_ros_planning_interface:/home/keerthibaalan/ws_moveit/install/moveit_ros_benchmarks:/home/keerthibaalan/ws_moveit/install/moveit_ros_warehouse:/home/keerthibaalan/ws_moveit/install/moveit_ros_robot_interaction:/home/keerthibaalan/ws_moveit/install/moveit_ros_perception:/home/keerthibaalan/ws_moveit/install/moveit_resources_prbt_pg70_support:/home/keerthibaalan/ws_moveit/install/moveit_resources_prbt_moveit_config:/home/keerthibaalan/ws_moveit/install/moveit_ros_move_group:/home/keerthibaalan/ws_moveit/install/moveit_planners_ompl:/home/keerthibaalan/ws_moveit/install/moveit_kinematics:/home/keerthibaalan/ws_moveit/install/moveit_ros_planning:/home/keerthibaalan/ws_moveit/install/moveit_ros_occupancy_map_monitor:/home/keerthibaalan/ws_moveit/install/moveit_resources_prbt_support:/home/keerthibaalan/ws_moveit/install/moveit_resources_prbt_ikfast_manipulator_plugin:/home/keerthibaalan/ws_moveit/install/moveit_resources:/home/keerthibaalan/ws_moveit/install/moveit_resources_pr2_description:/home/keerthibaalan/ws_moveit/install/moveit_resources_panda_moveit_config:/home/keerthibaalan/ws_moveit/install/dual_arm_panda_moveit_config:/home/keerthibaalan/ws_moveit/install/moveit_resources_panda_description:/home/keerthibaalan/ws_moveit/install/moveit_resources_fanuc_moveit_config:/home/keerthibaalan/ws_moveit/install/moveit_resources_fanuc_description:/home/keerthibaalan/ws_moveit/install/moveit_planners_stomp:/home/keerthibaalan/ws_moveit/install/moveit_planners_chomp:/home/keerthibaalan/ws_moveit/install/chomp_motion_planner:/home/keerthibaalan/ws_moveit/install/moveit_core:/home/keerthibaalan/ws_moveit/install/moveit_msgs:/home/keerthibaalan/ws_moveit/install/moveit_common:/home/keerthibaalan/ws_moveit/install/kortex_driver:/home/keerthibaalan/ws_moveit/install/kortex_api:/home/keerthibaalan/ws_moveit/install/moveit_configs_utils:/opt/ros/humble /usr/bin/cmake --install /home/keerthibaalan/ROS2_Workspace/ws_microros/build/asrs_moveit_config
[0.447s] Level 1:colcon.colcon_core.environment:checking '/home/keerthibaalan/ROS2_Workspace/ws_microros/install/asrs_moveit_config' for CMake config files
[0.447s] Level 1:colcon.colcon_core.shell:create_environment_hook('asrs_moveit_config', 'cmake_prefix_path')
[0.447s] INFO:colcon.colcon_core.shell:Creating environment hook '/home/keerthibaalan/ROS2_Workspace/ws_microros/install/asrs_moveit_config/share/asrs_moveit_config/hook/cmake_prefix_path.ps1'
[0.448s] INFO:colcon.colcon_core.shell:Creating environment descriptor '/home/keerthibaalan/ROS2_Workspace/ws_microros/install/asrs_moveit_config/share/asrs_moveit_config/hook/cmake_prefix_path.dsv'
[0.448s] INFO:colcon.colcon_core.shell:Creating environment hook '/home/keerthibaalan/ROS2_Workspace/ws_microros/install/asrs_moveit_config/share/asrs_moveit_config/hook/cmake_prefix_path.sh'
[0.448s] Level 1:colcon.colcon_core.environment:checking '/home/keerthibaalan/ROS2_Workspace/ws_microros/install/asrs_moveit_config/bin'
[0.448s] Level 1:colcon.colcon_core.environment:checking '/home/keerthibaalan/ROS2_Workspace/ws_microros/install/asrs_moveit_config/lib/pkgconfig/asrs_moveit_config.pc'
[0.448s] Level 1:colcon.colcon_core.environment:checking '/home/keerthibaalan/ROS2_Workspace/ws_microros/install/asrs_moveit_config/lib/python3.10/site-packages'
[0.448s] Level 1:colcon.colcon_core.environment:checking '/home/keerthibaalan/ROS2_Workspace/ws_microros/install/asrs_moveit_config/bin'
[0.448s] INFO:colcon.colcon_core.shell:Creating package script '/home/keerthibaalan/ROS2_Workspace/ws_microros/install/asrs_moveit_config/share/asrs_moveit_config/package.ps1'
[0.448s] INFO:colcon.colcon_core.shell:Creating package descriptor '/home/keerthibaalan/ROS2_Workspace/ws_microros/install/asrs_moveit_config/share/asrs_moveit_config/package.dsv'
[0.449s] INFO:colcon.colcon_core.shell:Creating package script '/home/keerthibaalan/ROS2_Workspace/ws_microros/install/asrs_moveit_config/share/asrs_moveit_config/package.sh'
[0.449s] INFO:colcon.colcon_core.shell:Creating package script '/home/keerthibaalan/ROS2_Workspace/ws_microros/install/asrs_moveit_config/share/asrs_moveit_config/package.bash'
[0.449s] INFO:colcon.colcon_core.shell:Creating package script '/home/keerthibaalan/ROS2_Workspace/ws_microros/install/asrs_moveit_config/share/asrs_moveit_config/package.zsh'
[0.449s] Level 1:colcon.colcon_core.environment:create_file_with_runtime_dependencies(/home/keerthibaalan/ROS2_Workspace/ws_microros/install/asrs_moveit_config/share/colcon-core/packages/asrs_moveit_config)
[0.479s] Level 1:colcon.colcon_core.environment:create_environment_scripts_only(asrs_moveit_config)
[0.479s] Level 1:colcon.colcon_core.environment:checking '/home/keerthibaalan/ROS2_Workspace/ws_microros/install/asrs_moveit_config' for CMake module files
[0.479s] Level 1:colcon.colcon_core.environment:checking '/home/keerthibaalan/ROS2_Workspace/ws_microros/install/asrs_moveit_config' for CMake config files
[0.480s] Level 1:colcon.colcon_core.shell:create_environment_hook('asrs_moveit_config', 'cmake_prefix_path')
[0.480s] INFO:colcon.colcon_core.shell:Creating environment hook '/home/keerthibaalan/ROS2_Workspace/ws_microros/install/asrs_moveit_config/share/asrs_moveit_config/hook/cmake_prefix_path.ps1'
[0.480s] INFO:colcon.colcon_core.shell:Creating environment descriptor '/home/keerthibaalan/ROS2_Workspace/ws_microros/install/asrs_moveit_config/share/asrs_moveit_config/hook/cmake_prefix_path.dsv'
[0.480s] INFO:colcon.colcon_core.shell:Creating environment hook '/home/keerthibaalan/ROS2_Workspace/ws_microros/install/asrs_moveit_config/share/asrs_moveit_config/hook/cmake_prefix_path.sh'
[0.480s] Level 1:colcon.colcon_core.environment:checking '/home/keerthibaalan/ROS2_Workspace/ws_microros/install/asrs_moveit_config/bin'
[0.480s] Level 1:colcon.colcon_core.environment:checking '/home/keerthibaalan/ROS2_Workspace/ws_microros/install/asrs_moveit_config/lib/pkgconfig/asrs_moveit_config.pc'
[0.480s] Level 1:colcon.colcon_core.environment:checking '/home/keerthibaalan/ROS2_Workspace/ws_microros/install/asrs_moveit_config/lib/python3.10/site-packages'
[0.480s] Level 1:colcon.colcon_core.environment:checking '/home/keerthibaalan/ROS2_Workspace/ws_microros/install/asrs_moveit_config/bin'
[0.480s] INFO:colcon.colcon_core.shell:Creating package script '/home/keerthibaalan/ROS2_Workspace/ws_microros/install/asrs_moveit_config/share/asrs_moveit_config/package.ps1'
[0.481s] INFO:colcon.colcon_core.shell:Creating package descriptor '/home/keerthibaalan/ROS2_Workspace/ws_microros/install/asrs_moveit_config/share/asrs_moveit_config/package.dsv'
[0.481s] INFO:colcon.colcon_core.shell:Creating package script '/home/keerthibaalan/ROS2_Workspace/ws_microros/install/asrs_moveit_config/share/asrs_moveit_config/package.sh'
[0.481s] INFO:colcon.colcon_core.shell:Creating package script '/home/keerthibaalan/ROS2_Workspace/ws_microros/install/asrs_moveit_config/share/asrs_moveit_config/package.bash'
[0.481s] INFO:colcon.colcon_core.shell:Creating package script '/home/keerthibaalan/ROS2_Workspace/ws_microros/install/asrs_moveit_config/share/asrs_moveit_config/package.zsh'
[0.481s] Level 1:colcon.colcon_core.environment:create_file_with_runtime_dependencies(/home/keerthibaalan/ROS2_Workspace/ws_microros/install/asrs_moveit_config/share/colcon-core/packages/asrs_moveit_config)
[0.481s] DEBUG:colcon.colcon_parallel_executor.executor.parallel:closing loop
[0.482s] DEBUG:colcon.colcon_parallel_executor.executor.parallel:loop closed
[0.482s] DEBUG:colcon.colcon_parallel_executor.executor.parallel:run_until_complete finished with '0'
[0.482s] DEBUG:colcon.colcon_core.event_reactor:joining thread
[0.485s] INFO:colcon.colcon_core.plugin_system:Skipping extension 'colcon_notification.desktop_notification.terminal_notifier': Not used on non-Darwin systems
[0.485s] INFO:colcon.colcon_core.plugin_system:Skipping extension 'colcon_notification.desktop_notification.win32': Not used on non-Windows systems
[0.485s] INFO:colcon.colcon_notification.desktop_notification:Sending desktop notification using 'notify2'
[0.491s] DEBUG:colcon.colcon_core.event_reactor:joined thread
[0.491s] INFO:colcon.colcon_core.shell:Creating prefix script '/home/keerthibaalan/ROS2_Workspace/ws_microros/install/local_setup.ps1'
[0.492s] INFO:colcon.colcon_core.shell:Creating prefix util module '/home/keerthibaalan/ROS2_Workspace/ws_microros/install/_local_setup_util_ps1.py'
[0.492s] INFO:colcon.colcon_core.shell:Creating prefix chain script '/home/keerthibaalan/ROS2_Workspace/ws_microros/install/setup.ps1'
[0.494s] INFO:colcon.colcon_core.shell:Creating prefix script '/home/keerthibaalan/ROS2_Workspace/ws_microros/install/local_setup.sh'
[0.495s] INFO:colcon.colcon_core.shell:Creating prefix util module '/home/keerthibaalan/ROS2_Workspace/ws_microros/install/_local_setup_util_sh.py'
[0.495s] INFO:colcon.colcon_core.shell:Creating prefix chain script '/home/keerthibaalan/ROS2_Workspace/ws_microros/install/setup.sh'
[0.497s] INFO:colcon.colcon_core.shell:Creating prefix script '/home/keerthibaalan/ROS2_Workspace/ws_microros/install/local_setup.bash'
[0.497s] INFO:colcon.colcon_core.shell:Creating prefix chain script '/home/keerthibaalan/ROS2_Workspace/ws_microros/install/setup.bash'
[0.499s] INFO:colcon.colcon_core.shell:Creating prefix script '/home/keerthibaalan/ROS2_Workspace/ws_microros/install/local_setup.zsh'
[0.499s] INFO:colcon.colcon_core.shell:Creating prefix chain script '/home/keerthibaalan/ROS2_Workspace/ws_microros/install/setup.zsh'
