[0.016s] Invoking command in '/home/keerthibaalan/ROS2_Workspace/ros2industrial_ws/build/myworkcell_core': CMAKE_PREFIX_PATH=${CMAKE_PREFIX_PATH}:/home/keerthibaalan/ws_moveit2/install/moveit_configs_utils:/home/keerthibaalan/ws_moveit2/install/launch_param_builder:/home/keerthibaalan/ws_moveit/install/moveit_configs_utils:/opt/ros/humble /usr/bin/cmake /home/keerthibaalan/ROS2_Workspace/ros2industrial_ws/src/myworkcell_core -DCMAKE_INSTALL_PREFIX=/home/keerthibaalan/ROS2_Workspace/ros2industrial_ws/install/myworkcell_core
[0.116s] -- The C compiler identification is GNU 11.4.0
[0.184s] -- The CXX compiler identification is GNU 11.4.0
[0.193s] -- Detecting C compiler ABI info
[0.277s] -- Detecting C compiler ABI info - done
[0.281s] -- Check for working C compiler: /usr/bin/cc - skipped
[0.282s] -- Detecting C compile features
[0.282s] -- Detecting C compile features - done
[0.284s] -- Detecting CXX compiler ABI info
[0.373s] -- Detecting CXX compiler ABI info - done
[0.376s] -- Check for working CXX compiler: /usr/bin/c++ - skipped
[0.376s] -- Detecting CXX compile features
[0.377s] -- Detecting CXX compile features - done
[0.393s] -- Found ament_cmake: 1.3.8 (/opt/ros/humble/share/ament_cmake/cmake)
[0.524s] -- Found Python3: /usr/bin/python3 (found version "3.10.12") found components: Interpreter 
[0.720s] -- Found rclcpp: 16.0.8 (/opt/ros/humble/share/rclcpp/cmake)
[0.860s] -- Found rosidl_generator_c: 3.1.5 (/opt/ros/humble/share/rosidl_generator_c/cmake)
[0.883s] -- Found rosidl_adapter: 3.1.5 (/opt/ros/humble/share/rosidl_adapter/cmake)
[0.909s] -- Found rosidl_generator_cpp: 3.1.5 (/opt/ros/humble/share/rosidl_generator_cpp/cmake)
[0.941s] -- Using all available rosidl_typesupport_c: rosidl_typesupport_fastrtps_c;rosidl_typesupport_introspection_c
[0.986s] -- Using all available rosidl_typesupport_cpp: rosidl_typesupport_fastrtps_cpp;rosidl_typesupport_introspection_cpp
[1.129s] -- Found rmw_implementation_cmake: 6.1.1 (/opt/ros/humble/share/rmw_implementation_cmake/cmake)
[1.144s] -- Found rmw_cyclonedds_cpp: 1.3.4 (/opt/ros/humble/share/rmw_cyclonedds_cpp/cmake)
[1.226s] -- Using RMW implementation 'rmw_cyclonedds_cpp' as default
[1.261s] -- Looking for pthread.h
[1.346s] -- Looking for pthread.h - found
[1.346s] -- Performing Test CMAKE_HAVE_LIBC_PTHREAD
[1.432s] -- Performing Test CMAKE_HAVE_LIBC_PTHREAD - Success
[1.432s] -- Found Threads: TRUE  
[1.571s] -- Found ament_lint_auto: 0.12.10 (/opt/ros/humble/share/ament_lint_auto/cmake)
[1.687s] -- Added test 'lint_cmake' to check CMake code style
[1.689s] -- Added test 'xmllint' to check XML markup files
[1.693s] -- Configuring done
[1.696s] -- Generating done
[1.697s] -- Build files have been written to: /home/keerthibaalan/ROS2_Workspace/ros2industrial_ws/build/myworkcell_core
[1.702s] Invoked command in '/home/keerthibaalan/ROS2_Workspace/ros2industrial_ws/build/myworkcell_core' returned '0': CMAKE_PREFIX_PATH=${CMAKE_PREFIX_PATH}:/home/keerthibaalan/ws_moveit2/install/moveit_configs_utils:/home/keerthibaalan/ws_moveit2/install/launch_param_builder:/home/keerthibaalan/ws_moveit/install/moveit_configs_utils:/opt/ros/humble /usr/bin/cmake /home/keerthibaalan/ROS2_Workspace/ros2industrial_ws/src/myworkcell_core -DCMAKE_INSTALL_PREFIX=/home/keerthibaalan/ROS2_Workspace/ros2industrial_ws/install/myworkcell_core
[1.703s] Invoking command in '/home/keerthibaalan/ROS2_Workspace/ros2industrial_ws/build/myworkcell_core': CMAKE_PREFIX_PATH=${CMAKE_PREFIX_PATH}:/home/keerthibaalan/ws_moveit2/install/moveit_configs_utils:/home/keerthibaalan/ws_moveit2/install/launch_param_builder:/home/keerthibaalan/ws_moveit/install/moveit_configs_utils:/opt/ros/humble /usr/bin/cmake --build /home/keerthibaalan/ROS2_Workspace/ros2industrial_ws/build/myworkcell_core -- -j24 -l24
[1.757s] Invoked command in '/home/keerthibaalan/ROS2_Workspace/ros2industrial_ws/build/myworkcell_core' returned '0': CMAKE_PREFIX_PATH=${CMAKE_PREFIX_PATH}:/home/keerthibaalan/ws_moveit2/install/moveit_configs_utils:/home/keerthibaalan/ws_moveit2/install/launch_param_builder:/home/keerthibaalan/ws_moveit/install/moveit_configs_utils:/opt/ros/humble /usr/bin/cmake --build /home/keerthibaalan/ROS2_Workspace/ros2industrial_ws/build/myworkcell_core -- -j24 -l24
[1.817s] Invoking command in '/home/keerthibaalan/ROS2_Workspace/ros2industrial_ws/build/myworkcell_core': CMAKE_PREFIX_PATH=${CMAKE_PREFIX_PATH}:/home/keerthibaalan/ws_moveit2/install/moveit_configs_utils:/home/keerthibaalan/ws_moveit2/install/launch_param_builder:/home/keerthibaalan/ws_moveit/install/moveit_configs_utils:/opt/ros/humble /usr/bin/cmake --install /home/keerthibaalan/ROS2_Workspace/ros2industrial_ws/build/myworkcell_core
[1.828s] -- Install configuration: ""
[1.828s] -- Installing: /home/keerthibaalan/ROS2_Workspace/ros2industrial_ws/install/myworkcell_core/share/ament_index/resource_index/package_run_dependencies/myworkcell_core
[1.828s] -- Installing: /home/keerthibaalan/ROS2_Workspace/ros2industrial_ws/install/myworkcell_core/share/ament_index/resource_index/parent_prefix_path/myworkcell_core
[1.829s] -- Installing: /home/keerthibaalan/ROS2_Workspace/ros2industrial_ws/install/myworkcell_core/share/myworkcell_core/environment/ament_prefix_path.sh
[1.829s] -- Installing: /home/keerthibaalan/ROS2_Workspace/ros2industrial_ws/install/myworkcell_core/share/myworkcell_core/environment/ament_prefix_path.dsv
[1.829s] -- Installing: /home/keerthibaalan/ROS2_Workspace/ros2industrial_ws/install/myworkcell_core/share/myworkcell_core/environment/path.sh
[1.829s] -- Installing: /home/keerthibaalan/ROS2_Workspace/ros2industrial_ws/install/myworkcell_core/share/myworkcell_core/environment/path.dsv
[1.829s] -- Installing: /home/keerthibaalan/ROS2_Workspace/ros2industrial_ws/install/myworkcell_core/share/myworkcell_core/local_setup.bash
[1.829s] -- Installing: /home/keerthibaalan/ROS2_Workspace/ros2industrial_ws/install/myworkcell_core/share/myworkcell_core/local_setup.sh
[1.829s] -- Installing: /home/keerthibaalan/ROS2_Workspace/ros2industrial_ws/install/myworkcell_core/share/myworkcell_core/local_setup.zsh
[1.829s] -- Installing: /home/keerthibaalan/ROS2_Workspace/ros2industrial_ws/install/myworkcell_core/share/myworkcell_core/local_setup.dsv
[1.829s] -- Installing: /home/keerthibaalan/ROS2_Workspace/ros2industrial_ws/install/myworkcell_core/share/myworkcell_core/package.dsv
[1.830s] -- Installing: /home/keerthibaalan/ROS2_Workspace/ros2industrial_ws/install/myworkcell_core/share/ament_index/resource_index/packages/myworkcell_core
[1.830s] -- Installing: /home/keerthibaalan/ROS2_Workspace/ros2industrial_ws/install/myworkcell_core/share/myworkcell_core/cmake/myworkcell_coreConfig.cmake
[1.830s] -- Installing: /home/keerthibaalan/ROS2_Workspace/ros2industrial_ws/install/myworkcell_core/share/myworkcell_core/cmake/myworkcell_coreConfig-version.cmake
[1.830s] -- Installing: /home/keerthibaalan/ROS2_Workspace/ros2industrial_ws/install/myworkcell_core/share/myworkcell_core/package.xml
[1.831s] Invoked command in '/home/keerthibaalan/ROS2_Workspace/ros2industrial_ws/build/myworkcell_core' returned '0': CMAKE_PREFIX_PATH=${CMAKE_PREFIX_PATH}:/home/keerthibaalan/ws_moveit2/install/moveit_configs_utils:/home/keerthibaalan/ws_moveit2/install/launch_param_builder:/home/keerthibaalan/ws_moveit/install/moveit_configs_utils:/opt/ros/humble /usr/bin/cmake --install /home/keerthibaalan/ROS2_Workspace/ros2industrial_ws/build/myworkcell_core
