[0.100s] Invoking command in '/home/ros/ws_microros/build/asrs_arm': CMAKE_PREFIX_PATH=/opt/ros/humble /usr/bin/cmake --build /home/ros/ws_microros/build/asrs_arm -- -j16 -l16
[0.114s] -- Found ament_cmake: 1.3.6 (/opt/ros/humble/share/ament_cmake/cmake)
[0.191s] -- Found ament_lint_auto: 0.12.9 (/opt/ros/humble/share/ament_lint_auto/cmake)
[0.230s] -- Added test 'flake8' to check Python code syntax and style conventions
[0.231s] -- Added test 'lint_cmake' to check CMake code style
[0.231s] -- Added test 'pep257' to check Python code against some of the docstring style conventions in PEP 257
[0.231s] -- Added test 'xmllint' to check XML markup files
[0.231s] -- Configuring done
[0.238s] -- Generating done
[0.238s] -- Build files have been written to: /home/ros/ws_microros/build/asrs_arm
[0.258s] Invoked command in '/home/ros/ws_microros/build/asrs_arm' returned '0': CMAKE_PREFIX_PATH=/opt/ros/humble /usr/bin/cmake --build /home/ros/ws_microros/build/asrs_arm -- -j16 -l16
[0.271s] Invoking command in '/home/ros/ws_microros/build/asrs_arm': CMAKE_PREFIX_PATH=/opt/ros/humble /usr/bin/cmake --install /home/ros/ws_microros/build/asrs_arm
[0.278s] -- Install configuration: ""
[0.278s] -- Installing: /home/ros/ws_microros/install/asrs_arm/share/asrs_arm/config
[0.278s] -- Installing: /home/ros/ws_microros/install/asrs_arm/share/asrs_arm/config/display.rviz
[0.278s] -- Installing: /home/ros/ws_microros/install/asrs_arm/share/asrs_arm/config/joint_names_asrs.yaml
[0.278s] -- Up-to-date: /home/ros/ws_microros/install/asrs_arm/share/asrs_arm/launch
[0.278s] -- Up-to-date: /home/ros/ws_microros/install/asrs_arm/share/asrs_arm/launch/gazebo.launch.py
[0.278s] -- Installing: /home/ros/ws_microros/install/asrs_arm/share/asrs_arm/launch/rviz.launch.py
[0.278s] -- Up-to-date: /home/ros/ws_microros/install/asrs_arm/share/asrs_arm/meshes
[0.278s] -- Up-to-date: /home/ros/ws_microros/install/asrs_arm/share/asrs_arm/meshes/link_3.STL
[0.278s] -- Up-to-date: /home/ros/ws_microros/install/asrs_arm/share/asrs_arm/meshes/link_1.STL
[0.278s] -- Up-to-date: /home/ros/ws_microros/install/asrs_arm/share/asrs_arm/meshes/link_4.STL
[0.278s] -- Up-to-date: /home/ros/ws_microros/install/asrs_arm/share/asrs_arm/meshes/link_2.STL
[0.278s] -- Up-to-date: /home/ros/ws_microros/install/asrs_arm/share/asrs_arm/urdf
[0.279s] -- Up-to-date: /home/ros/ws_microros/install/asrs_arm/share/asrs_arm/urdf/asrs.csv
[0.279s] -- Up-to-date: /home/ros/ws_microros/install/asrs_arm/share/asrs_arm/urdf/asrs_arm.urdf.xacro
[0.279s] -- Up-to-date: /home/ros/ws_microros/install/asrs_arm/share/ament_index/resource_index/package_run_dependencies/asrs_arm
[0.279s] -- Up-to-date: /home/ros/ws_microros/install/asrs_arm/share/ament_index/resource_index/parent_prefix_path/asrs_arm
[0.279s] -- Up-to-date: /home/ros/ws_microros/install/asrs_arm/share/asrs_arm/environment/ament_prefix_path.sh
[0.279s] -- Installing: /home/ros/ws_microros/install/asrs_arm/share/asrs_arm/environment/ament_prefix_path.dsv
[0.279s] -- Up-to-date: /home/ros/ws_microros/install/asrs_arm/share/asrs_arm/environment/path.sh
[0.279s] -- Installing: /home/ros/ws_microros/install/asrs_arm/share/asrs_arm/environment/path.dsv
[0.279s] -- Up-to-date: /home/ros/ws_microros/install/asrs_arm/share/asrs_arm/local_setup.bash
[0.279s] -- Up-to-date: /home/ros/ws_microros/install/asrs_arm/share/asrs_arm/local_setup.sh
[0.280s] -- Up-to-date: /home/ros/ws_microros/install/asrs_arm/share/asrs_arm/local_setup.zsh
[0.280s] -- Installing: /home/ros/ws_microros/install/asrs_arm/share/asrs_arm/local_setup.dsv
[0.280s] -- Installing: /home/ros/ws_microros/install/asrs_arm/share/asrs_arm/package.dsv
[0.280s] -- Up-to-date: /home/ros/ws_microros/install/asrs_arm/share/ament_index/resource_index/packages/asrs_arm
[0.280s] -- Up-to-date: /home/ros/ws_microros/install/asrs_arm/share/asrs_arm/cmake/asrs_armConfig.cmake
[0.280s] -- Up-to-date: /home/ros/ws_microros/install/asrs_arm/share/asrs_arm/cmake/asrs_armConfig-version.cmake
[0.280s] -- Up-to-date: /home/ros/ws_microros/install/asrs_arm/share/asrs_arm/package.xml
[0.301s] Invoked command in '/home/ros/ws_microros/build/asrs_arm' returned '0': CMAKE_PREFIX_PATH=/opt/ros/humble /usr/bin/cmake --install /home/ros/ws_microros/build/asrs_arm
