-- Found ament_cmake: 1.3.9 (/opt/ros/humble/share/ament_cmake/cmake)
-- Found myworkcell_core: 0.0.0 (/home/keerthibaalan/ROS2_Workspace/ros2industrial_ws/install/myworkcell_core/share/myworkcell_core/cmake)
-- Found rosidl_generator_c: 3.1.5 (/opt/ros/humble/share/rosidl_generator_c/cmake)
-- Found rosidl_adapter: 3.1.5 (/opt/ros/humble/share/rosidl_adapter/cmake)
-- Found rosidl_generator_cpp: 3.1.5 (/opt/ros/humble/share/rosidl_generator_cpp/cmake)
-- Using all available rosidl_typesupport_c: rosidl_typesupport_fastrtps_c;rosidl_typesupport_introspection_c
-- Using all available rosidl_typesupport_cpp: rosidl_typesupport_fastrtps_cpp;rosidl_typesupport_introspection_cpp
-- Found ament_lint_auto: 0.12.11 (/opt/ros/humble/share/ament_lint_auto/cmake)
-- Added test 'flake8' to check Python code syntax and style conventions
-- Added test 'lint_cmake' to check CMake code style
-- Added test 'pep257' to check Python code against some of the docstring style conventions in PEP 257
-- Added test 'xmllint' to check XML markup files
-- Configuring done
-- Generating done
-- Build files have been written to: /home/keerthibaalan/ROS2_Workspace/ros2industrial_ws/build/myworkcell_support
-- Install configuration: ""
-- Up-to-date: /home/keerthibaalan/ROS2_Workspace/ros2industrial_ws/install/myworkcell_support/share/myworkcell_support//launch
-- Installing: /home/keerthibaalan/ROS2_Workspace/ros2industrial_ws/install/myworkcell_support/share/myworkcell_support//launch/workcell.launch.py
-- Installing: /home/keerthibaalan/ROS2_Workspace/ros2industrial_ws/install/myworkcell_support/share/myworkcell_support//urdf
-- Installing: /home/keerthibaalan/ROS2_Workspace/ros2industrial_ws/install/myworkcell_support/share/myworkcell_support//urdf/workcell.urdf
-- Up-to-date: /home/keerthibaalan/ROS2_Workspace/ros2industrial_ws/install/myworkcell_support/share/ament_index/resource_index/package_run_dependencies/myworkcell_support
-- Up-to-date: /home/keerthibaalan/ROS2_Workspace/ros2industrial_ws/install/myworkcell_support/share/ament_index/resource_index/parent_prefix_path/myworkcell_support
-- Up-to-date: /home/keerthibaalan/ROS2_Workspace/ros2industrial_ws/install/myworkcell_support/share/myworkcell_support/environment/ament_prefix_path.sh
-- Installing: /home/keerthibaalan/ROS2_Workspace/ros2industrial_ws/install/myworkcell_support/share/myworkcell_support/environment/ament_prefix_path.dsv
-- Up-to-date: /home/keerthibaalan/ROS2_Workspace/ros2industrial_ws/install/myworkcell_support/share/myworkcell_support/environment/path.sh
-- Installing: /home/keerthibaalan/ROS2_Workspace/ros2industrial_ws/install/myworkcell_support/share/myworkcell_support/environment/path.dsv
-- Up-to-date: /home/keerthibaalan/ROS2_Workspace/ros2industrial_ws/install/myworkcell_support/share/myworkcell_support/local_setup.bash
-- Up-to-date: /home/keerthibaalan/ROS2_Workspace/ros2industrial_ws/install/myworkcell_support/share/myworkcell_support/local_setup.sh
-- Up-to-date: /home/keerthibaalan/ROS2_Workspace/ros2industrial_ws/install/myworkcell_support/share/myworkcell_support/local_setup.zsh
-- Installing: /home/keerthibaalan/ROS2_Workspace/ros2industrial_ws/install/myworkcell_support/share/myworkcell_support/local_setup.dsv
-- Installing: /home/keerthibaalan/ROS2_Workspace/ros2industrial_ws/install/myworkcell_support/share/myworkcell_support/package.dsv
-- Up-to-date: /home/keerthibaalan/ROS2_Workspace/ros2industrial_ws/install/myworkcell_support/share/ament_index/resource_index/packages/myworkcell_support
-- Up-to-date: /home/keerthibaalan/ROS2_Workspace/ros2industrial_ws/install/myworkcell_support/share/myworkcell_support/cmake/myworkcell_supportConfig.cmake
-- Up-to-date: /home/keerthibaalan/ROS2_Workspace/ros2industrial_ws/install/myworkcell_support/share/myworkcell_support/cmake/myworkcell_supportConfig-version.cmake
-- Up-to-date: /home/keerthibaalan/ROS2_Workspace/ros2industrial_ws/install/myworkcell_support/share/myworkcell_support/package.xml
