[0.047s] Invoking command in '/home/ros/ws_microros/build/asrs_gripper': CMAKE_PREFIX_PATH=/opt/ros/humble /usr/bin/cmake /home/ros/ws_microros/src/asrs_gripper -DCMAKE_INSTALL_PREFIX=/home/ros/ws_microros/install/asrs_gripper
[0.181s] -- The C compiler identification is GNU 11.4.0
[0.274s] -- The CXX compiler identification is GNU 11.4.0
[0.283s] -- Detecting C compiler ABI info
[0.330s] -- Detecting C compiler ABI info - done
[0.333s] -- Check for working C compiler: /usr/bin/cc - skipped
[0.334s] -- Detecting C compile features
[0.334s] -- Detecting C compile features - done
[0.339s] -- Detecting CXX compiler ABI info
[0.387s] -- Detecting CXX compiler ABI info - done
[0.390s] -- Check for working CXX compiler: /usr/bin/c++ - skipped
[0.391s] -- Detecting CXX compile features
[0.391s] -- Detecting CXX compile features - done
[0.397s] -- Found ament_cmake: 1.3.6 (/opt/ros/humble/share/ament_cmake/cmake)
[0.493s] -- Found Python3: /usr/bin/python3.10 (found version "3.10.12") found components: Interpreter 
[0.558s] -- Found ament_lint_auto: 0.12.9 (/opt/ros/humble/share/ament_lint_auto/cmake)
[0.609s] -- Added test 'lint_cmake' to check CMake code style
[0.610s] -- Added test 'xmllint' to check XML markup files
[0.611s] -- Configuring done
[0.613s] -- Generating done
[0.613s] -- Build files have been written to: /home/ros/ws_microros/build/asrs_gripper
[0.617s] Invoked command in '/home/ros/ws_microros/build/asrs_gripper' returned '0': CMAKE_PREFIX_PATH=/opt/ros/humble /usr/bin/cmake /home/ros/ws_microros/src/asrs_gripper -DCMAKE_INSTALL_PREFIX=/home/ros/ws_microros/install/asrs_gripper
[0.618s] Invoking command in '/home/ros/ws_microros/build/asrs_gripper': CMAKE_PREFIX_PATH=/opt/ros/humble /usr/bin/cmake --build /home/ros/ws_microros/build/asrs_gripper -- -j16 -l16
[0.636s] Invoked command in '/home/ros/ws_microros/build/asrs_gripper' returned '0': CMAKE_PREFIX_PATH=/opt/ros/humble /usr/bin/cmake --build /home/ros/ws_microros/build/asrs_gripper -- -j16 -l16
[0.651s] Invoking command in '/home/ros/ws_microros/build/asrs_gripper': CMAKE_PREFIX_PATH=/opt/ros/humble /usr/bin/cmake --install /home/ros/ws_microros/build/asrs_gripper
[0.655s] -- Install configuration: ""
[0.655s] -- Installing: /home/ros/ws_microros/install/asrs_gripper/share/ament_index/resource_index/package_run_dependencies/asrs_gripper
[0.655s] -- Installing: /home/ros/ws_microros/install/asrs_gripper/share/ament_index/resource_index/parent_prefix_path/asrs_gripper
[0.655s] -- Installing: /home/ros/ws_microros/install/asrs_gripper/share/asrs_gripper/environment/ament_prefix_path.sh
[0.655s] -- Installing: /home/ros/ws_microros/install/asrs_gripper/share/asrs_gripper/environment/ament_prefix_path.dsv
[0.655s] -- Installing: /home/ros/ws_microros/install/asrs_gripper/share/asrs_gripper/environment/path.sh
[0.656s] -- Installing: /home/ros/ws_microros/install/asrs_gripper/share/asrs_gripper/environment/path.dsv
[0.656s] -- Installing: /home/ros/ws_microros/install/asrs_gripper/share/asrs_gripper/local_setup.bash
[0.656s] -- Installing: /home/ros/ws_microros/install/asrs_gripper/share/asrs_gripper/local_setup.sh
[0.656s] -- Installing: /home/ros/ws_microros/install/asrs_gripper/share/asrs_gripper/local_setup.zsh
[0.656s] -- Installing: /home/ros/ws_microros/install/asrs_gripper/share/asrs_gripper/local_setup.dsv
[0.656s] -- Installing: /home/ros/ws_microros/install/asrs_gripper/share/asrs_gripper/package.dsv
[0.656s] -- Installing: /home/ros/ws_microros/install/asrs_gripper/share/ament_index/resource_index/packages/asrs_gripper
[0.656s] -- Installing: /home/ros/ws_microros/install/asrs_gripper/share/asrs_gripper/cmake/asrs_gripperConfig.cmake
[0.656s] -- Installing: /home/ros/ws_microros/install/asrs_gripper/share/asrs_gripper/cmake/asrs_gripperConfig-version.cmake
[0.656s] -- Installing: /home/ros/ws_microros/install/asrs_gripper/share/asrs_gripper/package.xml
[0.693s] Invoked command in '/home/ros/ws_microros/build/asrs_gripper' returned '0': CMAKE_PREFIX_PATH=/opt/ros/humble /usr/bin/cmake --install /home/ros/ws_microros/build/asrs_gripper
