[0.070s] Invoking command in '/home/ros/ws_microros/build/asrs_description': CMAKE_PREFIX_PATH=/opt/ros/humble /usr/bin/cmake --build /home/ros/ws_microros/build/asrs_description -- -j16 -l16
[0.087s] Invoked command in '/home/ros/ws_microros/build/asrs_description' returned '0': CMAKE_PREFIX_PATH=/opt/ros/humble /usr/bin/cmake --build /home/ros/ws_microros/build/asrs_description -- -j16 -l16
[0.104s] Invoking command in '/home/ros/ws_microros/build/asrs_description': CMAKE_PREFIX_PATH=/opt/ros/humble /usr/bin/cmake --install /home/ros/ws_microros/build/asrs_description
[0.109s] -- Install configuration: ""
[0.109s] -- Up-to-date: /home/ros/ws_microros/install/asrs_description/share/ament_index/resource_index/package_run_dependencies/asrs_description
[0.109s] -- Up-to-date: /home/ros/ws_microros/install/asrs_description/share/ament_index/resource_index/parent_prefix_path/asrs_description
[0.109s] -- Up-to-date: /home/ros/ws_microros/install/asrs_description/share/asrs_description/environment/ament_prefix_path.sh
[0.109s] -- Up-to-date: /home/ros/ws_microros/install/asrs_description/share/asrs_description/environment/ament_prefix_path.dsv
[0.109s] -- Up-to-date: /home/ros/ws_microros/install/asrs_description/share/asrs_description/environment/path.sh
[0.109s] -- Up-to-date: /home/ros/ws_microros/install/asrs_description/share/asrs_description/environment/path.dsv
[0.110s] -- Up-to-date: /home/ros/ws_microros/install/asrs_description/share/asrs_description/local_setup.bash
[0.110s] -- Up-to-date: /home/ros/ws_microros/install/asrs_description/share/asrs_description/local_setup.sh
[0.110s] -- Up-to-date: /home/ros/ws_microros/install/asrs_description/share/asrs_description/local_setup.zsh
[0.110s] -- Up-to-date: /home/ros/ws_microros/install/asrs_description/share/asrs_description/local_setup.dsv
[0.110s] -- Installing: /home/ros/ws_microros/install/asrs_description/share/asrs_description/package.dsv
[0.110s] -- Up-to-date: /home/ros/ws_microros/install/asrs_description/share/ament_index/resource_index/packages/asrs_description
[0.110s] -- Up-to-date: /home/ros/ws_microros/install/asrs_description/share/asrs_description/cmake/asrs_descriptionConfig.cmake
[0.111s] -- Up-to-date: /home/ros/ws_microros/install/asrs_description/share/asrs_description/cmake/asrs_descriptionConfig-version.cmake
[0.111s] -- Up-to-date: /home/ros/ws_microros/install/asrs_description/share/asrs_description/package.xml
[0.136s] Invoked command in '/home/ros/ws_microros/build/asrs_description' returned '0': CMAKE_PREFIX_PATH=/opt/ros/humble /usr/bin/cmake --install /home/ros/ws_microros/build/asrs_description
