[0.023s] Invoking command in '/home/keerthibaalan/ROS2_Workspace/ws_microros/build/asrs_description': CMAKE_PREFIX_PATH=${CMAKE_PREFIX_PATH}:/home/keerthibaalan/ws_moveit/install/moveit_configs_utils:/opt/ros/humble /usr/bin/cmake --build /home/keerthibaalan/ROS2_Workspace/ws_microros/build/asrs_description -- -j24 -l24
[0.066s] Invoked command in '/home/keerthibaalan/ROS2_Workspace/ws_microros/build/asrs_description' returned '0': CMAKE_PREFIX_PATH=${CMAKE_PREFIX_PATH}:/home/keerthibaalan/ws_moveit/install/moveit_configs_utils:/opt/ros/humble /usr/bin/cmake --build /home/keerthibaalan/ROS2_Workspace/ws_microros/build/asrs_description -- -j24 -l24
[0.107s] Invoking command in '/home/keerthibaalan/ROS2_Workspace/ws_microros/build/asrs_description': CMAKE_PREFIX_PATH=${CMAKE_PREFIX_PATH}:/home/keerthibaalan/ws_moveit/install/moveit_configs_utils:/opt/ros/humble /usr/bin/cmake --install /home/keerthibaalan/ROS2_Workspace/ws_microros/build/asrs_description
[0.116s] -- Install configuration: ""
[0.116s] -- Up-to-date: /home/keerthibaalan/ROS2_Workspace/ws_microros/install/asrs_description/share/asrs_description/config
[0.117s] -- Up-to-date: /home/keerthibaalan/ROS2_Workspace/ws_microros/install/asrs_description/share/asrs_description/config/display.rviz
[0.117s] -- Up-to-date: /home/keerthibaalan/ROS2_Workspace/ws_microros/install/asrs_description/share/asrs_description/launch
[0.117s] -- Up-to-date: /home/keerthibaalan/ROS2_Workspace/ws_microros/install/asrs_description/share/asrs_description/launch/rviz.launch.py
[0.117s] -- Up-to-date: /home/keerthibaalan/ROS2_Workspace/ws_microros/install/asrs_description/share/asrs_description/launch/gazebo.launch.py
[0.117s] -- Up-to-date: /home/keerthibaalan/ROS2_Workspace/ws_microros/install/asrs_description/share/asrs_description/urdf
[0.117s] -- Up-to-date: /home/keerthibaalan/ROS2_Workspace/ws_microros/install/asrs_description/share/asrs_description/urdf/asrs_robot.urdf.xacro
[0.117s] -- Up-to-date: /home/keerthibaalan/ROS2_Workspace/ws_microros/install/asrs_description/share/asrs_description/urdf/asrs_gazebo.xacro
[0.117s] -- Up-to-date: /home/keerthibaalan/ROS2_Workspace/ws_microros/install/asrs_description/share/asrs_description/urdf/asrs_ros2_control.xacro
[0.118s] -- Up-to-date: /home/keerthibaalan/ROS2_Workspace/ws_microros/install/asrs_description/share/ament_index/resource_index/package_run_dependencies/asrs_description
[0.118s] -- Up-to-date: /home/keerthibaalan/ROS2_Workspace/ws_microros/install/asrs_description/share/ament_index/resource_index/parent_prefix_path/asrs_description
[0.118s] -- Up-to-date: /home/keerthibaalan/ROS2_Workspace/ws_microros/install/asrs_description/share/asrs_description/environment/ament_prefix_path.sh
[0.118s] -- Up-to-date: /home/keerthibaalan/ROS2_Workspace/ws_microros/install/asrs_description/share/asrs_description/environment/ament_prefix_path.dsv
[0.119s] -- Up-to-date: /home/keerthibaalan/ROS2_Workspace/ws_microros/install/asrs_description/share/asrs_description/environment/path.sh
[0.119s] -- Up-to-date: /home/keerthibaalan/ROS2_Workspace/ws_microros/install/asrs_description/share/asrs_description/environment/path.dsv
[0.119s] -- Up-to-date: /home/keerthibaalan/ROS2_Workspace/ws_microros/install/asrs_description/share/asrs_description/local_setup.bash
[0.119s] -- Up-to-date: /home/keerthibaalan/ROS2_Workspace/ws_microros/install/asrs_description/share/asrs_description/local_setup.sh
[0.119s] -- Up-to-date: /home/keerthibaalan/ROS2_Workspace/ws_microros/install/asrs_description/share/asrs_description/local_setup.zsh
[0.119s] -- Up-to-date: /home/keerthibaalan/ROS2_Workspace/ws_microros/install/asrs_description/share/asrs_description/local_setup.dsv
[0.119s] -- Installing: /home/keerthibaalan/ROS2_Workspace/ws_microros/install/asrs_description/share/asrs_description/package.dsv
[0.119s] -- Up-to-date: /home/keerthibaalan/ROS2_Workspace/ws_microros/install/asrs_description/share/ament_index/resource_index/packages/asrs_description
[0.119s] -- Up-to-date: /home/keerthibaalan/ROS2_Workspace/ws_microros/install/asrs_description/share/asrs_description/cmake/asrs_descriptionConfig.cmake
[0.119s] -- Up-to-date: /home/keerthibaalan/ROS2_Workspace/ws_microros/install/asrs_description/share/asrs_description/cmake/asrs_descriptionConfig-version.cmake
[0.119s] -- Up-to-date: /home/keerthibaalan/ROS2_Workspace/ws_microros/install/asrs_description/share/asrs_description/package.xml
[0.122s] Invoked command in '/home/keerthibaalan/ROS2_Workspace/ws_microros/build/asrs_description' returned '0': CMAKE_PREFIX_PATH=${CMAKE_PREFIX_PATH}:/home/keerthibaalan/ws_moveit/install/moveit_configs_utils:/opt/ros/humble /usr/bin/cmake --install /home/keerthibaalan/ROS2_Workspace/ws_microros/build/asrs_description
