-- Install configuration: ""
-- Up-to-date: /home/keerthibaalan/ROS2_Workspace/ur_tutorials/install/my_robot_cell_control/share/my_robot_cell_control/launch
-- Up-to-date: /home/keerthibaalan/ROS2_Workspace/ur_tutorials/install/my_robot_cell_control/share/my_robot_cell_control/launch/start_robot.launch.py
-- Up-to-date: /home/keerthibaalan/ROS2_Workspace/ur_tutorials/install/my_robot_cell_control/share/my_robot_cell_control/launch/rsp.launch.py
-- Up-to-date: /home/keerthibaalan/ROS2_Workspace/ur_tutorials/install/my_robot_cell_control/share/my_robot_cell_control/config
-- Up-to-date: /home/keerthibaalan/ROS2_Workspace/ur_tutorials/install/my_robot_cell_control/share/my_robot_cell_control/config/update_rate.yaml
-- Up-to-date: /home/keerthibaalan/ROS2_Workspace/ur_tutorials/install/my_robot_cell_control/share/my_robot_cell_control/config/my_robot_calibration.yaml
-- Up-to-date: /home/keerthibaalan/ROS2_Workspace/ur_tutorials/install/my_robot_cell_control/share/my_robot_cell_control/config/ros2_controllers.yaml
-- Up-to-date: /home/keerthibaalan/ROS2_Workspace/ur_tutorials/install/my_robot_cell_control/share/my_robot_cell_control/urdf
-- Up-to-date: /home/keerthibaalan/ROS2_Workspace/ur_tutorials/install/my_robot_cell_control/share/my_robot_cell_control/urdf/my_robot_cell_controlled.urdf.xacro
-- Up-to-date: /home/keerthibaalan/ROS2_Workspace/ur_tutorials/install/my_robot_cell_control/share/ament_index/resource_index/package_run_dependencies/my_robot_cell_control
-- Up-to-date: /home/keerthibaalan/ROS2_Workspace/ur_tutorials/install/my_robot_cell_control/share/ament_index/resource_index/parent_prefix_path/my_robot_cell_control
-- Up-to-date: /home/keerthibaalan/ROS2_Workspace/ur_tutorials/install/my_robot_cell_control/share/my_robot_cell_control/environment/ament_prefix_path.sh
-- Up-to-date: /home/keerthibaalan/ROS2_Workspace/ur_tutorials/install/my_robot_cell_control/share/my_robot_cell_control/environment/ament_prefix_path.dsv
-- Up-to-date: /home/keerthibaalan/ROS2_Workspace/ur_tutorials/install/my_robot_cell_control/share/my_robot_cell_control/environment/path.sh
-- Up-to-date: /home/keerthibaalan/ROS2_Workspace/ur_tutorials/install/my_robot_cell_control/share/my_robot_cell_control/environment/path.dsv
-- Up-to-date: /home/keerthibaalan/ROS2_Workspace/ur_tutorials/install/my_robot_cell_control/share/my_robot_cell_control/local_setup.bash
-- Up-to-date: /home/keerthibaalan/ROS2_Workspace/ur_tutorials/install/my_robot_cell_control/share/my_robot_cell_control/local_setup.sh
-- Up-to-date: /home/keerthibaalan/ROS2_Workspace/ur_tutorials/install/my_robot_cell_control/share/my_robot_cell_control/local_setup.zsh
-- Up-to-date: /home/keerthibaalan/ROS2_Workspace/ur_tutorials/install/my_robot_cell_control/share/my_robot_cell_control/local_setup.dsv
-- Up-to-date: /home/keerthibaalan/ROS2_Workspace/ur_tutorials/install/my_robot_cell_control/share/my_robot_cell_control/package.dsv
-- Up-to-date: /home/keerthibaalan/ROS2_Workspace/ur_tutorials/install/my_robot_cell_control/share/ament_index/resource_index/packages/my_robot_cell_control
-- Up-to-date: /home/keerthibaalan/ROS2_Workspace/ur_tutorials/install/my_robot_cell_control/share/my_robot_cell_control/cmake/my_robot_cell_controlConfig.cmake
-- Up-to-date: /home/keerthibaalan/ROS2_Workspace/ur_tutorials/install/my_robot_cell_control/share/my_robot_cell_control/cmake/my_robot_cell_controlConfig-version.cmake
-- Up-to-date: /home/keerthibaalan/ROS2_Workspace/ur_tutorials/install/my_robot_cell_control/share/my_robot_cell_control/package.xml
