-- Install configuration: ""
-- Up-to-date: /home/ros/ws_microros/install/asrs_gripper/share/asrs_gripper/config
-- Up-to-date: /home/ros/ws_microros/install/asrs_gripper/share/asrs_gripper/config/joint_names_gripper.yaml
-- Up-to-date: /home/ros/ws_microros/install/asrs_gripper/share/asrs_gripper/config/display.rviz
-- Up-to-date: /home/ros/ws_microros/install/asrs_gripper/share/asrs_gripper/launch
-- Up-to-date: /home/ros/ws_microros/install/asrs_gripper/share/asrs_gripper/launch/.vscode
-- Up-to-date: /home/ros/ws_microros/install/asrs_gripper/share/asrs_gripper/launch/.vscode/c_cpp_properties.json
-- Up-to-date: /home/ros/ws_microros/install/asrs_gripper/share/asrs_gripper/launch/.vscode/settings.json
-- Up-to-date: /home/ros/ws_microros/install/asrs_gripper/share/asrs_gripper/launch/gazebo.launch.py
-- Up-to-date: /home/ros/ws_microros/install/asrs_gripper/share/asrs_gripper/launch/rviz.launch.py
-- Up-to-date: /home/ros/ws_microros/install/asrs_gripper/share/asrs_gripper/meshes
-- Up-to-date: /home/ros/ws_microros/install/asrs_gripper/share/asrs_gripper/meshes/driven.STL
-- Up-to-date: /home/ros/ws_microros/install/asrs_gripper/share/asrs_gripper/meshes/left_finger.STL
-- Up-to-date: /home/ros/ws_microros/install/asrs_gripper/share/asrs_gripper/meshes/base.STL
-- Up-to-date: /home/ros/ws_microros/install/asrs_gripper/share/asrs_gripper/meshes/left_knuckle.STL
-- Up-to-date: /home/ros/ws_microros/install/asrs_gripper/share/asrs_gripper/meshes/driver.STL
-- Up-to-date: /home/ros/ws_microros/install/asrs_gripper/share/asrs_gripper/meshes/right_finger.STL
-- Up-to-date: /home/ros/ws_microros/install/asrs_gripper/share/asrs_gripper/meshes/right_knuckle.STL
-- Up-to-date: /home/ros/ws_microros/install/asrs_gripper/share/asrs_gripper/urdf
-- Up-to-date: /home/ros/ws_microros/install/asrs_gripper/share/asrs_gripper/urdf/gripper.csv
-- Up-to-date: /home/ros/ws_microros/install/asrs_gripper/share/asrs_gripper/urdf/gripper_transmissions.xacro
-- Up-to-date: /home/ros/ws_microros/install/asrs_gripper/share/asrs_gripper/urdf/asrs_gripper.urdf.xacro
-- Up-to-date: /home/ros/ws_microros/install/asrs_gripper/share/ament_index/resource_index/package_run_dependencies/asrs_gripper
-- Up-to-date: /home/ros/ws_microros/install/asrs_gripper/share/ament_index/resource_index/parent_prefix_path/asrs_gripper
-- Up-to-date: /home/ros/ws_microros/install/asrs_gripper/share/asrs_gripper/environment/ament_prefix_path.sh
-- Up-to-date: /home/ros/ws_microros/install/asrs_gripper/share/asrs_gripper/environment/ament_prefix_path.dsv
-- Up-to-date: /home/ros/ws_microros/install/asrs_gripper/share/asrs_gripper/environment/path.sh
-- Up-to-date: /home/ros/ws_microros/install/asrs_gripper/share/asrs_gripper/environment/path.dsv
-- Up-to-date: /home/ros/ws_microros/install/asrs_gripper/share/asrs_gripper/local_setup.bash
-- Up-to-date: /home/ros/ws_microros/install/asrs_gripper/share/asrs_gripper/local_setup.sh
-- Up-to-date: /home/ros/ws_microros/install/asrs_gripper/share/asrs_gripper/local_setup.zsh
-- Up-to-date: /home/ros/ws_microros/install/asrs_gripper/share/asrs_gripper/local_setup.dsv
-- Up-to-date: /home/ros/ws_microros/install/asrs_gripper/share/asrs_gripper/package.dsv
-- Up-to-date: /home/ros/ws_microros/install/asrs_gripper/share/ament_index/resource_index/packages/asrs_gripper
-- Up-to-date: /home/ros/ws_microros/install/asrs_gripper/share/asrs_gripper/cmake/asrs_gripperConfig.cmake
-- Up-to-date: /home/ros/ws_microros/install/asrs_gripper/share/asrs_gripper/cmake/asrs_gripperConfig-version.cmake
-- Up-to-date: /home/ros/ws_microros/install/asrs_gripper/share/asrs_gripper/package.xml
