[0.071s] Invoking command in '/home/ros/ws_microros/build/asrs_gripper': CMAKE_PREFIX_PATH=${CMAKE_PREFIX_PATH}:/opt/ros/humble /usr/bin/cmake --build /home/ros/ws_microros/build/asrs_gripper -- -j12 -l12
[0.260s] Invoked command in '/home/ros/ws_microros/build/asrs_gripper' returned '0': CMAKE_PREFIX_PATH=${CMAKE_PREFIX_PATH}:/opt/ros/humble /usr/bin/cmake --build /home/ros/ws_microros/build/asrs_gripper -- -j12 -l12
[0.475s] Invoking command in '/home/ros/ws_microros/build/asrs_gripper': CMAKE_PREFIX_PATH=${CMAKE_PREFIX_PATH}:/opt/ros/humble /usr/bin/cmake --install /home/ros/ws_microros/build/asrs_gripper
[0.629s] -- Install configuration: ""
[0.629s] -- Up-to-date: /home/ros/ws_microros/install/asrs_gripper/share/asrs_gripper/config
[0.630s] -- Up-to-date: /home/ros/ws_microros/install/asrs_gripper/share/asrs_gripper/config/joint_names_gripper.yaml
[0.630s] -- Up-to-date: /home/ros/ws_microros/install/asrs_gripper/share/asrs_gripper/config/display.rviz
[0.630s] -- Up-to-date: /home/ros/ws_microros/install/asrs_gripper/share/asrs_gripper/launch
[0.630s] -- Up-to-date: /home/ros/ws_microros/install/asrs_gripper/share/asrs_gripper/launch/.vscode
[0.630s] -- Up-to-date: /home/ros/ws_microros/install/asrs_gripper/share/asrs_gripper/launch/.vscode/c_cpp_properties.json
[0.630s] -- Up-to-date: /home/ros/ws_microros/install/asrs_gripper/share/asrs_gripper/launch/.vscode/settings.json
[0.630s] -- Up-to-date: /home/ros/ws_microros/install/asrs_gripper/share/asrs_gripper/launch/gazebo.launch.py
[0.630s] -- Up-to-date: /home/ros/ws_microros/install/asrs_gripper/share/asrs_gripper/launch/rviz.launch.py
[0.630s] -- Up-to-date: /home/ros/ws_microros/install/asrs_gripper/share/asrs_gripper/meshes
[0.631s] -- Up-to-date: /home/ros/ws_microros/install/asrs_gripper/share/asrs_gripper/meshes/driven.STL
[0.631s] -- Up-to-date: /home/ros/ws_microros/install/asrs_gripper/share/asrs_gripper/meshes/left_finger.STL
[0.631s] -- Up-to-date: /home/ros/ws_microros/install/asrs_gripper/share/asrs_gripper/meshes/base.STL
[0.631s] -- Up-to-date: /home/ros/ws_microros/install/asrs_gripper/share/asrs_gripper/meshes/left_knuckle.STL
[0.631s] -- Up-to-date: /home/ros/ws_microros/install/asrs_gripper/share/asrs_gripper/meshes/driver.STL
[0.631s] -- Up-to-date: /home/ros/ws_microros/install/asrs_gripper/share/asrs_gripper/meshes/right_finger.STL
[0.631s] -- Up-to-date: /home/ros/ws_microros/install/asrs_gripper/share/asrs_gripper/meshes/right_knuckle.STL
[0.631s] -- Up-to-date: /home/ros/ws_microros/install/asrs_gripper/share/asrs_gripper/urdf
[0.631s] -- Up-to-date: /home/ros/ws_microros/install/asrs_gripper/share/asrs_gripper/urdf/gripper.csv
[0.631s] -- Up-to-date: /home/ros/ws_microros/install/asrs_gripper/share/asrs_gripper/urdf/gripper_transmissions.xacro
[0.631s] -- Up-to-date: /home/ros/ws_microros/install/asrs_gripper/share/asrs_gripper/urdf/asrs_gripper.urdf.xacro
[0.631s] -- Up-to-date: /home/ros/ws_microros/install/asrs_gripper/share/ament_index/resource_index/package_run_dependencies/asrs_gripper
[0.632s] -- Up-to-date: /home/ros/ws_microros/install/asrs_gripper/share/ament_index/resource_index/parent_prefix_path/asrs_gripper
[0.632s] -- Up-to-date: /home/ros/ws_microros/install/asrs_gripper/share/asrs_gripper/environment/ament_prefix_path.sh
[0.632s] -- Up-to-date: /home/ros/ws_microros/install/asrs_gripper/share/asrs_gripper/environment/ament_prefix_path.dsv
[0.632s] -- Up-to-date: /home/ros/ws_microros/install/asrs_gripper/share/asrs_gripper/environment/path.sh
[0.632s] -- Up-to-date: /home/ros/ws_microros/install/asrs_gripper/share/asrs_gripper/environment/path.dsv
[0.632s] -- Up-to-date: /home/ros/ws_microros/install/asrs_gripper/share/asrs_gripper/local_setup.bash
[0.632s] -- Up-to-date: /home/ros/ws_microros/install/asrs_gripper/share/asrs_gripper/local_setup.sh
[0.632s] -- Up-to-date: /home/ros/ws_microros/install/asrs_gripper/share/asrs_gripper/local_setup.zsh
[0.632s] -- Up-to-date: /home/ros/ws_microros/install/asrs_gripper/share/asrs_gripper/local_setup.dsv
[0.632s] -- Up-to-date: /home/ros/ws_microros/install/asrs_gripper/share/asrs_gripper/package.dsv
[0.632s] -- Up-to-date: /home/ros/ws_microros/install/asrs_gripper/share/ament_index/resource_index/packages/asrs_gripper
[0.632s] -- Up-to-date: /home/ros/ws_microros/install/asrs_gripper/share/asrs_gripper/cmake/asrs_gripperConfig.cmake
[0.632s] -- Up-to-date: /home/ros/ws_microros/install/asrs_gripper/share/asrs_gripper/cmake/asrs_gripperConfig-version.cmake
[0.633s] -- Up-to-date: /home/ros/ws_microros/install/asrs_gripper/share/asrs_gripper/package.xml
[0.711s] Invoked command in '/home/ros/ws_microros/build/asrs_gripper' returned '0': CMAKE_PREFIX_PATH=${CMAKE_PREFIX_PATH}:/opt/ros/humble /usr/bin/cmake --install /home/ros/ws_microros/build/asrs_gripper
