[0.021s] Invoking command in '/home/keerthibaalan/ROS2_Workspace/arduinobot_ws/build/arduinobot_firmware': CMAKE_PREFIX_PATH=${CMAKE_PREFIX_PATH}:/home/keerthibaalan/ws_moveit2/install/moveit_configs_utils:/home/keerthibaalan/ws_moveit2/install/launch_param_builder:/home/keerthibaalan/ws_moveit/install/moveit_configs_utils:/opt/ros/humble /usr/bin/cmake /home/keerthibaalan/ROS2_Workspace/arduinobot_ws/src/arduinobot_firmware -DCMAKE_INSTALL_PREFIX=/home/keerthibaalan/ROS2_Workspace/arduinobot_ws/install/arduinobot_firmware
[0.118s] -- The C compiler identification is GNU 11.4.0
[0.190s] -- The CXX compiler identification is GNU 11.4.0
[0.198s] -- Detecting C compiler ABI info
[0.288s] -- Detecting C compiler ABI info - done
[0.293s] -- Check for working C compiler: /usr/bin/cc - skipped
[0.293s] -- Detecting C compile features
[0.293s] -- Detecting C compile features - done
[0.295s] -- Detecting CXX compiler ABI info
[0.387s] -- Detecting CXX compiler ABI info - done
[0.391s] -- Check for working CXX compiler: /usr/bin/c++ - skipped
[0.391s] -- Detecting CXX compile features
[0.391s] -- Detecting CXX compile features - done
[0.405s] -- Found ament_cmake: 1.3.8 (/opt/ros/humble/share/ament_cmake/cmake)
[0.543s] -- Found Python3: /usr/bin/python3 (found version "3.10.12") found components: Interpreter 
[0.757s] -- Found rclcpp: 16.0.8 (/opt/ros/humble/share/rclcpp/cmake)
[0.901s] -- Found rosidl_generator_c: 3.1.5 (/opt/ros/humble/share/rosidl_generator_c/cmake)
[0.924s] -- Found rosidl_adapter: 3.1.5 (/opt/ros/humble/share/rosidl_adapter/cmake)
[0.950s] -- Found rosidl_generator_cpp: 3.1.5 (/opt/ros/humble/share/rosidl_generator_cpp/cmake)
[0.982s] -- Using all available rosidl_typesupport_c: rosidl_typesupport_fastrtps_c;rosidl_typesupport_introspection_c
[1.028s] -- Using all available rosidl_typesupport_cpp: rosidl_typesupport_fastrtps_cpp;rosidl_typesupport_introspection_cpp
[1.184s] -- Found rmw_implementation_cmake: 6.1.1 (/opt/ros/humble/share/rmw_implementation_cmake/cmake)
[1.201s] -- Found rmw_cyclonedds_cpp: 1.3.4 (/opt/ros/humble/share/rmw_cyclonedds_cpp/cmake)
[1.290s] -- Using RMW implementation 'rmw_cyclonedds_cpp' as default
[1.329s] -- Looking for pthread.h
[1.417s] -- Looking for pthread.h - found
[1.417s] -- Performing Test CMAKE_HAVE_LIBC_PTHREAD
[1.505s] -- Performing Test CMAKE_HAVE_LIBC_PTHREAD - Success
[1.506s] -- Found Threads: TRUE  
[1.650s] -- Found rclpy: 3.3.12 (/opt/ros/humble/share/rclpy/cmake)
[1.659s] -- Found PkgConfig: /usr/bin/pkg-config (found version "0.29.2") 
[1.659s] -- Checking for module 'libserial'
[1.685s] --   Found libserial, version 1.0.0
[1.852s] -- Configuring done
[1.862s] -- Generating done
[1.864s] -- Build files have been written to: /home/keerthibaalan/ROS2_Workspace/arduinobot_ws/build/arduinobot_firmware
[1.871s] Invoked command in '/home/keerthibaalan/ROS2_Workspace/arduinobot_ws/build/arduinobot_firmware' returned '0': CMAKE_PREFIX_PATH=${CMAKE_PREFIX_PATH}:/home/keerthibaalan/ws_moveit2/install/moveit_configs_utils:/home/keerthibaalan/ws_moveit2/install/launch_param_builder:/home/keerthibaalan/ws_moveit/install/moveit_configs_utils:/opt/ros/humble /usr/bin/cmake /home/keerthibaalan/ROS2_Workspace/arduinobot_ws/src/arduinobot_firmware -DCMAKE_INSTALL_PREFIX=/home/keerthibaalan/ROS2_Workspace/arduinobot_ws/install/arduinobot_firmware
[1.872s] Invoking command in '/home/keerthibaalan/ROS2_Workspace/arduinobot_ws/build/arduinobot_firmware': CMAKE_PREFIX_PATH=${CMAKE_PREFIX_PATH}:/home/keerthibaalan/ws_moveit2/install/moveit_configs_utils:/home/keerthibaalan/ws_moveit2/install/launch_param_builder:/home/keerthibaalan/ws_moveit/install/moveit_configs_utils:/opt/ros/humble /usr/bin/cmake --build /home/keerthibaalan/ROS2_Workspace/arduinobot_ws/build/arduinobot_firmware -- -j24 -l24
[1.951s] [ 50%] [32mBuilding CXX object CMakeFiles/simple_serial_receiver.dir/src/simple_serial_receiver.cpp.o[0m
[1.951s] [ 50%] [32mBuilding CXX object CMakeFiles/simple_serial_transmitter.dir/src/simple_serial_transmitter.cpp.o[0m
[1.963s] [ 50%] Built target ament_cmake_python_copy_arduinobot_firmware
[2.124s] running egg_info
[2.125s] creating arduinobot_firmware.egg-info
[2.125s] writing arduinobot_firmware.egg-info/PKG-INFO
[2.125s] writing dependency_links to arduinobot_firmware.egg-info/dependency_links.txt
[2.125s] writing top-level names to arduinobot_firmware.egg-info/top_level.txt
[2.125s] writing manifest file 'arduinobot_firmware.egg-info/SOURCES.txt'
[2.127s] reading manifest file 'arduinobot_firmware.egg-info/SOURCES.txt'
[2.127s] writing manifest file 'arduinobot_firmware.egg-info/SOURCES.txt'
[2.153s] [ 50%] Built target ament_cmake_python_build_arduinobot_firmware_egg
[4.584s] [ 75%] [32m[1mLinking CXX executable simple_serial_receiver[0m
[4.728s] [ 75%] Built target simple_serial_receiver
[6.621s] [100%] [32m[1mLinking CXX executable simple_serial_transmitter[0m
[6.832s] [100%] Built target simple_serial_transmitter
[6.847s] Invoked command in '/home/keerthibaalan/ROS2_Workspace/arduinobot_ws/build/arduinobot_firmware' returned '0': CMAKE_PREFIX_PATH=${CMAKE_PREFIX_PATH}:/home/keerthibaalan/ws_moveit2/install/moveit_configs_utils:/home/keerthibaalan/ws_moveit2/install/launch_param_builder:/home/keerthibaalan/ws_moveit/install/moveit_configs_utils:/opt/ros/humble /usr/bin/cmake --build /home/keerthibaalan/ROS2_Workspace/arduinobot_ws/build/arduinobot_firmware -- -j24 -l24
[6.922s] Invoking command in '/home/keerthibaalan/ROS2_Workspace/arduinobot_ws/build/arduinobot_firmware': CMAKE_PREFIX_PATH=${CMAKE_PREFIX_PATH}:/home/keerthibaalan/ws_moveit2/install/moveit_configs_utils:/home/keerthibaalan/ws_moveit2/install/launch_param_builder:/home/keerthibaalan/ws_moveit/install/moveit_configs_utils:/opt/ros/humble /usr/bin/cmake --install /home/keerthibaalan/ROS2_Workspace/arduinobot_ws/build/arduinobot_firmware
[6.935s] -- Install configuration: ""
[6.935s] -- Installing: /home/keerthibaalan/ROS2_Workspace/arduinobot_ws/install/arduinobot_firmware/share/arduinobot_firmware/environment/pythonpath.sh
[6.935s] -- Installing: /home/keerthibaalan/ROS2_Workspace/arduinobot_ws/install/arduinobot_firmware/share/arduinobot_firmware/environment/pythonpath.dsv
[6.935s] -- Installing: /home/keerthibaalan/ROS2_Workspace/arduinobot_ws/install/arduinobot_firmware/local/lib/python3.10/dist-packages/arduinobot_firmware-0.0.0-py3.10.egg-info
[6.935s] -- Installing: /home/keerthibaalan/ROS2_Workspace/arduinobot_ws/install/arduinobot_firmware/local/lib/python3.10/dist-packages/arduinobot_firmware-0.0.0-py3.10.egg-info/SOURCES.txt
[6.935s] -- Installing: /home/keerthibaalan/ROS2_Workspace/arduinobot_ws/install/arduinobot_firmware/local/lib/python3.10/dist-packages/arduinobot_firmware-0.0.0-py3.10.egg-info/PKG-INFO
[6.935s] -- Installing: /home/keerthibaalan/ROS2_Workspace/arduinobot_ws/install/arduinobot_firmware/local/lib/python3.10/dist-packages/arduinobot_firmware-0.0.0-py3.10.egg-info/top_level.txt
[6.935s] -- Installing: /home/keerthibaalan/ROS2_Workspace/arduinobot_ws/install/arduinobot_firmware/local/lib/python3.10/dist-packages/arduinobot_firmware-0.0.0-py3.10.egg-info/dependency_links.txt
[6.935s] -- Installing: /home/keerthibaalan/ROS2_Workspace/arduinobot_ws/install/arduinobot_firmware/local/lib/python3.10/dist-packages/arduinobot_firmware
[6.935s] -- Installing: /home/keerthibaalan/ROS2_Workspace/arduinobot_ws/install/arduinobot_firmware/local/lib/python3.10/dist-packages/arduinobot_firmware/simple_serial_receiver.py
[6.936s] -- Installing: /home/keerthibaalan/ROS2_Workspace/arduinobot_ws/install/arduinobot_firmware/local/lib/python3.10/dist-packages/arduinobot_firmware/simple_serial_transmitter.py
[6.936s] -- Installing: /home/keerthibaalan/ROS2_Workspace/arduinobot_ws/install/arduinobot_firmware/local/lib/python3.10/dist-packages/arduinobot_firmware/__init__.py
[6.958s] Listing '/home/keerthibaalan/ROS2_Workspace/arduinobot_ws/install/arduinobot_firmware/local/lib/python3.10/dist-packages/arduinobot_firmware'...
[6.958s] Compiling '/home/keerthibaalan/ROS2_Workspace/arduinobot_ws/install/arduinobot_firmware/local/lib/python3.10/dist-packages/arduinobot_firmware/__init__.py'...
[6.958s] Compiling '/home/keerthibaalan/ROS2_Workspace/arduinobot_ws/install/arduinobot_firmware/local/lib/python3.10/dist-packages/arduinobot_firmware/simple_serial_receiver.py'...
[6.958s] Compiling '/home/keerthibaalan/ROS2_Workspace/arduinobot_ws/install/arduinobot_firmware/local/lib/python3.10/dist-packages/arduinobot_firmware/simple_serial_transmitter.py'...
[6.961s] -- Installing: /home/keerthibaalan/ROS2_Workspace/arduinobot_ws/install/arduinobot_firmware/lib/arduinobot_firmware/simple_serial_receiver
[6.962s] -- Set runtime path of "/home/keerthibaalan/ROS2_Workspace/arduinobot_ws/install/arduinobot_firmware/lib/arduinobot_firmware/simple_serial_receiver" to ""
[6.962s] -- Installing: /home/keerthibaalan/ROS2_Workspace/arduinobot_ws/install/arduinobot_firmware/lib/arduinobot_firmware/simple_serial_transmitter
[6.966s] -- Set runtime path of "/home/keerthibaalan/ROS2_Workspace/arduinobot_ws/install/arduinobot_firmware/lib/arduinobot_firmware/simple_serial_transmitter" to ""
[6.966s] -- Installing: /home/keerthibaalan/ROS2_Workspace/arduinobot_ws/install/arduinobot_firmware/lib/arduinobot_firmware/simple_serial_transmitter.py
[6.966s] -- Installing: /home/keerthibaalan/ROS2_Workspace/arduinobot_ws/install/arduinobot_firmware/lib/arduinobot_firmware/simple_serial_receiver.py
[6.966s] -- Installing: /home/keerthibaalan/ROS2_Workspace/arduinobot_ws/install/arduinobot_firmware/share/ament_index/resource_index/package_run_dependencies/arduinobot_firmware
[6.966s] -- Installing: /home/keerthibaalan/ROS2_Workspace/arduinobot_ws/install/arduinobot_firmware/share/ament_index/resource_index/parent_prefix_path/arduinobot_firmware
[6.966s] -- Installing: /home/keerthibaalan/ROS2_Workspace/arduinobot_ws/install/arduinobot_firmware/share/arduinobot_firmware/environment/ament_prefix_path.sh
[6.966s] -- Installing: /home/keerthibaalan/ROS2_Workspace/arduinobot_ws/install/arduinobot_firmware/share/arduinobot_firmware/environment/ament_prefix_path.dsv
[6.966s] -- Installing: /home/keerthibaalan/ROS2_Workspace/arduinobot_ws/install/arduinobot_firmware/share/arduinobot_firmware/environment/path.sh
[6.966s] -- Installing: /home/keerthibaalan/ROS2_Workspace/arduinobot_ws/install/arduinobot_firmware/share/arduinobot_firmware/environment/path.dsv
[6.967s] -- Installing: /home/keerthibaalan/ROS2_Workspace/arduinobot_ws/install/arduinobot_firmware/share/arduinobot_firmware/local_setup.bash
[6.967s] -- Installing: /home/keerthibaalan/ROS2_Workspace/arduinobot_ws/install/arduinobot_firmware/share/arduinobot_firmware/local_setup.sh
[6.967s] -- Installing: /home/keerthibaalan/ROS2_Workspace/arduinobot_ws/install/arduinobot_firmware/share/arduinobot_firmware/local_setup.zsh
[6.967s] -- Installing: /home/keerthibaalan/ROS2_Workspace/arduinobot_ws/install/arduinobot_firmware/share/arduinobot_firmware/local_setup.dsv
[6.967s] -- Installing: /home/keerthibaalan/ROS2_Workspace/arduinobot_ws/install/arduinobot_firmware/share/arduinobot_firmware/package.dsv
[6.967s] -- Installing: /home/keerthibaalan/ROS2_Workspace/arduinobot_ws/install/arduinobot_firmware/share/ament_index/resource_index/packages/arduinobot_firmware
[6.967s] -- Installing: /home/keerthibaalan/ROS2_Workspace/arduinobot_ws/install/arduinobot_firmware/share/arduinobot_firmware/cmake/arduinobot_firmwareConfig.cmake
[6.967s] -- Installing: /home/keerthibaalan/ROS2_Workspace/arduinobot_ws/install/arduinobot_firmware/share/arduinobot_firmware/cmake/arduinobot_firmwareConfig-version.cmake
[6.967s] -- Installing: /home/keerthibaalan/ROS2_Workspace/arduinobot_ws/install/arduinobot_firmware/share/arduinobot_firmware/package.xml
[6.969s] Invoked command in '/home/keerthibaalan/ROS2_Workspace/arduinobot_ws/build/arduinobot_firmware' returned '0': CMAKE_PREFIX_PATH=${CMAKE_PREFIX_PATH}:/home/keerthibaalan/ws_moveit2/install/moveit_configs_utils:/home/keerthibaalan/ws_moveit2/install/launch_param_builder:/home/keerthibaalan/ws_moveit/install/moveit_configs_utils:/opt/ros/humble /usr/bin/cmake --install /home/keerthibaalan/ROS2_Workspace/arduinobot_ws/build/arduinobot_firmware
