[0.108s] Invoking command in '/home/ros/ws_microros/build/asrs_controller': CMAKE_PREFIX_PATH=${CMAKE_PREFIX_PATH}:/opt/ros/humble /usr/bin/cmake --build /home/ros/ws_microros/build/asrs_controller -- -j16 -l16
[0.129s] -- Found ament_cmake: 1.3.6 (/opt/ros/humble/share/ament_cmake/cmake)
[0.228s] -- Found ament_lint_auto: 0.12.9 (/opt/ros/humble/share/ament_lint_auto/cmake)
[0.276s] -- Added test 'flake8' to check Python code syntax and style conventions
[0.278s] -- Added test 'lint_cmake' to check CMake code style
[0.278s] -- Added test 'pep257' to check Python code against some of the docstring style conventions in PEP 257
[0.280s] -- Added test 'xmllint' to check XML markup files
[0.281s] -- Configuring done
[0.287s] -- Generating done
[0.287s] -- Build files have been written to: /home/ros/ws_microros/build/asrs_controller
[0.328s] Invoked command in '/home/ros/ws_microros/build/asrs_controller' returned '0': CMAKE_PREFIX_PATH=${CMAKE_PREFIX_PATH}:/opt/ros/humble /usr/bin/cmake --build /home/ros/ws_microros/build/asrs_controller -- -j16 -l16
[0.356s] Invoking command in '/home/ros/ws_microros/build/asrs_controller': CMAKE_PREFIX_PATH=${CMAKE_PREFIX_PATH}:/opt/ros/humble /usr/bin/cmake --install /home/ros/ws_microros/build/asrs_controller
[0.360s] -- Install configuration: ""
[0.360s] -- Installing: /home/ros/ws_microros/install/asrs_controller/share/asrs_controller/config
[0.360s] -- Installing: /home/ros/ws_microros/install/asrs_controller/share/asrs_controller/config/asrs_controller.yaml
[0.360s] -- Installing: /home/ros/ws_microros/install/asrs_controller/share/asrs_controller/launch
[0.360s] -- Installing: /home/ros/ws_microros/install/asrs_controller/share/asrs_controller/launch/controller.launch.py
[0.360s] -- Installing: /home/ros/ws_microros/install/asrs_controller/share/ament_index/resource_index/package_run_dependencies/asrs_controller
[0.360s] -- Installing: /home/ros/ws_microros/install/asrs_controller/share/ament_index/resource_index/parent_prefix_path/asrs_controller
[0.360s] -- Up-to-date: /home/ros/ws_microros/install/asrs_controller/share/asrs_controller/environment/ament_prefix_path.sh
[0.360s] -- Installing: /home/ros/ws_microros/install/asrs_controller/share/asrs_controller/environment/ament_prefix_path.dsv
[0.360s] -- Up-to-date: /home/ros/ws_microros/install/asrs_controller/share/asrs_controller/environment/path.sh
[0.360s] -- Installing: /home/ros/ws_microros/install/asrs_controller/share/asrs_controller/environment/path.dsv
[0.361s] -- Up-to-date: /home/ros/ws_microros/install/asrs_controller/share/asrs_controller/local_setup.bash
[0.361s] -- Up-to-date: /home/ros/ws_microros/install/asrs_controller/share/asrs_controller/local_setup.sh
[0.361s] -- Up-to-date: /home/ros/ws_microros/install/asrs_controller/share/asrs_controller/local_setup.zsh
[0.361s] -- Installing: /home/ros/ws_microros/install/asrs_controller/share/asrs_controller/local_setup.dsv
[0.361s] -- Installing: /home/ros/ws_microros/install/asrs_controller/share/asrs_controller/package.dsv
[0.361s] -- Up-to-date: /home/ros/ws_microros/install/asrs_controller/share/ament_index/resource_index/packages/asrs_controller
[0.361s] -- Up-to-date: /home/ros/ws_microros/install/asrs_controller/share/asrs_controller/cmake/asrs_controllerConfig.cmake
[0.361s] -- Up-to-date: /home/ros/ws_microros/install/asrs_controller/share/asrs_controller/cmake/asrs_controllerConfig-version.cmake
[0.361s] -- Installing: /home/ros/ws_microros/install/asrs_controller/share/asrs_controller/package.xml
[0.362s] Invoked command in '/home/ros/ws_microros/build/asrs_controller' returned '0': CMAKE_PREFIX_PATH=${CMAKE_PREFIX_PATH}:/opt/ros/humble /usr/bin/cmake --install /home/ros/ws_microros/build/asrs_controller
