[0.387s] DEBUG:colcon:Command line arguments: ['/usr/bin/colcon', 'build']
[0.388s] DEBUG:colcon:Parsed command line arguments: Namespace(log_base=None, log_level=None, verb_name='build', build_base='build', install_base='install', merge_install=False, symlink_install=False, test_result_base=None, continue_on_error=False, executor='parallel', parallel_workers=16, event_handlers=None, ignore_user_meta=False, metas=['./colcon.meta'], base_paths=['.'], packages_ignore=None, packages_ignore_regex=None, paths=None, packages_up_to=None, packages_up_to_regex=None, packages_above=None, packages_above_and_dependencies=None, packages_above_depth=None, packages_select_by_dep=None, packages_skip_by_dep=None, packages_skip_up_to=None, packages_select_build_failed=False, packages_skip_build_finished=False, packages_select_test_failures=False, packages_skip_test_passed=False, packages_select=None, packages_skip=None, packages_select_regex=None, packages_skip_regex=None, packages_start=None, packages_end=None, allow_overriding=[], cmake_args=None, cmake_target=None, cmake_target_skip_unavailable=False, cmake_clean_cache=False, cmake_clean_first=False, cmake_force_configure=False, ament_cmake_args=None, catkin_cmake_args=None, catkin_skip_building_tests=False, verb_parser=<colcon_defaults.argument_parser.defaults.DefaultArgumentsDecorator object at 0x7fd6098e7970>, verb_extension=<colcon_core.verb.build.BuildVerb object at 0x7fd609dc7ac0>, main=<bound method BuildVerb.main of <colcon_core.verb.build.BuildVerb object at 0x7fd609dc7ac0>>)
[0.408s] Level 1:colcon.colcon_core.package_discovery:discover_packages(colcon_meta) check parameters
[0.408s] Level 1:colcon.colcon_core.package_discovery:discover_packages(recursive) check parameters
[0.408s] Level 1:colcon.colcon_core.package_discovery:discover_packages(ignore) check parameters
[0.408s] Level 1:colcon.colcon_core.package_discovery:discover_packages(path) check parameters
[0.408s] Level 1:colcon.colcon_core.package_discovery:discover_packages(colcon_meta) discover
[0.408s] Level 1:colcon.colcon_core.package_discovery:discover_packages(recursive) discover
[0.408s] INFO:colcon.colcon_core.package_discovery:Crawling recursively for packages in '/home/ros/ws_microros'
[0.408s] Level 1:colcon.colcon_core.package_identification:_identify(.) by extensions ['ignore', 'ignore_ament_install']
[0.408s] Level 1:colcon.colcon_core.package_identification:_identify(.) by extension 'ignore'
[0.408s] Level 1:colcon.colcon_core.package_identification:_identify(.) by extension 'ignore_ament_install'
[0.408s] Level 1:colcon.colcon_core.package_identification:_identify(.) by extensions ['colcon_pkg']
[0.408s] Level 1:colcon.colcon_core.package_identification:_identify(.) by extension 'colcon_pkg'
[0.408s] Level 1:colcon.colcon_core.package_identification:_identify(.) by extensions ['colcon_meta']
[0.408s] Level 1:colcon.colcon_core.package_identification:_identify(.) by extension 'colcon_meta'
[0.408s] Level 1:colcon.colcon_core.package_identification:_identify(.) by extensions ['ros']
[0.408s] Level 1:colcon.colcon_core.package_identification:_identify(.) by extension 'ros'
[0.414s] Level 1:colcon.colcon_core.package_identification:_identify(.) by extensions ['cmake', 'python']
[0.414s] Level 1:colcon.colcon_core.package_identification:_identify(.) by extension 'cmake'
[0.414s] Level 1:colcon.colcon_core.package_identification:_identify(.) by extension 'python'
[0.414s] Level 1:colcon.colcon_core.package_identification:_identify(.) by extensions ['python_setup_py']
[0.414s] Level 1:colcon.colcon_core.package_identification:_identify(.) by extension 'python_setup_py'
[0.414s] Level 1:colcon.colcon_core.package_identification:_identify(build) by extensions ['ignore', 'ignore_ament_install']
[0.414s] Level 1:colcon.colcon_core.package_identification:_identify(build) by extension 'ignore'
[0.414s] Level 1:colcon.colcon_core.package_identification:_identify(build) ignored
[0.414s] Level 1:colcon.colcon_core.package_identification:_identify(install) by extensions ['ignore', 'ignore_ament_install']
[0.414s] Level 1:colcon.colcon_core.package_identification:_identify(install) by extension 'ignore'
[0.414s] Level 1:colcon.colcon_core.package_identification:_identify(install) ignored
[0.414s] Level 1:colcon.colcon_core.package_identification:_identify(log) by extensions ['ignore', 'ignore_ament_install']
[0.414s] Level 1:colcon.colcon_core.package_identification:_identify(log) by extension 'ignore'
[0.414s] Level 1:colcon.colcon_core.package_identification:_identify(log) ignored
[0.414s] Level 1:colcon.colcon_core.package_identification:_identify(src) by extensions ['ignore', 'ignore_ament_install']
[0.414s] Level 1:colcon.colcon_core.package_identification:_identify(src) by extension 'ignore'
[0.414s] Level 1:colcon.colcon_core.package_identification:_identify(src) by extension 'ignore_ament_install'
[0.414s] Level 1:colcon.colcon_core.package_identification:_identify(src) by extensions ['colcon_pkg']
[0.414s] Level 1:colcon.colcon_core.package_identification:_identify(src) by extension 'colcon_pkg'
[0.414s] Level 1:colcon.colcon_core.package_identification:_identify(src) by extensions ['colcon_meta']
[0.414s] Level 1:colcon.colcon_core.package_identification:_identify(src) by extension 'colcon_meta'
[0.414s] Level 1:colcon.colcon_core.package_identification:_identify(src) by extensions ['ros']
[0.414s] Level 1:colcon.colcon_core.package_identification:_identify(src) by extension 'ros'
[0.414s] Level 1:colcon.colcon_core.package_identification:_identify(src) by extensions ['cmake', 'python']
[0.414s] Level 1:colcon.colcon_core.package_identification:_identify(src) by extension 'cmake'
[0.414s] Level 1:colcon.colcon_core.package_identification:_identify(src) by extension 'python'
[0.414s] Level 1:colcon.colcon_core.package_identification:_identify(src) by extensions ['python_setup_py']
[0.414s] Level 1:colcon.colcon_core.package_identification:_identify(src) by extension 'python_setup_py'
[0.414s] Level 1:colcon.colcon_core.package_identification:_identify(src/asrs_arm) by extensions ['ignore', 'ignore_ament_install']
[0.414s] Level 1:colcon.colcon_core.package_identification:_identify(src/asrs_arm) by extension 'ignore'
[0.415s] Level 1:colcon.colcon_core.package_identification:_identify(src/asrs_arm) by extension 'ignore_ament_install'
[0.415s] Level 1:colcon.colcon_core.package_identification:_identify(src/asrs_arm) by extensions ['colcon_pkg']
[0.415s] Level 1:colcon.colcon_core.package_identification:_identify(src/asrs_arm) by extension 'colcon_pkg'
[0.415s] Level 1:colcon.colcon_core.package_identification:_identify(src/asrs_arm) by extensions ['colcon_meta']
[0.415s] Level 1:colcon.colcon_core.package_identification:_identify(src/asrs_arm) by extension 'colcon_meta'
[0.415s] Level 1:colcon.colcon_core.package_identification:_identify(src/asrs_arm) by extensions ['ros']
[0.415s] Level 1:colcon.colcon_core.package_identification:_identify(src/asrs_arm) by extension 'ros'
[0.416s] DEBUG:colcon.colcon_core.package_identification:Package 'src/asrs_arm' with type 'ros.ament_cmake' and name 'asrs_arm'
[0.416s] Level 1:colcon.colcon_core.package_identification:_identify(src/asrs_controller) by extensions ['ignore', 'ignore_ament_install']
[0.416s] Level 1:colcon.colcon_core.package_identification:_identify(src/asrs_controller) by extension 'ignore'
[0.416s] Level 1:colcon.colcon_core.package_identification:_identify(src/asrs_controller) by extension 'ignore_ament_install'
[0.416s] Level 1:colcon.colcon_core.package_identification:_identify(src/asrs_controller) by extensions ['colcon_pkg']
[0.416s] Level 1:colcon.colcon_core.package_identification:_identify(src/asrs_controller) by extension 'colcon_pkg'
[0.416s] Level 1:colcon.colcon_core.package_identification:_identify(src/asrs_controller) by extensions ['colcon_meta']
[0.416s] Level 1:colcon.colcon_core.package_identification:_identify(src/asrs_controller) by extension 'colcon_meta'
[0.416s] Level 1:colcon.colcon_core.package_identification:_identify(src/asrs_controller) by extensions ['ros']
[0.416s] Level 1:colcon.colcon_core.package_identification:_identify(src/asrs_controller) by extension 'ros'
[0.416s] DEBUG:colcon.colcon_core.package_identification:Package 'src/asrs_controller' with type 'ros.ament_cmake' and name 'asrs_controller'
[0.416s] Level 1:colcon.colcon_core.package_identification:_identify(src/asrs_description) by extensions ['ignore', 'ignore_ament_install']
[0.416s] Level 1:colcon.colcon_core.package_identification:_identify(src/asrs_description) by extension 'ignore'
[0.416s] Level 1:colcon.colcon_core.package_identification:_identify(src/asrs_description) by extension 'ignore_ament_install'
[0.416s] Level 1:colcon.colcon_core.package_identification:_identify(src/asrs_description) by extensions ['colcon_pkg']
[0.416s] Level 1:colcon.colcon_core.package_identification:_identify(src/asrs_description) by extension 'colcon_pkg'
[0.416s] Level 1:colcon.colcon_core.package_identification:_identify(src/asrs_description) by extensions ['colcon_meta']
[0.416s] Level 1:colcon.colcon_core.package_identification:_identify(src/asrs_description) by extension 'colcon_meta'
[0.417s] Level 1:colcon.colcon_core.package_identification:_identify(src/asrs_description) by extensions ['ros']
[0.417s] Level 1:colcon.colcon_core.package_identification:_identify(src/asrs_description) by extension 'ros'
[0.417s] DEBUG:colcon.colcon_core.package_identification:Package 'src/asrs_description' with type 'ros.ament_cmake' and name 'asrs_description'
[0.417s] Level 1:colcon.colcon_core.package_identification:_identify(src/asrs_gripper) by extensions ['ignore', 'ignore_ament_install']
[0.417s] Level 1:colcon.colcon_core.package_identification:_identify(src/asrs_gripper) by extension 'ignore'
[0.417s] Level 1:colcon.colcon_core.package_identification:_identify(src/asrs_gripper) by extension 'ignore_ament_install'
[0.417s] Level 1:colcon.colcon_core.package_identification:_identify(src/asrs_gripper) by extensions ['colcon_pkg']
[0.417s] Level 1:colcon.colcon_core.package_identification:_identify(src/asrs_gripper) by extension 'colcon_pkg'
[0.417s] Level 1:colcon.colcon_core.package_identification:_identify(src/asrs_gripper) by extensions ['colcon_meta']
[0.417s] Level 1:colcon.colcon_core.package_identification:_identify(src/asrs_gripper) by extension 'colcon_meta'
[0.417s] Level 1:colcon.colcon_core.package_identification:_identify(src/asrs_gripper) by extensions ['ros']
[0.417s] Level 1:colcon.colcon_core.package_identification:_identify(src/asrs_gripper) by extension 'ros'
[0.417s] DEBUG:colcon.colcon_core.package_identification:Package 'src/asrs_gripper' with type 'ros.ament_cmake' and name 'asrs_gripper'
[0.417s] Level 1:colcon.colcon_core.package_identification:_identify(src/asrs_moveit_config) by extensions ['ignore', 'ignore_ament_install']
[0.417s] Level 1:colcon.colcon_core.package_identification:_identify(src/asrs_moveit_config) by extension 'ignore'
[0.417s] Level 1:colcon.colcon_core.package_identification:_identify(src/asrs_moveit_config) by extension 'ignore_ament_install'
[0.417s] Level 1:colcon.colcon_core.package_identification:_identify(src/asrs_moveit_config) by extensions ['colcon_pkg']
[0.417s] Level 1:colcon.colcon_core.package_identification:_identify(src/asrs_moveit_config) by extension 'colcon_pkg'
[0.417s] Level 1:colcon.colcon_core.package_identification:_identify(src/asrs_moveit_config) by extensions ['colcon_meta']
[0.417s] Level 1:colcon.colcon_core.package_identification:_identify(src/asrs_moveit_config) by extension 'colcon_meta'
[0.417s] Level 1:colcon.colcon_core.package_identification:_identify(src/asrs_moveit_config) by extensions ['ros']
[0.417s] Level 1:colcon.colcon_core.package_identification:_identify(src/asrs_moveit_config) by extension 'ros'
[0.417s] DEBUG:colcon.colcon_core.package_identification:Package 'src/asrs_moveit_config' with type 'ros.ament_cmake' and name 'asrs_moveit_config'
[0.417s] Level 1:colcon.colcon_core.package_discovery:discover_packages(recursive) using defaults
[0.417s] Level 1:colcon.colcon_core.package_discovery:discover_packages(ignore) discover
[0.418s] Level 1:colcon.colcon_core.package_discovery:discover_packages(ignore) using defaults
[0.418s] Level 1:colcon.colcon_core.package_discovery:discover_packages(path) discover
[0.418s] Level 1:colcon.colcon_core.package_discovery:discover_packages(path) using defaults
[0.452s] Level 1:colcon.colcon_core.package_discovery:discover_packages(prefix_path) check parameters
[0.452s] Level 1:colcon.colcon_core.package_discovery:discover_packages(prefix_path) discover
[0.463s] DEBUG:colcon.colcon_installed_package_information.package_discovery:Found 354 installed packages in /opt/ros/humble
[0.464s] Level 1:colcon.colcon_core.package_discovery:discover_packages(prefix_path) using defaults
[0.503s] Level 5:colcon.colcon_core.verb:set package 'asrs_arm' build argument 'cmake_args' from command line to 'None'
[0.503s] Level 5:colcon.colcon_core.verb:set package 'asrs_arm' build argument 'cmake_target' from command line to 'None'
[0.503s] Level 5:colcon.colcon_core.verb:set package 'asrs_arm' build argument 'cmake_target_skip_unavailable' from command line to 'False'
[0.503s] Level 5:colcon.colcon_core.verb:set package 'asrs_arm' build argument 'cmake_clean_cache' from command line to 'False'
[0.503s] Level 5:colcon.colcon_core.verb:set package 'asrs_arm' build argument 'cmake_clean_first' from command line to 'False'
[0.503s] Level 5:colcon.colcon_core.verb:set package 'asrs_arm' build argument 'cmake_force_configure' from command line to 'False'
[0.503s] Level 5:colcon.colcon_core.verb:set package 'asrs_arm' build argument 'ament_cmake_args' from command line to 'None'
[0.503s] Level 5:colcon.colcon_core.verb:set package 'asrs_arm' build argument 'catkin_cmake_args' from command line to 'None'
[0.503s] Level 5:colcon.colcon_core.verb:set package 'asrs_arm' build argument 'catkin_skip_building_tests' from command line to 'False'
[0.503s] DEBUG:colcon.colcon_core.verb:Building package 'asrs_arm' with the following arguments: {'ament_cmake_args': None, 'build_base': '/home/ros/ws_microros/build/asrs_arm', 'catkin_cmake_args': None, 'catkin_skip_building_tests': False, 'cmake_args': None, 'cmake_clean_cache': False, 'cmake_clean_first': False, 'cmake_force_configure': False, 'cmake_target': None, 'cmake_target_skip_unavailable': False, 'install_base': '/home/ros/ws_microros/install/asrs_arm', 'merge_install': False, 'path': '/home/ros/ws_microros/src/asrs_arm', 'symlink_install': False, 'test_result_base': None}
[0.509s] Level 5:colcon.colcon_core.verb:set package 'asrs_controller' build argument 'cmake_args' from command line to 'None'
[0.509s] Level 5:colcon.colcon_core.verb:set package 'asrs_controller' build argument 'cmake_target' from command line to 'None'
[0.509s] Level 5:colcon.colcon_core.verb:set package 'asrs_controller' build argument 'cmake_target_skip_unavailable' from command line to 'False'
[0.509s] Level 5:colcon.colcon_core.verb:set package 'asrs_controller' build argument 'cmake_clean_cache' from command line to 'False'
[0.509s] Level 5:colcon.colcon_core.verb:set package 'asrs_controller' build argument 'cmake_clean_first' from command line to 'False'
[0.509s] Level 5:colcon.colcon_core.verb:set package 'asrs_controller' build argument 'cmake_force_configure' from command line to 'False'
[0.509s] Level 5:colcon.colcon_core.verb:set package 'asrs_controller' build argument 'ament_cmake_args' from command line to 'None'
[0.509s] Level 5:colcon.colcon_core.verb:set package 'asrs_controller' build argument 'catkin_cmake_args' from command line to 'None'
[0.509s] Level 5:colcon.colcon_core.verb:set package 'asrs_controller' build argument 'catkin_skip_building_tests' from command line to 'False'
[0.509s] DEBUG:colcon.colcon_core.verb:Building package 'asrs_controller' with the following arguments: {'ament_cmake_args': None, 'build_base': '/home/ros/ws_microros/build/asrs_controller', 'catkin_cmake_args': None, 'catkin_skip_building_tests': False, 'cmake_args': None, 'cmake_clean_cache': False, 'cmake_clean_first': False, 'cmake_force_configure': False, 'cmake_target': None, 'cmake_target_skip_unavailable': False, 'install_base': '/home/ros/ws_microros/install/asrs_controller', 'merge_install': False, 'path': '/home/ros/ws_microros/src/asrs_controller', 'symlink_install': False, 'test_result_base': None}
[0.514s] Level 5:colcon.colcon_core.verb:set package 'asrs_description' build argument 'cmake_args' from command line to 'None'
[0.514s] Level 5:colcon.colcon_core.verb:set package 'asrs_description' build argument 'cmake_target' from command line to 'None'
[0.514s] Level 5:colcon.colcon_core.verb:set package 'asrs_description' build argument 'cmake_target_skip_unavailable' from command line to 'False'
[0.514s] Level 5:colcon.colcon_core.verb:set package 'asrs_description' build argument 'cmake_clean_cache' from command line to 'False'
[0.514s] Level 5:colcon.colcon_core.verb:set package 'asrs_description' build argument 'cmake_clean_first' from command line to 'False'
[0.514s] Level 5:colcon.colcon_core.verb:set package 'asrs_description' build argument 'cmake_force_configure' from command line to 'False'
[0.514s] Level 5:colcon.colcon_core.verb:set package 'asrs_description' build argument 'ament_cmake_args' from command line to 'None'
[0.514s] Level 5:colcon.colcon_core.verb:set package 'asrs_description' build argument 'catkin_cmake_args' from command line to 'None'
[0.514s] Level 5:colcon.colcon_core.verb:set package 'asrs_description' build argument 'catkin_skip_building_tests' from command line to 'False'
[0.514s] DEBUG:colcon.colcon_core.verb:Building package 'asrs_description' with the following arguments: {'ament_cmake_args': None, 'build_base': '/home/ros/ws_microros/build/asrs_description', 'catkin_cmake_args': None, 'catkin_skip_building_tests': False, 'cmake_args': None, 'cmake_clean_cache': False, 'cmake_clean_first': False, 'cmake_force_configure': False, 'cmake_target': None, 'cmake_target_skip_unavailable': False, 'install_base': '/home/ros/ws_microros/install/asrs_description', 'merge_install': False, 'path': '/home/ros/ws_microros/src/asrs_description', 'symlink_install': False, 'test_result_base': None}
[0.519s] Level 5:colcon.colcon_core.verb:set package 'asrs_gripper' build argument 'cmake_args' from command line to 'None'
[0.519s] Level 5:colcon.colcon_core.verb:set package 'asrs_gripper' build argument 'cmake_target' from command line to 'None'
[0.519s] Level 5:colcon.colcon_core.verb:set package 'asrs_gripper' build argument 'cmake_target_skip_unavailable' from command line to 'False'
[0.519s] Level 5:colcon.colcon_core.verb:set package 'asrs_gripper' build argument 'cmake_clean_cache' from command line to 'False'
[0.519s] Level 5:colcon.colcon_core.verb:set package 'asrs_gripper' build argument 'cmake_clean_first' from command line to 'False'
[0.519s] Level 5:colcon.colcon_core.verb:set package 'asrs_gripper' build argument 'cmake_force_configure' from command line to 'False'
[0.519s] Level 5:colcon.colcon_core.verb:set package 'asrs_gripper' build argument 'ament_cmake_args' from command line to 'None'
[0.519s] Level 5:colcon.colcon_core.verb:set package 'asrs_gripper' build argument 'catkin_cmake_args' from command line to 'None'
[0.519s] Level 5:colcon.colcon_core.verb:set package 'asrs_gripper' build argument 'catkin_skip_building_tests' from command line to 'False'
[0.519s] DEBUG:colcon.colcon_core.verb:Building package 'asrs_gripper' with the following arguments: {'ament_cmake_args': None, 'build_base': '/home/ros/ws_microros/build/asrs_gripper', 'catkin_cmake_args': None, 'catkin_skip_building_tests': False, 'cmake_args': None, 'cmake_clean_cache': False, 'cmake_clean_first': False, 'cmake_force_configure': False, 'cmake_target': None, 'cmake_target_skip_unavailable': False, 'install_base': '/home/ros/ws_microros/install/asrs_gripper', 'merge_install': False, 'path': '/home/ros/ws_microros/src/asrs_gripper', 'symlink_install': False, 'test_result_base': None}
[0.524s] Level 5:colcon.colcon_core.verb:set package 'asrs_moveit_config' build argument 'cmake_args' from command line to 'None'
[0.524s] Level 5:colcon.colcon_core.verb:set package 'asrs_moveit_config' build argument 'cmake_target' from command line to 'None'
[0.524s] Level 5:colcon.colcon_core.verb:set package 'asrs_moveit_config' build argument 'cmake_target_skip_unavailable' from command line to 'False'
[0.524s] Level 5:colcon.colcon_core.verb:set package 'asrs_moveit_config' build argument 'cmake_clean_cache' from command line to 'False'
[0.524s] Level 5:colcon.colcon_core.verb:set package 'asrs_moveit_config' build argument 'cmake_clean_first' from command line to 'False'
[0.524s] Level 5:colcon.colcon_core.verb:set package 'asrs_moveit_config' build argument 'cmake_force_configure' from command line to 'False'
[0.524s] Level 5:colcon.colcon_core.verb:set package 'asrs_moveit_config' build argument 'ament_cmake_args' from command line to 'None'
[0.524s] Level 5:colcon.colcon_core.verb:set package 'asrs_moveit_config' build argument 'catkin_cmake_args' from command line to 'None'
[0.524s] Level 5:colcon.colcon_core.verb:set package 'asrs_moveit_config' build argument 'catkin_skip_building_tests' from command line to 'False'
[0.524s] DEBUG:colcon.colcon_core.verb:Building package 'asrs_moveit_config' with the following arguments: {'ament_cmake_args': None, 'build_base': '/home/ros/ws_microros/build/asrs_moveit_config', 'catkin_cmake_args': None, 'catkin_skip_building_tests': False, 'cmake_args': None, 'cmake_clean_cache': False, 'cmake_clean_first': False, 'cmake_force_configure': False, 'cmake_target': None, 'cmake_target_skip_unavailable': False, 'install_base': '/home/ros/ws_microros/install/asrs_moveit_config', 'merge_install': False, 'path': '/home/ros/ws_microros/src/asrs_moveit_config', 'symlink_install': False, 'test_result_base': None}
[0.529s] INFO:colcon.colcon_core.executor:Executing jobs using 'parallel' executor
[0.535s] DEBUG:colcon.colcon_parallel_executor.executor.parallel:run_until_complete
[0.535s] INFO:colcon.colcon_ros.task.ament_cmake.build:Building ROS package in '/home/ros/ws_microros/src/asrs_arm' with build type 'ament_cmake'
[0.535s] INFO:colcon.colcon_cmake.task.cmake.build:Building CMake package in '/home/ros/ws_microros/src/asrs_arm'
[0.541s] INFO:colcon.colcon_core.plugin_system:Skipping extension 'colcon_core.shell.bat': Not used on non-Windows systems
[0.542s] INFO:colcon.colcon_core.shell:Skip shell extension 'powershell' for command environment: Not usable outside of PowerShell
[0.542s] DEBUG:colcon.colcon_core.shell:Skip shell extension 'dsv' for command environment
[0.554s] INFO:colcon.colcon_ros.task.ament_cmake.build:Building ROS package in '/home/ros/ws_microros/src/asrs_controller' with build type 'ament_cmake'
[0.554s] INFO:colcon.colcon_cmake.task.cmake.build:Building CMake package in '/home/ros/ws_microros/src/asrs_controller'
[0.559s] INFO:colcon.colcon_core.shell:Skip shell extension 'powershell' for command environment: Not usable outside of PowerShell
[0.559s] DEBUG:colcon.colcon_core.shell:Skip shell extension 'dsv' for command environment
[0.572s] INFO:colcon.colcon_ros.task.ament_cmake.build:Building ROS package in '/home/ros/ws_microros/src/asrs_description' with build type 'ament_cmake'
[0.572s] INFO:colcon.colcon_cmake.task.cmake.build:Building CMake package in '/home/ros/ws_microros/src/asrs_description'
[0.578s] INFO:colcon.colcon_core.shell:Skip shell extension 'powershell' for command environment: Not usable outside of PowerShell
[0.578s] DEBUG:colcon.colcon_core.shell:Skip shell extension 'dsv' for command environment
[0.596s] INFO:colcon.colcon_ros.task.ament_cmake.build:Building ROS package in '/home/ros/ws_microros/src/asrs_gripper' with build type 'ament_cmake'
[0.596s] INFO:colcon.colcon_cmake.task.cmake.build:Building CMake package in '/home/ros/ws_microros/src/asrs_gripper'
[0.602s] INFO:colcon.colcon_core.shell:Skip shell extension 'powershell' for command environment: Not usable outside of PowerShell
[0.603s] DEBUG:colcon.colcon_core.shell:Skip shell extension 'dsv' for command environment
[0.615s] INFO:colcon.colcon_ros.task.ament_cmake.build:Building ROS package in '/home/ros/ws_microros/src/asrs_moveit_config' with build type 'ament_cmake'
[0.615s] INFO:colcon.colcon_cmake.task.cmake.build:Building CMake package in '/home/ros/ws_microros/src/asrs_moveit_config'
[0.622s] INFO:colcon.colcon_core.shell:Skip shell extension 'powershell' for command environment: Not usable outside of PowerShell
[0.622s] DEBUG:colcon.colcon_core.shell:Skip shell extension 'dsv' for command environment
[0.638s] DEBUG:colcon.colcon_core.event_handler.log_command:Invoking command in '/home/ros/ws_microros/build/asrs_arm': CMAKE_PREFIX_PATH=/opt/ros/humble /usr/bin/cmake --build /home/ros/ws_microros/build/asrs_arm -- -j16 -l16
[0.639s] DEBUG:colcon.colcon_core.event_handler.log_command:Invoking command in '/home/ros/ws_microros/build/asrs_controller': CMAKE_PREFIX_PATH=/opt/ros/humble /usr/bin/cmake --build /home/ros/ws_microros/build/asrs_controller -- -j16 -l16
[0.641s] DEBUG:colcon.colcon_core.event_handler.log_command:Invoking command in '/home/ros/ws_microros/build/asrs_description': CMAKE_PREFIX_PATH=/opt/ros/humble /usr/bin/cmake --build /home/ros/ws_microros/build/asrs_description -- -j16 -l16
[0.644s] DEBUG:colcon.colcon_core.event_handler.log_command:Invoking command in '/home/ros/ws_microros/build/asrs_gripper': CMAKE_PREFIX_PATH=/opt/ros/humble /usr/bin/cmake --build /home/ros/ws_microros/build/asrs_gripper -- -j16 -l16
[0.648s] DEBUG:colcon.colcon_core.event_handler.log_command:Invoking command in '/home/ros/ws_microros/build/asrs_moveit_config': CMAKE_PREFIX_PATH=/opt/ros/humble /usr/bin/cmake --build /home/ros/ws_microros/build/asrs_moveit_config -- -j16 -l16
[0.657s] DEBUG:colcon.colcon_core.event_handler.log_command:Invoked command in '/home/ros/ws_microros/build/asrs_arm' returned '0': CMAKE_PREFIX_PATH=/opt/ros/humble /usr/bin/cmake --build /home/ros/ws_microros/build/asrs_arm -- -j16 -l16
[0.661s] DEBUG:colcon.colcon_core.event_handler.log_command:Invoked command in '/home/ros/ws_microros/build/asrs_controller' returned '0': CMAKE_PREFIX_PATH=/opt/ros/humble /usr/bin/cmake --build /home/ros/ws_microros/build/asrs_controller -- -j16 -l16
[0.662s] DEBUG:colcon.colcon_core.event_handler.log_command:Invoked command in '/home/ros/ws_microros/build/asrs_description' returned '0': CMAKE_PREFIX_PATH=/opt/ros/humble /usr/bin/cmake --build /home/ros/ws_microros/build/asrs_description -- -j16 -l16
[0.663s] DEBUG:colcon.colcon_core.event_handler.log_command:Invoked command in '/home/ros/ws_microros/build/asrs_gripper' returned '0': CMAKE_PREFIX_PATH=/opt/ros/humble /usr/bin/cmake --build /home/ros/ws_microros/build/asrs_gripper -- -j16 -l16
[0.665s] DEBUG:colcon.colcon_core.event_handler.log_command:Invoked command in '/home/ros/ws_microros/build/asrs_moveit_config' returned '0': CMAKE_PREFIX_PATH=/opt/ros/humble /usr/bin/cmake --build /home/ros/ws_microros/build/asrs_moveit_config -- -j16 -l16
[0.674s] DEBUG:colcon.colcon_core.event_handler.log_command:Invoking command in '/home/ros/ws_microros/build/asrs_arm': CMAKE_PREFIX_PATH=/opt/ros/humble /usr/bin/cmake --install /home/ros/ws_microros/build/asrs_arm
[0.675s] DEBUG:colcon.colcon_core.event_handler.log_command:Invoking command in '/home/ros/ws_microros/build/asrs_controller': CMAKE_PREFIX_PATH=/opt/ros/humble /usr/bin/cmake --install /home/ros/ws_microros/build/asrs_controller
[0.677s] DEBUG:colcon.colcon_core.event_handler.log_command:Invoking command in '/home/ros/ws_microros/build/asrs_description': CMAKE_PREFIX_PATH=/opt/ros/humble /usr/bin/cmake --install /home/ros/ws_microros/build/asrs_description
[0.689s] Level 1:colcon.colcon_core.environment:create_environment_scripts_only(asrs_arm)
[0.696s] DEBUG:colcon.colcon_core.event_handler.log_command:Invoking command in '/home/ros/ws_microros/build/asrs_gripper': CMAKE_PREFIX_PATH=/opt/ros/humble /usr/bin/cmake --install /home/ros/ws_microros/build/asrs_gripper
[0.698s] DEBUG:colcon.colcon_core.event_handler.log_command:Invoking command in '/home/ros/ws_microros/build/asrs_moveit_config': CMAKE_PREFIX_PATH=/opt/ros/humble /usr/bin/cmake --install /home/ros/ws_microros/build/asrs_moveit_config
[0.698s] DEBUG:colcon.colcon_core.event_handler.log_command:Invoked command in '/home/ros/ws_microros/build/asrs_arm' returned '0': CMAKE_PREFIX_PATH=/opt/ros/humble /usr/bin/cmake --install /home/ros/ws_microros/build/asrs_arm
[0.708s] Level 1:colcon.colcon_core.environment:checking '/home/ros/ws_microros/install/asrs_arm' for CMake module files
[0.708s] Level 1:colcon.colcon_core.environment:checking '/home/ros/ws_microros/install/asrs_arm' for CMake config files
[0.708s] Level 1:colcon.colcon_core.shell:create_environment_hook('asrs_arm', 'cmake_prefix_path')
[0.714s] INFO:colcon.colcon_core.shell:Creating environment hook '/home/ros/ws_microros/install/asrs_arm/share/asrs_arm/hook/cmake_prefix_path.ps1'
[0.714s] INFO:colcon.colcon_core.shell:Creating environment descriptor '/home/ros/ws_microros/install/asrs_arm/share/asrs_arm/hook/cmake_prefix_path.dsv'
[0.714s] INFO:colcon.colcon_core.shell:Creating environment hook '/home/ros/ws_microros/install/asrs_arm/share/asrs_arm/hook/cmake_prefix_path.sh'
[0.714s] Level 1:colcon.colcon_core.environment:checking '/home/ros/ws_microros/install/asrs_arm/bin'
[0.715s] Level 1:colcon.colcon_core.environment:checking '/home/ros/ws_microros/install/asrs_arm/lib/pkgconfig/asrs_arm.pc'
[0.715s] Level 1:colcon.colcon_core.environment:checking '/home/ros/ws_microros/install/asrs_arm/lib/python3.10/site-packages'
[0.715s] Level 1:colcon.colcon_core.environment:checking '/home/ros/ws_microros/install/asrs_arm/bin'
[0.720s] INFO:colcon.colcon_core.shell:Creating package script '/home/ros/ws_microros/install/asrs_arm/share/asrs_arm/package.ps1'
[0.721s] INFO:colcon.colcon_core.shell:Creating package descriptor '/home/ros/ws_microros/install/asrs_arm/share/asrs_arm/package.dsv'
[0.721s] INFO:colcon.colcon_core.shell:Creating package script '/home/ros/ws_microros/install/asrs_arm/share/asrs_arm/package.sh'
[0.721s] INFO:colcon.colcon_core.shell:Creating package script '/home/ros/ws_microros/install/asrs_arm/share/asrs_arm/package.bash'
[0.721s] INFO:colcon.colcon_core.shell:Creating package script '/home/ros/ws_microros/install/asrs_arm/share/asrs_arm/package.zsh'
[0.722s] Level 1:colcon.colcon_core.environment:create_file_with_runtime_dependencies(/home/ros/ws_microros/install/asrs_arm/share/colcon-core/packages/asrs_arm)
[0.722s] Level 1:colcon.colcon_core.environment:create_environment_scripts_only(asrs_controller)
[0.723s] DEBUG:colcon.colcon_core.event_handler.log_command:Invoked command in '/home/ros/ws_microros/build/asrs_controller' returned '0': CMAKE_PREFIX_PATH=/opt/ros/humble /usr/bin/cmake --install /home/ros/ws_microros/build/asrs_controller
[0.728s] Level 1:colcon.colcon_core.environment:checking '/home/ros/ws_microros/install/asrs_controller' for CMake module files
[0.728s] Level 1:colcon.colcon_core.environment:checking '/home/ros/ws_microros/install/asrs_controller' for CMake config files
[0.729s] Level 1:colcon.colcon_core.shell:create_environment_hook('asrs_controller', 'cmake_prefix_path')
[0.735s] INFO:colcon.colcon_core.shell:Creating environment hook '/home/ros/ws_microros/install/asrs_controller/share/asrs_controller/hook/cmake_prefix_path.ps1'
[0.735s] INFO:colcon.colcon_core.shell:Creating environment descriptor '/home/ros/ws_microros/install/asrs_controller/share/asrs_controller/hook/cmake_prefix_path.dsv'
[0.735s] INFO:colcon.colcon_core.shell:Creating environment hook '/home/ros/ws_microros/install/asrs_controller/share/asrs_controller/hook/cmake_prefix_path.sh'
[0.735s] Level 1:colcon.colcon_core.environment:checking '/home/ros/ws_microros/install/asrs_controller/bin'
[0.735s] Level 1:colcon.colcon_core.environment:checking '/home/ros/ws_microros/install/asrs_controller/lib/pkgconfig/asrs_controller.pc'
[0.735s] Level 1:colcon.colcon_core.environment:checking '/home/ros/ws_microros/install/asrs_controller/lib/python3.10/site-packages'
[0.735s] Level 1:colcon.colcon_core.environment:checking '/home/ros/ws_microros/install/asrs_controller/bin'
[0.741s] INFO:colcon.colcon_core.shell:Creating package script '/home/ros/ws_microros/install/asrs_controller/share/asrs_controller/package.ps1'
[0.742s] INFO:colcon.colcon_core.shell:Creating package descriptor '/home/ros/ws_microros/install/asrs_controller/share/asrs_controller/package.dsv'
[0.742s] INFO:colcon.colcon_core.shell:Creating package script '/home/ros/ws_microros/install/asrs_controller/share/asrs_controller/package.sh'
[0.742s] INFO:colcon.colcon_core.shell:Creating package script '/home/ros/ws_microros/install/asrs_controller/share/asrs_controller/package.bash'
[0.742s] INFO:colcon.colcon_core.shell:Creating package script '/home/ros/ws_microros/install/asrs_controller/share/asrs_controller/package.zsh'
[0.742s] Level 1:colcon.colcon_core.environment:create_file_with_runtime_dependencies(/home/ros/ws_microros/install/asrs_controller/share/colcon-core/packages/asrs_controller)
[0.743s] Level 1:colcon.colcon_core.environment:create_environment_scripts_only(asrs_description)
[0.746s] DEBUG:colcon.colcon_core.event_handler.log_command:Invoked command in '/home/ros/ws_microros/build/asrs_description' returned '0': CMAKE_PREFIX_PATH=/opt/ros/humble /usr/bin/cmake --install /home/ros/ws_microros/build/asrs_description
[0.751s] Level 1:colcon.colcon_core.environment:checking '/home/ros/ws_microros/install/asrs_description' for CMake module files
[0.752s] Level 1:colcon.colcon_core.environment:checking '/home/ros/ws_microros/install/asrs_description' for CMake config files
[0.752s] Level 1:colcon.colcon_core.shell:create_environment_hook('asrs_description', 'cmake_prefix_path')
[0.757s] INFO:colcon.colcon_core.shell:Creating environment hook '/home/ros/ws_microros/install/asrs_description/share/asrs_description/hook/cmake_prefix_path.ps1'
[0.757s] INFO:colcon.colcon_core.shell:Creating environment descriptor '/home/ros/ws_microros/install/asrs_description/share/asrs_description/hook/cmake_prefix_path.dsv'
[0.757s] INFO:colcon.colcon_core.shell:Creating environment hook '/home/ros/ws_microros/install/asrs_description/share/asrs_description/hook/cmake_prefix_path.sh'
[0.758s] Level 1:colcon.colcon_core.environment:checking '/home/ros/ws_microros/install/asrs_description/bin'
[0.758s] Level 1:colcon.colcon_core.environment:checking '/home/ros/ws_microros/install/asrs_description/lib/pkgconfig/asrs_description.pc'
[0.758s] Level 1:colcon.colcon_core.environment:checking '/home/ros/ws_microros/install/asrs_description/lib/python3.10/site-packages'
[0.758s] Level 1:colcon.colcon_core.environment:checking '/home/ros/ws_microros/install/asrs_description/bin'
[0.763s] INFO:colcon.colcon_core.shell:Creating package script '/home/ros/ws_microros/install/asrs_description/share/asrs_description/package.ps1'
[0.763s] INFO:colcon.colcon_core.shell:Creating package descriptor '/home/ros/ws_microros/install/asrs_description/share/asrs_description/package.dsv'
[0.764s] INFO:colcon.colcon_core.shell:Creating package script '/home/ros/ws_microros/install/asrs_description/share/asrs_description/package.sh'
[0.764s] INFO:colcon.colcon_core.shell:Creating package script '/home/ros/ws_microros/install/asrs_description/share/asrs_description/package.bash'
[0.764s] INFO:colcon.colcon_core.shell:Creating package script '/home/ros/ws_microros/install/asrs_description/share/asrs_description/package.zsh'
[0.764s] Level 1:colcon.colcon_core.environment:create_file_with_runtime_dependencies(/home/ros/ws_microros/install/asrs_description/share/colcon-core/packages/asrs_description)
[0.765s] Level 1:colcon.colcon_core.environment:create_environment_scripts_only(asrs_gripper)
[0.766s] DEBUG:colcon.colcon_core.event_handler.log_command:Invoked command in '/home/ros/ws_microros/build/asrs_gripper' returned '0': CMAKE_PREFIX_PATH=/opt/ros/humble /usr/bin/cmake --install /home/ros/ws_microros/build/asrs_gripper
[0.771s] Level 1:colcon.colcon_core.environment:checking '/home/ros/ws_microros/install/asrs_gripper' for CMake module files
[0.772s] Level 1:colcon.colcon_core.environment:checking '/home/ros/ws_microros/install/asrs_gripper' for CMake config files
[0.772s] Level 1:colcon.colcon_core.shell:create_environment_hook('asrs_gripper', 'cmake_prefix_path')
[0.779s] INFO:colcon.colcon_core.shell:Creating environment hook '/home/ros/ws_microros/install/asrs_gripper/share/asrs_gripper/hook/cmake_prefix_path.ps1'
[0.779s] INFO:colcon.colcon_core.shell:Creating environment descriptor '/home/ros/ws_microros/install/asrs_gripper/share/asrs_gripper/hook/cmake_prefix_path.dsv'
[0.779s] INFO:colcon.colcon_core.shell:Creating environment hook '/home/ros/ws_microros/install/asrs_gripper/share/asrs_gripper/hook/cmake_prefix_path.sh'
[0.779s] Level 1:colcon.colcon_core.environment:checking '/home/ros/ws_microros/install/asrs_gripper/bin'
[0.779s] Level 1:colcon.colcon_core.environment:checking '/home/ros/ws_microros/install/asrs_gripper/lib/pkgconfig/asrs_gripper.pc'
[0.779s] Level 1:colcon.colcon_core.environment:checking '/home/ros/ws_microros/install/asrs_gripper/lib/python3.10/site-packages'
[0.780s] Level 1:colcon.colcon_core.environment:checking '/home/ros/ws_microros/install/asrs_gripper/bin'
[0.785s] INFO:colcon.colcon_core.shell:Creating package script '/home/ros/ws_microros/install/asrs_gripper/share/asrs_gripper/package.ps1'
[0.785s] INFO:colcon.colcon_core.shell:Creating package descriptor '/home/ros/ws_microros/install/asrs_gripper/share/asrs_gripper/package.dsv'
[0.786s] INFO:colcon.colcon_core.shell:Creating package script '/home/ros/ws_microros/install/asrs_gripper/share/asrs_gripper/package.sh'
[0.786s] INFO:colcon.colcon_core.shell:Creating package script '/home/ros/ws_microros/install/asrs_gripper/share/asrs_gripper/package.bash'
[0.786s] INFO:colcon.colcon_core.shell:Creating package script '/home/ros/ws_microros/install/asrs_gripper/share/asrs_gripper/package.zsh'
[0.786s] Level 1:colcon.colcon_core.environment:create_file_with_runtime_dependencies(/home/ros/ws_microros/install/asrs_gripper/share/colcon-core/packages/asrs_gripper)
[0.787s] Level 1:colcon.colcon_core.environment:create_environment_scripts_only(asrs_moveit_config)
[0.787s] DEBUG:colcon.colcon_core.event_handler.log_command:Invoked command in '/home/ros/ws_microros/build/asrs_moveit_config' returned '0': CMAKE_PREFIX_PATH=/opt/ros/humble /usr/bin/cmake --install /home/ros/ws_microros/build/asrs_moveit_config
[0.793s] Level 1:colcon.colcon_core.environment:checking '/home/ros/ws_microros/install/asrs_moveit_config' for CMake module files
[0.793s] Level 1:colcon.colcon_core.environment:checking '/home/ros/ws_microros/install/asrs_moveit_config' for CMake config files
[0.793s] Level 1:colcon.colcon_core.shell:create_environment_hook('asrs_moveit_config', 'cmake_prefix_path')
[0.799s] INFO:colcon.colcon_core.shell:Creating environment hook '/home/ros/ws_microros/install/asrs_moveit_config/share/asrs_moveit_config/hook/cmake_prefix_path.ps1'
[0.799s] INFO:colcon.colcon_core.shell:Creating environment descriptor '/home/ros/ws_microros/install/asrs_moveit_config/share/asrs_moveit_config/hook/cmake_prefix_path.dsv'
[0.800s] INFO:colcon.colcon_core.shell:Creating environment hook '/home/ros/ws_microros/install/asrs_moveit_config/share/asrs_moveit_config/hook/cmake_prefix_path.sh'
[0.800s] Level 1:colcon.colcon_core.environment:checking '/home/ros/ws_microros/install/asrs_moveit_config/bin'
[0.800s] Level 1:colcon.colcon_core.environment:checking '/home/ros/ws_microros/install/asrs_moveit_config/lib/pkgconfig/asrs_moveit_config.pc'
[0.800s] Level 1:colcon.colcon_core.environment:checking '/home/ros/ws_microros/install/asrs_moveit_config/lib/python3.10/site-packages'
[0.800s] Level 1:colcon.colcon_core.environment:checking '/home/ros/ws_microros/install/asrs_moveit_config/bin'
[0.806s] INFO:colcon.colcon_core.shell:Creating package script '/home/ros/ws_microros/install/asrs_moveit_config/share/asrs_moveit_config/package.ps1'
[0.806s] INFO:colcon.colcon_core.shell:Creating package descriptor '/home/ros/ws_microros/install/asrs_moveit_config/share/asrs_moveit_config/package.dsv'
[0.806s] INFO:colcon.colcon_core.shell:Creating package script '/home/ros/ws_microros/install/asrs_moveit_config/share/asrs_moveit_config/package.sh'
[0.806s] INFO:colcon.colcon_core.shell:Creating package script '/home/ros/ws_microros/install/asrs_moveit_config/share/asrs_moveit_config/package.bash'
[0.806s] INFO:colcon.colcon_core.shell:Creating package script '/home/ros/ws_microros/install/asrs_moveit_config/share/asrs_moveit_config/package.zsh'
[0.806s] Level 1:colcon.colcon_core.environment:create_file_with_runtime_dependencies(/home/ros/ws_microros/install/asrs_moveit_config/share/colcon-core/packages/asrs_moveit_config)
[0.813s] Level 1:colcon.colcon_core.environment:create_environment_scripts_only(asrs_arm)
[0.819s] Level 1:colcon.colcon_core.environment:checking '/home/ros/ws_microros/install/asrs_arm' for CMake module files
[0.819s] Level 1:colcon.colcon_core.environment:checking '/home/ros/ws_microros/install/asrs_arm' for CMake config files
[0.819s] Level 1:colcon.colcon_core.shell:create_environment_hook('asrs_arm', 'cmake_prefix_path')
[0.825s] INFO:colcon.colcon_core.shell:Creating environment hook '/home/ros/ws_microros/install/asrs_arm/share/asrs_arm/hook/cmake_prefix_path.ps1'
[0.825s] INFO:colcon.colcon_core.shell:Creating environment descriptor '/home/ros/ws_microros/install/asrs_arm/share/asrs_arm/hook/cmake_prefix_path.dsv'
[0.826s] INFO:colcon.colcon_core.shell:Creating environment hook '/home/ros/ws_microros/install/asrs_arm/share/asrs_arm/hook/cmake_prefix_path.sh'
[0.826s] Level 1:colcon.colcon_core.environment:checking '/home/ros/ws_microros/install/asrs_arm/bin'
[0.826s] Level 1:colcon.colcon_core.environment:checking '/home/ros/ws_microros/install/asrs_arm/lib/pkgconfig/asrs_arm.pc'
[0.826s] Level 1:colcon.colcon_core.environment:checking '/home/ros/ws_microros/install/asrs_arm/lib/python3.10/site-packages'
[0.826s] Level 1:colcon.colcon_core.environment:checking '/home/ros/ws_microros/install/asrs_arm/bin'
[0.831s] INFO:colcon.colcon_core.shell:Creating package script '/home/ros/ws_microros/install/asrs_arm/share/asrs_arm/package.ps1'
[0.832s] INFO:colcon.colcon_core.shell:Creating package descriptor '/home/ros/ws_microros/install/asrs_arm/share/asrs_arm/package.dsv'
[0.832s] INFO:colcon.colcon_core.shell:Creating package script '/home/ros/ws_microros/install/asrs_arm/share/asrs_arm/package.sh'
[0.832s] INFO:colcon.colcon_core.shell:Creating package script '/home/ros/ws_microros/install/asrs_arm/share/asrs_arm/package.bash'
[0.832s] INFO:colcon.colcon_core.shell:Creating package script '/home/ros/ws_microros/install/asrs_arm/share/asrs_arm/package.zsh'
[0.832s] Level 1:colcon.colcon_core.environment:create_file_with_runtime_dependencies(/home/ros/ws_microros/install/asrs_arm/share/colcon-core/packages/asrs_arm)
[0.839s] Level 1:colcon.colcon_core.environment:create_environment_scripts_only(asrs_controller)
[0.845s] Level 1:colcon.colcon_core.environment:checking '/home/ros/ws_microros/install/asrs_controller' for CMake module files
[0.845s] Level 1:colcon.colcon_core.environment:checking '/home/ros/ws_microros/install/asrs_controller' for CMake config files
[0.845s] Level 1:colcon.colcon_core.shell:create_environment_hook('asrs_controller', 'cmake_prefix_path')
[0.851s] INFO:colcon.colcon_core.shell:Creating environment hook '/home/ros/ws_microros/install/asrs_controller/share/asrs_controller/hook/cmake_prefix_path.ps1'
[0.851s] INFO:colcon.colcon_core.shell:Creating environment descriptor '/home/ros/ws_microros/install/asrs_controller/share/asrs_controller/hook/cmake_prefix_path.dsv'
[0.851s] INFO:colcon.colcon_core.shell:Creating environment hook '/home/ros/ws_microros/install/asrs_controller/share/asrs_controller/hook/cmake_prefix_path.sh'
[0.851s] Level 1:colcon.colcon_core.environment:checking '/home/ros/ws_microros/install/asrs_controller/bin'
[0.851s] Level 1:colcon.colcon_core.environment:checking '/home/ros/ws_microros/install/asrs_controller/lib/pkgconfig/asrs_controller.pc'
[0.851s] Level 1:colcon.colcon_core.environment:checking '/home/ros/ws_microros/install/asrs_controller/lib/python3.10/site-packages'
[0.851s] Level 1:colcon.colcon_core.environment:checking '/home/ros/ws_microros/install/asrs_controller/bin'
[0.857s] INFO:colcon.colcon_core.shell:Creating package script '/home/ros/ws_microros/install/asrs_controller/share/asrs_controller/package.ps1'
[0.857s] INFO:colcon.colcon_core.shell:Creating package descriptor '/home/ros/ws_microros/install/asrs_controller/share/asrs_controller/package.dsv'
[0.857s] INFO:colcon.colcon_core.shell:Creating package script '/home/ros/ws_microros/install/asrs_controller/share/asrs_controller/package.sh'
[0.858s] INFO:colcon.colcon_core.shell:Creating package script '/home/ros/ws_microros/install/asrs_controller/share/asrs_controller/package.bash'
[0.858s] INFO:colcon.colcon_core.shell:Creating package script '/home/ros/ws_microros/install/asrs_controller/share/asrs_controller/package.zsh'
[0.858s] Level 1:colcon.colcon_core.environment:create_file_with_runtime_dependencies(/home/ros/ws_microros/install/asrs_controller/share/colcon-core/packages/asrs_controller)
[0.865s] Level 1:colcon.colcon_core.environment:create_environment_scripts_only(asrs_description)
[0.870s] Level 1:colcon.colcon_core.environment:checking '/home/ros/ws_microros/install/asrs_description' for CMake module files
[0.870s] Level 1:colcon.colcon_core.environment:checking '/home/ros/ws_microros/install/asrs_description' for CMake config files
[0.871s] Level 1:colcon.colcon_core.shell:create_environment_hook('asrs_description', 'cmake_prefix_path')
[0.876s] INFO:colcon.colcon_core.shell:Creating environment hook '/home/ros/ws_microros/install/asrs_description/share/asrs_description/hook/cmake_prefix_path.ps1'
[0.876s] INFO:colcon.colcon_core.shell:Creating environment descriptor '/home/ros/ws_microros/install/asrs_description/share/asrs_description/hook/cmake_prefix_path.dsv'
[0.876s] INFO:colcon.colcon_core.shell:Creating environment hook '/home/ros/ws_microros/install/asrs_description/share/asrs_description/hook/cmake_prefix_path.sh'
[0.877s] Level 1:colcon.colcon_core.environment:checking '/home/ros/ws_microros/install/asrs_description/bin'
[0.877s] Level 1:colcon.colcon_core.environment:checking '/home/ros/ws_microros/install/asrs_description/lib/pkgconfig/asrs_description.pc'
[0.877s] Level 1:colcon.colcon_core.environment:checking '/home/ros/ws_microros/install/asrs_description/lib/python3.10/site-packages'
[0.877s] Level 1:colcon.colcon_core.environment:checking '/home/ros/ws_microros/install/asrs_description/bin'
[0.883s] INFO:colcon.colcon_core.shell:Creating package script '/home/ros/ws_microros/install/asrs_description/share/asrs_description/package.ps1'
[0.883s] INFO:colcon.colcon_core.shell:Creating package descriptor '/home/ros/ws_microros/install/asrs_description/share/asrs_description/package.dsv'
[0.883s] INFO:colcon.colcon_core.shell:Creating package script '/home/ros/ws_microros/install/asrs_description/share/asrs_description/package.sh'
[0.883s] INFO:colcon.colcon_core.shell:Creating package script '/home/ros/ws_microros/install/asrs_description/share/asrs_description/package.bash'
[0.883s] INFO:colcon.colcon_core.shell:Creating package script '/home/ros/ws_microros/install/asrs_description/share/asrs_description/package.zsh'
[0.883s] Level 1:colcon.colcon_core.environment:create_file_with_runtime_dependencies(/home/ros/ws_microros/install/asrs_description/share/colcon-core/packages/asrs_description)
[0.890s] Level 1:colcon.colcon_core.environment:create_environment_scripts_only(asrs_gripper)
[0.896s] Level 1:colcon.colcon_core.environment:checking '/home/ros/ws_microros/install/asrs_gripper' for CMake module files
[0.896s] Level 1:colcon.colcon_core.environment:checking '/home/ros/ws_microros/install/asrs_gripper' for CMake config files
[0.896s] Level 1:colcon.colcon_core.shell:create_environment_hook('asrs_gripper', 'cmake_prefix_path')
[0.901s] INFO:colcon.colcon_core.shell:Creating environment hook '/home/ros/ws_microros/install/asrs_gripper/share/asrs_gripper/hook/cmake_prefix_path.ps1'
[0.902s] INFO:colcon.colcon_core.shell:Creating environment descriptor '/home/ros/ws_microros/install/asrs_gripper/share/asrs_gripper/hook/cmake_prefix_path.dsv'
[0.902s] INFO:colcon.colcon_core.shell:Creating environment hook '/home/ros/ws_microros/install/asrs_gripper/share/asrs_gripper/hook/cmake_prefix_path.sh'
[0.902s] Level 1:colcon.colcon_core.environment:checking '/home/ros/ws_microros/install/asrs_gripper/bin'
[0.902s] Level 1:colcon.colcon_core.environment:checking '/home/ros/ws_microros/install/asrs_gripper/lib/pkgconfig/asrs_gripper.pc'
[0.902s] Level 1:colcon.colcon_core.environment:checking '/home/ros/ws_microros/install/asrs_gripper/lib/python3.10/site-packages'
[0.902s] Level 1:colcon.colcon_core.environment:checking '/home/ros/ws_microros/install/asrs_gripper/bin'
[0.908s] INFO:colcon.colcon_core.shell:Creating package script '/home/ros/ws_microros/install/asrs_gripper/share/asrs_gripper/package.ps1'
[0.908s] INFO:colcon.colcon_core.shell:Creating package descriptor '/home/ros/ws_microros/install/asrs_gripper/share/asrs_gripper/package.dsv'
[0.908s] INFO:colcon.colcon_core.shell:Creating package script '/home/ros/ws_microros/install/asrs_gripper/share/asrs_gripper/package.sh'
[0.908s] INFO:colcon.colcon_core.shell:Creating package script '/home/ros/ws_microros/install/asrs_gripper/share/asrs_gripper/package.bash'
[0.908s] INFO:colcon.colcon_core.shell:Creating package script '/home/ros/ws_microros/install/asrs_gripper/share/asrs_gripper/package.zsh'
[0.908s] Level 1:colcon.colcon_core.environment:create_file_with_runtime_dependencies(/home/ros/ws_microros/install/asrs_gripper/share/colcon-core/packages/asrs_gripper)
[0.914s] Level 1:colcon.colcon_core.environment:create_environment_scripts_only(asrs_moveit_config)
[0.920s] Level 1:colcon.colcon_core.environment:checking '/home/ros/ws_microros/install/asrs_moveit_config' for CMake module files
[0.920s] Level 1:colcon.colcon_core.environment:checking '/home/ros/ws_microros/install/asrs_moveit_config' for CMake config files
[0.920s] Level 1:colcon.colcon_core.shell:create_environment_hook('asrs_moveit_config', 'cmake_prefix_path')
[0.926s] INFO:colcon.colcon_core.shell:Creating environment hook '/home/ros/ws_microros/install/asrs_moveit_config/share/asrs_moveit_config/hook/cmake_prefix_path.ps1'
[0.926s] INFO:colcon.colcon_core.shell:Creating environment descriptor '/home/ros/ws_microros/install/asrs_moveit_config/share/asrs_moveit_config/hook/cmake_prefix_path.dsv'
[0.926s] INFO:colcon.colcon_core.shell:Creating environment hook '/home/ros/ws_microros/install/asrs_moveit_config/share/asrs_moveit_config/hook/cmake_prefix_path.sh'
[0.927s] Level 1:colcon.colcon_core.environment:checking '/home/ros/ws_microros/install/asrs_moveit_config/bin'
[0.927s] Level 1:colcon.colcon_core.environment:checking '/home/ros/ws_microros/install/asrs_moveit_config/lib/pkgconfig/asrs_moveit_config.pc'
[0.927s] Level 1:colcon.colcon_core.environment:checking '/home/ros/ws_microros/install/asrs_moveit_config/lib/python3.10/site-packages'
[0.927s] Level 1:colcon.colcon_core.environment:checking '/home/ros/ws_microros/install/asrs_moveit_config/bin'
[0.933s] INFO:colcon.colcon_core.shell:Creating package script '/home/ros/ws_microros/install/asrs_moveit_config/share/asrs_moveit_config/package.ps1'
[0.933s] INFO:colcon.colcon_core.shell:Creating package descriptor '/home/ros/ws_microros/install/asrs_moveit_config/share/asrs_moveit_config/package.dsv'
[0.933s] INFO:colcon.colcon_core.shell:Creating package script '/home/ros/ws_microros/install/asrs_moveit_config/share/asrs_moveit_config/package.sh'
[0.933s] INFO:colcon.colcon_core.shell:Creating package script '/home/ros/ws_microros/install/asrs_moveit_config/share/asrs_moveit_config/package.bash'
[0.934s] INFO:colcon.colcon_core.shell:Creating package script '/home/ros/ws_microros/install/asrs_moveit_config/share/asrs_moveit_config/package.zsh'
[0.934s] Level 1:colcon.colcon_core.environment:create_file_with_runtime_dependencies(/home/ros/ws_microros/install/asrs_moveit_config/share/colcon-core/packages/asrs_moveit_config)
[0.934s] DEBUG:colcon.colcon_parallel_executor.executor.parallel:closing loop
[0.934s] DEBUG:colcon.colcon_parallel_executor.executor.parallel:loop closed
[0.934s] DEBUG:colcon.colcon_parallel_executor.executor.parallel:run_until_complete finished with '0'
[0.934s] DEBUG:colcon.colcon_core.event_reactor:joining thread
[0.943s] INFO:colcon.colcon_core.plugin_system:Skipping extension 'colcon_notification.desktop_notification.terminal_notifier': Not used on non-Darwin systems
[0.943s] INFO:colcon.colcon_core.plugin_system:Skipping extension 'colcon_notification.desktop_notification.win32': Not used on non-Windows systems
[0.943s] INFO:colcon.colcon_notification.desktop_notification:Sending desktop notification using 'notify2'
[0.951s] DEBUG:colcon.colcon_core.event_reactor:joined thread
[0.957s] INFO:colcon.colcon_core.shell:Creating prefix script '/home/ros/ws_microros/install/local_setup.ps1'
[0.958s] INFO:colcon.colcon_core.shell:Creating prefix util module '/home/ros/ws_microros/install/_local_setup_util_ps1.py'
[0.958s] INFO:colcon.colcon_core.shell:Creating prefix chain script '/home/ros/ws_microros/install/setup.ps1'
[0.964s] INFO:colcon.colcon_core.shell:Creating prefix script '/home/ros/ws_microros/install/local_setup.sh'
[0.965s] INFO:colcon.colcon_core.shell:Creating prefix util module '/home/ros/ws_microros/install/_local_setup_util_sh.py'
[0.965s] INFO:colcon.colcon_core.shell:Creating prefix chain script '/home/ros/ws_microros/install/setup.sh'
[0.971s] INFO:colcon.colcon_core.shell:Creating prefix script '/home/ros/ws_microros/install/local_setup.bash'
[0.971s] INFO:colcon.colcon_core.shell:Creating prefix chain script '/home/ros/ws_microros/install/setup.bash'
[0.977s] INFO:colcon.colcon_core.shell:Creating prefix script '/home/ros/ws_microros/install/local_setup.zsh'
[0.977s] INFO:colcon.colcon_core.shell:Creating prefix chain script '/home/ros/ws_microros/install/setup.zsh'
