[0.104s] Invoking command in '/home/ros/ws_microros/build/asrs_controller': CMAKE_PREFIX_PATH=/opt/ros/humble /usr/bin/cmake --build /home/ros/ws_microros/build/asrs_controller -- -j10 -l10
[0.286s] -- Found ament_cmake: 1.3.7 (/opt/ros/humble/share/ament_cmake/cmake)
[1.059s] -- Found ament_lint_auto: 0.12.10 (/opt/ros/humble/share/ament_lint_auto/cmake)
[1.277s] -- Added test 'flake8' to check Python code syntax and style conventions
[1.277s] -- Added test 'lint_cmake' to check CMake code style
[1.277s] -- Added test 'pep257' to check Python code against some of the docstring style conventions in PEP 257
[1.300s] -- Added test 'xmllint' to check XML markup files
[1.324s] -- Configuring done
[1.378s] -- Generating done
[1.392s] -- Build files have been written to: /home/ros/ws_microros/build/asrs_controller
[1.452s] Invoked command in '/home/ros/ws_microros/build/asrs_controller' returned '0': CMAKE_PREFIX_PATH=/opt/ros/humble /usr/bin/cmake --build /home/ros/ws_microros/build/asrs_controller -- -j10 -l10
[1.549s] Invoking command in '/home/ros/ws_microros/build/asrs_controller': CMAKE_PREFIX_PATH=/opt/ros/humble /usr/bin/cmake --install /home/ros/ws_microros/build/asrs_controller
[1.558s] -- Install configuration: ""
[1.558s] -- Up-to-date: /home/ros/ws_microros/install/asrs_controller/share/asrs_controller/config
[1.559s] -- Up-to-date: /home/ros/ws_microros/install/asrs_controller/share/asrs_controller/config/asrs_controller.yaml
[1.559s] -- Up-to-date: /home/ros/ws_microros/install/asrs_controller/share/asrs_controller/launch
[1.559s] -- Up-to-date: /home/ros/ws_microros/install/asrs_controller/share/asrs_controller/launch/controller.launch.py
[1.559s] -- Up-to-date: /home/ros/ws_microros/install/asrs_controller/share/ament_index/resource_index/package_run_dependencies/asrs_controller
[1.559s] -- Installing: /home/ros/ws_microros/install/asrs_controller/share/ament_index/resource_index/parent_prefix_path/asrs_controller
[1.559s] -- Installing: /home/ros/ws_microros/install/asrs_controller/share/asrs_controller/environment/ament_prefix_path.sh
[1.559s] -- Installing: /home/ros/ws_microros/install/asrs_controller/share/asrs_controller/environment/ament_prefix_path.dsv
[1.560s] -- Installing: /home/ros/ws_microros/install/asrs_controller/share/asrs_controller/environment/path.sh
[1.560s] -- Installing: /home/ros/ws_microros/install/asrs_controller/share/asrs_controller/environment/path.dsv
[1.560s] -- Up-to-date: /home/ros/ws_microros/install/asrs_controller/share/asrs_controller/local_setup.bash
[1.560s] -- Up-to-date: /home/ros/ws_microros/install/asrs_controller/share/asrs_controller/local_setup.sh
[1.560s] -- Up-to-date: /home/ros/ws_microros/install/asrs_controller/share/asrs_controller/local_setup.zsh
[1.585s] -- Installing: /home/ros/ws_microros/install/asrs_controller/share/asrs_controller/local_setup.dsv
[1.587s] -- Installing: /home/ros/ws_microros/install/asrs_controller/share/asrs_controller/package.dsv
[1.587s] -- Up-to-date: /home/ros/ws_microros/install/asrs_controller/share/ament_index/resource_index/packages/asrs_controller
[1.587s] -- Up-to-date: /home/ros/ws_microros/install/asrs_controller/share/asrs_controller/cmake/asrs_controllerConfig.cmake
[1.588s] -- Up-to-date: /home/ros/ws_microros/install/asrs_controller/share/asrs_controller/cmake/asrs_controllerConfig-version.cmake
[1.588s] -- Up-to-date: /home/ros/ws_microros/install/asrs_controller/share/asrs_controller/package.xml
[1.707s] Invoked command in '/home/ros/ws_microros/build/asrs_controller' returned '0': CMAKE_PREFIX_PATH=/opt/ros/humble /usr/bin/cmake --install /home/ros/ws_microros/build/asrs_controller
