[0.084s] Invoking command in '/home/ros/ws_microros/build/asrs_moveit_config': CMAKE_PREFIX_PATH=/home/ros/ws_microros/install/asrs_description:/home/ros/ws_microros/install/asrs_gripper:/home/ros/ws_microros/install/asrs_controller:/home/ros/ws_microros/install/asrs_arm:/opt/ros/humble /usr/bin/cmake --build /home/ros/ws_microros/build/asrs_moveit_config -- -j12 -l12
[0.126s] -- Found ament_cmake: 1.3.7 (/opt/ros/humble/share/ament_cmake/cmake)
[0.319s] -- Configuring done
[0.328s] -- Generating done
[0.328s] -- Build files have been written to: /home/ros/ws_microros/build/asrs_moveit_config
[0.348s] Invoked command in '/home/ros/ws_microros/build/asrs_moveit_config' returned '0': CMAKE_PREFIX_PATH=/home/ros/ws_microros/install/asrs_description:/home/ros/ws_microros/install/asrs_gripper:/home/ros/ws_microros/install/asrs_controller:/home/ros/ws_microros/install/asrs_arm:/opt/ros/humble /usr/bin/cmake --build /home/ros/ws_microros/build/asrs_moveit_config -- -j12 -l12
[0.381s] Invoking command in '/home/ros/ws_microros/build/asrs_moveit_config': CMAKE_PREFIX_PATH=/home/ros/ws_microros/install/asrs_description:/home/ros/ws_microros/install/asrs_gripper:/home/ros/ws_microros/install/asrs_controller:/home/ros/ws_microros/install/asrs_arm:/opt/ros/humble /usr/bin/cmake --install /home/ros/ws_microros/build/asrs_moveit_config
[0.389s] -- Install configuration: ""
[0.389s] -- Installing: /home/ros/ws_microros/install/asrs_moveit_config/share/ament_index/resource_index/package_run_dependencies/asrs_moveit_config
[0.392s] -- Installing: /home/ros/ws_microros/install/asrs_moveit_config/share/ament_index/resource_index/parent_prefix_path/asrs_moveit_config
[0.393s] -- Installing: /home/ros/ws_microros/install/asrs_moveit_config/share/asrs_moveit_config/environment/ament_prefix_path.sh
[0.393s] -- Installing: /home/ros/ws_microros/install/asrs_moveit_config/share/asrs_moveit_config/environment/ament_prefix_path.dsv
[0.393s] -- Installing: /home/ros/ws_microros/install/asrs_moveit_config/share/asrs_moveit_config/environment/path.sh
[0.396s] -- Installing: /home/ros/ws_microros/install/asrs_moveit_config/share/asrs_moveit_config/environment/path.dsv
[0.396s] -- Installing: /home/ros/ws_microros/install/asrs_moveit_config/share/asrs_moveit_config/local_setup.bash
[0.396s] -- Installing: /home/ros/ws_microros/install/asrs_moveit_config/share/asrs_moveit_config/local_setup.sh
[0.396s] -- Installing: /home/ros/ws_microros/install/asrs_moveit_config/share/asrs_moveit_config/local_setup.zsh
[0.396s] -- Installing: /home/ros/ws_microros/install/asrs_moveit_config/share/asrs_moveit_config/local_setup.dsv
[0.396s] -- Installing: /home/ros/ws_microros/install/asrs_moveit_config/share/asrs_moveit_config/package.dsv
[0.396s] -- Installing: /home/ros/ws_microros/install/asrs_moveit_config/share/ament_index/resource_index/packages/asrs_moveit_config
[0.396s] -- Installing: /home/ros/ws_microros/install/asrs_moveit_config/share/asrs_moveit_config/cmake/asrs_moveit_configConfig.cmake
[0.396s] -- Installing: /home/ros/ws_microros/install/asrs_moveit_config/share/asrs_moveit_config/cmake/asrs_moveit_configConfig-version.cmake
[0.396s] -- Installing: /home/ros/ws_microros/install/asrs_moveit_config/share/asrs_moveit_config/package.xml
[0.396s] -- Installing: /home/ros/ws_microros/install/asrs_moveit_config/share/asrs_moveit_config/launch
[0.396s] -- Installing: /home/ros/ws_microros/install/asrs_moveit_config/share/asrs_moveit_config/launch/demo.launch.py
[0.396s] -- Installing: /home/ros/ws_microros/install/asrs_moveit_config/share/asrs_moveit_config/launch/move_group.launch.py
[0.396s] -- Installing: /home/ros/ws_microros/install/asrs_moveit_config/share/asrs_moveit_config/launch/rsp.launch.py
[0.397s] -- Installing: /home/ros/ws_microros/install/asrs_moveit_config/share/asrs_moveit_config/launch/warehouse_db.launch.py
[0.397s] -- Installing: /home/ros/ws_microros/install/asrs_moveit_config/share/asrs_moveit_config/launch/setup_assistant.launch.py
[0.397s] -- Installing: /home/ros/ws_microros/install/asrs_moveit_config/share/asrs_moveit_config/launch/moveit_rviz.launch.py
[0.397s] -- Installing: /home/ros/ws_microros/install/asrs_moveit_config/share/asrs_moveit_config/launch/spawn_controllers.launch.py
[0.397s] -- Installing: /home/ros/ws_microros/install/asrs_moveit_config/share/asrs_moveit_config/launch/static_virtual_joint_tfs.launch.py
[0.397s] -- Installing: /home/ros/ws_microros/install/asrs_moveit_config/share/asrs_moveit_config/config
[0.397s] -- Installing: /home/ros/ws_microros/install/asrs_moveit_config/share/asrs_moveit_config/config/initial_positions.yaml
[0.399s] -- Installing: /home/ros/ws_microros/install/asrs_moveit_config/share/asrs_moveit_config/config/asrs_robot.urdf.xacro
[0.400s] -- Installing: /home/ros/ws_microros/install/asrs_moveit_config/share/asrs_moveit_config/config/moveit_controllers.yaml
[0.400s] -- Installing: /home/ros/ws_microros/install/asrs_moveit_config/share/asrs_moveit_config/config/asrs_robot.srdf
[0.400s] -- Installing: /home/ros/ws_microros/install/asrs_moveit_config/share/asrs_moveit_config/config/asrs_robot.ros2_control.xacro
[0.400s] -- Installing: /home/ros/ws_microros/install/asrs_moveit_config/share/asrs_moveit_config/config/moveit.rviz
[0.400s] -- Installing: /home/ros/ws_microros/install/asrs_moveit_config/share/asrs_moveit_config/config/pilz_cartesian_limits.yaml
[0.400s] -- Installing: /home/ros/ws_microros/install/asrs_moveit_config/share/asrs_moveit_config/config/ros2_controllers.yaml
[0.401s] -- Installing: /home/ros/ws_microros/install/asrs_moveit_config/share/asrs_moveit_config/config/joint_limits.yaml
[0.401s] -- Installing: /home/ros/ws_microros/install/asrs_moveit_config/share/asrs_moveit_config/config/kinematics.yaml
[0.401s] -- Installing: /home/ros/ws_microros/install/asrs_moveit_config/share/asrs_moveit_config/.setup_assistant
[0.405s] Invoked command in '/home/ros/ws_microros/build/asrs_moveit_config' returned '0': CMAKE_PREFIX_PATH=/home/ros/ws_microros/install/asrs_description:/home/ros/ws_microros/install/asrs_gripper:/home/ros/ws_microros/install/asrs_controller:/home/ros/ws_microros/install/asrs_arm:/opt/ros/humble /usr/bin/cmake --install /home/ros/ws_microros/build/asrs_moveit_config
