[0.163s] Invoking command in '/home/ros/ws_microros/build/asrs_description': CMAKE_PREFIX_PATH=/opt/ros/humble /usr/bin/cmake --build /home/ros/ws_microros/build/asrs_description -- -j10 -l10
[0.365s] -- Found ament_cmake: 1.3.7 (/opt/ros/humble/share/ament_cmake/cmake)
[1.138s] -- Found ament_lint_auto: 0.12.10 (/opt/ros/humble/share/ament_lint_auto/cmake)
[1.341s] -- Added test 'flake8' to check Python code syntax and style conventions
[1.356s] -- Added test 'lint_cmake' to check CMake code style
[1.361s] -- Added test 'pep257' to check Python code against some of the docstring style conventions in PEP 257
[1.379s] -- Added test 'xmllint' to check XML markup files
[1.397s] -- Configuring done
[1.456s] -- Generating done
[1.468s] -- Build files have been written to: /home/ros/ws_microros/build/asrs_description
[1.539s] Invoked command in '/home/ros/ws_microros/build/asrs_description' returned '0': CMAKE_PREFIX_PATH=/opt/ros/humble /usr/bin/cmake --build /home/ros/ws_microros/build/asrs_description -- -j10 -l10
[1.631s] Invoking command in '/home/ros/ws_microros/build/asrs_description': CMAKE_PREFIX_PATH=/opt/ros/humble /usr/bin/cmake --install /home/ros/ws_microros/build/asrs_description
[1.640s] -- Install configuration: ""
[1.641s] -- Up-to-date: /home/ros/ws_microros/install/asrs_description/share/asrs_description/config
[1.641s] -- Up-to-date: /home/ros/ws_microros/install/asrs_description/share/asrs_description/config/display.rviz
[1.641s] -- Up-to-date: /home/ros/ws_microros/install/asrs_description/share/asrs_description/launch
[1.642s] -- Up-to-date: /home/ros/ws_microros/install/asrs_description/share/asrs_description/launch/gazebo.launch.py
[1.655s] -- Up-to-date: /home/ros/ws_microros/install/asrs_description/share/asrs_description/launch/rviz.launch.py
[1.660s] -- Up-to-date: /home/ros/ws_microros/install/asrs_description/share/asrs_description/urdf
[1.663s] -- Up-to-date: /home/ros/ws_microros/install/asrs_description/share/asrs_description/urdf/asrs_robot.urdf.xacro
[1.663s] -- Up-to-date: /home/ros/ws_microros/install/asrs_description/share/asrs_description/urdf/asrs_gazebo.xacro
[1.663s] -- Up-to-date: /home/ros/ws_microros/install/asrs_description/share/asrs_description/urdf/asrs_ros2_control.xacro
[1.663s] -- Up-to-date: /home/ros/ws_microros/install/asrs_description/share/ament_index/resource_index/package_run_dependencies/asrs_description
[1.664s] -- Up-to-date: /home/ros/ws_microros/install/asrs_description/share/ament_index/resource_index/parent_prefix_path/asrs_description
[1.664s] -- Installing: /home/ros/ws_microros/install/asrs_description/share/asrs_description/environment/ament_prefix_path.sh
[1.667s] -- Installing: /home/ros/ws_microros/install/asrs_description/share/asrs_description/environment/ament_prefix_path.dsv
[1.667s] -- Installing: /home/ros/ws_microros/install/asrs_description/share/asrs_description/environment/path.sh
[1.682s] -- Installing: /home/ros/ws_microros/install/asrs_description/share/asrs_description/environment/path.dsv
[1.682s] -- Up-to-date: /home/ros/ws_microros/install/asrs_description/share/asrs_description/local_setup.bash
[1.682s] -- Up-to-date: /home/ros/ws_microros/install/asrs_description/share/asrs_description/local_setup.sh
[1.685s] -- Up-to-date: /home/ros/ws_microros/install/asrs_description/share/asrs_description/local_setup.zsh
[1.685s] -- Installing: /home/ros/ws_microros/install/asrs_description/share/asrs_description/local_setup.dsv
[1.685s] -- Installing: /home/ros/ws_microros/install/asrs_description/share/asrs_description/package.dsv
[1.685s] -- Up-to-date: /home/ros/ws_microros/install/asrs_description/share/ament_index/resource_index/packages/asrs_description
[1.685s] -- Up-to-date: /home/ros/ws_microros/install/asrs_description/share/asrs_description/cmake/asrs_descriptionConfig.cmake
[1.685s] -- Up-to-date: /home/ros/ws_microros/install/asrs_description/share/asrs_description/cmake/asrs_descriptionConfig-version.cmake
[1.685s] -- Up-to-date: /home/ros/ws_microros/install/asrs_description/share/asrs_description/package.xml
[1.753s] Invoked command in '/home/ros/ws_microros/build/asrs_description' returned '0': CMAKE_PREFIX_PATH=/opt/ros/humble /usr/bin/cmake --install /home/ros/ws_microros/build/asrs_description
