[0.012s] Invoking command in '/home/keerthibaalan/ROS2_Workspace/ros2industrial_ws/build/fake_ar_publisher': CMAKE_PREFIX_PATH=${CMAKE_PREFIX_PATH}:/home/keerthibaalan/ws_moveit/install/moveit_configs_utils:/opt/ros/humble /usr/bin/cmake /home/keerthibaalan/ROS2_Workspace/ros2industrial_ws/src/fake_ar_publisher -DCMAKE_INSTALL_PREFIX=/home/keerthibaalan/ROS2_Workspace/ros2industrial_ws/install/fake_ar_publisher
[0.086s] -- The C compiler identification is GNU 11.4.0
[0.127s] -- The CXX compiler identification is GNU 11.4.0
[0.133s] -- Detecting C compiler ABI info
[0.198s] -- Detecting C compiler ABI info - done
[0.201s] -- Check for working C compiler: /usr/bin/cc - skipped
[0.202s] -- Detecting C compile features
[0.202s] -- Detecting C compile features - done
[0.204s] -- Detecting CXX compiler ABI info
[0.272s] -- Detecting CXX compiler ABI info - done
[0.276s] -- Check for working CXX compiler: /usr/bin/c++ - skipped
[0.276s] -- Detecting CXX compile features
[0.276s] -- Detecting CXX compile features - done
[0.288s] -- Found ament_cmake: 1.3.9 (/opt/ros/humble/share/ament_cmake/cmake)
[0.395s] -- Found Python3: /usr/bin/python3 (found version "3.10.12") found components: Interpreter 
[0.521s] -- Found rclcpp: 16.0.9 (/opt/ros/humble/share/rclcpp/cmake)
[0.607s] -- Found rosidl_generator_c: 3.1.5 (/opt/ros/humble/share/rosidl_generator_c/cmake)
[0.621s] -- Found rosidl_adapter: 3.1.5 (/opt/ros/humble/share/rosidl_adapter/cmake)
[0.636s] -- Found rosidl_generator_cpp: 3.1.5 (/opt/ros/humble/share/rosidl_generator_cpp/cmake)
[0.656s] -- Using all available rosidl_typesupport_c: rosidl_typesupport_fastrtps_c;rosidl_typesupport_introspection_c
[0.684s] -- Using all available rosidl_typesupport_cpp: rosidl_typesupport_fastrtps_cpp;rosidl_typesupport_introspection_cpp
[0.775s] -- Found rmw_implementation_cmake: 6.1.2 (/opt/ros/humble/share/rmw_implementation_cmake/cmake)
[0.783s] -- Found rmw_cyclonedds_cpp: 1.3.4 (/opt/ros/humble/share/rmw_cyclonedds_cpp/cmake)
[0.831s] -- Using RMW implementation 'rmw_cyclonedds_cpp' as default
[0.852s] -- Looking for pthread.h
[0.920s] -- Looking for pthread.h - found
[0.920s] -- Performing Test CMAKE_HAVE_LIBC_PTHREAD
[0.986s] -- Performing Test CMAKE_HAVE_LIBC_PTHREAD - Success
[0.987s] -- Found Threads: TRUE  
[1.095s] -- Found geometry_msgs: 4.2.4 (/opt/ros/humble/share/geometry_msgs/cmake)
[1.123s] -- Found visualization_msgs: 4.2.4 (/opt/ros/humble/share/visualization_msgs/cmake)
[1.249s] -- Found rosidl_default_generators: 1.2.0 (/opt/ros/humble/share/rosidl_default_generators/cmake)
[1.435s] -- Found ament_cmake_ros: 0.10.0 (/opt/ros/humble/share/ament_cmake_ros/cmake)
[1.698s] -- Using all available rosidl_typesupport_c: rosidl_typesupport_fastrtps_c;rosidl_typesupport_introspection_c
[1.794s] -- Using all available rosidl_typesupport_cpp: rosidl_typesupport_fastrtps_cpp;rosidl_typesupport_introspection_cpp
[1.810s] -- Found PythonInterp: /usr/bin/python3 (found suitable version "3.10.12", minimum required is "3.6") 
[1.817s] -- Found python_cmake_module: 0.10.0 (/opt/ros/humble/share/python_cmake_module/cmake)
[1.838s] -- Found PythonLibs: /usr/lib/x86_64-linux-gnu/libpython3.10.so (found suitable version "3.10.12", minimum required is "3.5") 
[1.838s] -- Using PYTHON_EXECUTABLE: /usr/bin/python3
[1.838s] -- Using PYTHON_INCLUDE_DIRS: /usr/include/python3.10
[1.838s] -- Using PYTHON_LIBRARIES: /usr/lib/x86_64-linux-gnu/libpython3.10.so
[1.851s] -- Found PythonExtra: .so  
[1.914s] [0mCMake Deprecation Warning at /opt/ros/humble/share/rosidl_cmake/cmake/rosidl_target_interfaces.cmake:32 (message):
[1.914s]   Use rosidl_get_typesupport_target() and target_link_libraries() instead of
[1.914s]   rosidl_target_interfaces()
[1.914s] Call Stack (most recent call first):
[1.914s]   CMakeLists.txt:38 (rosidl_target_interfaces)
[1.914s] 
[1.914s] [0m
[1.920s] -- Found ament_lint_auto: 0.12.11 (/opt/ros/humble/share/ament_lint_auto/cmake)
[1.926s] -- Configuring done
[1.949s] -- Generating done
[1.950s] -- Build files have been written to: /home/keerthibaalan/ROS2_Workspace/ros2industrial_ws/build/fake_ar_publisher
[1.957s] Invoked command in '/home/keerthibaalan/ROS2_Workspace/ros2industrial_ws/build/fake_ar_publisher' returned '0': CMAKE_PREFIX_PATH=${CMAKE_PREFIX_PATH}:/home/keerthibaalan/ws_moveit/install/moveit_configs_utils:/opt/ros/humble /usr/bin/cmake /home/keerthibaalan/ROS2_Workspace/ros2industrial_ws/src/fake_ar_publisher -DCMAKE_INSTALL_PREFIX=/home/keerthibaalan/ROS2_Workspace/ros2industrial_ws/install/fake_ar_publisher
[1.958s] Invoking command in '/home/keerthibaalan/ROS2_Workspace/ros2industrial_ws/build/fake_ar_publisher': CMAKE_PREFIX_PATH=${CMAKE_PREFIX_PATH}:/home/keerthibaalan/ws_moveit/install/moveit_configs_utils:/opt/ros/humble /usr/bin/cmake --build /home/keerthibaalan/ROS2_Workspace/ros2industrial_ws/build/fake_ar_publisher -- -j24 -l24
[2.001s] [  3%] [34m[1mGenerating C code for ROS interfaces[0m
[2.014s] [  6%] [34m[1mGenerating C++ code for ROS interfaces[0m
[2.022s] [  6%] Built target ament_cmake_python_copy_fake_ar_publisher
[2.146s] [  6%] Built target fake_ar_publisher__cpp
[2.147s] [  9%] [32mBuilding C object CMakeFiles/fake_ar_publisher__rosidl_generator_c.dir/rosidl_generator_c/fake_ar_publisher/msg/detail/ar_marker__functions.c.o[0m
[2.158s] [ 12%] [34m[1mGenerating C++ type support dispatch for ROS interfaces[0m
[2.158s] [ 15%] [34m[1mGenerating C++ introspection for ROS interfaces[0m
[2.158s] [ 18%] [34m[1mGenerating C++ type support for eProsima Fast-RTPS[0m
[2.170s] running egg_info
[2.170s] creating fake_ar_publisher.egg-info
[2.170s] writing fake_ar_publisher.egg-info/PKG-INFO
[2.170s] writing dependency_links to fake_ar_publisher.egg-info/dependency_links.txt
[2.170s] writing top-level names to fake_ar_publisher.egg-info/top_level.txt
[2.171s] writing manifest file 'fake_ar_publisher.egg-info/SOURCES.txt'
[2.172s] reading manifest file 'fake_ar_publisher.egg-info/SOURCES.txt'
[2.172s] writing manifest file 'fake_ar_publisher.egg-info/SOURCES.txt'
[2.187s] [ 21%] [32m[1mLinking C shared library libfake_ar_publisher__rosidl_generator_c.so[0m
[2.192s] [ 21%] Built target ament_cmake_python_build_fake_ar_publisher_egg
[2.222s] [ 21%] Built target fake_ar_publisher__rosidl_generator_c
[2.234s] [ 27%] [34m[1mGenerating C introspection for ROS interfaces[0m
[2.234s] [ 27%] [34m[1mGenerating C type support for eProsima Fast-RTPS[0m
[2.235s] [ 30%] [34m[1mGenerating C type support dispatch for ROS interfaces[0m
[2.280s] [ 33%] [32mBuilding CXX object CMakeFiles/fake_ar_publisher__rosidl_typesupport_cpp.dir/rosidl_typesupport_cpp/fake_ar_publisher/msg/ar_marker__type_support.cpp.o[0m
[2.292s] [ 36%] [32mBuilding CXX object CMakeFiles/fake_ar_publisher__rosidl_typesupport_introspection_cpp.dir/rosidl_typesupport_introspection_cpp/fake_ar_publisher/msg/detail/ar_marker__type_support.cpp.o[0m
[2.302s] [ 39%] [32mBuilding CXX object CMakeFiles/fake_ar_publisher__rosidl_typesupport_fastrtps_cpp.dir/rosidl_typesupport_fastrtps_cpp/fake_ar_publisher/msg/detail/dds_fastrtps/ar_marker__type_support.cpp.o[0m
[2.360s] [ 42%] [32mBuilding CXX object CMakeFiles/fake_ar_publisher__rosidl_typesupport_c.dir/rosidl_typesupport_c/fake_ar_publisher/msg/ar_marker__type_support.cpp.o[0m
[2.376s] [ 45%] [32mBuilding C object CMakeFiles/fake_ar_publisher__rosidl_typesupport_introspection_c.dir/rosidl_typesupport_introspection_c/fake_ar_publisher/msg/detail/ar_marker__type_support.c.o[0m
[2.376s] [ 48%] [32mBuilding CXX object CMakeFiles/fake_ar_publisher__rosidl_typesupport_fastrtps_c.dir/rosidl_typesupport_fastrtps_c/fake_ar_publisher/msg/detail/ar_marker__type_support_c.cpp.o[0m
[2.389s] [ 51%] [32m[1mLinking CXX shared library libfake_ar_publisher__rosidl_typesupport_c.so[0m
[2.410s] [ 54%] [32m[1mLinking C shared library libfake_ar_publisher__rosidl_typesupport_introspection_c.so[0m
[2.422s] [ 57%] [32m[1mLinking CXX shared library libfake_ar_publisher__rosidl_typesupport_cpp.so[0m
[2.426s] [ 57%] Built target fake_ar_publisher__rosidl_typesupport_c
[2.442s] [ 57%] Built target fake_ar_publisher__rosidl_typesupport_introspection_c
[2.458s] [ 57%] Built target fake_ar_publisher__rosidl_typesupport_cpp
[2.498s] [ 60%] [32m[1mLinking CXX shared library libfake_ar_publisher__rosidl_typesupport_introspection_cpp.so[0m
[2.502s] [ 63%] [32m[1mLinking CXX shared library libfake_ar_publisher__rosidl_typesupport_fastrtps_cpp.so[0m
[2.551s] [ 66%] [32m[1mLinking CXX shared library libfake_ar_publisher__rosidl_typesupport_fastrtps_c.so[0m
[2.551s] [ 66%] Built target fake_ar_publisher__rosidl_typesupport_introspection_cpp
[2.556s] [ 66%] Built target fake_ar_publisher__rosidl_typesupport_fastrtps_cpp
[2.603s] [ 66%] Built target fake_ar_publisher__rosidl_typesupport_fastrtps_c
[2.627s] [ 66%] Built target fake_ar_publisher
[2.651s] [ 69%] [34m[1mGenerating Python code for ROS interfaces[0m
[2.652s] [ 72%] [32mBuilding CXX object CMakeFiles/fake_ar_publisher_node.dir/src/fake_ar_publisher.cpp.o[0m
[2.810s] [ 72%] Built target fake_ar_publisher__py
[2.832s] [ 75%] [32mBuilding C object CMakeFiles/fake_ar_publisher__rosidl_generator_py.dir/rosidl_generator_py/fake_ar_publisher/msg/_ar_marker_s.c.o[0m
[2.910s] [ 78%] [32m[1mLinking C shared library rosidl_generator_py/fake_ar_publisher/libfake_ar_publisher__rosidl_generator_py.so[0m
[2.945s] [ 78%] Built target fake_ar_publisher__rosidl_generator_py
[2.968s] [ 84%] [32mBuilding C object CMakeFiles/fake_ar_publisher__rosidl_typesupport_introspection_c__pyext.dir/rosidl_generator_py/fake_ar_publisher/_fake_ar_publisher_s.ep.rosidl_typesupport_introspection_c.c.o[0m
[2.968s] [ 84%] [32mBuilding C object CMakeFiles/fake_ar_publisher__rosidl_typesupport_fastrtps_c__pyext.dir/rosidl_generator_py/fake_ar_publisher/_fake_ar_publisher_s.ep.rosidl_typesupport_fastrtps_c.c.o[0m
[2.971s] [ 87%] [32mBuilding C object CMakeFiles/fake_ar_publisher__rosidl_typesupport_c__pyext.dir/rosidl_generator_py/fake_ar_publisher/_fake_ar_publisher_s.ep.rosidl_typesupport_c.c.o[0m
[3.035s] [ 93%] [32m[1mLinking C shared library rosidl_generator_py/fake_ar_publisher/fake_ar_publisher_s__rosidl_typesupport_fastrtps_c.cpython-310-x86_64-linux-gnu.so[0m
[3.035s] [ 93%] [32m[1mLinking C shared library rosidl_generator_py/fake_ar_publisher/fake_ar_publisher_s__rosidl_typesupport_introspection_c.cpython-310-x86_64-linux-gnu.so[0m
[3.037s] [ 96%] [32m[1mLinking C shared library rosidl_generator_py/fake_ar_publisher/fake_ar_publisher_s__rosidl_typesupport_c.cpython-310-x86_64-linux-gnu.so[0m
[3.071s] [ 96%] Built target fake_ar_publisher__rosidl_typesupport_fastrtps_c__pyext
[3.071s] [ 96%] Built target fake_ar_publisher__rosidl_typesupport_introspection_c__pyext
[3.074s] [ 96%] Built target fake_ar_publisher__rosidl_typesupport_c__pyext
[4.964s] [100%] [32m[1mLinking CXX executable fake_ar_publisher_node[0m
[5.085s] [100%] Built target fake_ar_publisher_node
[5.096s] Invoked command in '/home/keerthibaalan/ROS2_Workspace/ros2industrial_ws/build/fake_ar_publisher' returned '0': CMAKE_PREFIX_PATH=${CMAKE_PREFIX_PATH}:/home/keerthibaalan/ws_moveit/install/moveit_configs_utils:/opt/ros/humble /usr/bin/cmake --build /home/keerthibaalan/ROS2_Workspace/ros2industrial_ws/build/fake_ar_publisher -- -j24 -l24
[5.208s] Invoking command in '/home/keerthibaalan/ROS2_Workspace/ros2industrial_ws/build/fake_ar_publisher': CMAKE_PREFIX_PATH=${CMAKE_PREFIX_PATH}:/home/keerthibaalan/ws_moveit/install/moveit_configs_utils:/opt/ros/humble /usr/bin/cmake --install /home/keerthibaalan/ROS2_Workspace/ros2industrial_ws/build/fake_ar_publisher
[5.216s] -- Install configuration: ""
[5.217s] -- Installing: /home/keerthibaalan/ROS2_Workspace/ros2industrial_ws/install/fake_ar_publisher/share/ament_index/resource_index/rosidl_interfaces/fake_ar_publisher
[5.217s] -- Installing: /home/keerthibaalan/ROS2_Workspace/ros2industrial_ws/install/fake_ar_publisher/include/fake_ar_publisher/fake_ar_publisher
[5.217s] -- Installing: /home/keerthibaalan/ROS2_Workspace/ros2industrial_ws/install/fake_ar_publisher/include/fake_ar_publisher/fake_ar_publisher/msg
[5.217s] -- Installing: /home/keerthibaalan/ROS2_Workspace/ros2industrial_ws/install/fake_ar_publisher/include/fake_ar_publisher/fake_ar_publisher/msg/ar_marker.h
[5.217s] -- Installing: /home/keerthibaalan/ROS2_Workspace/ros2industrial_ws/install/fake_ar_publisher/include/fake_ar_publisher/fake_ar_publisher/msg/rosidl_generator_c__visibility_control.h
[5.217s] -- Installing: /home/keerthibaalan/ROS2_Workspace/ros2industrial_ws/install/fake_ar_publisher/include/fake_ar_publisher/fake_ar_publisher/msg/detail
[5.217s] -- Installing: /home/keerthibaalan/ROS2_Workspace/ros2industrial_ws/install/fake_ar_publisher/include/fake_ar_publisher/fake_ar_publisher/msg/detail/ar_marker__struct.h
[5.217s] -- Installing: /home/keerthibaalan/ROS2_Workspace/ros2industrial_ws/install/fake_ar_publisher/include/fake_ar_publisher/fake_ar_publisher/msg/detail/ar_marker__type_support.h
[5.217s] -- Installing: /home/keerthibaalan/ROS2_Workspace/ros2industrial_ws/install/fake_ar_publisher/include/fake_ar_publisher/fake_ar_publisher/msg/detail/ar_marker__functions.h
[5.217s] -- Installing: /home/keerthibaalan/ROS2_Workspace/ros2industrial_ws/install/fake_ar_publisher/include/fake_ar_publisher/fake_ar_publisher/msg/detail/ar_marker__functions.c
[5.217s] -- Installing: /home/keerthibaalan/ROS2_Workspace/ros2industrial_ws/install/fake_ar_publisher/share/fake_ar_publisher/environment/library_path.sh
[5.217s] -- Installing: /home/keerthibaalan/ROS2_Workspace/ros2industrial_ws/install/fake_ar_publisher/share/fake_ar_publisher/environment/library_path.dsv
[5.218s] -- Installing: /home/keerthibaalan/ROS2_Workspace/ros2industrial_ws/install/fake_ar_publisher/lib/libfake_ar_publisher__rosidl_generator_c.so
[5.218s] -- Set runtime path of "/home/keerthibaalan/ROS2_Workspace/ros2industrial_ws/install/fake_ar_publisher/lib/libfake_ar_publisher__rosidl_generator_c.so" to ""
[5.218s] -- Up-to-date: /home/keerthibaalan/ROS2_Workspace/ros2industrial_ws/install/fake_ar_publisher/include/fake_ar_publisher/fake_ar_publisher
[5.218s] -- Up-to-date: /home/keerthibaalan/ROS2_Workspace/ros2industrial_ws/install/fake_ar_publisher/include/fake_ar_publisher/fake_ar_publisher/msg
[5.218s] -- Installing: /home/keerthibaalan/ROS2_Workspace/ros2industrial_ws/install/fake_ar_publisher/include/fake_ar_publisher/fake_ar_publisher/msg/rosidl_typesupport_fastrtps_c__visibility_control.h
[5.218s] -- Up-to-date: /home/keerthibaalan/ROS2_Workspace/ros2industrial_ws/install/fake_ar_publisher/include/fake_ar_publisher/fake_ar_publisher/msg/detail
[5.218s] -- Installing: /home/keerthibaalan/ROS2_Workspace/ros2industrial_ws/install/fake_ar_publisher/include/fake_ar_publisher/fake_ar_publisher/msg/detail/ar_marker__rosidl_typesupport_fastrtps_c.h
[5.218s] -- Installing: /home/keerthibaalan/ROS2_Workspace/ros2industrial_ws/install/fake_ar_publisher/lib/libfake_ar_publisher__rosidl_typesupport_fastrtps_c.so
[5.218s] -- Set runtime path of "/home/keerthibaalan/ROS2_Workspace/ros2industrial_ws/install/fake_ar_publisher/lib/libfake_ar_publisher__rosidl_typesupport_fastrtps_c.so" to ""
[5.218s] -- Up-to-date: /home/keerthibaalan/ROS2_Workspace/ros2industrial_ws/install/fake_ar_publisher/include/fake_ar_publisher/fake_ar_publisher
[5.218s] -- Up-to-date: /home/keerthibaalan/ROS2_Workspace/ros2industrial_ws/install/fake_ar_publisher/include/fake_ar_publisher/fake_ar_publisher/msg
[5.218s] -- Installing: /home/keerthibaalan/ROS2_Workspace/ros2industrial_ws/install/fake_ar_publisher/include/fake_ar_publisher/fake_ar_publisher/msg/ar_marker.hpp
[5.218s] -- Up-to-date: /home/keerthibaalan/ROS2_Workspace/ros2industrial_ws/install/fake_ar_publisher/include/fake_ar_publisher/fake_ar_publisher/msg/detail
[5.218s] -- Installing: /home/keerthibaalan/ROS2_Workspace/ros2industrial_ws/install/fake_ar_publisher/include/fake_ar_publisher/fake_ar_publisher/msg/detail/ar_marker__traits.hpp
[5.219s] -- Installing: /home/keerthibaalan/ROS2_Workspace/ros2industrial_ws/install/fake_ar_publisher/include/fake_ar_publisher/fake_ar_publisher/msg/detail/ar_marker__builder.hpp
[5.219s] -- Installing: /home/keerthibaalan/ROS2_Workspace/ros2industrial_ws/install/fake_ar_publisher/include/fake_ar_publisher/fake_ar_publisher/msg/detail/ar_marker__struct.hpp
[5.219s] -- Up-to-date: /home/keerthibaalan/ROS2_Workspace/ros2industrial_ws/install/fake_ar_publisher/include/fake_ar_publisher/fake_ar_publisher
[5.219s] -- Up-to-date: /home/keerthibaalan/ROS2_Workspace/ros2industrial_ws/install/fake_ar_publisher/include/fake_ar_publisher/fake_ar_publisher/msg
[5.219s] -- Installing: /home/keerthibaalan/ROS2_Workspace/ros2industrial_ws/install/fake_ar_publisher/include/fake_ar_publisher/fake_ar_publisher/msg/rosidl_typesupport_fastrtps_cpp__visibility_control.h
[5.219s] -- Up-to-date: /home/keerthibaalan/ROS2_Workspace/ros2industrial_ws/install/fake_ar_publisher/include/fake_ar_publisher/fake_ar_publisher/msg/detail
[5.219s] -- Installing: /home/keerthibaalan/ROS2_Workspace/ros2industrial_ws/install/fake_ar_publisher/include/fake_ar_publisher/fake_ar_publisher/msg/detail/ar_marker__rosidl_typesupport_fastrtps_cpp.hpp
[5.219s] -- Installing: /home/keerthibaalan/ROS2_Workspace/ros2industrial_ws/install/fake_ar_publisher/include/fake_ar_publisher/fake_ar_publisher/msg/detail/dds_fastrtps
[5.219s] -- Installing: /home/keerthibaalan/ROS2_Workspace/ros2industrial_ws/install/fake_ar_publisher/lib/libfake_ar_publisher__rosidl_typesupport_fastrtps_cpp.so
[5.219s] -- Set runtime path of "/home/keerthibaalan/ROS2_Workspace/ros2industrial_ws/install/fake_ar_publisher/lib/libfake_ar_publisher__rosidl_typesupport_fastrtps_cpp.so" to ""
[5.219s] -- Up-to-date: /home/keerthibaalan/ROS2_Workspace/ros2industrial_ws/install/fake_ar_publisher/include/fake_ar_publisher/fake_ar_publisher
[5.219s] -- Up-to-date: /home/keerthibaalan/ROS2_Workspace/ros2industrial_ws/install/fake_ar_publisher/include/fake_ar_publisher/fake_ar_publisher/msg
[5.219s] -- Installing: /home/keerthibaalan/ROS2_Workspace/ros2industrial_ws/install/fake_ar_publisher/include/fake_ar_publisher/fake_ar_publisher/msg/rosidl_typesupport_introspection_c__visibility_control.h
[5.219s] -- Up-to-date: /home/keerthibaalan/ROS2_Workspace/ros2industrial_ws/install/fake_ar_publisher/include/fake_ar_publisher/fake_ar_publisher/msg/detail
[5.219s] -- Installing: /home/keerthibaalan/ROS2_Workspace/ros2industrial_ws/install/fake_ar_publisher/include/fake_ar_publisher/fake_ar_publisher/msg/detail/ar_marker__rosidl_typesupport_introspection_c.h
[5.220s] -- Installing: /home/keerthibaalan/ROS2_Workspace/ros2industrial_ws/install/fake_ar_publisher/include/fake_ar_publisher/fake_ar_publisher/msg/detail/ar_marker__type_support.c
[5.220s] -- Installing: /home/keerthibaalan/ROS2_Workspace/ros2industrial_ws/install/fake_ar_publisher/lib/libfake_ar_publisher__rosidl_typesupport_introspection_c.so
[5.220s] -- Set runtime path of "/home/keerthibaalan/ROS2_Workspace/ros2industrial_ws/install/fake_ar_publisher/lib/libfake_ar_publisher__rosidl_typesupport_introspection_c.so" to ""
[5.220s] -- Installing: /home/keerthibaalan/ROS2_Workspace/ros2industrial_ws/install/fake_ar_publisher/lib/libfake_ar_publisher__rosidl_typesupport_c.so
[5.220s] -- Set runtime path of "/home/keerthibaalan/ROS2_Workspace/ros2industrial_ws/install/fake_ar_publisher/lib/libfake_ar_publisher__rosidl_typesupport_c.so" to ""
[5.220s] -- Up-to-date: /home/keerthibaalan/ROS2_Workspace/ros2industrial_ws/install/fake_ar_publisher/include/fake_ar_publisher/fake_ar_publisher
[5.220s] -- Up-to-date: /home/keerthibaalan/ROS2_Workspace/ros2industrial_ws/install/fake_ar_publisher/include/fake_ar_publisher/fake_ar_publisher/msg
[5.220s] -- Up-to-date: /home/keerthibaalan/ROS2_Workspace/ros2industrial_ws/install/fake_ar_publisher/include/fake_ar_publisher/fake_ar_publisher/msg/detail
[5.220s] -- Installing: /home/keerthibaalan/ROS2_Workspace/ros2industrial_ws/install/fake_ar_publisher/include/fake_ar_publisher/fake_ar_publisher/msg/detail/ar_marker__type_support.cpp
[5.220s] -- Installing: /home/keerthibaalan/ROS2_Workspace/ros2industrial_ws/install/fake_ar_publisher/include/fake_ar_publisher/fake_ar_publisher/msg/detail/ar_marker__rosidl_typesupport_introspection_cpp.hpp
[5.220s] -- Installing: /home/keerthibaalan/ROS2_Workspace/ros2industrial_ws/install/fake_ar_publisher/lib/libfake_ar_publisher__rosidl_typesupport_introspection_cpp.so
[5.221s] -- Set runtime path of "/home/keerthibaalan/ROS2_Workspace/ros2industrial_ws/install/fake_ar_publisher/lib/libfake_ar_publisher__rosidl_typesupport_introspection_cpp.so" to ""
[5.221s] -- Installing: /home/keerthibaalan/ROS2_Workspace/ros2industrial_ws/install/fake_ar_publisher/lib/libfake_ar_publisher__rosidl_typesupport_cpp.so
[5.221s] -- Set runtime path of "/home/keerthibaalan/ROS2_Workspace/ros2industrial_ws/install/fake_ar_publisher/lib/libfake_ar_publisher__rosidl_typesupport_cpp.so" to ""
[5.221s] -- Installing: /home/keerthibaalan/ROS2_Workspace/ros2industrial_ws/install/fake_ar_publisher/share/fake_ar_publisher/environment/pythonpath.sh
[5.221s] -- Installing: /home/keerthibaalan/ROS2_Workspace/ros2industrial_ws/install/fake_ar_publisher/share/fake_ar_publisher/environment/pythonpath.dsv
[5.221s] -- Installing: /home/keerthibaalan/ROS2_Workspace/ros2industrial_ws/install/fake_ar_publisher/local/lib/python3.10/dist-packages/fake_ar_publisher-0.0.0-py3.10.egg-info
[5.221s] -- Installing: /home/keerthibaalan/ROS2_Workspace/ros2industrial_ws/install/fake_ar_publisher/local/lib/python3.10/dist-packages/fake_ar_publisher-0.0.0-py3.10.egg-info/SOURCES.txt
[5.221s] -- Installing: /home/keerthibaalan/ROS2_Workspace/ros2industrial_ws/install/fake_ar_publisher/local/lib/python3.10/dist-packages/fake_ar_publisher-0.0.0-py3.10.egg-info/PKG-INFO
[5.221s] -- Installing: /home/keerthibaalan/ROS2_Workspace/ros2industrial_ws/install/fake_ar_publisher/local/lib/python3.10/dist-packages/fake_ar_publisher-0.0.0-py3.10.egg-info/top_level.txt
[5.221s] -- Installing: /home/keerthibaalan/ROS2_Workspace/ros2industrial_ws/install/fake_ar_publisher/local/lib/python3.10/dist-packages/fake_ar_publisher-0.0.0-py3.10.egg-info/dependency_links.txt
[5.221s] -- Installing: /home/keerthibaalan/ROS2_Workspace/ros2industrial_ws/install/fake_ar_publisher/local/lib/python3.10/dist-packages/fake_ar_publisher
[5.221s] -- Installing: /home/keerthibaalan/ROS2_Workspace/ros2industrial_ws/install/fake_ar_publisher/local/lib/python3.10/dist-packages/fake_ar_publisher/libfake_ar_publisher__rosidl_generator_py.so
[5.222s] -- Installing: /home/keerthibaalan/ROS2_Workspace/ros2industrial_ws/install/fake_ar_publisher/local/lib/python3.10/dist-packages/fake_ar_publisher/_fake_ar_publisher_s.ep.rosidl_typesupport_c.c
[5.222s] -- Installing: /home/keerthibaalan/ROS2_Workspace/ros2industrial_ws/install/fake_ar_publisher/local/lib/python3.10/dist-packages/fake_ar_publisher/fake_ar_publisher_s__rosidl_typesupport_fastrtps_c.cpython-310-x86_64-linux-gnu.so
[5.222s] -- Installing: /home/keerthibaalan/ROS2_Workspace/ros2industrial_ws/install/fake_ar_publisher/local/lib/python3.10/dist-packages/fake_ar_publisher/msg
[5.222s] -- Installing: /home/keerthibaalan/ROS2_Workspace/ros2industrial_ws/install/fake_ar_publisher/local/lib/python3.10/dist-packages/fake_ar_publisher/msg/_ar_marker.py
[5.222s] -- Installing: /home/keerthibaalan/ROS2_Workspace/ros2industrial_ws/install/fake_ar_publisher/local/lib/python3.10/dist-packages/fake_ar_publisher/msg/_ar_marker_s.c
[5.222s] -- Installing: /home/keerthibaalan/ROS2_Workspace/ros2industrial_ws/install/fake_ar_publisher/local/lib/python3.10/dist-packages/fake_ar_publisher/msg/__init__.py
[5.222s] -- Installing: /home/keerthibaalan/ROS2_Workspace/ros2industrial_ws/install/fake_ar_publisher/local/lib/python3.10/dist-packages/fake_ar_publisher/fake_ar_publisher_s__rosidl_typesupport_c.cpython-310-x86_64-linux-gnu.so
[5.222s] -- Installing: /home/keerthibaalan/ROS2_Workspace/ros2industrial_ws/install/fake_ar_publisher/local/lib/python3.10/dist-packages/fake_ar_publisher/__init__.py
[5.222s] -- Installing: /home/keerthibaalan/ROS2_Workspace/ros2industrial_ws/install/fake_ar_publisher/local/lib/python3.10/dist-packages/fake_ar_publisher/_fake_ar_publisher_s.ep.rosidl_typesupport_fastrtps_c.c
[5.222s] -- Installing: /home/keerthibaalan/ROS2_Workspace/ros2industrial_ws/install/fake_ar_publisher/local/lib/python3.10/dist-packages/fake_ar_publisher/_fake_ar_publisher_s.ep.rosidl_typesupport_introspection_c.c
[5.222s] -- Installing: /home/keerthibaalan/ROS2_Workspace/ros2industrial_ws/install/fake_ar_publisher/local/lib/python3.10/dist-packages/fake_ar_publisher/fake_ar_publisher_s__rosidl_typesupport_introspection_c.cpython-310-x86_64-linux-gnu.so
[5.243s] Listing '/home/keerthibaalan/ROS2_Workspace/ros2industrial_ws/install/fake_ar_publisher/local/lib/python3.10/dist-packages/fake_ar_publisher'...
[5.244s] Compiling '/home/keerthibaalan/ROS2_Workspace/ros2industrial_ws/install/fake_ar_publisher/local/lib/python3.10/dist-packages/fake_ar_publisher/__init__.py'...
[5.244s] Listing '/home/keerthibaalan/ROS2_Workspace/ros2industrial_ws/install/fake_ar_publisher/local/lib/python3.10/dist-packages/fake_ar_publisher/msg'...
[5.244s] Compiling '/home/keerthibaalan/ROS2_Workspace/ros2industrial_ws/install/fake_ar_publisher/local/lib/python3.10/dist-packages/fake_ar_publisher/msg/__init__.py'...
[5.244s] Compiling '/home/keerthibaalan/ROS2_Workspace/ros2industrial_ws/install/fake_ar_publisher/local/lib/python3.10/dist-packages/fake_ar_publisher/msg/_ar_marker.py'...
[5.246s] -- Installing: /home/keerthibaalan/ROS2_Workspace/ros2industrial_ws/install/fake_ar_publisher/local/lib/python3.10/dist-packages/fake_ar_publisher/fake_ar_publisher_s__rosidl_typesupport_fastrtps_c.cpython-310-x86_64-linux-gnu.so
[5.246s] -- Set runtime path of "/home/keerthibaalan/ROS2_Workspace/ros2industrial_ws/install/fake_ar_publisher/local/lib/python3.10/dist-packages/fake_ar_publisher/fake_ar_publisher_s__rosidl_typesupport_fastrtps_c.cpython-310-x86_64-linux-gnu.so" to ""
[5.246s] -- Installing: /home/keerthibaalan/ROS2_Workspace/ros2industrial_ws/install/fake_ar_publisher/local/lib/python3.10/dist-packages/fake_ar_publisher/fake_ar_publisher_s__rosidl_typesupport_introspection_c.cpython-310-x86_64-linux-gnu.so
[5.246s] -- Set runtime path of "/home/keerthibaalan/ROS2_Workspace/ros2industrial_ws/install/fake_ar_publisher/local/lib/python3.10/dist-packages/fake_ar_publisher/fake_ar_publisher_s__rosidl_typesupport_introspection_c.cpython-310-x86_64-linux-gnu.so" to ""
[5.246s] -- Installing: /home/keerthibaalan/ROS2_Workspace/ros2industrial_ws/install/fake_ar_publisher/local/lib/python3.10/dist-packages/fake_ar_publisher/fake_ar_publisher_s__rosidl_typesupport_c.cpython-310-x86_64-linux-gnu.so
[5.247s] -- Set runtime path of "/home/keerthibaalan/ROS2_Workspace/ros2industrial_ws/install/fake_ar_publisher/local/lib/python3.10/dist-packages/fake_ar_publisher/fake_ar_publisher_s__rosidl_typesupport_c.cpython-310-x86_64-linux-gnu.so" to ""
[5.247s] -- Installing: /home/keerthibaalan/ROS2_Workspace/ros2industrial_ws/install/fake_ar_publisher/lib/libfake_ar_publisher__rosidl_generator_py.so
[5.247s] -- Set runtime path of "/home/keerthibaalan/ROS2_Workspace/ros2industrial_ws/install/fake_ar_publisher/lib/libfake_ar_publisher__rosidl_generator_py.so" to ""
[5.247s] -- Installing: /home/keerthibaalan/ROS2_Workspace/ros2industrial_ws/install/fake_ar_publisher/share/fake_ar_publisher/msg/ARMarker.idl
[5.247s] -- Installing: /home/keerthibaalan/ROS2_Workspace/ros2industrial_ws/install/fake_ar_publisher/share/fake_ar_publisher/msg/ARMarker.msg
[5.247s] -- Installing: /home/keerthibaalan/ROS2_Workspace/ros2industrial_ws/install/fake_ar_publisher/lib/fake_ar_publisher/fake_ar_publisher_node
[5.248s] -- Set runtime path of "/home/keerthibaalan/ROS2_Workspace/ros2industrial_ws/install/fake_ar_publisher/lib/fake_ar_publisher/fake_ar_publisher_node" to ""
[5.248s] -- Installing: /home/keerthibaalan/ROS2_Workspace/ros2industrial_ws/install/fake_ar_publisher/share/ament_index/resource_index/package_run_dependencies/fake_ar_publisher
[5.249s] -- Installing: /home/keerthibaalan/ROS2_Workspace/ros2industrial_ws/install/fake_ar_publisher/share/ament_index/resource_index/parent_prefix_path/fake_ar_publisher
[5.249s] -- Installing: /home/keerthibaalan/ROS2_Workspace/ros2industrial_ws/install/fake_ar_publisher/share/fake_ar_publisher/environment/ament_prefix_path.sh
[5.249s] -- Installing: /home/keerthibaalan/ROS2_Workspace/ros2industrial_ws/install/fake_ar_publisher/share/fake_ar_publisher/environment/ament_prefix_path.dsv
[5.249s] -- Installing: /home/keerthibaalan/ROS2_Workspace/ros2industrial_ws/install/fake_ar_publisher/share/fake_ar_publisher/environment/path.sh
[5.249s] -- Installing: /home/keerthibaalan/ROS2_Workspace/ros2industrial_ws/install/fake_ar_publisher/share/fake_ar_publisher/environment/path.dsv
[5.249s] -- Installing: /home/keerthibaalan/ROS2_Workspace/ros2industrial_ws/install/fake_ar_publisher/share/fake_ar_publisher/local_setup.bash
[5.249s] -- Installing: /home/keerthibaalan/ROS2_Workspace/ros2industrial_ws/install/fake_ar_publisher/share/fake_ar_publisher/local_setup.sh
[5.249s] -- Installing: /home/keerthibaalan/ROS2_Workspace/ros2industrial_ws/install/fake_ar_publisher/share/fake_ar_publisher/local_setup.zsh
[5.249s] -- Installing: /home/keerthibaalan/ROS2_Workspace/ros2industrial_ws/install/fake_ar_publisher/share/fake_ar_publisher/local_setup.dsv
[5.249s] -- Installing: /home/keerthibaalan/ROS2_Workspace/ros2industrial_ws/install/fake_ar_publisher/share/fake_ar_publisher/package.dsv
[5.249s] -- Installing: /home/keerthibaalan/ROS2_Workspace/ros2industrial_ws/install/fake_ar_publisher/share/ament_index/resource_index/packages/fake_ar_publisher
[5.250s] -- Installing: /home/keerthibaalan/ROS2_Workspace/ros2industrial_ws/install/fake_ar_publisher/share/fake_ar_publisher/cmake/export_fake_ar_publisher__rosidl_generator_cExport.cmake
[5.250s] -- Installing: /home/keerthibaalan/ROS2_Workspace/ros2industrial_ws/install/fake_ar_publisher/share/fake_ar_publisher/cmake/export_fake_ar_publisher__rosidl_generator_cExport-noconfig.cmake
[5.250s] -- Installing: /home/keerthibaalan/ROS2_Workspace/ros2industrial_ws/install/fake_ar_publisher/share/fake_ar_publisher/cmake/export_fake_ar_publisher__rosidl_typesupport_fastrtps_cExport.cmake
[5.250s] -- Installing: /home/keerthibaalan/ROS2_Workspace/ros2industrial_ws/install/fake_ar_publisher/share/fake_ar_publisher/cmake/export_fake_ar_publisher__rosidl_typesupport_fastrtps_cExport-noconfig.cmake
[5.250s] -- Installing: /home/keerthibaalan/ROS2_Workspace/ros2industrial_ws/install/fake_ar_publisher/share/fake_ar_publisher/cmake/export_fake_ar_publisher__rosidl_generator_cppExport.cmake
[5.250s] -- Installing: /home/keerthibaalan/ROS2_Workspace/ros2industrial_ws/install/fake_ar_publisher/share/fake_ar_publisher/cmake/export_fake_ar_publisher__rosidl_typesupport_fastrtps_cppExport.cmake
[5.250s] -- Installing: /home/keerthibaalan/ROS2_Workspace/ros2industrial_ws/install/fake_ar_publisher/share/fake_ar_publisher/cmake/export_fake_ar_publisher__rosidl_typesupport_fastrtps_cppExport-noconfig.cmake
[5.250s] -- Installing: /home/keerthibaalan/ROS2_Workspace/ros2industrial_ws/install/fake_ar_publisher/share/fake_ar_publisher/cmake/fake_ar_publisher__rosidl_typesupport_introspection_cExport.cmake
[5.250s] -- Installing: /home/keerthibaalan/ROS2_Workspace/ros2industrial_ws/install/fake_ar_publisher/share/fake_ar_publisher/cmake/fake_ar_publisher__rosidl_typesupport_introspection_cExport-noconfig.cmake
[5.250s] -- Installing: /home/keerthibaalan/ROS2_Workspace/ros2industrial_ws/install/fake_ar_publisher/share/fake_ar_publisher/cmake/fake_ar_publisher__rosidl_typesupport_cExport.cmake
[5.251s] -- Installing: /home/keerthibaalan/ROS2_Workspace/ros2industrial_ws/install/fake_ar_publisher/share/fake_ar_publisher/cmake/fake_ar_publisher__rosidl_typesupport_cExport-noconfig.cmake
[5.251s] -- Installing: /home/keerthibaalan/ROS2_Workspace/ros2industrial_ws/install/fake_ar_publisher/share/fake_ar_publisher/cmake/fake_ar_publisher__rosidl_typesupport_introspection_cppExport.cmake
[5.251s] -- Installing: /home/keerthibaalan/ROS2_Workspace/ros2industrial_ws/install/fake_ar_publisher/share/fake_ar_publisher/cmake/fake_ar_publisher__rosidl_typesupport_introspection_cppExport-noconfig.cmake
[5.251s] -- Installing: /home/keerthibaalan/ROS2_Workspace/ros2industrial_ws/install/fake_ar_publisher/share/fake_ar_publisher/cmake/fake_ar_publisher__rosidl_typesupport_cppExport.cmake
[5.251s] -- Installing: /home/keerthibaalan/ROS2_Workspace/ros2industrial_ws/install/fake_ar_publisher/share/fake_ar_publisher/cmake/fake_ar_publisher__rosidl_typesupport_cppExport-noconfig.cmake
[5.251s] -- Installing: /home/keerthibaalan/ROS2_Workspace/ros2industrial_ws/install/fake_ar_publisher/share/fake_ar_publisher/cmake/export_fake_ar_publisher__rosidl_generator_pyExport.cmake
[5.251s] -- Installing: /home/keerthibaalan/ROS2_Workspace/ros2industrial_ws/install/fake_ar_publisher/share/fake_ar_publisher/cmake/export_fake_ar_publisher__rosidl_generator_pyExport-noconfig.cmake
[5.251s] -- Installing: /home/keerthibaalan/ROS2_Workspace/ros2industrial_ws/install/fake_ar_publisher/share/fake_ar_publisher/cmake/rosidl_cmake-extras.cmake
[5.251s] -- Installing: /home/keerthibaalan/ROS2_Workspace/ros2industrial_ws/install/fake_ar_publisher/share/fake_ar_publisher/cmake/ament_cmake_export_dependencies-extras.cmake
[5.251s] -- Installing: /home/keerthibaalan/ROS2_Workspace/ros2industrial_ws/install/fake_ar_publisher/share/fake_ar_publisher/cmake/ament_cmake_export_include_directories-extras.cmake
[5.251s] -- Installing: /home/keerthibaalan/ROS2_Workspace/ros2industrial_ws/install/fake_ar_publisher/share/fake_ar_publisher/cmake/ament_cmake_export_libraries-extras.cmake
[5.252s] -- Installing: /home/keerthibaalan/ROS2_Workspace/ros2industrial_ws/install/fake_ar_publisher/share/fake_ar_publisher/cmake/ament_cmake_export_targets-extras.cmake
[5.252s] -- Installing: /home/keerthibaalan/ROS2_Workspace/ros2industrial_ws/install/fake_ar_publisher/share/fake_ar_publisher/cmake/rosidl_cmake_export_typesupport_targets-extras.cmake
[5.252s] -- Installing: /home/keerthibaalan/ROS2_Workspace/ros2industrial_ws/install/fake_ar_publisher/share/fake_ar_publisher/cmake/rosidl_cmake_export_typesupport_libraries-extras.cmake
[5.252s] -- Installing: /home/keerthibaalan/ROS2_Workspace/ros2industrial_ws/install/fake_ar_publisher/share/fake_ar_publisher/cmake/fake_ar_publisherConfig.cmake
[5.252s] -- Installing: /home/keerthibaalan/ROS2_Workspace/ros2industrial_ws/install/fake_ar_publisher/share/fake_ar_publisher/cmake/fake_ar_publisherConfig-version.cmake
[5.252s] -- Installing: /home/keerthibaalan/ROS2_Workspace/ros2industrial_ws/install/fake_ar_publisher/share/fake_ar_publisher/package.xml
[5.254s] Invoked command in '/home/keerthibaalan/ROS2_Workspace/ros2industrial_ws/build/fake_ar_publisher' returned '0': CMAKE_PREFIX_PATH=${CMAKE_PREFIX_PATH}:/home/keerthibaalan/ws_moveit/install/moveit_configs_utils:/opt/ros/humble /usr/bin/cmake --install /home/keerthibaalan/ROS2_Workspace/ros2industrial_ws/build/fake_ar_publisher
