-- Install configuration: ""
-- Up-to-date: /home/ros/ws_microros/install/asrs_description/share/asrs_description/config
-- Installing: /home/ros/ws_microros/install/asrs_description/share/asrs_description/config/display.rviz
-- Up-to-date: /home/ros/ws_microros/install/asrs_description/share/asrs_description/launch
-- Up-to-date: /home/ros/ws_microros/install/asrs_description/share/asrs_description/launch/display.launch
-- Installing: /home/ros/ws_microros/install/asrs_description/share/asrs_description/launch/rviz.launch.py
-- Up-to-date: /home/ros/ws_microros/install/asrs_description/share/asrs_description/urdf
-- Up-to-date: /home/ros/ws_microros/install/asrs_description/share/asrs_description/urdf/asrs_robot.urdf.xacro
-- Up-to-date: /home/ros/ws_microros/install/asrs_description/share/ament_index/resource_index/package_run_dependencies/asrs_description
-- Up-to-date: /home/ros/ws_microros/install/asrs_description/share/ament_index/resource_index/parent_prefix_path/asrs_description
-- Up-to-date: /home/ros/ws_microros/install/asrs_description/share/asrs_description/environment/ament_prefix_path.sh
-- Up-to-date: /home/ros/ws_microros/install/asrs_description/share/asrs_description/environment/ament_prefix_path.dsv
-- Up-to-date: /home/ros/ws_microros/install/asrs_description/share/asrs_description/environment/path.sh
-- Up-to-date: /home/ros/ws_microros/install/asrs_description/share/asrs_description/environment/path.dsv
-- Up-to-date: /home/ros/ws_microros/install/asrs_description/share/asrs_description/local_setup.bash
-- Up-to-date: /home/ros/ws_microros/install/asrs_description/share/asrs_description/local_setup.sh
-- Up-to-date: /home/ros/ws_microros/install/asrs_description/share/asrs_description/local_setup.zsh
-- Up-to-date: /home/ros/ws_microros/install/asrs_description/share/asrs_description/local_setup.dsv
-- Installing: /home/ros/ws_microros/install/asrs_description/share/asrs_description/package.dsv
-- Up-to-date: /home/ros/ws_microros/install/asrs_description/share/ament_index/resource_index/packages/asrs_description
-- Up-to-date: /home/ros/ws_microros/install/asrs_description/share/asrs_description/cmake/asrs_descriptionConfig.cmake
-- Up-to-date: /home/ros/ws_microros/install/asrs_description/share/asrs_description/cmake/asrs_descriptionConfig-version.cmake
-- Up-to-date: /home/ros/ws_microros/install/asrs_description/share/asrs_description/package.xml
