[  2%] Built target myworkcell_core__cpp
[ 11%] Built target myworkcell_core__rosidl_generator_c
[ 11%] Built target ament_cmake_python_copy_myworkcell_core
[ 20%] Built target myworkcell_core__rosidl_typesupport_fastrtps_cpp
[ 28%] Built target myworkcell_core__rosidl_typesupport_cpp
[ 37%] Built target myworkcell_core__rosidl_typesupport_introspection_cpp
[ 45%] Built target myworkcell_core__rosidl_typesupport_introspection_c
[ 62%] Built target myworkcell_core__rosidl_typesupport_c
[ 62%] Built target myworkcell_core__rosidl_typesupport_fastrtps_c
[35m[1mConsolidate compiler generated dependencies of target myworkcell_node[0m
[35m[1mConsolidate compiler generated dependencies of target vision_node[0m
[ 62%] Built target myworkcell_core
[ 65%] [32mBuilding CXX object CMakeFiles/myworkcell_node.dir/src/myworkcell_node.cpp.o[0m
[ 71%] Built target vision_node
[ 74%] Built target myworkcell_core__py
[ 80%] Built target myworkcell_core__rosidl_generator_py
[ 85%] Built target myworkcell_core__rosidl_typesupport_fastrtps_c__pyext
[ 97%] Built target myworkcell_core__rosidl_typesupport_c__pyext
[ 97%] Built target myworkcell_core__rosidl_typesupport_introspection_c__pyext
running egg_info
writing myworkcell_core.egg-info/PKG-INFO
writing dependency_links to myworkcell_core.egg-info/dependency_links.txt
writing top-level names to myworkcell_core.egg-info/top_level.txt
reading manifest file 'myworkcell_core.egg-info/SOURCES.txt'
writing manifest file 'myworkcell_core.egg-info/SOURCES.txt'
[ 97%] Built target ament_cmake_python_build_myworkcell_core_egg
[100%] [32m[1mLinking CXX executable myworkcell_node[0m
[100%] Built target myworkcell_node
-- Install configuration: ""
-- Up-to-date: /home/keerthibaalan/ROS2_Workspace/ros2industrial_ws/install/myworkcell_core/share/ament_index/resource_index/rosidl_interfaces/myworkcell_core
-- Up-to-date: /home/keerthibaalan/ROS2_Workspace/ros2industrial_ws/install/myworkcell_core/include/myworkcell_core/myworkcell_core
-- Up-to-date: /home/keerthibaalan/ROS2_Workspace/ros2industrial_ws/install/myworkcell_core/include/myworkcell_core/myworkcell_core/msg
-- Up-to-date: /home/keerthibaalan/ROS2_Workspace/ros2industrial_ws/install/myworkcell_core/include/myworkcell_core/myworkcell_core/msg/rosidl_generator_c__visibility_control.h
-- Up-to-date: /home/keerthibaalan/ROS2_Workspace/ros2industrial_ws/install/myworkcell_core/include/myworkcell_core/myworkcell_core/srv
-- Up-to-date: /home/keerthibaalan/ROS2_Workspace/ros2industrial_ws/install/myworkcell_core/include/myworkcell_core/myworkcell_core/srv/localize_part.h
-- Up-to-date: /home/keerthibaalan/ROS2_Workspace/ros2industrial_ws/install/myworkcell_core/include/myworkcell_core/myworkcell_core/srv/detail
-- Up-to-date: /home/keerthibaalan/ROS2_Workspace/ros2industrial_ws/install/myworkcell_core/include/myworkcell_core/myworkcell_core/srv/detail/localize_part__functions.c
-- Up-to-date: /home/keerthibaalan/ROS2_Workspace/ros2industrial_ws/install/myworkcell_core/include/myworkcell_core/myworkcell_core/srv/detail/localize_part__functions.h
-- Up-to-date: /home/keerthibaalan/ROS2_Workspace/ros2industrial_ws/install/myworkcell_core/include/myworkcell_core/myworkcell_core/srv/detail/localize_part__struct.h
-- Up-to-date: /home/keerthibaalan/ROS2_Workspace/ros2industrial_ws/install/myworkcell_core/include/myworkcell_core/myworkcell_core/srv/detail/localize_part__type_support.h
-- Up-to-date: /home/keerthibaalan/ROS2_Workspace/ros2industrial_ws/install/myworkcell_core/share/myworkcell_core/environment/library_path.sh
-- Up-to-date: /home/keerthibaalan/ROS2_Workspace/ros2industrial_ws/install/myworkcell_core/share/myworkcell_core/environment/library_path.dsv
-- Up-to-date: /home/keerthibaalan/ROS2_Workspace/ros2industrial_ws/install/myworkcell_core/lib/libmyworkcell_core__rosidl_generator_c.so
-- Up-to-date: /home/keerthibaalan/ROS2_Workspace/ros2industrial_ws/install/myworkcell_core/include/myworkcell_core/myworkcell_core
-- Up-to-date: /home/keerthibaalan/ROS2_Workspace/ros2industrial_ws/install/myworkcell_core/include/myworkcell_core/myworkcell_core/msg
-- Up-to-date: /home/keerthibaalan/ROS2_Workspace/ros2industrial_ws/install/myworkcell_core/include/myworkcell_core/myworkcell_core/msg/rosidl_typesupport_fastrtps_c__visibility_control.h
-- Up-to-date: /home/keerthibaalan/ROS2_Workspace/ros2industrial_ws/install/myworkcell_core/include/myworkcell_core/myworkcell_core/srv
-- Up-to-date: /home/keerthibaalan/ROS2_Workspace/ros2industrial_ws/install/myworkcell_core/include/myworkcell_core/myworkcell_core/srv/detail
-- Up-to-date: /home/keerthibaalan/ROS2_Workspace/ros2industrial_ws/install/myworkcell_core/include/myworkcell_core/myworkcell_core/srv/detail/localize_part__rosidl_typesupport_fastrtps_c.h
-- Up-to-date: /home/keerthibaalan/ROS2_Workspace/ros2industrial_ws/install/myworkcell_core/lib/libmyworkcell_core__rosidl_typesupport_fastrtps_c.so
-- Up-to-date: /home/keerthibaalan/ROS2_Workspace/ros2industrial_ws/install/myworkcell_core/include/myworkcell_core/myworkcell_core
-- Up-to-date: /home/keerthibaalan/ROS2_Workspace/ros2industrial_ws/install/myworkcell_core/include/myworkcell_core/myworkcell_core/srv
-- Up-to-date: /home/keerthibaalan/ROS2_Workspace/ros2industrial_ws/install/myworkcell_core/include/myworkcell_core/myworkcell_core/srv/localize_part.hpp
-- Up-to-date: /home/keerthibaalan/ROS2_Workspace/ros2industrial_ws/install/myworkcell_core/include/myworkcell_core/myworkcell_core/srv/detail
-- Up-to-date: /home/keerthibaalan/ROS2_Workspace/ros2industrial_ws/install/myworkcell_core/include/myworkcell_core/myworkcell_core/srv/detail/localize_part__traits.hpp
-- Up-to-date: /home/keerthibaalan/ROS2_Workspace/ros2industrial_ws/install/myworkcell_core/include/myworkcell_core/myworkcell_core/srv/detail/localize_part__struct.hpp
-- Up-to-date: /home/keerthibaalan/ROS2_Workspace/ros2industrial_ws/install/myworkcell_core/include/myworkcell_core/myworkcell_core/srv/detail/localize_part__builder.hpp
-- Up-to-date: /home/keerthibaalan/ROS2_Workspace/ros2industrial_ws/install/myworkcell_core/include/myworkcell_core/myworkcell_core
-- Up-to-date: /home/keerthibaalan/ROS2_Workspace/ros2industrial_ws/install/myworkcell_core/include/myworkcell_core/myworkcell_core/msg
-- Up-to-date: /home/keerthibaalan/ROS2_Workspace/ros2industrial_ws/install/myworkcell_core/include/myworkcell_core/myworkcell_core/msg/rosidl_typesupport_fastrtps_cpp__visibility_control.h
-- Up-to-date: /home/keerthibaalan/ROS2_Workspace/ros2industrial_ws/install/myworkcell_core/include/myworkcell_core/myworkcell_core/srv
-- Up-to-date: /home/keerthibaalan/ROS2_Workspace/ros2industrial_ws/install/myworkcell_core/include/myworkcell_core/myworkcell_core/srv/detail
-- Up-to-date: /home/keerthibaalan/ROS2_Workspace/ros2industrial_ws/install/myworkcell_core/include/myworkcell_core/myworkcell_core/srv/detail/localize_part__rosidl_typesupport_fastrtps_cpp.hpp
-- Up-to-date: /home/keerthibaalan/ROS2_Workspace/ros2industrial_ws/install/myworkcell_core/include/myworkcell_core/myworkcell_core/srv/detail/dds_fastrtps
-- Up-to-date: /home/keerthibaalan/ROS2_Workspace/ros2industrial_ws/install/myworkcell_core/lib/libmyworkcell_core__rosidl_typesupport_fastrtps_cpp.so
-- Up-to-date: /home/keerthibaalan/ROS2_Workspace/ros2industrial_ws/install/myworkcell_core/include/myworkcell_core/myworkcell_core
-- Up-to-date: /home/keerthibaalan/ROS2_Workspace/ros2industrial_ws/install/myworkcell_core/include/myworkcell_core/myworkcell_core/msg
-- Up-to-date: /home/keerthibaalan/ROS2_Workspace/ros2industrial_ws/install/myworkcell_core/include/myworkcell_core/myworkcell_core/msg/rosidl_typesupport_introspection_c__visibility_control.h
-- Up-to-date: /home/keerthibaalan/ROS2_Workspace/ros2industrial_ws/install/myworkcell_core/include/myworkcell_core/myworkcell_core/srv
-- Up-to-date: /home/keerthibaalan/ROS2_Workspace/ros2industrial_ws/install/myworkcell_core/include/myworkcell_core/myworkcell_core/srv/detail
-- Up-to-date: /home/keerthibaalan/ROS2_Workspace/ros2industrial_ws/install/myworkcell_core/include/myworkcell_core/myworkcell_core/srv/detail/localize_part__rosidl_typesupport_introspection_c.h
-- Up-to-date: /home/keerthibaalan/ROS2_Workspace/ros2industrial_ws/install/myworkcell_core/include/myworkcell_core/myworkcell_core/srv/detail/localize_part__type_support.c
-- Up-to-date: /home/keerthibaalan/ROS2_Workspace/ros2industrial_ws/install/myworkcell_core/lib/libmyworkcell_core__rosidl_typesupport_introspection_c.so
-- Up-to-date: /home/keerthibaalan/ROS2_Workspace/ros2industrial_ws/install/myworkcell_core/lib/libmyworkcell_core__rosidl_typesupport_c.so
-- Up-to-date: /home/keerthibaalan/ROS2_Workspace/ros2industrial_ws/install/myworkcell_core/include/myworkcell_core/myworkcell_core
-- Up-to-date: /home/keerthibaalan/ROS2_Workspace/ros2industrial_ws/install/myworkcell_core/include/myworkcell_core/myworkcell_core/srv
-- Up-to-date: /home/keerthibaalan/ROS2_Workspace/ros2industrial_ws/install/myworkcell_core/include/myworkcell_core/myworkcell_core/srv/detail
-- Up-to-date: /home/keerthibaalan/ROS2_Workspace/ros2industrial_ws/install/myworkcell_core/include/myworkcell_core/myworkcell_core/srv/detail/localize_part__type_support.cpp
-- Up-to-date: /home/keerthibaalan/ROS2_Workspace/ros2industrial_ws/install/myworkcell_core/include/myworkcell_core/myworkcell_core/srv/detail/localize_part__rosidl_typesupport_introspection_cpp.hpp
-- Up-to-date: /home/keerthibaalan/ROS2_Workspace/ros2industrial_ws/install/myworkcell_core/lib/libmyworkcell_core__rosidl_typesupport_introspection_cpp.so
-- Up-to-date: /home/keerthibaalan/ROS2_Workspace/ros2industrial_ws/install/myworkcell_core/lib/libmyworkcell_core__rosidl_typesupport_cpp.so
-- Up-to-date: /home/keerthibaalan/ROS2_Workspace/ros2industrial_ws/install/myworkcell_core/share/myworkcell_core/environment/pythonpath.sh
-- Up-to-date: /home/keerthibaalan/ROS2_Workspace/ros2industrial_ws/install/myworkcell_core/share/myworkcell_core/environment/pythonpath.dsv
-- Up-to-date: /home/keerthibaalan/ROS2_Workspace/ros2industrial_ws/install/myworkcell_core/local/lib/python3.10/dist-packages/myworkcell_core-0.0.0-py3.10.egg-info
-- Installing: /home/keerthibaalan/ROS2_Workspace/ros2industrial_ws/install/myworkcell_core/local/lib/python3.10/dist-packages/myworkcell_core-0.0.0-py3.10.egg-info/SOURCES.txt
-- Installing: /home/keerthibaalan/ROS2_Workspace/ros2industrial_ws/install/myworkcell_core/local/lib/python3.10/dist-packages/myworkcell_core-0.0.0-py3.10.egg-info/PKG-INFO
-- Installing: /home/keerthibaalan/ROS2_Workspace/ros2industrial_ws/install/myworkcell_core/local/lib/python3.10/dist-packages/myworkcell_core-0.0.0-py3.10.egg-info/top_level.txt
-- Installing: /home/keerthibaalan/ROS2_Workspace/ros2industrial_ws/install/myworkcell_core/local/lib/python3.10/dist-packages/myworkcell_core-0.0.0-py3.10.egg-info/dependency_links.txt
-- Up-to-date: /home/keerthibaalan/ROS2_Workspace/ros2industrial_ws/install/myworkcell_core/local/lib/python3.10/dist-packages/myworkcell_core
-- Up-to-date: /home/keerthibaalan/ROS2_Workspace/ros2industrial_ws/install/myworkcell_core/local/lib/python3.10/dist-packages/myworkcell_core/myworkcell_core_s__rosidl_typesupport_c.cpython-310-x86_64-linux-gnu.so
-- Up-to-date: /home/keerthibaalan/ROS2_Workspace/ros2industrial_ws/install/myworkcell_core/local/lib/python3.10/dist-packages/myworkcell_core/myworkcell_core_s__rosidl_typesupport_fastrtps_c.cpython-310-x86_64-linux-gnu.so
-- Up-to-date: /home/keerthibaalan/ROS2_Workspace/ros2industrial_ws/install/myworkcell_core/local/lib/python3.10/dist-packages/myworkcell_core/_myworkcell_core_s.ep.rosidl_typesupport_introspection_c.c
-- Up-to-date: /home/keerthibaalan/ROS2_Workspace/ros2industrial_ws/install/myworkcell_core/local/lib/python3.10/dist-packages/myworkcell_core/_myworkcell_core_s.ep.rosidl_typesupport_fastrtps_c.c
-- Up-to-date: /home/keerthibaalan/ROS2_Workspace/ros2industrial_ws/install/myworkcell_core/local/lib/python3.10/dist-packages/myworkcell_core/_myworkcell_core_s.ep.rosidl_typesupport_c.c
-- Up-to-date: /home/keerthibaalan/ROS2_Workspace/ros2industrial_ws/install/myworkcell_core/local/lib/python3.10/dist-packages/myworkcell_core/myworkcell_core_s__rosidl_typesupport_introspection_c.cpython-310-x86_64-linux-gnu.so
-- Up-to-date: /home/keerthibaalan/ROS2_Workspace/ros2industrial_ws/install/myworkcell_core/local/lib/python3.10/dist-packages/myworkcell_core/libmyworkcell_core__rosidl_generator_py.so
-- Up-to-date: /home/keerthibaalan/ROS2_Workspace/ros2industrial_ws/install/myworkcell_core/local/lib/python3.10/dist-packages/myworkcell_core/__init__.py
-- Up-to-date: /home/keerthibaalan/ROS2_Workspace/ros2industrial_ws/install/myworkcell_core/local/lib/python3.10/dist-packages/myworkcell_core/srv
-- Up-to-date: /home/keerthibaalan/ROS2_Workspace/ros2industrial_ws/install/myworkcell_core/local/lib/python3.10/dist-packages/myworkcell_core/srv/_localize_part.py
-- Up-to-date: /home/keerthibaalan/ROS2_Workspace/ros2industrial_ws/install/myworkcell_core/local/lib/python3.10/dist-packages/myworkcell_core/srv/__init__.py
-- Up-to-date: /home/keerthibaalan/ROS2_Workspace/ros2industrial_ws/install/myworkcell_core/local/lib/python3.10/dist-packages/myworkcell_core/srv/_localize_part_s.c
Listing '/home/keerthibaalan/ROS2_Workspace/ros2industrial_ws/install/myworkcell_core/local/lib/python3.10/dist-packages/myworkcell_core'...
Listing '/home/keerthibaalan/ROS2_Workspace/ros2industrial_ws/install/myworkcell_core/local/lib/python3.10/dist-packages/myworkcell_core/srv'...
-- Up-to-date: /home/keerthibaalan/ROS2_Workspace/ros2industrial_ws/install/myworkcell_core/local/lib/python3.10/dist-packages/myworkcell_core/myworkcell_core_s__rosidl_typesupport_fastrtps_c.cpython-310-x86_64-linux-gnu.so
-- Up-to-date: /home/keerthibaalan/ROS2_Workspace/ros2industrial_ws/install/myworkcell_core/local/lib/python3.10/dist-packages/myworkcell_core/myworkcell_core_s__rosidl_typesupport_introspection_c.cpython-310-x86_64-linux-gnu.so
-- Up-to-date: /home/keerthibaalan/ROS2_Workspace/ros2industrial_ws/install/myworkcell_core/local/lib/python3.10/dist-packages/myworkcell_core/myworkcell_core_s__rosidl_typesupport_c.cpython-310-x86_64-linux-gnu.so
-- Up-to-date: /home/keerthibaalan/ROS2_Workspace/ros2industrial_ws/install/myworkcell_core/lib/libmyworkcell_core__rosidl_generator_py.so
-- Up-to-date: /home/keerthibaalan/ROS2_Workspace/ros2industrial_ws/install/myworkcell_core/share/myworkcell_core/srv/LocalizePart.idl
-- Up-to-date: /home/keerthibaalan/ROS2_Workspace/ros2industrial_ws/install/myworkcell_core/share/myworkcell_core/srv/LocalizePart.srv
-- Up-to-date: /home/keerthibaalan/ROS2_Workspace/ros2industrial_ws/install/myworkcell_core/share/myworkcell_core/srv/LocalizePart_Request.msg
-- Up-to-date: /home/keerthibaalan/ROS2_Workspace/ros2industrial_ws/install/myworkcell_core/share/myworkcell_core/srv/LocalizePart_Response.msg
-- Up-to-date: /home/keerthibaalan/ROS2_Workspace/ros2industrial_ws/install/myworkcell_core/lib/myworkcell_core/vision_node
-- Installing: /home/keerthibaalan/ROS2_Workspace/ros2industrial_ws/install/myworkcell_core/lib/myworkcell_core/myworkcell_node
-- Set runtime path of "/home/keerthibaalan/ROS2_Workspace/ros2industrial_ws/install/myworkcell_core/lib/myworkcell_core/myworkcell_node" to ""
-- Up-to-date: /home/keerthibaalan/ROS2_Workspace/ros2industrial_ws/install/myworkcell_core/share/ament_index/resource_index/package_run_dependencies/myworkcell_core
-- Up-to-date: /home/keerthibaalan/ROS2_Workspace/ros2industrial_ws/install/myworkcell_core/share/ament_index/resource_index/parent_prefix_path/myworkcell_core
-- Up-to-date: /home/keerthibaalan/ROS2_Workspace/ros2industrial_ws/install/myworkcell_core/share/myworkcell_core/environment/ament_prefix_path.sh
-- Up-to-date: /home/keerthibaalan/ROS2_Workspace/ros2industrial_ws/install/myworkcell_core/share/myworkcell_core/environment/ament_prefix_path.dsv
-- Up-to-date: /home/keerthibaalan/ROS2_Workspace/ros2industrial_ws/install/myworkcell_core/share/myworkcell_core/environment/path.sh
-- Up-to-date: /home/keerthibaalan/ROS2_Workspace/ros2industrial_ws/install/myworkcell_core/share/myworkcell_core/environment/path.dsv
-- Up-to-date: /home/keerthibaalan/ROS2_Workspace/ros2industrial_ws/install/myworkcell_core/share/myworkcell_core/local_setup.bash
-- Up-to-date: /home/keerthibaalan/ROS2_Workspace/ros2industrial_ws/install/myworkcell_core/share/myworkcell_core/local_setup.sh
-- Up-to-date: /home/keerthibaalan/ROS2_Workspace/ros2industrial_ws/install/myworkcell_core/share/myworkcell_core/local_setup.zsh
-- Up-to-date: /home/keerthibaalan/ROS2_Workspace/ros2industrial_ws/install/myworkcell_core/share/myworkcell_core/local_setup.dsv
-- Installing: /home/keerthibaalan/ROS2_Workspace/ros2industrial_ws/install/myworkcell_core/share/myworkcell_core/package.dsv
-- Up-to-date: /home/keerthibaalan/ROS2_Workspace/ros2industrial_ws/install/myworkcell_core/share/ament_index/resource_index/packages/myworkcell_core
-- Up-to-date: /home/keerthibaalan/ROS2_Workspace/ros2industrial_ws/install/myworkcell_core/share/myworkcell_core/cmake/export_myworkcell_core__rosidl_generator_cExport.cmake
-- Up-to-date: /home/keerthibaalan/ROS2_Workspace/ros2industrial_ws/install/myworkcell_core/share/myworkcell_core/cmake/export_myworkcell_core__rosidl_generator_cExport-noconfig.cmake
-- Up-to-date: /home/keerthibaalan/ROS2_Workspace/ros2industrial_ws/install/myworkcell_core/share/myworkcell_core/cmake/export_myworkcell_core__rosidl_typesupport_fastrtps_cExport.cmake
-- Up-to-date: /home/keerthibaalan/ROS2_Workspace/ros2industrial_ws/install/myworkcell_core/share/myworkcell_core/cmake/export_myworkcell_core__rosidl_typesupport_fastrtps_cExport-noconfig.cmake
-- Up-to-date: /home/keerthibaalan/ROS2_Workspace/ros2industrial_ws/install/myworkcell_core/share/myworkcell_core/cmake/export_myworkcell_core__rosidl_generator_cppExport.cmake
-- Up-to-date: /home/keerthibaalan/ROS2_Workspace/ros2industrial_ws/install/myworkcell_core/share/myworkcell_core/cmake/export_myworkcell_core__rosidl_typesupport_fastrtps_cppExport.cmake
-- Up-to-date: /home/keerthibaalan/ROS2_Workspace/ros2industrial_ws/install/myworkcell_core/share/myworkcell_core/cmake/export_myworkcell_core__rosidl_typesupport_fastrtps_cppExport-noconfig.cmake
-- Up-to-date: /home/keerthibaalan/ROS2_Workspace/ros2industrial_ws/install/myworkcell_core/share/myworkcell_core/cmake/myworkcell_core__rosidl_typesupport_introspection_cExport.cmake
-- Up-to-date: /home/keerthibaalan/ROS2_Workspace/ros2industrial_ws/install/myworkcell_core/share/myworkcell_core/cmake/myworkcell_core__rosidl_typesupport_introspection_cExport-noconfig.cmake
-- Up-to-date: /home/keerthibaalan/ROS2_Workspace/ros2industrial_ws/install/myworkcell_core/share/myworkcell_core/cmake/myworkcell_core__rosidl_typesupport_cExport.cmake
-- Up-to-date: /home/keerthibaalan/ROS2_Workspace/ros2industrial_ws/install/myworkcell_core/share/myworkcell_core/cmake/myworkcell_core__rosidl_typesupport_cExport-noconfig.cmake
-- Up-to-date: /home/keerthibaalan/ROS2_Workspace/ros2industrial_ws/install/myworkcell_core/share/myworkcell_core/cmake/myworkcell_core__rosidl_typesupport_introspection_cppExport.cmake
-- Up-to-date: /home/keerthibaalan/ROS2_Workspace/ros2industrial_ws/install/myworkcell_core/share/myworkcell_core/cmake/myworkcell_core__rosidl_typesupport_introspection_cppExport-noconfig.cmake
-- Up-to-date: /home/keerthibaalan/ROS2_Workspace/ros2industrial_ws/install/myworkcell_core/share/myworkcell_core/cmake/myworkcell_core__rosidl_typesupport_cppExport.cmake
-- Up-to-date: /home/keerthibaalan/ROS2_Workspace/ros2industrial_ws/install/myworkcell_core/share/myworkcell_core/cmake/myworkcell_core__rosidl_typesupport_cppExport-noconfig.cmake
-- Up-to-date: /home/keerthibaalan/ROS2_Workspace/ros2industrial_ws/install/myworkcell_core/share/myworkcell_core/cmake/export_myworkcell_core__rosidl_generator_pyExport.cmake
-- Up-to-date: /home/keerthibaalan/ROS2_Workspace/ros2industrial_ws/install/myworkcell_core/share/myworkcell_core/cmake/export_myworkcell_core__rosidl_generator_pyExport-noconfig.cmake
-- Up-to-date: /home/keerthibaalan/ROS2_Workspace/ros2industrial_ws/install/myworkcell_core/share/myworkcell_core/cmake/rosidl_cmake-extras.cmake
-- Up-to-date: /home/keerthibaalan/ROS2_Workspace/ros2industrial_ws/install/myworkcell_core/share/myworkcell_core/cmake/ament_cmake_export_dependencies-extras.cmake
-- Up-to-date: /home/keerthibaalan/ROS2_Workspace/ros2industrial_ws/install/myworkcell_core/share/myworkcell_core/cmake/ament_cmake_export_include_directories-extras.cmake
-- Up-to-date: /home/keerthibaalan/ROS2_Workspace/ros2industrial_ws/install/myworkcell_core/share/myworkcell_core/cmake/ament_cmake_export_libraries-extras.cmake
-- Up-to-date: /home/keerthibaalan/ROS2_Workspace/ros2industrial_ws/install/myworkcell_core/share/myworkcell_core/cmake/ament_cmake_export_targets-extras.cmake
-- Up-to-date: /home/keerthibaalan/ROS2_Workspace/ros2industrial_ws/install/myworkcell_core/share/myworkcell_core/cmake/rosidl_cmake_export_typesupport_targets-extras.cmake
-- Up-to-date: /home/keerthibaalan/ROS2_Workspace/ros2industrial_ws/install/myworkcell_core/share/myworkcell_core/cmake/rosidl_cmake_export_typesupport_libraries-extras.cmake
-- Up-to-date: /home/keerthibaalan/ROS2_Workspace/ros2industrial_ws/install/myworkcell_core/share/myworkcell_core/cmake/myworkcell_coreConfig.cmake
-- Up-to-date: /home/keerthibaalan/ROS2_Workspace/ros2industrial_ws/install/myworkcell_core/share/myworkcell_core/cmake/myworkcell_coreConfig-version.cmake
-- Up-to-date: /home/keerthibaalan/ROS2_Workspace/ros2industrial_ws/install/myworkcell_core/share/myworkcell_core/package.xml
