[0.081s] Invoking command in '/home/ros/ws_microros/build/asrs_moveit_config': AMENT_PREFIX_PATH=/home/ros/ws_microros/install/asrs_description:${AMENT_PREFIX_PATH} CMAKE_PREFIX_PATH=/home/ros/ws_microros/install/asrs_description:/opt/ros/humble /usr/bin/cmake --build /home/ros/ws_microros/build/asrs_moveit_config -- -j12 -l12
[0.150s] Invoked command in '/home/ros/ws_microros/build/asrs_moveit_config' returned '0': AMENT_PREFIX_PATH=/home/ros/ws_microros/install/asrs_description:${AMENT_PREFIX_PATH} CMAKE_PREFIX_PATH=/home/ros/ws_microros/install/asrs_description:/opt/ros/humble /usr/bin/cmake --build /home/ros/ws_microros/build/asrs_moveit_config -- -j12 -l12
[0.184s] Invoking command in '/home/ros/ws_microros/build/asrs_moveit_config': AMENT_PREFIX_PATH=/home/ros/ws_microros/install/asrs_description:${AMENT_PREFIX_PATH} CMAKE_PREFIX_PATH=/home/ros/ws_microros/install/asrs_description:/opt/ros/humble /usr/bin/cmake --install /home/ros/ws_microros/build/asrs_moveit_config
[0.194s] -- Install configuration: ""
[0.197s] -- Up-to-date: /home/ros/ws_microros/install/asrs_moveit_config/share/ament_index/resource_index/package_run_dependencies/asrs_moveit_config
[0.197s] -- Up-to-date: /home/ros/ws_microros/install/asrs_moveit_config/share/ament_index/resource_index/parent_prefix_path/asrs_moveit_config
[0.198s] -- Up-to-date: /home/ros/ws_microros/install/asrs_moveit_config/share/asrs_moveit_config/environment/ament_prefix_path.sh
[0.198s] -- Up-to-date: /home/ros/ws_microros/install/asrs_moveit_config/share/asrs_moveit_config/environment/ament_prefix_path.dsv
[0.199s] -- Up-to-date: /home/ros/ws_microros/install/asrs_moveit_config/share/asrs_moveit_config/environment/path.sh
[0.199s] -- Up-to-date: /home/ros/ws_microros/install/asrs_moveit_config/share/asrs_moveit_config/environment/path.dsv
[0.199s] -- Up-to-date: /home/ros/ws_microros/install/asrs_moveit_config/share/asrs_moveit_config/local_setup.bash
[0.199s] -- Up-to-date: /home/ros/ws_microros/install/asrs_moveit_config/share/asrs_moveit_config/local_setup.sh
[0.199s] -- Up-to-date: /home/ros/ws_microros/install/asrs_moveit_config/share/asrs_moveit_config/local_setup.zsh
[0.199s] -- Up-to-date: /home/ros/ws_microros/install/asrs_moveit_config/share/asrs_moveit_config/local_setup.dsv
[0.199s] -- Up-to-date: /home/ros/ws_microros/install/asrs_moveit_config/share/asrs_moveit_config/package.dsv
[0.202s] -- Up-to-date: /home/ros/ws_microros/install/asrs_moveit_config/share/ament_index/resource_index/packages/asrs_moveit_config
[0.202s] -- Up-to-date: /home/ros/ws_microros/install/asrs_moveit_config/share/asrs_moveit_config/cmake/asrs_moveit_configConfig.cmake
[0.202s] -- Up-to-date: /home/ros/ws_microros/install/asrs_moveit_config/share/asrs_moveit_config/cmake/asrs_moveit_configConfig-version.cmake
[0.202s] -- Up-to-date: /home/ros/ws_microros/install/asrs_moveit_config/share/asrs_moveit_config/package.xml
[0.202s] -- Up-to-date: /home/ros/ws_microros/install/asrs_moveit_config/share/asrs_moveit_config/launch
[0.203s] -- Up-to-date: /home/ros/ws_microros/install/asrs_moveit_config/share/asrs_moveit_config/launch/demo.launch.py
[0.208s] -- Up-to-date: /home/ros/ws_microros/install/asrs_moveit_config/share/asrs_moveit_config/launch/move_group.launch.py
[0.208s] -- Up-to-date: /home/ros/ws_microros/install/asrs_moveit_config/share/asrs_moveit_config/launch/rsp.launch.py
[0.208s] -- Up-to-date: /home/ros/ws_microros/install/asrs_moveit_config/share/asrs_moveit_config/launch/warehouse_db.launch.py
[0.208s] -- Up-to-date: /home/ros/ws_microros/install/asrs_moveit_config/share/asrs_moveit_config/launch/setup_assistant.launch.py
[0.208s] -- Up-to-date: /home/ros/ws_microros/install/asrs_moveit_config/share/asrs_moveit_config/launch/moveit_rviz.launch.py
[0.208s] -- Up-to-date: /home/ros/ws_microros/install/asrs_moveit_config/share/asrs_moveit_config/launch/spawn_controllers.launch.py
[0.208s] -- Up-to-date: /home/ros/ws_microros/install/asrs_moveit_config/share/asrs_moveit_config/launch/static_virtual_joint_tfs.launch.py
[0.208s] -- Up-to-date: /home/ros/ws_microros/install/asrs_moveit_config/share/asrs_moveit_config/config
[0.209s] -- Up-to-date: /home/ros/ws_microros/install/asrs_moveit_config/share/asrs_moveit_config/config/initial_positions.yaml
[0.209s] -- Up-to-date: /home/ros/ws_microros/install/asrs_moveit_config/share/asrs_moveit_config/config/asrs_robot.urdf.xacro
[0.210s] -- Up-to-date: /home/ros/ws_microros/install/asrs_moveit_config/share/asrs_moveit_config/config/moveit_controllers.yaml
[0.210s] -- Up-to-date: /home/ros/ws_microros/install/asrs_moveit_config/share/asrs_moveit_config/config/asrs_robot.srdf
[0.210s] -- Up-to-date: /home/ros/ws_microros/install/asrs_moveit_config/share/asrs_moveit_config/config/asrs_robot.ros2_control.xacro
[0.210s] -- Up-to-date: /home/ros/ws_microros/install/asrs_moveit_config/share/asrs_moveit_config/config/moveit.rviz
[0.210s] -- Up-to-date: /home/ros/ws_microros/install/asrs_moveit_config/share/asrs_moveit_config/config/pilz_cartesian_limits.yaml
[0.210s] -- Up-to-date: /home/ros/ws_microros/install/asrs_moveit_config/share/asrs_moveit_config/config/ros2_controllers.yaml
[0.210s] -- Up-to-date: /home/ros/ws_microros/install/asrs_moveit_config/share/asrs_moveit_config/config/joint_limits.yaml
[0.210s] -- Up-to-date: /home/ros/ws_microros/install/asrs_moveit_config/share/asrs_moveit_config/config/kinematics.yaml
[0.210s] -- Up-to-date: /home/ros/ws_microros/install/asrs_moveit_config/share/asrs_moveit_config/.setup_assistant
[0.215s] Invoked command in '/home/ros/ws_microros/build/asrs_moveit_config' returned '0': AMENT_PREFIX_PATH=/home/ros/ws_microros/install/asrs_description:${AMENT_PREFIX_PATH} CMAKE_PREFIX_PATH=/home/ros/ws_microros/install/asrs_description:/opt/ros/humble /usr/bin/cmake --install /home/ros/ws_microros/build/asrs_moveit_config
