[0.464s] DEBUG:colcon:Command line arguments: ['/usr/bin/colcon', 'list', '-p', '--base-paths', '/home/ros/ws_microros']
[0.464s] DEBUG:colcon:Parsed command line arguments: Namespace(log_base=None, log_level=None, verb_name='list', build_base='build', ignore_user_meta=False, metas=['./colcon.meta'], base_paths=['/home/ros/ws_microros'], packages_ignore=None, packages_ignore_regex=None, paths=None, packages_up_to=None, packages_up_to_regex=None, packages_above=None, packages_above_and_dependencies=None, packages_above_depth=None, packages_select_by_dep=None, packages_skip_by_dep=None, packages_skip_up_to=None, packages_select_build_failed=False, packages_skip_build_finished=False, packages_select_test_failures=False, packages_skip_test_passed=False, packages_select=None, packages_skip=None, packages_select_regex=None, packages_skip_regex=None, packages_start=None, packages_end=None, allow_overriding=[], topological_order=False, names_only=False, paths_only=True, topological_graph=False, topological_graph_dot=False, topological_graph_density=False, topological_graph_legend=False, topological_graph_dot_cluster=False, topological_graph_dot_include_skipped=False, verb_parser=<colcon_defaults.argument_parser.defaults.DefaultArgumentsDecorator object at 0x7fd914bfcac0>, verb_extension=<colcon_package_information.verb.list.ListVerb object at 0x7fd915e17e80>, main=<bound method ListVerb.main of <colcon_package_information.verb.list.ListVerb object at 0x7fd915e17e80>>)
[0.492s] Level 1:colcon.colcon_core.package_discovery:discover_packages(colcon_meta) check parameters
[0.492s] Level 1:colcon.colcon_core.package_discovery:discover_packages(recursive) check parameters
[0.492s] Level 1:colcon.colcon_core.package_discovery:discover_packages(ignore) check parameters
[0.493s] Level 1:colcon.colcon_core.package_discovery:discover_packages(path) check parameters
[0.493s] Level 1:colcon.colcon_core.package_discovery:discover_packages(recursive) discover
[0.493s] INFO:colcon.colcon_core.package_discovery:Crawling recursively for packages in '/home/ros/ws_microros'
[0.493s] Level 1:colcon.colcon_core.package_identification:_identify(/home/ros/ws_microros) by extensions ['ignore', 'ignore_ament_install']
[0.493s] Level 1:colcon.colcon_core.package_identification:_identify(/home/ros/ws_microros) by extension 'ignore'
[0.493s] Level 1:colcon.colcon_core.package_identification:_identify(/home/ros/ws_microros) by extension 'ignore_ament_install'
[0.493s] Level 1:colcon.colcon_core.package_identification:_identify(/home/ros/ws_microros) by extensions ['colcon_pkg']
[0.493s] Level 1:colcon.colcon_core.package_identification:_identify(/home/ros/ws_microros) by extension 'colcon_pkg'
[0.493s] Level 1:colcon.colcon_core.package_identification:_identify(/home/ros/ws_microros) by extensions ['colcon_meta']
[0.493s] Level 1:colcon.colcon_core.package_identification:_identify(/home/ros/ws_microros) by extension 'colcon_meta'
[0.493s] Level 1:colcon.colcon_core.package_identification:_identify(/home/ros/ws_microros) by extensions ['ros']
[0.493s] Level 1:colcon.colcon_core.package_identification:_identify(/home/ros/ws_microros) by extension 'ros'
[0.501s] Level 1:colcon.colcon_core.package_identification:_identify(/home/ros/ws_microros) by extensions ['cmake', 'python']
[0.501s] Level 1:colcon.colcon_core.package_identification:_identify(/home/ros/ws_microros) by extension 'cmake'
[0.501s] Level 1:colcon.colcon_core.package_identification:_identify(/home/ros/ws_microros) by extension 'python'
[0.501s] Level 1:colcon.colcon_core.package_identification:_identify(/home/ros/ws_microros) by extensions ['python_setup_py']
[0.501s] Level 1:colcon.colcon_core.package_identification:_identify(/home/ros/ws_microros) by extension 'python_setup_py'
[0.502s] Level 1:colcon.colcon_core.package_identification:_identify(/home/ros/ws_microros/build) by extensions ['ignore', 'ignore_ament_install']
[0.502s] Level 1:colcon.colcon_core.package_identification:_identify(/home/ros/ws_microros/build) by extension 'ignore'
[0.502s] Level 1:colcon.colcon_core.package_identification:_identify(/home/ros/ws_microros/build) ignored
[0.502s] Level 1:colcon.colcon_core.package_identification:_identify(/home/ros/ws_microros/install) by extensions ['ignore', 'ignore_ament_install']
[0.502s] Level 1:colcon.colcon_core.package_identification:_identify(/home/ros/ws_microros/install) by extension 'ignore'
[0.502s] Level 1:colcon.colcon_core.package_identification:_identify(/home/ros/ws_microros/install) ignored
[0.502s] Level 1:colcon.colcon_core.package_identification:_identify(/home/ros/ws_microros/log) by extensions ['ignore', 'ignore_ament_install']
[0.502s] Level 1:colcon.colcon_core.package_identification:_identify(/home/ros/ws_microros/log) by extension 'ignore'
[0.502s] Level 1:colcon.colcon_core.package_identification:_identify(/home/ros/ws_microros/log) ignored
[0.502s] Level 1:colcon.colcon_core.package_identification:_identify(/home/ros/ws_microros/src) by extensions ['ignore', 'ignore_ament_install']
[0.502s] Level 1:colcon.colcon_core.package_identification:_identify(/home/ros/ws_microros/src) by extension 'ignore'
[0.502s] Level 1:colcon.colcon_core.package_identification:_identify(/home/ros/ws_microros/src) by extension 'ignore_ament_install'
[0.502s] Level 1:colcon.colcon_core.package_identification:_identify(/home/ros/ws_microros/src) by extensions ['colcon_pkg']
[0.502s] Level 1:colcon.colcon_core.package_identification:_identify(/home/ros/ws_microros/src) by extension 'colcon_pkg'
[0.502s] Level 1:colcon.colcon_core.package_identification:_identify(/home/ros/ws_microros/src) by extensions ['colcon_meta']
[0.502s] Level 1:colcon.colcon_core.package_identification:_identify(/home/ros/ws_microros/src) by extension 'colcon_meta'
[0.502s] Level 1:colcon.colcon_core.package_identification:_identify(/home/ros/ws_microros/src) by extensions ['ros']
[0.502s] Level 1:colcon.colcon_core.package_identification:_identify(/home/ros/ws_microros/src) by extension 'ros'
[0.502s] Level 1:colcon.colcon_core.package_identification:_identify(/home/ros/ws_microros/src) by extensions ['cmake', 'python']
[0.502s] Level 1:colcon.colcon_core.package_identification:_identify(/home/ros/ws_microros/src) by extension 'cmake'
[0.502s] Level 1:colcon.colcon_core.package_identification:_identify(/home/ros/ws_microros/src) by extension 'python'
[0.502s] Level 1:colcon.colcon_core.package_identification:_identify(/home/ros/ws_microros/src) by extensions ['python_setup_py']
[0.502s] Level 1:colcon.colcon_core.package_identification:_identify(/home/ros/ws_microros/src) by extension 'python_setup_py'
[0.503s] Level 1:colcon.colcon_core.package_identification:_identify(/home/ros/ws_microros/src/asrs_arm) by extensions ['ignore', 'ignore_ament_install']
[0.503s] Level 1:colcon.colcon_core.package_identification:_identify(/home/ros/ws_microros/src/asrs_arm) by extension 'ignore'
[0.503s] Level 1:colcon.colcon_core.package_identification:_identify(/home/ros/ws_microros/src/asrs_arm) by extension 'ignore_ament_install'
[0.503s] Level 1:colcon.colcon_core.package_identification:_identify(/home/ros/ws_microros/src/asrs_arm) by extensions ['colcon_pkg']
[0.503s] Level 1:colcon.colcon_core.package_identification:_identify(/home/ros/ws_microros/src/asrs_arm) by extension 'colcon_pkg'
[0.503s] Level 1:colcon.colcon_core.package_identification:_identify(/home/ros/ws_microros/src/asrs_arm) by extensions ['colcon_meta']
[0.503s] Level 1:colcon.colcon_core.package_identification:_identify(/home/ros/ws_microros/src/asrs_arm) by extension 'colcon_meta'
[0.503s] Level 1:colcon.colcon_core.package_identification:_identify(/home/ros/ws_microros/src/asrs_arm) by extensions ['ros']
[0.503s] Level 1:colcon.colcon_core.package_identification:_identify(/home/ros/ws_microros/src/asrs_arm) by extension 'ros'
[0.505s] DEBUG:colcon.colcon_core.package_identification:Package '/home/ros/ws_microros/src/asrs_arm' with type 'ros.ament_cmake' and name 'asrs_arm'
[0.505s] Level 1:colcon.colcon_core.package_identification:_identify(/home/ros/ws_microros/src/asrs_controller) by extensions ['ignore', 'ignore_ament_install']
[0.505s] Level 1:colcon.colcon_core.package_identification:_identify(/home/ros/ws_microros/src/asrs_controller) by extension 'ignore'
[0.505s] Level 1:colcon.colcon_core.package_identification:_identify(/home/ros/ws_microros/src/asrs_controller) by extension 'ignore_ament_install'
[0.505s] Level 1:colcon.colcon_core.package_identification:_identify(/home/ros/ws_microros/src/asrs_controller) by extensions ['colcon_pkg']
[0.505s] Level 1:colcon.colcon_core.package_identification:_identify(/home/ros/ws_microros/src/asrs_controller) by extension 'colcon_pkg'
[0.505s] Level 1:colcon.colcon_core.package_identification:_identify(/home/ros/ws_microros/src/asrs_controller) by extensions ['colcon_meta']
[0.505s] Level 1:colcon.colcon_core.package_identification:_identify(/home/ros/ws_microros/src/asrs_controller) by extension 'colcon_meta'
[0.505s] Level 1:colcon.colcon_core.package_identification:_identify(/home/ros/ws_microros/src/asrs_controller) by extensions ['ros']
[0.505s] Level 1:colcon.colcon_core.package_identification:_identify(/home/ros/ws_microros/src/asrs_controller) by extension 'ros'
[0.505s] DEBUG:colcon.colcon_core.package_identification:Package '/home/ros/ws_microros/src/asrs_controller' with type 'ros.ament_cmake' and name 'asrs_controller'
[0.505s] Level 1:colcon.colcon_core.package_identification:_identify(/home/ros/ws_microros/src/asrs_description) by extensions ['ignore', 'ignore_ament_install']
[0.505s] Level 1:colcon.colcon_core.package_identification:_identify(/home/ros/ws_microros/src/asrs_description) by extension 'ignore'
[0.506s] Level 1:colcon.colcon_core.package_identification:_identify(/home/ros/ws_microros/src/asrs_description) by extension 'ignore_ament_install'
[0.506s] Level 1:colcon.colcon_core.package_identification:_identify(/home/ros/ws_microros/src/asrs_description) by extensions ['colcon_pkg']
[0.506s] Level 1:colcon.colcon_core.package_identification:_identify(/home/ros/ws_microros/src/asrs_description) by extension 'colcon_pkg'
[0.506s] Level 1:colcon.colcon_core.package_identification:_identify(/home/ros/ws_microros/src/asrs_description) by extensions ['colcon_meta']
[0.506s] Level 1:colcon.colcon_core.package_identification:_identify(/home/ros/ws_microros/src/asrs_description) by extension 'colcon_meta'
[0.506s] Level 1:colcon.colcon_core.package_identification:_identify(/home/ros/ws_microros/src/asrs_description) by extensions ['ros']
[0.506s] Level 1:colcon.colcon_core.package_identification:_identify(/home/ros/ws_microros/src/asrs_description) by extension 'ros'
[0.506s] DEBUG:colcon.colcon_core.package_identification:Package '/home/ros/ws_microros/src/asrs_description' with type 'ros.ament_cmake' and name 'asrs_description'
[0.506s] Level 1:colcon.colcon_core.package_identification:_identify(/home/ros/ws_microros/src/asrs_gripper) by extensions ['ignore', 'ignore_ament_install']
[0.506s] Level 1:colcon.colcon_core.package_identification:_identify(/home/ros/ws_microros/src/asrs_gripper) by extension 'ignore'
[0.506s] Level 1:colcon.colcon_core.package_identification:_identify(/home/ros/ws_microros/src/asrs_gripper) by extension 'ignore_ament_install'
[0.506s] Level 1:colcon.colcon_core.package_identification:_identify(/home/ros/ws_microros/src/asrs_gripper) by extensions ['colcon_pkg']
[0.506s] Level 1:colcon.colcon_core.package_identification:_identify(/home/ros/ws_microros/src/asrs_gripper) by extension 'colcon_pkg'
[0.506s] Level 1:colcon.colcon_core.package_identification:_identify(/home/ros/ws_microros/src/asrs_gripper) by extensions ['colcon_meta']
[0.506s] Level 1:colcon.colcon_core.package_identification:_identify(/home/ros/ws_microros/src/asrs_gripper) by extension 'colcon_meta'
[0.506s] Level 1:colcon.colcon_core.package_identification:_identify(/home/ros/ws_microros/src/asrs_gripper) by extensions ['ros']
[0.506s] Level 1:colcon.colcon_core.package_identification:_identify(/home/ros/ws_microros/src/asrs_gripper) by extension 'ros'
[0.506s] DEBUG:colcon.colcon_core.package_identification:Package '/home/ros/ws_microros/src/asrs_gripper' with type 'ros.ament_cmake' and name 'asrs_gripper'
[0.506s] Level 1:colcon.colcon_core.package_identification:_identify(/home/ros/ws_microros/src/asrs_moveit_config) by extensions ['ignore', 'ignore_ament_install']
[0.506s] Level 1:colcon.colcon_core.package_identification:_identify(/home/ros/ws_microros/src/asrs_moveit_config) by extension 'ignore'
[0.507s] Level 1:colcon.colcon_core.package_identification:_identify(/home/ros/ws_microros/src/asrs_moveit_config) by extension 'ignore_ament_install'
[0.507s] Level 1:colcon.colcon_core.package_identification:_identify(/home/ros/ws_microros/src/asrs_moveit_config) by extensions ['colcon_pkg']
[0.507s] Level 1:colcon.colcon_core.package_identification:_identify(/home/ros/ws_microros/src/asrs_moveit_config) by extension 'colcon_pkg'
[0.507s] Level 1:colcon.colcon_core.package_identification:_identify(/home/ros/ws_microros/src/asrs_moveit_config) by extensions ['colcon_meta']
[0.507s] Level 1:colcon.colcon_core.package_identification:_identify(/home/ros/ws_microros/src/asrs_moveit_config) by extension 'colcon_meta'
[0.507s] Level 1:colcon.colcon_core.package_identification:_identify(/home/ros/ws_microros/src/asrs_moveit_config) by extensions ['ros']
[0.507s] Level 1:colcon.colcon_core.package_identification:_identify(/home/ros/ws_microros/src/asrs_moveit_config) by extension 'ros'
[0.507s] DEBUG:colcon.colcon_core.package_identification:Package '/home/ros/ws_microros/src/asrs_moveit_config' with type 'ros.ament_cmake' and name 'asrs_moveit_config'
[0.507s] Level 1:colcon.colcon_core.package_discovery:discover_packages(recursive) using defaults
