[0.016s] Invoking command in '/home/keerthibaalan/ROS2_Workspace/ws_microros/build/asrs_controller': CMAKE_PREFIX_PATH=${CMAKE_PREFIX_PATH}:/home/keerthibaalan/ws_moveit/install/moveit_configs_utils:/opt/ros/humble /usr/bin/cmake --build /home/keerthibaalan/ROS2_Workspace/ws_microros/build/asrs_controller -- -j24 -l24
[0.076s] Invoked command in '/home/keerthibaalan/ROS2_Workspace/ws_microros/build/asrs_controller' returned '0': CMAKE_PREFIX_PATH=${CMAKE_PREFIX_PATH}:/home/keerthibaalan/ws_moveit/install/moveit_configs_utils:/opt/ros/humble /usr/bin/cmake --build /home/keerthibaalan/ROS2_Workspace/ws_microros/build/asrs_controller -- -j24 -l24
[0.118s] Invoking command in '/home/keerthibaalan/ROS2_Workspace/ws_microros/build/asrs_controller': CMAKE_PREFIX_PATH=${CMAKE_PREFIX_PATH}:/home/keerthibaalan/ws_moveit/install/moveit_configs_utils:/opt/ros/humble /usr/bin/cmake --install /home/keerthibaalan/ROS2_Workspace/ws_microros/build/asrs_controller
[0.126s] -- Install configuration: ""
[0.127s] -- Up-to-date: /home/keerthibaalan/ROS2_Workspace/ws_microros/install/asrs_controller/share/asrs_controller/config
[0.127s] -- Up-to-date: /home/keerthibaalan/ROS2_Workspace/ws_microros/install/asrs_controller/share/asrs_controller/config/asrs_controller.yaml
[0.127s] -- Up-to-date: /home/keerthibaalan/ROS2_Workspace/ws_microros/install/asrs_controller/share/asrs_controller/launch
[0.127s] -- Up-to-date: /home/keerthibaalan/ROS2_Workspace/ws_microros/install/asrs_controller/share/asrs_controller/launch/controller.launch.py
[0.128s] -- Up-to-date: /home/keerthibaalan/ROS2_Workspace/ws_microros/install/asrs_controller/share/ament_index/resource_index/package_run_dependencies/asrs_controller
[0.128s] -- Up-to-date: /home/keerthibaalan/ROS2_Workspace/ws_microros/install/asrs_controller/share/ament_index/resource_index/parent_prefix_path/asrs_controller
[0.128s] -- Up-to-date: /home/keerthibaalan/ROS2_Workspace/ws_microros/install/asrs_controller/share/asrs_controller/environment/ament_prefix_path.sh
[0.128s] -- Up-to-date: /home/keerthibaalan/ROS2_Workspace/ws_microros/install/asrs_controller/share/asrs_controller/environment/ament_prefix_path.dsv
[0.128s] -- Up-to-date: /home/keerthibaalan/ROS2_Workspace/ws_microros/install/asrs_controller/share/asrs_controller/environment/path.sh
[0.128s] -- Up-to-date: /home/keerthibaalan/ROS2_Workspace/ws_microros/install/asrs_controller/share/asrs_controller/environment/path.dsv
[0.128s] -- Up-to-date: /home/keerthibaalan/ROS2_Workspace/ws_microros/install/asrs_controller/share/asrs_controller/local_setup.bash
[0.128s] -- Up-to-date: /home/keerthibaalan/ROS2_Workspace/ws_microros/install/asrs_controller/share/asrs_controller/local_setup.sh
[0.128s] -- Up-to-date: /home/keerthibaalan/ROS2_Workspace/ws_microros/install/asrs_controller/share/asrs_controller/local_setup.zsh
[0.128s] -- Up-to-date: /home/keerthibaalan/ROS2_Workspace/ws_microros/install/asrs_controller/share/asrs_controller/local_setup.dsv
[0.128s] -- Installing: /home/keerthibaalan/ROS2_Workspace/ws_microros/install/asrs_controller/share/asrs_controller/package.dsv
[0.129s] -- Up-to-date: /home/keerthibaalan/ROS2_Workspace/ws_microros/install/asrs_controller/share/ament_index/resource_index/packages/asrs_controller
[0.129s] -- Up-to-date: /home/keerthibaalan/ROS2_Workspace/ws_microros/install/asrs_controller/share/asrs_controller/cmake/asrs_controllerConfig.cmake
[0.129s] -- Up-to-date: /home/keerthibaalan/ROS2_Workspace/ws_microros/install/asrs_controller/share/asrs_controller/cmake/asrs_controllerConfig-version.cmake
[0.129s] -- Up-to-date: /home/keerthibaalan/ROS2_Workspace/ws_microros/install/asrs_controller/share/asrs_controller/package.xml
[0.131s] Invoked command in '/home/keerthibaalan/ROS2_Workspace/ws_microros/build/asrs_controller' returned '0': CMAKE_PREFIX_PATH=${CMAKE_PREFIX_PATH}:/home/keerthibaalan/ws_moveit/install/moveit_configs_utils:/opt/ros/humble /usr/bin/cmake --install /home/keerthibaalan/ROS2_Workspace/ws_microros/build/asrs_controller
