[0.081s] Invoking command in '/home/ros/ws_microros/build/asrs_description': CMAKE_PREFIX_PATH=${CMAKE_PREFIX_PATH}:/opt/ros/humble /usr/bin/cmake --build /home/ros/ws_microros/build/asrs_description -- -j16 -l16
[0.098s] Invoked command in '/home/ros/ws_microros/build/asrs_description' returned '0': CMAKE_PREFIX_PATH=${CMAKE_PREFIX_PATH}:/opt/ros/humble /usr/bin/cmake --build /home/ros/ws_microros/build/asrs_description -- -j16 -l16
[0.111s] Invoking command in '/home/ros/ws_microros/build/asrs_description': CMAKE_PREFIX_PATH=${CMAKE_PREFIX_PATH}:/opt/ros/humble /usr/bin/cmake --install /home/ros/ws_microros/build/asrs_description
[0.119s] -- Install configuration: ""
[0.120s] -- Up-to-date: /home/ros/ws_microros/install/asrs_description/share/ament_index/resource_index/package_run_dependencies/asrs_description
[0.120s] -- Up-to-date: /home/ros/ws_microros/install/asrs_description/share/ament_index/resource_index/parent_prefix_path/asrs_description
[0.120s] -- Up-to-date: /home/ros/ws_microros/install/asrs_description/share/asrs_description/environment/ament_prefix_path.sh
[0.120s] -- Up-to-date: /home/ros/ws_microros/install/asrs_description/share/asrs_description/environment/ament_prefix_path.dsv
[0.121s] -- Up-to-date: /home/ros/ws_microros/install/asrs_description/share/asrs_description/environment/path.sh
[0.121s] -- Up-to-date: /home/ros/ws_microros/install/asrs_description/share/asrs_description/environment/path.dsv
[0.121s] -- Up-to-date: /home/ros/ws_microros/install/asrs_description/share/asrs_description/local_setup.bash
[0.121s] -- Up-to-date: /home/ros/ws_microros/install/asrs_description/share/asrs_description/local_setup.sh
[0.121s] -- Up-to-date: /home/ros/ws_microros/install/asrs_description/share/asrs_description/local_setup.zsh
[0.121s] -- Up-to-date: /home/ros/ws_microros/install/asrs_description/share/asrs_description/local_setup.dsv
[0.121s] -- Installing: /home/ros/ws_microros/install/asrs_description/share/asrs_description/package.dsv
[0.122s] -- Up-to-date: /home/ros/ws_microros/install/asrs_description/share/ament_index/resource_index/packages/asrs_description
[0.122s] -- Up-to-date: /home/ros/ws_microros/install/asrs_description/share/asrs_description/cmake/asrs_descriptionConfig.cmake
[0.123s] -- Up-to-date: /home/ros/ws_microros/install/asrs_description/share/asrs_description/cmake/asrs_descriptionConfig-version.cmake
[0.123s] -- Up-to-date: /home/ros/ws_microros/install/asrs_description/share/asrs_description/package.xml
[0.169s] Invoked command in '/home/ros/ws_microros/build/asrs_description' returned '0': CMAKE_PREFIX_PATH=${CMAKE_PREFIX_PATH}:/opt/ros/humble /usr/bin/cmake --install /home/ros/ws_microros/build/asrs_description
