[0.013s] Invoking command in '/home/keerthibaalan/ROS2_Workspace/ros2industrial_ws/build/myworkcell_core': AMENT_PREFIX_PATH=/home/keerthibaalan/ROS2_Workspace/ros2industrial_ws/install/fake_ar_publisher:${AMENT_PREFIX_PATH} CMAKE_PREFIX_PATH=/home/keerthibaalan/ROS2_Workspace/ros2industrial_ws/install/fake_ar_publisher:/home/keerthibaalan/ws_moveit/install/robotiq_hardware_tests:/home/keerthibaalan/ws_moveit/install/robotiq_driver:/home/keerthibaalan/ws_moveit/install/serial:/home/keerthibaalan/ws_moveit/install/moveit2_tutorials:/home/keerthibaalan/ws_moveit/install/moveit_visual_tools:/home/keerthibaalan/ws_moveit/install/rviz_visual_tools:/home/keerthibaalan/ws_moveit/install/moveit_task_constructor_visualization:/home/keerthibaalan/ws_moveit/install/moveit_task_constructor_demo:/home/keerthibaalan/ws_moveit/install/moveit_task_constructor_capabilities:/home/keerthibaalan/ws_moveit/install/moveit_task_constructor_core:/home/keerthibaalan/ws_moveit/install/rviz_marker_tools:/home/keerthibaalan/ws_moveit/install/kortex_bringup:/home/keerthibaalan/ws_moveit/install/kinova_gen3_7dof_robotiq_2f_85_moveit_config:/home/keerthibaalan/ws_moveit/install/kinova_gen3_6dof_robotiq_2f_85_moveit_config:/home/keerthibaalan/ws_moveit/install/kortex_description:/home/keerthibaalan/ws_moveit/install/robotiq_description:/home/keerthibaalan/ws_moveit/install/robotiq_controllers:/home/keerthibaalan/ws_moveit/install/pilz_industrial_motion_planner_testutils:/home/keerthibaalan/ws_moveit/install/moveit_runtime:/home/keerthibaalan/ws_moveit/install/moveit:/home/keerthibaalan/ws_moveit/install/moveit_planners:/home/keerthibaalan/ws_moveit/install/pilz_industrial_motion_planner:/home/keerthibaalan/ws_moveit/install/pick_ik:/home/keerthibaalan/ws_moveit/install/moveit_task_constructor_msgs:/home/keerthibaalan/ws_moveit/install/moveit_ros_control_interface:/home/keerthibaalan/ws_moveit/install/moveit_plugins:/home/keerthibaalan/ws_moveit/install/moveit_simple_controller_manager:/home/keerthibaalan/ws_moveit/install/moveit_setup_assistant:/home/keerthibaalan/ws_moveit/install/moveit_setup_srdf_plugins:/home/keerthibaalan/ws_moveit/install/moveit_setup_core_plugins:/home/keerthibaalan/ws_moveit/install/moveit_setup_controllers:/home/keerthibaalan/ws_moveit/install/moveit_setup_app_plugins:/home/keerthibaalan/ws_moveit/install/moveit_setup_framework:/home/keerthibaalan/ws_moveit/install/moveit_servo:/home/keerthibaalan/ws_moveit/install/moveit_ros:/home/keerthibaalan/ws_moveit/install/moveit_ros_visualization:/home/keerthibaalan/ws_moveit/install/moveit_py:/home/keerthibaalan/ws_moveit/install/moveit_hybrid_planning:/home/keerthibaalan/ws_moveit/install/moveit_ros_planning_interface:/home/keerthibaalan/ws_moveit/install/moveit_ros_benchmarks:/home/keerthibaalan/ws_moveit/install/moveit_ros_warehouse:/home/keerthibaalan/ws_moveit/install/moveit_ros_robot_interaction:/home/keerthibaalan/ws_moveit/install/moveit_ros_perception:/home/keerthibaalan/ws_moveit/install/moveit_resources_prbt_pg70_support:/home/keerthibaalan/ws_moveit/install/moveit_resources_prbt_moveit_config:/home/keerthibaalan/ws_moveit/install/moveit_ros_move_group:/home/keerthibaalan/ws_moveit/install/moveit_planners_ompl:/home/keerthibaalan/ws_moveit/install/moveit_kinematics:/home/keerthibaalan/ws_moveit/install/moveit_ros_planning:/home/keerthibaalan/ws_moveit/install/moveit_ros_occupancy_map_monitor:/home/keerthibaalan/ws_moveit/install/moveit_resources_prbt_support:/home/keerthibaalan/ws_moveit/install/moveit_resources_prbt_ikfast_manipulator_plugin:/home/keerthibaalan/ws_moveit/install/moveit_resources:/home/keerthibaalan/ws_moveit/install/moveit_resources_pr2_description:/home/keerthibaalan/ws_moveit/install/moveit_resources_panda_moveit_config:/home/keerthibaalan/ws_moveit/install/dual_arm_panda_moveit_config:/home/keerthibaalan/ws_moveit/install/moveit_resources_panda_description:/home/keerthibaalan/ws_moveit/install/moveit_resources_fanuc_moveit_config:/home/keerthibaalan/ws_moveit/install/moveit_resources_fanuc_description:/home/keerthibaalan/ws_moveit/install/moveit_planners_stomp:/home/keerthibaalan/ws_moveit/install/moveit_planners_chomp:/home/keerthibaalan/ws_moveit/install/chomp_motion_planner:/home/keerthibaalan/ws_moveit/install/moveit_core:/home/keerthibaalan/ws_moveit/install/moveit_msgs:/home/keerthibaalan/ws_moveit/install/moveit_common:/home/keerthibaalan/ws_moveit/install/kortex_driver:/home/keerthibaalan/ws_moveit/install/kortex_api:/home/keerthibaalan/ws_moveit/install/moveit_configs_utils:/opt/ros/humble LD_LIBRARY_PATH=/home/keerthibaalan/ROS2_Workspace/ros2industrial_ws/install/fake_ar_publisher/lib:${LD_LIBRARY_PATH} PYTHONPATH=/home/keerthibaalan/ROS2_Workspace/ros2industrial_ws/install/fake_ar_publisher/local/lib/python3.10/dist-packages:${PYTHONPATH} /usr/bin/cmake --build /home/keerthibaalan/ROS2_Workspace/ros2industrial_ws/build/myworkcell_core -- -j24 -l24
[0.075s] [  8%] Built target myworkcell_core__rosidl_generator_c
[0.076s] [ 11%] Built target myworkcell_core__cpp
[0.086s] [ 11%] Built target ament_cmake_python_copy_myworkcell_core
[0.102s] [ 37%] Built target myworkcell_core__rosidl_typesupport_cpp
[0.102s] [ 37%] Built target myworkcell_core__rosidl_typesupport_c
[0.102s] [ 37%] Built target myworkcell_core__rosidl_typesupport_introspection_c
[0.103s] [ 45%] Built target myworkcell_core__rosidl_typesupport_fastrtps_cpp
[0.103s] [ 54%] Built target myworkcell_core__rosidl_typesupport_fastrtps_c
[0.104s] [ 62%] Built target myworkcell_core__rosidl_typesupport_introspection_cpp
[0.129s] [ 62%] Built target myworkcell_core
[0.132s] [ 68%] Built target myworkcell_node
[0.133s] [ 74%] Built target vision_node
[0.153s] [ 77%] Built target myworkcell_core__py
[0.181s] [ 82%] Built target myworkcell_core__rosidl_generator_py
[0.208s] [ 88%] Built target myworkcell_core__rosidl_typesupport_introspection_c__pyext
[0.208s] [ 94%] Built target myworkcell_core__rosidl_typesupport_fastrtps_c__pyext
[0.208s] [100%] Built target myworkcell_core__rosidl_typesupport_c__pyext
[0.237s] running egg_info
[0.238s] writing myworkcell_core.egg-info/PKG-INFO
[0.238s] writing dependency_links to myworkcell_core.egg-info/dependency_links.txt
[0.238s] writing top-level names to myworkcell_core.egg-info/top_level.txt
[0.239s] reading manifest file 'myworkcell_core.egg-info/SOURCES.txt'
[0.239s] writing manifest file 'myworkcell_core.egg-info/SOURCES.txt'
[0.259s] [100%] Built target ament_cmake_python_build_myworkcell_core_egg
[0.271s] Invoked command in '/home/keerthibaalan/ROS2_Workspace/ros2industrial_ws/build/myworkcell_core' returned '0': AMENT_PREFIX_PATH=/home/keerthibaalan/ROS2_Workspace/ros2industrial_ws/install/fake_ar_publisher:${AMENT_PREFIX_PATH} CMAKE_PREFIX_PATH=/home/keerthibaalan/ROS2_Workspace/ros2industrial_ws/install/fake_ar_publisher:/home/keerthibaalan/ws_moveit/install/robotiq_hardware_tests:/home/keerthibaalan/ws_moveit/install/robotiq_driver:/home/keerthibaalan/ws_moveit/install/serial:/home/keerthibaalan/ws_moveit/install/moveit2_tutorials:/home/keerthibaalan/ws_moveit/install/moveit_visual_tools:/home/keerthibaalan/ws_moveit/install/rviz_visual_tools:/home/keerthibaalan/ws_moveit/install/moveit_task_constructor_visualization:/home/keerthibaalan/ws_moveit/install/moveit_task_constructor_demo:/home/keerthibaalan/ws_moveit/install/moveit_task_constructor_capabilities:/home/keerthibaalan/ws_moveit/install/moveit_task_constructor_core:/home/keerthibaalan/ws_moveit/install/rviz_marker_tools:/home/keerthibaalan/ws_moveit/install/kortex_bringup:/home/keerthibaalan/ws_moveit/install/kinova_gen3_7dof_robotiq_2f_85_moveit_config:/home/keerthibaalan/ws_moveit/install/kinova_gen3_6dof_robotiq_2f_85_moveit_config:/home/keerthibaalan/ws_moveit/install/kortex_description:/home/keerthibaalan/ws_moveit/install/robotiq_description:/home/keerthibaalan/ws_moveit/install/robotiq_controllers:/home/keerthibaalan/ws_moveit/install/pilz_industrial_motion_planner_testutils:/home/keerthibaalan/ws_moveit/install/moveit_runtime:/home/keerthibaalan/ws_moveit/install/moveit:/home/keerthibaalan/ws_moveit/install/moveit_planners:/home/keerthibaalan/ws_moveit/install/pilz_industrial_motion_planner:/home/keerthibaalan/ws_moveit/install/pick_ik:/home/keerthibaalan/ws_moveit/install/moveit_task_constructor_msgs:/home/keerthibaalan/ws_moveit/install/moveit_ros_control_interface:/home/keerthibaalan/ws_moveit/install/moveit_plugins:/home/keerthibaalan/ws_moveit/install/moveit_simple_controller_manager:/home/keerthibaalan/ws_moveit/install/moveit_setup_assistant:/home/keerthibaalan/ws_moveit/install/moveit_setup_srdf_plugins:/home/keerthibaalan/ws_moveit/install/moveit_setup_core_plugins:/home/keerthibaalan/ws_moveit/install/moveit_setup_controllers:/home/keerthibaalan/ws_moveit/install/moveit_setup_app_plugins:/home/keerthibaalan/ws_moveit/install/moveit_setup_framework:/home/keerthibaalan/ws_moveit/install/moveit_servo:/home/keerthibaalan/ws_moveit/install/moveit_ros:/home/keerthibaalan/ws_moveit/install/moveit_ros_visualization:/home/keerthibaalan/ws_moveit/install/moveit_py:/home/keerthibaalan/ws_moveit/install/moveit_hybrid_planning:/home/keerthibaalan/ws_moveit/install/moveit_ros_planning_interface:/home/keerthibaalan/ws_moveit/install/moveit_ros_benchmarks:/home/keerthibaalan/ws_moveit/install/moveit_ros_warehouse:/home/keerthibaalan/ws_moveit/install/moveit_ros_robot_interaction:/home/keerthibaalan/ws_moveit/install/moveit_ros_perception:/home/keerthibaalan/ws_moveit/install/moveit_resources_prbt_pg70_support:/home/keerthibaalan/ws_moveit/install/moveit_resources_prbt_moveit_config:/home/keerthibaalan/ws_moveit/install/moveit_ros_move_group:/home/keerthibaalan/ws_moveit/install/moveit_planners_ompl:/home/keerthibaalan/ws_moveit/install/moveit_kinematics:/home/keerthibaalan/ws_moveit/install/moveit_ros_planning:/home/keerthibaalan/ws_moveit/install/moveit_ros_occupancy_map_monitor:/home/keerthibaalan/ws_moveit/install/moveit_resources_prbt_support:/home/keerthibaalan/ws_moveit/install/moveit_resources_prbt_ikfast_manipulator_plugin:/home/keerthibaalan/ws_moveit/install/moveit_resources:/home/keerthibaalan/ws_moveit/install/moveit_resources_pr2_description:/home/keerthibaalan/ws_moveit/install/moveit_resources_panda_moveit_config:/home/keerthibaalan/ws_moveit/install/dual_arm_panda_moveit_config:/home/keerthibaalan/ws_moveit/install/moveit_resources_panda_description:/home/keerthibaalan/ws_moveit/install/moveit_resources_fanuc_moveit_config:/home/keerthibaalan/ws_moveit/install/moveit_resources_fanuc_description:/home/keerthibaalan/ws_moveit/install/moveit_planners_stomp:/home/keerthibaalan/ws_moveit/install/moveit_planners_chomp:/home/keerthibaalan/ws_moveit/install/chomp_motion_planner:/home/keerthibaalan/ws_moveit/install/moveit_core:/home/keerthibaalan/ws_moveit/install/moveit_msgs:/home/keerthibaalan/ws_moveit/install/moveit_common:/home/keerthibaalan/ws_moveit/install/kortex_driver:/home/keerthibaalan/ws_moveit/install/kortex_api:/home/keerthibaalan/ws_moveit/install/moveit_configs_utils:/opt/ros/humble LD_LIBRARY_PATH=/home/keerthibaalan/ROS2_Workspace/ros2industrial_ws/install/fake_ar_publisher/lib:${LD_LIBRARY_PATH} PYTHONPATH=/home/keerthibaalan/ROS2_Workspace/ros2industrial_ws/install/fake_ar_publisher/local/lib/python3.10/dist-packages:${PYTHONPATH} /usr/bin/cmake --build /home/keerthibaalan/ROS2_Workspace/ros2industrial_ws/build/myworkcell_core -- -j24 -l24
[0.395s] Invoking command in '/home/keerthibaalan/ROS2_Workspace/ros2industrial_ws/build/myworkcell_core': AMENT_PREFIX_PATH=/home/keerthibaalan/ROS2_Workspace/ros2industrial_ws/install/fake_ar_publisher:${AMENT_PREFIX_PATH} CMAKE_PREFIX_PATH=/home/keerthibaalan/ROS2_Workspace/ros2industrial_ws/install/fake_ar_publisher:/home/keerthibaalan/ws_moveit/install/robotiq_hardware_tests:/home/keerthibaalan/ws_moveit/install/robotiq_driver:/home/keerthibaalan/ws_moveit/install/serial:/home/keerthibaalan/ws_moveit/install/moveit2_tutorials:/home/keerthibaalan/ws_moveit/install/moveit_visual_tools:/home/keerthibaalan/ws_moveit/install/rviz_visual_tools:/home/keerthibaalan/ws_moveit/install/moveit_task_constructor_visualization:/home/keerthibaalan/ws_moveit/install/moveit_task_constructor_demo:/home/keerthibaalan/ws_moveit/install/moveit_task_constructor_capabilities:/home/keerthibaalan/ws_moveit/install/moveit_task_constructor_core:/home/keerthibaalan/ws_moveit/install/rviz_marker_tools:/home/keerthibaalan/ws_moveit/install/kortex_bringup:/home/keerthibaalan/ws_moveit/install/kinova_gen3_7dof_robotiq_2f_85_moveit_config:/home/keerthibaalan/ws_moveit/install/kinova_gen3_6dof_robotiq_2f_85_moveit_config:/home/keerthibaalan/ws_moveit/install/kortex_description:/home/keerthibaalan/ws_moveit/install/robotiq_description:/home/keerthibaalan/ws_moveit/install/robotiq_controllers:/home/keerthibaalan/ws_moveit/install/pilz_industrial_motion_planner_testutils:/home/keerthibaalan/ws_moveit/install/moveit_runtime:/home/keerthibaalan/ws_moveit/install/moveit:/home/keerthibaalan/ws_moveit/install/moveit_planners:/home/keerthibaalan/ws_moveit/install/pilz_industrial_motion_planner:/home/keerthibaalan/ws_moveit/install/pick_ik:/home/keerthibaalan/ws_moveit/install/moveit_task_constructor_msgs:/home/keerthibaalan/ws_moveit/install/moveit_ros_control_interface:/home/keerthibaalan/ws_moveit/install/moveit_plugins:/home/keerthibaalan/ws_moveit/install/moveit_simple_controller_manager:/home/keerthibaalan/ws_moveit/install/moveit_setup_assistant:/home/keerthibaalan/ws_moveit/install/moveit_setup_srdf_plugins:/home/keerthibaalan/ws_moveit/install/moveit_setup_core_plugins:/home/keerthibaalan/ws_moveit/install/moveit_setup_controllers:/home/keerthibaalan/ws_moveit/install/moveit_setup_app_plugins:/home/keerthibaalan/ws_moveit/install/moveit_setup_framework:/home/keerthibaalan/ws_moveit/install/moveit_servo:/home/keerthibaalan/ws_moveit/install/moveit_ros:/home/keerthibaalan/ws_moveit/install/moveit_ros_visualization:/home/keerthibaalan/ws_moveit/install/moveit_py:/home/keerthibaalan/ws_moveit/install/moveit_hybrid_planning:/home/keerthibaalan/ws_moveit/install/moveit_ros_planning_interface:/home/keerthibaalan/ws_moveit/install/moveit_ros_benchmarks:/home/keerthibaalan/ws_moveit/install/moveit_ros_warehouse:/home/keerthibaalan/ws_moveit/install/moveit_ros_robot_interaction:/home/keerthibaalan/ws_moveit/install/moveit_ros_perception:/home/keerthibaalan/ws_moveit/install/moveit_resources_prbt_pg70_support:/home/keerthibaalan/ws_moveit/install/moveit_resources_prbt_moveit_config:/home/keerthibaalan/ws_moveit/install/moveit_ros_move_group:/home/keerthibaalan/ws_moveit/install/moveit_planners_ompl:/home/keerthibaalan/ws_moveit/install/moveit_kinematics:/home/keerthibaalan/ws_moveit/install/moveit_ros_planning:/home/keerthibaalan/ws_moveit/install/moveit_ros_occupancy_map_monitor:/home/keerthibaalan/ws_moveit/install/moveit_resources_prbt_support:/home/keerthibaalan/ws_moveit/install/moveit_resources_prbt_ikfast_manipulator_plugin:/home/keerthibaalan/ws_moveit/install/moveit_resources:/home/keerthibaalan/ws_moveit/install/moveit_resources_pr2_description:/home/keerthibaalan/ws_moveit/install/moveit_resources_panda_moveit_config:/home/keerthibaalan/ws_moveit/install/dual_arm_panda_moveit_config:/home/keerthibaalan/ws_moveit/install/moveit_resources_panda_description:/home/keerthibaalan/ws_moveit/install/moveit_resources_fanuc_moveit_config:/home/keerthibaalan/ws_moveit/install/moveit_resources_fanuc_description:/home/keerthibaalan/ws_moveit/install/moveit_planners_stomp:/home/keerthibaalan/ws_moveit/install/moveit_planners_chomp:/home/keerthibaalan/ws_moveit/install/chomp_motion_planner:/home/keerthibaalan/ws_moveit/install/moveit_core:/home/keerthibaalan/ws_moveit/install/moveit_msgs:/home/keerthibaalan/ws_moveit/install/moveit_common:/home/keerthibaalan/ws_moveit/install/kortex_driver:/home/keerthibaalan/ws_moveit/install/kortex_api:/home/keerthibaalan/ws_moveit/install/moveit_configs_utils:/opt/ros/humble LD_LIBRARY_PATH=/home/keerthibaalan/ROS2_Workspace/ros2industrial_ws/install/fake_ar_publisher/lib:${LD_LIBRARY_PATH} PYTHONPATH=/home/keerthibaalan/ROS2_Workspace/ros2industrial_ws/install/fake_ar_publisher/local/lib/python3.10/dist-packages:${PYTHONPATH} /usr/bin/cmake --install /home/keerthibaalan/ROS2_Workspace/ros2industrial_ws/build/myworkcell_core
[0.405s] -- Install configuration: ""
[0.405s] -- Up-to-date: /home/keerthibaalan/ROS2_Workspace/ros2industrial_ws/install/myworkcell_core/share/ament_index/resource_index/rosidl_interfaces/myworkcell_core
[0.405s] -- Up-to-date: /home/keerthibaalan/ROS2_Workspace/ros2industrial_ws/install/myworkcell_core/include/myworkcell_core/myworkcell_core
[0.406s] -- Up-to-date: /home/keerthibaalan/ROS2_Workspace/ros2industrial_ws/install/myworkcell_core/include/myworkcell_core/myworkcell_core/msg
[0.406s] -- Up-to-date: /home/keerthibaalan/ROS2_Workspace/ros2industrial_ws/install/myworkcell_core/include/myworkcell_core/myworkcell_core/msg/rosidl_generator_c__visibility_control.h
[0.406s] -- Up-to-date: /home/keerthibaalan/ROS2_Workspace/ros2industrial_ws/install/myworkcell_core/include/myworkcell_core/myworkcell_core/srv
[0.406s] -- Up-to-date: /home/keerthibaalan/ROS2_Workspace/ros2industrial_ws/install/myworkcell_core/include/myworkcell_core/myworkcell_core/srv/localize_part.h
[0.406s] -- Up-to-date: /home/keerthibaalan/ROS2_Workspace/ros2industrial_ws/install/myworkcell_core/include/myworkcell_core/myworkcell_core/srv/detail
[0.406s] -- Up-to-date: /home/keerthibaalan/ROS2_Workspace/ros2industrial_ws/install/myworkcell_core/include/myworkcell_core/myworkcell_core/srv/detail/localize_part__functions.c
[0.406s] -- Up-to-date: /home/keerthibaalan/ROS2_Workspace/ros2industrial_ws/install/myworkcell_core/include/myworkcell_core/myworkcell_core/srv/detail/localize_part__functions.h
[0.406s] -- Up-to-date: /home/keerthibaalan/ROS2_Workspace/ros2industrial_ws/install/myworkcell_core/include/myworkcell_core/myworkcell_core/srv/detail/localize_part__struct.h
[0.406s] -- Up-to-date: /home/keerthibaalan/ROS2_Workspace/ros2industrial_ws/install/myworkcell_core/include/myworkcell_core/myworkcell_core/srv/detail/localize_part__type_support.h
[0.406s] -- Up-to-date: /home/keerthibaalan/ROS2_Workspace/ros2industrial_ws/install/myworkcell_core/share/myworkcell_core/environment/library_path.sh
[0.406s] -- Up-to-date: /home/keerthibaalan/ROS2_Workspace/ros2industrial_ws/install/myworkcell_core/share/myworkcell_core/environment/library_path.dsv
[0.406s] -- Up-to-date: /home/keerthibaalan/ROS2_Workspace/ros2industrial_ws/install/myworkcell_core/lib/libmyworkcell_core__rosidl_generator_c.so
[0.406s] -- Up-to-date: /home/keerthibaalan/ROS2_Workspace/ros2industrial_ws/install/myworkcell_core/include/myworkcell_core/myworkcell_core
[0.406s] -- Up-to-date: /home/keerthibaalan/ROS2_Workspace/ros2industrial_ws/install/myworkcell_core/include/myworkcell_core/myworkcell_core/msg
[0.406s] -- Up-to-date: /home/keerthibaalan/ROS2_Workspace/ros2industrial_ws/install/myworkcell_core/include/myworkcell_core/myworkcell_core/msg/rosidl_typesupport_fastrtps_c__visibility_control.h
[0.406s] -- Up-to-date: /home/keerthibaalan/ROS2_Workspace/ros2industrial_ws/install/myworkcell_core/include/myworkcell_core/myworkcell_core/srv
[0.407s] -- Up-to-date: /home/keerthibaalan/ROS2_Workspace/ros2industrial_ws/install/myworkcell_core/include/myworkcell_core/myworkcell_core/srv/detail
[0.407s] -- Up-to-date: /home/keerthibaalan/ROS2_Workspace/ros2industrial_ws/install/myworkcell_core/include/myworkcell_core/myworkcell_core/srv/detail/localize_part__rosidl_typesupport_fastrtps_c.h
[0.407s] -- Up-to-date: /home/keerthibaalan/ROS2_Workspace/ros2industrial_ws/install/myworkcell_core/lib/libmyworkcell_core__rosidl_typesupport_fastrtps_c.so
[0.407s] -- Up-to-date: /home/keerthibaalan/ROS2_Workspace/ros2industrial_ws/install/myworkcell_core/include/myworkcell_core/myworkcell_core
[0.407s] -- Up-to-date: /home/keerthibaalan/ROS2_Workspace/ros2industrial_ws/install/myworkcell_core/include/myworkcell_core/myworkcell_core/srv
[0.407s] -- Up-to-date: /home/keerthibaalan/ROS2_Workspace/ros2industrial_ws/install/myworkcell_core/include/myworkcell_core/myworkcell_core/srv/localize_part.hpp
[0.407s] -- Up-to-date: /home/keerthibaalan/ROS2_Workspace/ros2industrial_ws/install/myworkcell_core/include/myworkcell_core/myworkcell_core/srv/detail
[0.407s] -- Up-to-date: /home/keerthibaalan/ROS2_Workspace/ros2industrial_ws/install/myworkcell_core/include/myworkcell_core/myworkcell_core/srv/detail/localize_part__traits.hpp
[0.407s] -- Up-to-date: /home/keerthibaalan/ROS2_Workspace/ros2industrial_ws/install/myworkcell_core/include/myworkcell_core/myworkcell_core/srv/detail/localize_part__struct.hpp
[0.407s] -- Up-to-date: /home/keerthibaalan/ROS2_Workspace/ros2industrial_ws/install/myworkcell_core/include/myworkcell_core/myworkcell_core/srv/detail/localize_part__builder.hpp
[0.407s] -- Up-to-date: /home/keerthibaalan/ROS2_Workspace/ros2industrial_ws/install/myworkcell_core/include/myworkcell_core/myworkcell_core
[0.407s] -- Up-to-date: /home/keerthibaalan/ROS2_Workspace/ros2industrial_ws/install/myworkcell_core/include/myworkcell_core/myworkcell_core/msg
[0.407s] -- Up-to-date: /home/keerthibaalan/ROS2_Workspace/ros2industrial_ws/install/myworkcell_core/include/myworkcell_core/myworkcell_core/msg/rosidl_typesupport_fastrtps_cpp__visibility_control.h
[0.407s] -- Up-to-date: /home/keerthibaalan/ROS2_Workspace/ros2industrial_ws/install/myworkcell_core/include/myworkcell_core/myworkcell_core/srv
[0.407s] -- Up-to-date: /home/keerthibaalan/ROS2_Workspace/ros2industrial_ws/install/myworkcell_core/include/myworkcell_core/myworkcell_core/srv/detail
[0.408s] -- Up-to-date: /home/keerthibaalan/ROS2_Workspace/ros2industrial_ws/install/myworkcell_core/include/myworkcell_core/myworkcell_core/srv/detail/localize_part__rosidl_typesupport_fastrtps_cpp.hpp
[0.408s] -- Up-to-date: /home/keerthibaalan/ROS2_Workspace/ros2industrial_ws/install/myworkcell_core/include/myworkcell_core/myworkcell_core/srv/detail/dds_fastrtps
[0.408s] -- Up-to-date: /home/keerthibaalan/ROS2_Workspace/ros2industrial_ws/install/myworkcell_core/lib/libmyworkcell_core__rosidl_typesupport_fastrtps_cpp.so
[0.408s] -- Up-to-date: /home/keerthibaalan/ROS2_Workspace/ros2industrial_ws/install/myworkcell_core/include/myworkcell_core/myworkcell_core
[0.408s] -- Up-to-date: /home/keerthibaalan/ROS2_Workspace/ros2industrial_ws/install/myworkcell_core/include/myworkcell_core/myworkcell_core/msg
[0.408s] -- Up-to-date: /home/keerthibaalan/ROS2_Workspace/ros2industrial_ws/install/myworkcell_core/include/myworkcell_core/myworkcell_core/msg/rosidl_typesupport_introspection_c__visibility_control.h
[0.408s] -- Up-to-date: /home/keerthibaalan/ROS2_Workspace/ros2industrial_ws/install/myworkcell_core/include/myworkcell_core/myworkcell_core/srv
[0.408s] -- Up-to-date: /home/keerthibaalan/ROS2_Workspace/ros2industrial_ws/install/myworkcell_core/include/myworkcell_core/myworkcell_core/srv/detail
[0.408s] -- Up-to-date: /home/keerthibaalan/ROS2_Workspace/ros2industrial_ws/install/myworkcell_core/include/myworkcell_core/myworkcell_core/srv/detail/localize_part__rosidl_typesupport_introspection_c.h
[0.408s] -- Up-to-date: /home/keerthibaalan/ROS2_Workspace/ros2industrial_ws/install/myworkcell_core/include/myworkcell_core/myworkcell_core/srv/detail/localize_part__type_support.c
[0.408s] -- Up-to-date: /home/keerthibaalan/ROS2_Workspace/ros2industrial_ws/install/myworkcell_core/lib/libmyworkcell_core__rosidl_typesupport_introspection_c.so
[0.409s] -- Up-to-date: /home/keerthibaalan/ROS2_Workspace/ros2industrial_ws/install/myworkcell_core/lib/libmyworkcell_core__rosidl_typesupport_c.so
[0.409s] -- Up-to-date: /home/keerthibaalan/ROS2_Workspace/ros2industrial_ws/install/myworkcell_core/include/myworkcell_core/myworkcell_core
[0.409s] -- Up-to-date: /home/keerthibaalan/ROS2_Workspace/ros2industrial_ws/install/myworkcell_core/include/myworkcell_core/myworkcell_core/srv
[0.409s] -- Up-to-date: /home/keerthibaalan/ROS2_Workspace/ros2industrial_ws/install/myworkcell_core/include/myworkcell_core/myworkcell_core/srv/detail
[0.409s] -- Up-to-date: /home/keerthibaalan/ROS2_Workspace/ros2industrial_ws/install/myworkcell_core/include/myworkcell_core/myworkcell_core/srv/detail/localize_part__type_support.cpp
[0.409s] -- Up-to-date: /home/keerthibaalan/ROS2_Workspace/ros2industrial_ws/install/myworkcell_core/include/myworkcell_core/myworkcell_core/srv/detail/localize_part__rosidl_typesupport_introspection_cpp.hpp
[0.409s] -- Up-to-date: /home/keerthibaalan/ROS2_Workspace/ros2industrial_ws/install/myworkcell_core/lib/libmyworkcell_core__rosidl_typesupport_introspection_cpp.so
[0.410s] -- Up-to-date: /home/keerthibaalan/ROS2_Workspace/ros2industrial_ws/install/myworkcell_core/lib/libmyworkcell_core__rosidl_typesupport_cpp.so
[0.410s] -- Up-to-date: /home/keerthibaalan/ROS2_Workspace/ros2industrial_ws/install/myworkcell_core/share/myworkcell_core/environment/pythonpath.sh
[0.410s] -- Up-to-date: /home/keerthibaalan/ROS2_Workspace/ros2industrial_ws/install/myworkcell_core/share/myworkcell_core/environment/pythonpath.dsv
[0.410s] -- Up-to-date: /home/keerthibaalan/ROS2_Workspace/ros2industrial_ws/install/myworkcell_core/local/lib/python3.10/dist-packages/myworkcell_core-0.0.0-py3.10.egg-info
[0.410s] -- Installing: /home/keerthibaalan/ROS2_Workspace/ros2industrial_ws/install/myworkcell_core/local/lib/python3.10/dist-packages/myworkcell_core-0.0.0-py3.10.egg-info/SOURCES.txt
[0.410s] -- Installing: /home/keerthibaalan/ROS2_Workspace/ros2industrial_ws/install/myworkcell_core/local/lib/python3.10/dist-packages/myworkcell_core-0.0.0-py3.10.egg-info/PKG-INFO
[0.410s] -- Installing: /home/keerthibaalan/ROS2_Workspace/ros2industrial_ws/install/myworkcell_core/local/lib/python3.10/dist-packages/myworkcell_core-0.0.0-py3.10.egg-info/top_level.txt
[0.410s] -- Installing: /home/keerthibaalan/ROS2_Workspace/ros2industrial_ws/install/myworkcell_core/local/lib/python3.10/dist-packages/myworkcell_core-0.0.0-py3.10.egg-info/dependency_links.txt
[0.410s] -- Up-to-date: /home/keerthibaalan/ROS2_Workspace/ros2industrial_ws/install/myworkcell_core/local/lib/python3.10/dist-packages/myworkcell_core
[0.410s] -- Up-to-date: /home/keerthibaalan/ROS2_Workspace/ros2industrial_ws/install/myworkcell_core/local/lib/python3.10/dist-packages/myworkcell_core/myworkcell_core_s__rosidl_typesupport_c.cpython-310-x86_64-linux-gnu.so
[0.410s] -- Up-to-date: /home/keerthibaalan/ROS2_Workspace/ros2industrial_ws/install/myworkcell_core/local/lib/python3.10/dist-packages/myworkcell_core/myworkcell_core_s__rosidl_typesupport_fastrtps_c.cpython-310-x86_64-linux-gnu.so
[0.410s] -- Up-to-date: /home/keerthibaalan/ROS2_Workspace/ros2industrial_ws/install/myworkcell_core/local/lib/python3.10/dist-packages/myworkcell_core/_myworkcell_core_s.ep.rosidl_typesupport_introspection_c.c
[0.410s] -- Up-to-date: /home/keerthibaalan/ROS2_Workspace/ros2industrial_ws/install/myworkcell_core/local/lib/python3.10/dist-packages/myworkcell_core/_myworkcell_core_s.ep.rosidl_typesupport_fastrtps_c.c
[0.411s] -- Up-to-date: /home/keerthibaalan/ROS2_Workspace/ros2industrial_ws/install/myworkcell_core/local/lib/python3.10/dist-packages/myworkcell_core/_myworkcell_core_s.ep.rosidl_typesupport_c.c
[0.411s] -- Up-to-date: /home/keerthibaalan/ROS2_Workspace/ros2industrial_ws/install/myworkcell_core/local/lib/python3.10/dist-packages/myworkcell_core/myworkcell_core_s__rosidl_typesupport_introspection_c.cpython-310-x86_64-linux-gnu.so
[0.411s] -- Up-to-date: /home/keerthibaalan/ROS2_Workspace/ros2industrial_ws/install/myworkcell_core/local/lib/python3.10/dist-packages/myworkcell_core/libmyworkcell_core__rosidl_generator_py.so
[0.411s] -- Up-to-date: /home/keerthibaalan/ROS2_Workspace/ros2industrial_ws/install/myworkcell_core/local/lib/python3.10/dist-packages/myworkcell_core/__init__.py
[0.411s] -- Up-to-date: /home/keerthibaalan/ROS2_Workspace/ros2industrial_ws/install/myworkcell_core/local/lib/python3.10/dist-packages/myworkcell_core/srv
[0.411s] -- Up-to-date: /home/keerthibaalan/ROS2_Workspace/ros2industrial_ws/install/myworkcell_core/local/lib/python3.10/dist-packages/myworkcell_core/srv/_localize_part.py
[0.411s] -- Up-to-date: /home/keerthibaalan/ROS2_Workspace/ros2industrial_ws/install/myworkcell_core/local/lib/python3.10/dist-packages/myworkcell_core/srv/__init__.py
[0.411s] -- Up-to-date: /home/keerthibaalan/ROS2_Workspace/ros2industrial_ws/install/myworkcell_core/local/lib/python3.10/dist-packages/myworkcell_core/srv/_localize_part_s.c
[0.430s] Listing '/home/keerthibaalan/ROS2_Workspace/ros2industrial_ws/install/myworkcell_core/local/lib/python3.10/dist-packages/myworkcell_core'...
[0.430s] Listing '/home/keerthibaalan/ROS2_Workspace/ros2industrial_ws/install/myworkcell_core/local/lib/python3.10/dist-packages/myworkcell_core/srv'...
[0.433s] -- Up-to-date: /home/keerthibaalan/ROS2_Workspace/ros2industrial_ws/install/myworkcell_core/local/lib/python3.10/dist-packages/myworkcell_core/myworkcell_core_s__rosidl_typesupport_fastrtps_c.cpython-310-x86_64-linux-gnu.so
[0.433s] -- Up-to-date: /home/keerthibaalan/ROS2_Workspace/ros2industrial_ws/install/myworkcell_core/local/lib/python3.10/dist-packages/myworkcell_core/myworkcell_core_s__rosidl_typesupport_introspection_c.cpython-310-x86_64-linux-gnu.so
[0.433s] -- Up-to-date: /home/keerthibaalan/ROS2_Workspace/ros2industrial_ws/install/myworkcell_core/local/lib/python3.10/dist-packages/myworkcell_core/myworkcell_core_s__rosidl_typesupport_c.cpython-310-x86_64-linux-gnu.so
[0.434s] -- Up-to-date: /home/keerthibaalan/ROS2_Workspace/ros2industrial_ws/install/myworkcell_core/lib/libmyworkcell_core__rosidl_generator_py.so
[0.434s] -- Up-to-date: /home/keerthibaalan/ROS2_Workspace/ros2industrial_ws/install/myworkcell_core/share/myworkcell_core/srv/LocalizePart.idl
[0.434s] -- Up-to-date: /home/keerthibaalan/ROS2_Workspace/ros2industrial_ws/install/myworkcell_core/share/myworkcell_core/srv/LocalizePart.srv
[0.434s] -- Up-to-date: /home/keerthibaalan/ROS2_Workspace/ros2industrial_ws/install/myworkcell_core/share/myworkcell_core/srv/LocalizePart_Request.msg
[0.434s] -- Up-to-date: /home/keerthibaalan/ROS2_Workspace/ros2industrial_ws/install/myworkcell_core/share/myworkcell_core/srv/LocalizePart_Response.msg
[0.435s] -- Up-to-date: /home/keerthibaalan/ROS2_Workspace/ros2industrial_ws/install/myworkcell_core/lib/myworkcell_core/vision_node
[0.435s] -- Up-to-date: /home/keerthibaalan/ROS2_Workspace/ros2industrial_ws/install/myworkcell_core/lib/myworkcell_core/myworkcell_node
[0.435s] -- Up-to-date: /home/keerthibaalan/ROS2_Workspace/ros2industrial_ws/install/myworkcell_core/share/ament_index/resource_index/package_run_dependencies/myworkcell_core
[0.436s] -- Up-to-date: /home/keerthibaalan/ROS2_Workspace/ros2industrial_ws/install/myworkcell_core/share/ament_index/resource_index/parent_prefix_path/myworkcell_core
[0.436s] -- Up-to-date: /home/keerthibaalan/ROS2_Workspace/ros2industrial_ws/install/myworkcell_core/share/myworkcell_core/environment/ament_prefix_path.sh
[0.436s] -- Up-to-date: /home/keerthibaalan/ROS2_Workspace/ros2industrial_ws/install/myworkcell_core/share/myworkcell_core/environment/ament_prefix_path.dsv
[0.436s] -- Up-to-date: /home/keerthibaalan/ROS2_Workspace/ros2industrial_ws/install/myworkcell_core/share/myworkcell_core/environment/path.sh
[0.436s] -- Up-to-date: /home/keerthibaalan/ROS2_Workspace/ros2industrial_ws/install/myworkcell_core/share/myworkcell_core/environment/path.dsv
[0.436s] -- Up-to-date: /home/keerthibaalan/ROS2_Workspace/ros2industrial_ws/install/myworkcell_core/share/myworkcell_core/local_setup.bash
[0.436s] -- Up-to-date: /home/keerthibaalan/ROS2_Workspace/ros2industrial_ws/install/myworkcell_core/share/myworkcell_core/local_setup.sh
[0.436s] -- Up-to-date: /home/keerthibaalan/ROS2_Workspace/ros2industrial_ws/install/myworkcell_core/share/myworkcell_core/local_setup.zsh
[0.436s] -- Up-to-date: /home/keerthibaalan/ROS2_Workspace/ros2industrial_ws/install/myworkcell_core/share/myworkcell_core/local_setup.dsv
[0.436s] -- Installing: /home/keerthibaalan/ROS2_Workspace/ros2industrial_ws/install/myworkcell_core/share/myworkcell_core/package.dsv
[0.436s] -- Up-to-date: /home/keerthibaalan/ROS2_Workspace/ros2industrial_ws/install/myworkcell_core/share/ament_index/resource_index/packages/myworkcell_core
[0.436s] -- Up-to-date: /home/keerthibaalan/ROS2_Workspace/ros2industrial_ws/install/myworkcell_core/share/myworkcell_core/cmake/export_myworkcell_core__rosidl_generator_cExport.cmake
[0.436s] -- Up-to-date: /home/keerthibaalan/ROS2_Workspace/ros2industrial_ws/install/myworkcell_core/share/myworkcell_core/cmake/export_myworkcell_core__rosidl_generator_cExport-noconfig.cmake
[0.437s] -- Up-to-date: /home/keerthibaalan/ROS2_Workspace/ros2industrial_ws/install/myworkcell_core/share/myworkcell_core/cmake/export_myworkcell_core__rosidl_typesupport_fastrtps_cExport.cmake
[0.437s] -- Up-to-date: /home/keerthibaalan/ROS2_Workspace/ros2industrial_ws/install/myworkcell_core/share/myworkcell_core/cmake/export_myworkcell_core__rosidl_typesupport_fastrtps_cExport-noconfig.cmake
[0.437s] -- Up-to-date: /home/keerthibaalan/ROS2_Workspace/ros2industrial_ws/install/myworkcell_core/share/myworkcell_core/cmake/export_myworkcell_core__rosidl_generator_cppExport.cmake
[0.437s] -- Up-to-date: /home/keerthibaalan/ROS2_Workspace/ros2industrial_ws/install/myworkcell_core/share/myworkcell_core/cmake/export_myworkcell_core__rosidl_typesupport_fastrtps_cppExport.cmake
[0.437s] -- Up-to-date: /home/keerthibaalan/ROS2_Workspace/ros2industrial_ws/install/myworkcell_core/share/myworkcell_core/cmake/export_myworkcell_core__rosidl_typesupport_fastrtps_cppExport-noconfig.cmake
[0.438s] -- Up-to-date: /home/keerthibaalan/ROS2_Workspace/ros2industrial_ws/install/myworkcell_core/share/myworkcell_core/cmake/myworkcell_core__rosidl_typesupport_introspection_cExport.cmake
[0.438s] -- Up-to-date: /home/keerthibaalan/ROS2_Workspace/ros2industrial_ws/install/myworkcell_core/share/myworkcell_core/cmake/myworkcell_core__rosidl_typesupport_introspection_cExport-noconfig.cmake
[0.438s] -- Up-to-date: /home/keerthibaalan/ROS2_Workspace/ros2industrial_ws/install/myworkcell_core/share/myworkcell_core/cmake/myworkcell_core__rosidl_typesupport_cExport.cmake
[0.438s] -- Up-to-date: /home/keerthibaalan/ROS2_Workspace/ros2industrial_ws/install/myworkcell_core/share/myworkcell_core/cmake/myworkcell_core__rosidl_typesupport_cExport-noconfig.cmake
[0.438s] -- Up-to-date: /home/keerthibaalan/ROS2_Workspace/ros2industrial_ws/install/myworkcell_core/share/myworkcell_core/cmake/myworkcell_core__rosidl_typesupport_introspection_cppExport.cmake
[0.438s] -- Up-to-date: /home/keerthibaalan/ROS2_Workspace/ros2industrial_ws/install/myworkcell_core/share/myworkcell_core/cmake/myworkcell_core__rosidl_typesupport_introspection_cppExport-noconfig.cmake
[0.438s] -- Up-to-date: /home/keerthibaalan/ROS2_Workspace/ros2industrial_ws/install/myworkcell_core/share/myworkcell_core/cmake/myworkcell_core__rosidl_typesupport_cppExport.cmake
[0.438s] -- Up-to-date: /home/keerthibaalan/ROS2_Workspace/ros2industrial_ws/install/myworkcell_core/share/myworkcell_core/cmake/myworkcell_core__rosidl_typesupport_cppExport-noconfig.cmake
[0.438s] -- Up-to-date: /home/keerthibaalan/ROS2_Workspace/ros2industrial_ws/install/myworkcell_core/share/myworkcell_core/cmake/export_myworkcell_core__rosidl_generator_pyExport.cmake
[0.439s] -- Up-to-date: /home/keerthibaalan/ROS2_Workspace/ros2industrial_ws/install/myworkcell_core/share/myworkcell_core/cmake/export_myworkcell_core__rosidl_generator_pyExport-noconfig.cmake
[0.439s] -- Up-to-date: /home/keerthibaalan/ROS2_Workspace/ros2industrial_ws/install/myworkcell_core/share/myworkcell_core/cmake/rosidl_cmake-extras.cmake
[0.439s] -- Up-to-date: /home/keerthibaalan/ROS2_Workspace/ros2industrial_ws/install/myworkcell_core/share/myworkcell_core/cmake/ament_cmake_export_dependencies-extras.cmake
[0.439s] -- Up-to-date: /home/keerthibaalan/ROS2_Workspace/ros2industrial_ws/install/myworkcell_core/share/myworkcell_core/cmake/ament_cmake_export_include_directories-extras.cmake
[0.439s] -- Up-to-date: /home/keerthibaalan/ROS2_Workspace/ros2industrial_ws/install/myworkcell_core/share/myworkcell_core/cmake/ament_cmake_export_libraries-extras.cmake
[0.439s] -- Up-to-date: /home/keerthibaalan/ROS2_Workspace/ros2industrial_ws/install/myworkcell_core/share/myworkcell_core/cmake/ament_cmake_export_targets-extras.cmake
[0.439s] -- Up-to-date: /home/keerthibaalan/ROS2_Workspace/ros2industrial_ws/install/myworkcell_core/share/myworkcell_core/cmake/rosidl_cmake_export_typesupport_targets-extras.cmake
[0.439s] -- Up-to-date: /home/keerthibaalan/ROS2_Workspace/ros2industrial_ws/install/myworkcell_core/share/myworkcell_core/cmake/rosidl_cmake_export_typesupport_libraries-extras.cmake
[0.439s] -- Up-to-date: /home/keerthibaalan/ROS2_Workspace/ros2industrial_ws/install/myworkcell_core/share/myworkcell_core/cmake/myworkcell_coreConfig.cmake
[0.439s] -- Up-to-date: /home/keerthibaalan/ROS2_Workspace/ros2industrial_ws/install/myworkcell_core/share/myworkcell_core/cmake/myworkcell_coreConfig-version.cmake
[0.439s] -- Up-to-date: /home/keerthibaalan/ROS2_Workspace/ros2industrial_ws/install/myworkcell_core/share/myworkcell_core/package.xml
[0.441s] Invoked command in '/home/keerthibaalan/ROS2_Workspace/ros2industrial_ws/build/myworkcell_core' returned '0': AMENT_PREFIX_PATH=/home/keerthibaalan/ROS2_Workspace/ros2industrial_ws/install/fake_ar_publisher:${AMENT_PREFIX_PATH} CMAKE_PREFIX_PATH=/home/keerthibaalan/ROS2_Workspace/ros2industrial_ws/install/fake_ar_publisher:/home/keerthibaalan/ws_moveit/install/robotiq_hardware_tests:/home/keerthibaalan/ws_moveit/install/robotiq_driver:/home/keerthibaalan/ws_moveit/install/serial:/home/keerthibaalan/ws_moveit/install/moveit2_tutorials:/home/keerthibaalan/ws_moveit/install/moveit_visual_tools:/home/keerthibaalan/ws_moveit/install/rviz_visual_tools:/home/keerthibaalan/ws_moveit/install/moveit_task_constructor_visualization:/home/keerthibaalan/ws_moveit/install/moveit_task_constructor_demo:/home/keerthibaalan/ws_moveit/install/moveit_task_constructor_capabilities:/home/keerthibaalan/ws_moveit/install/moveit_task_constructor_core:/home/keerthibaalan/ws_moveit/install/rviz_marker_tools:/home/keerthibaalan/ws_moveit/install/kortex_bringup:/home/keerthibaalan/ws_moveit/install/kinova_gen3_7dof_robotiq_2f_85_moveit_config:/home/keerthibaalan/ws_moveit/install/kinova_gen3_6dof_robotiq_2f_85_moveit_config:/home/keerthibaalan/ws_moveit/install/kortex_description:/home/keerthibaalan/ws_moveit/install/robotiq_description:/home/keerthibaalan/ws_moveit/install/robotiq_controllers:/home/keerthibaalan/ws_moveit/install/pilz_industrial_motion_planner_testutils:/home/keerthibaalan/ws_moveit/install/moveit_runtime:/home/keerthibaalan/ws_moveit/install/moveit:/home/keerthibaalan/ws_moveit/install/moveit_planners:/home/keerthibaalan/ws_moveit/install/pilz_industrial_motion_planner:/home/keerthibaalan/ws_moveit/install/pick_ik:/home/keerthibaalan/ws_moveit/install/moveit_task_constructor_msgs:/home/keerthibaalan/ws_moveit/install/moveit_ros_control_interface:/home/keerthibaalan/ws_moveit/install/moveit_plugins:/home/keerthibaalan/ws_moveit/install/moveit_simple_controller_manager:/home/keerthibaalan/ws_moveit/install/moveit_setup_assistant:/home/keerthibaalan/ws_moveit/install/moveit_setup_srdf_plugins:/home/keerthibaalan/ws_moveit/install/moveit_setup_core_plugins:/home/keerthibaalan/ws_moveit/install/moveit_setup_controllers:/home/keerthibaalan/ws_moveit/install/moveit_setup_app_plugins:/home/keerthibaalan/ws_moveit/install/moveit_setup_framework:/home/keerthibaalan/ws_moveit/install/moveit_servo:/home/keerthibaalan/ws_moveit/install/moveit_ros:/home/keerthibaalan/ws_moveit/install/moveit_ros_visualization:/home/keerthibaalan/ws_moveit/install/moveit_py:/home/keerthibaalan/ws_moveit/install/moveit_hybrid_planning:/home/keerthibaalan/ws_moveit/install/moveit_ros_planning_interface:/home/keerthibaalan/ws_moveit/install/moveit_ros_benchmarks:/home/keerthibaalan/ws_moveit/install/moveit_ros_warehouse:/home/keerthibaalan/ws_moveit/install/moveit_ros_robot_interaction:/home/keerthibaalan/ws_moveit/install/moveit_ros_perception:/home/keerthibaalan/ws_moveit/install/moveit_resources_prbt_pg70_support:/home/keerthibaalan/ws_moveit/install/moveit_resources_prbt_moveit_config:/home/keerthibaalan/ws_moveit/install/moveit_ros_move_group:/home/keerthibaalan/ws_moveit/install/moveit_planners_ompl:/home/keerthibaalan/ws_moveit/install/moveit_kinematics:/home/keerthibaalan/ws_moveit/install/moveit_ros_planning:/home/keerthibaalan/ws_moveit/install/moveit_ros_occupancy_map_monitor:/home/keerthibaalan/ws_moveit/install/moveit_resources_prbt_support:/home/keerthibaalan/ws_moveit/install/moveit_resources_prbt_ikfast_manipulator_plugin:/home/keerthibaalan/ws_moveit/install/moveit_resources:/home/keerthibaalan/ws_moveit/install/moveit_resources_pr2_description:/home/keerthibaalan/ws_moveit/install/moveit_resources_panda_moveit_config:/home/keerthibaalan/ws_moveit/install/dual_arm_panda_moveit_config:/home/keerthibaalan/ws_moveit/install/moveit_resources_panda_description:/home/keerthibaalan/ws_moveit/install/moveit_resources_fanuc_moveit_config:/home/keerthibaalan/ws_moveit/install/moveit_resources_fanuc_description:/home/keerthibaalan/ws_moveit/install/moveit_planners_stomp:/home/keerthibaalan/ws_moveit/install/moveit_planners_chomp:/home/keerthibaalan/ws_moveit/install/chomp_motion_planner:/home/keerthibaalan/ws_moveit/install/moveit_core:/home/keerthibaalan/ws_moveit/install/moveit_msgs:/home/keerthibaalan/ws_moveit/install/moveit_common:/home/keerthibaalan/ws_moveit/install/kortex_driver:/home/keerthibaalan/ws_moveit/install/kortex_api:/home/keerthibaalan/ws_moveit/install/moveit_configs_utils:/opt/ros/humble LD_LIBRARY_PATH=/home/keerthibaalan/ROS2_Workspace/ros2industrial_ws/install/fake_ar_publisher/lib:${LD_LIBRARY_PATH} PYTHONPATH=/home/keerthibaalan/ROS2_Workspace/ros2industrial_ws/install/fake_ar_publisher/local/lib/python3.10/dist-packages:${PYTHONPATH} /usr/bin/cmake --install /home/keerthibaalan/ROS2_Workspace/ros2industrial_ws/build/myworkcell_core
