[0.067s] Invoking command in '/home/ros/ws_microros/build/asrs_description': CMAKE_PREFIX_PATH=/opt/ros/humble /usr/bin/cmake /home/ros/ws_microros/src/asrs_description -DCMAKE_INSTALL_PREFIX=/home/ros/ws_microros/install/asrs_description
[0.204s] -- The C compiler identification is GNU 11.4.0
[0.299s] -- The CXX compiler identification is GNU 11.4.0
[0.308s] -- Detecting C compiler ABI info
[0.353s] -- Detecting C compiler ABI info - done
[0.357s] -- Check for working C compiler: /usr/bin/cc - skipped
[0.358s] -- Detecting C compile features
[0.359s] -- Detecting C compile features - done
[0.364s] -- Detecting CXX compiler ABI info
[0.411s] -- Detecting CXX compiler ABI info - done
[0.415s] -- Check for working CXX compiler: /usr/bin/c++ - skipped
[0.415s] -- Detecting CXX compile features
[0.415s] -- Detecting CXX compile features - done
[0.421s] -- Found ament_cmake: 1.3.6 (/opt/ros/humble/share/ament_cmake/cmake)
[0.518s] -- Found Python3: /usr/bin/python3.10 (found version "3.10.12") found components: Interpreter 
[0.582s] -- Found ament_lint_auto: 0.12.9 (/opt/ros/humble/share/ament_lint_auto/cmake)
[0.633s] -- Added test 'lint_cmake' to check CMake code style
[0.634s] -- Added test 'xmllint' to check XML markup files
[0.635s] -- Configuring done
[0.637s] -- Generating done
[0.637s] -- Build files have been written to: /home/ros/ws_microros/build/asrs_description
[0.645s] Invoked command in '/home/ros/ws_microros/build/asrs_description' returned '0': CMAKE_PREFIX_PATH=/opt/ros/humble /usr/bin/cmake /home/ros/ws_microros/src/asrs_description -DCMAKE_INSTALL_PREFIX=/home/ros/ws_microros/install/asrs_description
[0.645s] Invoking command in '/home/ros/ws_microros/build/asrs_description': CMAKE_PREFIX_PATH=/opt/ros/humble /usr/bin/cmake --build /home/ros/ws_microros/build/asrs_description -- -j16 -l16
[0.664s] Invoked command in '/home/ros/ws_microros/build/asrs_description' returned '0': CMAKE_PREFIX_PATH=/opt/ros/humble /usr/bin/cmake --build /home/ros/ws_microros/build/asrs_description -- -j16 -l16
[0.678s] Invoking command in '/home/ros/ws_microros/build/asrs_description': CMAKE_PREFIX_PATH=/opt/ros/humble /usr/bin/cmake --install /home/ros/ws_microros/build/asrs_description
[0.684s] -- Install configuration: ""
[0.684s] -- Installing: /home/ros/ws_microros/install/asrs_description/share/ament_index/resource_index/package_run_dependencies/asrs_description
[0.684s] -- Installing: /home/ros/ws_microros/install/asrs_description/share/ament_index/resource_index/parent_prefix_path/asrs_description
[0.684s] -- Installing: /home/ros/ws_microros/install/asrs_description/share/asrs_description/environment/ament_prefix_path.sh
[0.684s] -- Installing: /home/ros/ws_microros/install/asrs_description/share/asrs_description/environment/ament_prefix_path.dsv
[0.684s] -- Installing: /home/ros/ws_microros/install/asrs_description/share/asrs_description/environment/path.sh
[0.684s] -- Installing: /home/ros/ws_microros/install/asrs_description/share/asrs_description/environment/path.dsv
[0.684s] -- Installing: /home/ros/ws_microros/install/asrs_description/share/asrs_description/local_setup.bash
[0.685s] -- Installing: /home/ros/ws_microros/install/asrs_description/share/asrs_description/local_setup.sh
[0.685s] -- Installing: /home/ros/ws_microros/install/asrs_description/share/asrs_description/local_setup.zsh
[0.685s] -- Installing: /home/ros/ws_microros/install/asrs_description/share/asrs_description/local_setup.dsv
[0.685s] -- Installing: /home/ros/ws_microros/install/asrs_description/share/asrs_description/package.dsv
[0.685s] -- Installing: /home/ros/ws_microros/install/asrs_description/share/ament_index/resource_index/packages/asrs_description
[0.685s] -- Installing: /home/ros/ws_microros/install/asrs_description/share/asrs_description/cmake/asrs_descriptionConfig.cmake
[0.685s] -- Installing: /home/ros/ws_microros/install/asrs_description/share/asrs_description/cmake/asrs_descriptionConfig-version.cmake
[0.685s] -- Installing: /home/ros/ws_microros/install/asrs_description/share/asrs_description/package.xml
[0.738s] Invoked command in '/home/ros/ws_microros/build/asrs_description' returned '0': CMAKE_PREFIX_PATH=/opt/ros/humble /usr/bin/cmake --install /home/ros/ws_microros/build/asrs_description
