[0.020s] Invoking command in '/home/keerthibaalan/ROS2_Workspace/arduinobot_ws/build/arduinobot_firmware': CMAKE_PREFIX_PATH=${CMAKE_PREFIX_PATH}:/home/keerthibaalan/ws_moveit/install/moveit_configs_utils:/opt/ros/humble /usr/bin/cmake --build /home/keerthibaalan/ROS2_Workspace/arduinobot_ws/build/arduinobot_firmware -- -j24 -l24
[0.045s] -- Found ament_cmake: 1.3.9 (/opt/ros/humble/share/ament_cmake/cmake)
[0.122s] -- Found rclcpp: 16.0.9 (/opt/ros/humble/share/rclcpp/cmake)
[0.147s] -- Found rosidl_generator_c: 3.1.5 (/opt/ros/humble/share/rosidl_generator_c/cmake)
[0.149s] -- Found rosidl_adapter: 3.1.5 (/opt/ros/humble/share/rosidl_adapter/cmake)
[0.154s] -- Found rosidl_generator_cpp: 3.1.5 (/opt/ros/humble/share/rosidl_generator_cpp/cmake)
[0.161s] -- Using all available rosidl_typesupport_c: rosidl_typesupport_fastrtps_c;rosidl_typesupport_introspection_c
[0.171s] -- Using all available rosidl_typesupport_cpp: rosidl_typesupport_fastrtps_cpp;rosidl_typesupport_introspection_cpp
[0.202s] -- Found rmw_implementation_cmake: 6.1.2 (/opt/ros/humble/share/rmw_implementation_cmake/cmake)
[0.205s] -- Found rmw_cyclonedds_cpp: 1.3.4 (/opt/ros/humble/share/rmw_cyclonedds_cpp/cmake)
[0.223s] -- Using RMW implementation 'rmw_cyclonedds_cpp' as default
[0.303s] -- Found rclpy: 3.3.13 (/opt/ros/humble/share/rclpy/cmake)
[0.385s] -- Configuring done
[0.395s] -- Generating done
[0.396s] -- Build files have been written to: /home/keerthibaalan/ROS2_Workspace/arduinobot_ws/build/arduinobot_firmware
[0.422s] [35m[1mConsolidate compiler generated dependencies of target simple_serial_transmitter[0m
[0.424s] [35m[1mConsolidate compiler generated dependencies of target simple_serial_receiver[0m
[0.440s] [ 25%] [32mBuilding CXX object CMakeFiles/simple_serial_transmitter.dir/src/simple_serial_transmitter.cpp.o[0m
[0.442s] [ 50%] [32mBuilding CXX object CMakeFiles/simple_serial_receiver.dir/src/simple_serial_receiver.cpp.o[0m
[0.443s] [ 50%] Built target ament_cmake_python_copy_arduinobot_firmware
[0.590s] running egg_info
[0.590s] writing arduinobot_firmware.egg-info/PKG-INFO
[0.590s] writing dependency_links to arduinobot_firmware.egg-info/dependency_links.txt
[0.590s] writing top-level names to arduinobot_firmware.egg-info/top_level.txt
[0.591s] reading manifest file 'arduinobot_firmware.egg-info/SOURCES.txt'
[0.592s] writing manifest file 'arduinobot_firmware.egg-info/SOURCES.txt'
[0.611s] [ 50%] Built target ament_cmake_python_build_arduinobot_firmware_egg
[3.017s] [ 75%] [32m[1mLinking CXX executable simple_serial_receiver[0m
[3.127s] [ 75%] Built target simple_serial_receiver
[4.937s] [100%] [32m[1mLinking CXX executable simple_serial_transmitter[0m
[5.137s] [100%] Built target simple_serial_transmitter
[5.148s] Invoked command in '/home/keerthibaalan/ROS2_Workspace/arduinobot_ws/build/arduinobot_firmware' returned '0': CMAKE_PREFIX_PATH=${CMAKE_PREFIX_PATH}:/home/keerthibaalan/ws_moveit/install/moveit_configs_utils:/opt/ros/humble /usr/bin/cmake --build /home/keerthibaalan/ROS2_Workspace/arduinobot_ws/build/arduinobot_firmware -- -j24 -l24
[5.195s] Invoking command in '/home/keerthibaalan/ROS2_Workspace/arduinobot_ws/build/arduinobot_firmware': CMAKE_PREFIX_PATH=${CMAKE_PREFIX_PATH}:/home/keerthibaalan/ws_moveit/install/moveit_configs_utils:/opt/ros/humble /usr/bin/cmake --install /home/keerthibaalan/ROS2_Workspace/arduinobot_ws/build/arduinobot_firmware
[5.203s] -- Install configuration: ""
[5.204s] -- Up-to-date: /home/keerthibaalan/ROS2_Workspace/arduinobot_ws/install/arduinobot_firmware/share/arduinobot_firmware/environment/pythonpath.sh
[5.204s] -- Installing: /home/keerthibaalan/ROS2_Workspace/arduinobot_ws/install/arduinobot_firmware/share/arduinobot_firmware/environment/pythonpath.dsv
[5.204s] -- Up-to-date: /home/keerthibaalan/ROS2_Workspace/arduinobot_ws/install/arduinobot_firmware/local/lib/python3.10/dist-packages/arduinobot_firmware-0.0.0-py3.10.egg-info
[5.204s] -- Installing: /home/keerthibaalan/ROS2_Workspace/arduinobot_ws/install/arduinobot_firmware/local/lib/python3.10/dist-packages/arduinobot_firmware-0.0.0-py3.10.egg-info/SOURCES.txt
[5.205s] -- Installing: /home/keerthibaalan/ROS2_Workspace/arduinobot_ws/install/arduinobot_firmware/local/lib/python3.10/dist-packages/arduinobot_firmware-0.0.0-py3.10.egg-info/PKG-INFO
[5.205s] -- Installing: /home/keerthibaalan/ROS2_Workspace/arduinobot_ws/install/arduinobot_firmware/local/lib/python3.10/dist-packages/arduinobot_firmware-0.0.0-py3.10.egg-info/top_level.txt
[5.205s] -- Installing: /home/keerthibaalan/ROS2_Workspace/arduinobot_ws/install/arduinobot_firmware/local/lib/python3.10/dist-packages/arduinobot_firmware-0.0.0-py3.10.egg-info/dependency_links.txt
[5.205s] -- Up-to-date: /home/keerthibaalan/ROS2_Workspace/arduinobot_ws/install/arduinobot_firmware/local/lib/python3.10/dist-packages/arduinobot_firmware
[5.205s] -- Up-to-date: /home/keerthibaalan/ROS2_Workspace/arduinobot_ws/install/arduinobot_firmware/local/lib/python3.10/dist-packages/arduinobot_firmware/simple_serial_receiver.py
[5.205s] -- Up-to-date: /home/keerthibaalan/ROS2_Workspace/arduinobot_ws/install/arduinobot_firmware/local/lib/python3.10/dist-packages/arduinobot_firmware/simple_serial_transmitter.py
[5.205s] -- Up-to-date: /home/keerthibaalan/ROS2_Workspace/arduinobot_ws/install/arduinobot_firmware/local/lib/python3.10/dist-packages/arduinobot_firmware/__init__.py
[5.225s] Listing '/home/keerthibaalan/ROS2_Workspace/arduinobot_ws/install/arduinobot_firmware/local/lib/python3.10/dist-packages/arduinobot_firmware'...
[5.227s] -- Installing: /home/keerthibaalan/ROS2_Workspace/arduinobot_ws/install/arduinobot_firmware/lib/arduinobot_firmware/simple_serial_receiver
[5.229s] -- Set runtime path of "/home/keerthibaalan/ROS2_Workspace/arduinobot_ws/install/arduinobot_firmware/lib/arduinobot_firmware/simple_serial_receiver" to ""
[5.229s] -- Installing: /home/keerthibaalan/ROS2_Workspace/arduinobot_ws/install/arduinobot_firmware/lib/arduinobot_firmware/simple_serial_transmitter
[5.233s] -- Set runtime path of "/home/keerthibaalan/ROS2_Workspace/arduinobot_ws/install/arduinobot_firmware/lib/arduinobot_firmware/simple_serial_transmitter" to ""
[5.234s] -- Up-to-date: /home/keerthibaalan/ROS2_Workspace/arduinobot_ws/install/arduinobot_firmware/lib/arduinobot_firmware/simple_serial_transmitter.py
[5.234s] -- Up-to-date: /home/keerthibaalan/ROS2_Workspace/arduinobot_ws/install/arduinobot_firmware/lib/arduinobot_firmware/simple_serial_receiver.py
[5.234s] -- Up-to-date: /home/keerthibaalan/ROS2_Workspace/arduinobot_ws/install/arduinobot_firmware/share/ament_index/resource_index/package_run_dependencies/arduinobot_firmware
[5.234s] -- Installing: /home/keerthibaalan/ROS2_Workspace/arduinobot_ws/install/arduinobot_firmware/share/ament_index/resource_index/parent_prefix_path/arduinobot_firmware
[5.234s] -- Installing: /home/keerthibaalan/ROS2_Workspace/arduinobot_ws/install/arduinobot_firmware/share/arduinobot_firmware/environment/ament_prefix_path.sh
[5.234s] -- Installing: /home/keerthibaalan/ROS2_Workspace/arduinobot_ws/install/arduinobot_firmware/share/arduinobot_firmware/environment/ament_prefix_path.dsv
[5.234s] -- Installing: /home/keerthibaalan/ROS2_Workspace/arduinobot_ws/install/arduinobot_firmware/share/arduinobot_firmware/environment/path.sh
[5.234s] -- Installing: /home/keerthibaalan/ROS2_Workspace/arduinobot_ws/install/arduinobot_firmware/share/arduinobot_firmware/environment/path.dsv
[5.235s] -- Up-to-date: /home/keerthibaalan/ROS2_Workspace/arduinobot_ws/install/arduinobot_firmware/share/arduinobot_firmware/local_setup.bash
[5.235s] -- Up-to-date: /home/keerthibaalan/ROS2_Workspace/arduinobot_ws/install/arduinobot_firmware/share/arduinobot_firmware/local_setup.sh
[5.235s] -- Up-to-date: /home/keerthibaalan/ROS2_Workspace/arduinobot_ws/install/arduinobot_firmware/share/arduinobot_firmware/local_setup.zsh
[5.235s] -- Installing: /home/keerthibaalan/ROS2_Workspace/arduinobot_ws/install/arduinobot_firmware/share/arduinobot_firmware/local_setup.dsv
[5.235s] -- Installing: /home/keerthibaalan/ROS2_Workspace/arduinobot_ws/install/arduinobot_firmware/share/arduinobot_firmware/package.dsv
[5.235s] -- Up-to-date: /home/keerthibaalan/ROS2_Workspace/arduinobot_ws/install/arduinobot_firmware/share/ament_index/resource_index/packages/arduinobot_firmware
[5.235s] -- Up-to-date: /home/keerthibaalan/ROS2_Workspace/arduinobot_ws/install/arduinobot_firmware/share/arduinobot_firmware/cmake/arduinobot_firmwareConfig.cmake
[5.235s] -- Up-to-date: /home/keerthibaalan/ROS2_Workspace/arduinobot_ws/install/arduinobot_firmware/share/arduinobot_firmware/cmake/arduinobot_firmwareConfig-version.cmake
[5.235s] -- Up-to-date: /home/keerthibaalan/ROS2_Workspace/arduinobot_ws/install/arduinobot_firmware/share/arduinobot_firmware/package.xml
[5.237s] Invoked command in '/home/keerthibaalan/ROS2_Workspace/arduinobot_ws/build/arduinobot_firmware' returned '0': CMAKE_PREFIX_PATH=${CMAKE_PREFIX_PATH}:/home/keerthibaalan/ws_moveit/install/moveit_configs_utils:/opt/ros/humble /usr/bin/cmake --install /home/keerthibaalan/ROS2_Workspace/arduinobot_ws/build/arduinobot_firmware
