[0.103s] Invoking command in '/home/ros/ws_microros/build/asrs_moveit': CMAKE_PREFIX_PATH=/home/ros/ws_microros/install/asrs_description:/home/ros/ws_microros/install/asrs_moveit_config:/home/ros/ws_microros/install/asrs_gripper:/home/ros/ws_microros/install/asrs_controller:/home/ros/ws_microros/install/asrs_arm:/opt/ros/humble /usr/bin/cmake /home/ros/ws_microros/src/asrs_moveit -DCMAKE_INSTALL_PREFIX=/home/ros/ws_microros/install/asrs_moveit
[0.109s] -- Found ament_cmake: 1.3.6 (/opt/ros/humble/share/ament_cmake/cmake)
[0.213s] -- Configuring done
[0.214s] -- Generating done
[0.214s] -- Build files have been written to: /home/ros/ws_microros/build/asrs_moveit
[0.215s] Invoked command in '/home/ros/ws_microros/build/asrs_moveit' returned '0': CMAKE_PREFIX_PATH=/home/ros/ws_microros/install/asrs_description:/home/ros/ws_microros/install/asrs_moveit_config:/home/ros/ws_microros/install/asrs_gripper:/home/ros/ws_microros/install/asrs_controller:/home/ros/ws_microros/install/asrs_arm:/opt/ros/humble /usr/bin/cmake /home/ros/ws_microros/src/asrs_moveit -DCMAKE_INSTALL_PREFIX=/home/ros/ws_microros/install/asrs_moveit
[0.216s] Invoking command in '/home/ros/ws_microros/build/asrs_moveit': CMAKE_PREFIX_PATH=/home/ros/ws_microros/install/asrs_description:/home/ros/ws_microros/install/asrs_moveit_config:/home/ros/ws_microros/install/asrs_gripper:/home/ros/ws_microros/install/asrs_controller:/home/ros/ws_microros/install/asrs_arm:/opt/ros/humble /usr/bin/cmake --build /home/ros/ws_microros/build/asrs_moveit -- -j16 -l16
[0.235s] Invoked command in '/home/ros/ws_microros/build/asrs_moveit' returned '0': CMAKE_PREFIX_PATH=/home/ros/ws_microros/install/asrs_description:/home/ros/ws_microros/install/asrs_moveit_config:/home/ros/ws_microros/install/asrs_gripper:/home/ros/ws_microros/install/asrs_controller:/home/ros/ws_microros/install/asrs_arm:/opt/ros/humble /usr/bin/cmake --build /home/ros/ws_microros/build/asrs_moveit -- -j16 -l16
[0.246s] Invoking command in '/home/ros/ws_microros/build/asrs_moveit': CMAKE_PREFIX_PATH=/home/ros/ws_microros/install/asrs_description:/home/ros/ws_microros/install/asrs_moveit_config:/home/ros/ws_microros/install/asrs_gripper:/home/ros/ws_microros/install/asrs_controller:/home/ros/ws_microros/install/asrs_arm:/opt/ros/humble /usr/bin/cmake --install /home/ros/ws_microros/build/asrs_moveit
[0.249s] -- Install configuration: ""
[0.249s] -- Installing: /home/ros/ws_microros/install/asrs_moveit/share/ament_index/resource_index/package_run_dependencies/asrs_moveit
[0.250s] -- Installing: /home/ros/ws_microros/install/asrs_moveit/share/ament_index/resource_index/parent_prefix_path/asrs_moveit
[0.250s] -- Installing: /home/ros/ws_microros/install/asrs_moveit/share/asrs_moveit/environment/ament_prefix_path.sh
[0.250s] -- Installing: /home/ros/ws_microros/install/asrs_moveit/share/asrs_moveit/environment/ament_prefix_path.dsv
[0.250s] -- Installing: /home/ros/ws_microros/install/asrs_moveit/share/asrs_moveit/environment/path.sh
[0.250s] -- Installing: /home/ros/ws_microros/install/asrs_moveit/share/asrs_moveit/environment/path.dsv
[0.250s] -- Installing: /home/ros/ws_microros/install/asrs_moveit/share/asrs_moveit/local_setup.bash
[0.250s] -- Installing: /home/ros/ws_microros/install/asrs_moveit/share/asrs_moveit/local_setup.sh
[0.250s] -- Installing: /home/ros/ws_microros/install/asrs_moveit/share/asrs_moveit/local_setup.zsh
[0.250s] -- Installing: /home/ros/ws_microros/install/asrs_moveit/share/asrs_moveit/local_setup.dsv
[0.250s] -- Installing: /home/ros/ws_microros/install/asrs_moveit/share/asrs_moveit/package.dsv
[0.250s] -- Installing: /home/ros/ws_microros/install/asrs_moveit/share/ament_index/resource_index/packages/asrs_moveit
[0.250s] -- Installing: /home/ros/ws_microros/install/asrs_moveit/share/asrs_moveit/cmake/asrs_moveitConfig.cmake
[0.250s] -- Installing: /home/ros/ws_microros/install/asrs_moveit/share/asrs_moveit/cmake/asrs_moveitConfig-version.cmake
[0.250s] -- Installing: /home/ros/ws_microros/install/asrs_moveit/share/asrs_moveit/package.xml
[0.251s] -- Installing: /home/ros/ws_microros/install/asrs_moveit/share/asrs_moveit/launch
[0.251s] -- Installing: /home/ros/ws_microros/install/asrs_moveit/share/asrs_moveit/launch/demo.launch.py
[0.251s] -- Installing: /home/ros/ws_microros/install/asrs_moveit/share/asrs_moveit/launch/moveit_rviz.launch.py
[0.251s] -- Installing: /home/ros/ws_microros/install/asrs_moveit/share/asrs_moveit/launch/rsp.launch.py
[0.251s] -- Installing: /home/ros/ws_microros/install/asrs_moveit/share/asrs_moveit/launch/static_virtual_joint_tfs.launch.py
[0.251s] -- Installing: /home/ros/ws_microros/install/asrs_moveit/share/asrs_moveit/launch/setup_assistant.launch.py
[0.251s] -- Installing: /home/ros/ws_microros/install/asrs_moveit/share/asrs_moveit/launch/spawn_controllers.launch.py
[0.251s] -- Installing: /home/ros/ws_microros/install/asrs_moveit/share/asrs_moveit/launch/move_group.launch.py
[0.251s] -- Installing: /home/ros/ws_microros/install/asrs_moveit/share/asrs_moveit/config
[0.251s] -- Installing: /home/ros/ws_microros/install/asrs_moveit/share/asrs_moveit/config/initial_positions.yaml
[0.251s] -- Installing: /home/ros/ws_microros/install/asrs_moveit/share/asrs_moveit/config/joint_limits.yaml
[0.251s] -- Installing: /home/ros/ws_microros/install/asrs_moveit/share/asrs_moveit/config/kinematics.yaml
[0.252s] -- Installing: /home/ros/ws_microros/install/asrs_moveit/share/asrs_moveit/config/asrs_robot.ros2_control.xacro
[0.252s] -- Installing: /home/ros/ws_microros/install/asrs_moveit/share/asrs_moveit/config/asrs_robot.urdf.xacro
[0.252s] -- Installing: /home/ros/ws_microros/install/asrs_moveit/share/asrs_moveit/config/ros2_controllers.yaml
[0.252s] -- Installing: /home/ros/ws_microros/install/asrs_moveit/share/asrs_moveit/config/asrs_robot.srdf
[0.252s] -- Installing: /home/ros/ws_microros/install/asrs_moveit/share/asrs_moveit/config/moveit_controllers.yaml
[0.252s] -- Installing: /home/ros/ws_microros/install/asrs_moveit/share/asrs_moveit/config/moveit.rviz
[0.252s] -- Installing: /home/ros/ws_microros/install/asrs_moveit/share/asrs_moveit/config/pilz_cartesian_limits.yaml
[0.252s] -- Installing: /home/ros/ws_microros/install/asrs_moveit/share/asrs_moveit/.setup_assistant
[0.253s] Invoked command in '/home/ros/ws_microros/build/asrs_moveit' returned '0': CMAKE_PREFIX_PATH=/home/ros/ws_microros/install/asrs_description:/home/ros/ws_microros/install/asrs_moveit_config:/home/ros/ws_microros/install/asrs_gripper:/home/ros/ws_microros/install/asrs_controller:/home/ros/ws_microros/install/asrs_arm:/opt/ros/humble /usr/bin/cmake --install /home/ros/ws_microros/build/asrs_moveit
