[0.014s] Invoking command in '/home/keerthibaalan/ROS2_Workspace/ws_microros/build/asrs_gripper': CMAKE_PREFIX_PATH=${CMAKE_PREFIX_PATH}:/home/keerthibaalan/ws_moveit/install/moveit_configs_utils:/opt/ros/humble /usr/bin/cmake --build /home/keerthibaalan/ROS2_Workspace/ws_microros/build/asrs_gripper -- -j24 -l24
[0.036s] -- Found ament_cmake: 1.3.9 (/opt/ros/humble/share/ament_cmake/cmake)
[0.108s] -- Found ament_lint_auto: 0.12.11 (/opt/ros/humble/share/ament_lint_auto/cmake)
[0.147s] -- Added test 'flake8' to check Python code syntax and style conventions
[0.147s] -- Added test 'lint_cmake' to check CMake code style
[0.148s] -- Added test 'pep257' to check Python code against some of the docstring style conventions in PEP 257
[0.149s] -- Added test 'xmllint' to check XML markup files
[0.149s] -- Configuring done
[0.152s] -- Generating done
[0.153s] -- Build files have been written to: /home/keerthibaalan/ROS2_Workspace/ws_microros/build/asrs_gripper
[0.176s] Invoked command in '/home/keerthibaalan/ROS2_Workspace/ws_microros/build/asrs_gripper' returned '0': CMAKE_PREFIX_PATH=${CMAKE_PREFIX_PATH}:/home/keerthibaalan/ws_moveit/install/moveit_configs_utils:/opt/ros/humble /usr/bin/cmake --build /home/keerthibaalan/ROS2_Workspace/ws_microros/build/asrs_gripper -- -j24 -l24
[0.218s] Invoking command in '/home/keerthibaalan/ROS2_Workspace/ws_microros/build/asrs_gripper': CMAKE_PREFIX_PATH=${CMAKE_PREFIX_PATH}:/home/keerthibaalan/ws_moveit/install/moveit_configs_utils:/opt/ros/humble /usr/bin/cmake --install /home/keerthibaalan/ROS2_Workspace/ws_microros/build/asrs_gripper
[0.226s] -- Install configuration: ""
[0.226s] -- Up-to-date: /home/keerthibaalan/ROS2_Workspace/ws_microros/install/asrs_gripper/share/asrs_gripper/config
[0.226s] -- Up-to-date: /home/keerthibaalan/ROS2_Workspace/ws_microros/install/asrs_gripper/share/asrs_gripper/config/display.rviz
[0.226s] -- Up-to-date: /home/keerthibaalan/ROS2_Workspace/ws_microros/install/asrs_gripper/share/asrs_gripper/config/joint_names_gripper.yaml
[0.226s] -- Up-to-date: /home/keerthibaalan/ROS2_Workspace/ws_microros/install/asrs_gripper/share/asrs_gripper/launch
[0.226s] -- Up-to-date: /home/keerthibaalan/ROS2_Workspace/ws_microros/install/asrs_gripper/share/asrs_gripper/launch/.vscode
[0.226s] -- Up-to-date: /home/keerthibaalan/ROS2_Workspace/ws_microros/install/asrs_gripper/share/asrs_gripper/launch/.vscode/c_cpp_properties.json
[0.227s] -- Up-to-date: /home/keerthibaalan/ROS2_Workspace/ws_microros/install/asrs_gripper/share/asrs_gripper/launch/.vscode/settings.json
[0.227s] -- Up-to-date: /home/keerthibaalan/ROS2_Workspace/ws_microros/install/asrs_gripper/share/asrs_gripper/launch/rviz.launch.py
[0.227s] -- Up-to-date: /home/keerthibaalan/ROS2_Workspace/ws_microros/install/asrs_gripper/share/asrs_gripper/launch/gazebo.launch.py
[0.227s] -- Up-to-date: /home/keerthibaalan/ROS2_Workspace/ws_microros/install/asrs_gripper/share/asrs_gripper/meshes
[0.227s] -- Up-to-date: /home/keerthibaalan/ROS2_Workspace/ws_microros/install/asrs_gripper/share/asrs_gripper/meshes/right_finger.STL
[0.227s] -- Up-to-date: /home/keerthibaalan/ROS2_Workspace/ws_microros/install/asrs_gripper/share/asrs_gripper/meshes/driven.STL
[0.227s] -- Up-to-date: /home/keerthibaalan/ROS2_Workspace/ws_microros/install/asrs_gripper/share/asrs_gripper/meshes/right_knuckle.STL
[0.227s] -- Up-to-date: /home/keerthibaalan/ROS2_Workspace/ws_microros/install/asrs_gripper/share/asrs_gripper/meshes/base.STL
[0.227s] -- Up-to-date: /home/keerthibaalan/ROS2_Workspace/ws_microros/install/asrs_gripper/share/asrs_gripper/meshes/left_knuckle.STL
[0.227s] -- Up-to-date: /home/keerthibaalan/ROS2_Workspace/ws_microros/install/asrs_gripper/share/asrs_gripper/meshes/left_finger.STL
[0.227s] -- Up-to-date: /home/keerthibaalan/ROS2_Workspace/ws_microros/install/asrs_gripper/share/asrs_gripper/meshes/driver.STL
[0.227s] -- Up-to-date: /home/keerthibaalan/ROS2_Workspace/ws_microros/install/asrs_gripper/share/asrs_gripper/urdf
[0.227s] -- Up-to-date: /home/keerthibaalan/ROS2_Workspace/ws_microros/install/asrs_gripper/share/asrs_gripper/urdf/gripper_transmissions.xacro
[0.227s] -- Up-to-date: /home/keerthibaalan/ROS2_Workspace/ws_microros/install/asrs_gripper/share/asrs_gripper/urdf/gripper.csv
[0.227s] -- Up-to-date: /home/keerthibaalan/ROS2_Workspace/ws_microros/install/asrs_gripper/share/asrs_gripper/urdf/asrs_gripper.urdf.xacro
[0.227s] -- Up-to-date: /home/keerthibaalan/ROS2_Workspace/ws_microros/install/asrs_gripper/share/ament_index/resource_index/package_run_dependencies/asrs_gripper
[0.228s] -- Installing: /home/keerthibaalan/ROS2_Workspace/ws_microros/install/asrs_gripper/share/ament_index/resource_index/parent_prefix_path/asrs_gripper
[0.228s] -- Installing: /home/keerthibaalan/ROS2_Workspace/ws_microros/install/asrs_gripper/share/asrs_gripper/environment/ament_prefix_path.sh
[0.228s] -- Installing: /home/keerthibaalan/ROS2_Workspace/ws_microros/install/asrs_gripper/share/asrs_gripper/environment/ament_prefix_path.dsv
[0.228s] -- Installing: /home/keerthibaalan/ROS2_Workspace/ws_microros/install/asrs_gripper/share/asrs_gripper/environment/path.sh
[0.228s] -- Installing: /home/keerthibaalan/ROS2_Workspace/ws_microros/install/asrs_gripper/share/asrs_gripper/environment/path.dsv
[0.228s] -- Up-to-date: /home/keerthibaalan/ROS2_Workspace/ws_microros/install/asrs_gripper/share/asrs_gripper/local_setup.bash
[0.229s] -- Up-to-date: /home/keerthibaalan/ROS2_Workspace/ws_microros/install/asrs_gripper/share/asrs_gripper/local_setup.sh
[0.229s] -- Up-to-date: /home/keerthibaalan/ROS2_Workspace/ws_microros/install/asrs_gripper/share/asrs_gripper/local_setup.zsh
[0.229s] -- Installing: /home/keerthibaalan/ROS2_Workspace/ws_microros/install/asrs_gripper/share/asrs_gripper/local_setup.dsv
[0.229s] -- Installing: /home/keerthibaalan/ROS2_Workspace/ws_microros/install/asrs_gripper/share/asrs_gripper/package.dsv
[0.229s] -- Up-to-date: /home/keerthibaalan/ROS2_Workspace/ws_microros/install/asrs_gripper/share/ament_index/resource_index/packages/asrs_gripper
[0.229s] -- Up-to-date: /home/keerthibaalan/ROS2_Workspace/ws_microros/install/asrs_gripper/share/asrs_gripper/cmake/asrs_gripperConfig.cmake
[0.229s] -- Up-to-date: /home/keerthibaalan/ROS2_Workspace/ws_microros/install/asrs_gripper/share/asrs_gripper/cmake/asrs_gripperConfig-version.cmake
[0.229s] -- Up-to-date: /home/keerthibaalan/ROS2_Workspace/ws_microros/install/asrs_gripper/share/asrs_gripper/package.xml
[0.231s] Invoked command in '/home/keerthibaalan/ROS2_Workspace/ws_microros/build/asrs_gripper' returned '0': CMAKE_PREFIX_PATH=${CMAKE_PREFIX_PATH}:/home/keerthibaalan/ws_moveit/install/moveit_configs_utils:/opt/ros/humble /usr/bin/cmake --install /home/keerthibaalan/ROS2_Workspace/ws_microros/build/asrs_gripper
