[0.063s] Invoking command in '/home/ros/ws_microros/build/asrs_controller': CMAKE_PREFIX_PATH=${CMAKE_PREFIX_PATH}:/opt/ros/humble /usr/bin/cmake --build /home/ros/ws_microros/build/asrs_controller -- -j16 -l16
[0.104s] Invoked command in '/home/ros/ws_microros/build/asrs_controller' returned '0': CMAKE_PREFIX_PATH=${CMAKE_PREFIX_PATH}:/opt/ros/humble /usr/bin/cmake --build /home/ros/ws_microros/build/asrs_controller -- -j16 -l16
[0.120s] Invoking command in '/home/ros/ws_microros/build/asrs_controller': CMAKE_PREFIX_PATH=${CMAKE_PREFIX_PATH}:/opt/ros/humble /usr/bin/cmake --install /home/ros/ws_microros/build/asrs_controller
[0.128s] -- Install configuration: ""
[0.129s] -- Up-to-date: /home/ros/ws_microros/install/asrs_controller/share/asrs_controller/config
[0.129s] -- Installing: /home/ros/ws_microros/install/asrs_controller/share/asrs_controller/config/asrs_controller.yaml
[0.131s] -- Up-to-date: /home/ros/ws_microros/install/asrs_controller/share/asrs_controller/launch
[0.131s] -- Up-to-date: /home/ros/ws_microros/install/asrs_controller/share/asrs_controller/launch/controller.launch.py
[0.131s] -- Up-to-date: /home/ros/ws_microros/install/asrs_controller/share/ament_index/resource_index/package_run_dependencies/asrs_controller
[0.131s] -- Up-to-date: /home/ros/ws_microros/install/asrs_controller/share/ament_index/resource_index/parent_prefix_path/asrs_controller
[0.131s] -- Up-to-date: /home/ros/ws_microros/install/asrs_controller/share/asrs_controller/environment/ament_prefix_path.sh
[0.131s] -- Up-to-date: /home/ros/ws_microros/install/asrs_controller/share/asrs_controller/environment/ament_prefix_path.dsv
[0.131s] -- Up-to-date: /home/ros/ws_microros/install/asrs_controller/share/asrs_controller/environment/path.sh
[0.131s] -- Up-to-date: /home/ros/ws_microros/install/asrs_controller/share/asrs_controller/environment/path.dsv
[0.131s] -- Up-to-date: /home/ros/ws_microros/install/asrs_controller/share/asrs_controller/local_setup.bash
[0.131s] -- Up-to-date: /home/ros/ws_microros/install/asrs_controller/share/asrs_controller/local_setup.sh
[0.132s] -- Up-to-date: /home/ros/ws_microros/install/asrs_controller/share/asrs_controller/local_setup.zsh
[0.132s] -- Up-to-date: /home/ros/ws_microros/install/asrs_controller/share/asrs_controller/local_setup.dsv
[0.132s] -- Installing: /home/ros/ws_microros/install/asrs_controller/share/asrs_controller/package.dsv
[0.136s] -- Up-to-date: /home/ros/ws_microros/install/asrs_controller/share/ament_index/resource_index/packages/asrs_controller
[0.136s] -- Up-to-date: /home/ros/ws_microros/install/asrs_controller/share/asrs_controller/cmake/asrs_controllerConfig.cmake
[0.136s] -- Up-to-date: /home/ros/ws_microros/install/asrs_controller/share/asrs_controller/cmake/asrs_controllerConfig-version.cmake
[0.136s] -- Up-to-date: /home/ros/ws_microros/install/asrs_controller/share/asrs_controller/package.xml
[0.139s] Invoked command in '/home/ros/ws_microros/build/asrs_controller' returned '0': CMAKE_PREFIX_PATH=${CMAKE_PREFIX_PATH}:/opt/ros/humble /usr/bin/cmake --install /home/ros/ws_microros/build/asrs_controller
